[ 2017-08-16T17:31:50+08:00 ] 10.0.0.171 10.0.0.124 GET /
[ log ] 10.0.0.171/ [运行时间：0.140567s][吞吐率：7.11req/s] [内存消耗：3,944.54kb] [文件加载：53]
[ info ] [ LANG ] D:\wamp\www\zwt5\thinkphp\lang\zh-cn.php
[ info ] [ ROUTE ] array (
  'type' => 'module',
  'module' => 
  array (
    0 => '',
    1 => NULL,
    2 => NULL,
  ),
)
[ info ] [ HEADER ] array (
  'host' => '10.0.0.171',
  'connection' => 'keep-alive',
  'accept' => 'text/html,application/xhtml+xml,application/xml;q=0.9,image/webp,*/*;q=0.8',
  'user-agent' => 'Mozilla/5.0 (Windows NT 6.1; WOW64) AppleWebKit/537.36 (KHTML, like Gecko) Chrome/39.0.2171.95 Safari/537.36 MicroMessenger/6.5.2.501 NetType/WIFI WindowsWechat QBCore/3.43.556.400 QQBrowser/9.0.2524.400',
  'accept-encoding' => 'gzip, deflate',
  'accept-language' => 'zh-CN,zh;q=0.8,en-us;q=0.6,en;q=0.5;q=0.4',
)
[ info ] [ PARAM ] array (
)
[ info ] [ RUN ] app\index\controller\IndexController->index[ D:\wamp\www\zwt5\application\index\controller\IndexController.php ]
[ info ] [ DB ] INIT mysql
[ info ] [ VIEW ] D:\wamp\www\zwt5\public/../application/index\view\index\index.html [ array (
  0 => 'list',
  1 => 'ri',
  2 => 'ny',
  3 => 'newest',
  4 => 'newslist',
  5 => 'jituan',
) ]
[ info ] [ LOG ] INIT File
[ sql ] [ DB ] CONNECT:[ UseTime:0.010810s ] mysql:dbname=zhuwentou;host=127.0.0.1;charset=utf8
[ sql ] [ SQL ] SHOW COLUMNS FROM `zwt_nav` [ RunTime:0.009518s ]
[ sql ] [ SQL ] SELECT * FROM `zwt_nav` [ RunTime:0.001106s ]
[ sql ] [ SQL ] SELECT * FROM `zwt_nav` WHERE  `pid` = 38 [ RunTime:0.001101s ]
[ sql ] [ SQL ] SHOW COLUMNS FROM `zwt_article` [ RunTime:0.020272s ]
[ sql ] [ SQL ] SELECT `id`,`title`,`yinxu`,`created` FROM `zwt_article` WHERE  `nav_id` IN (39,40,41) ORDER BY created desc LIMIT 1 [ RunTime:0.001146s ]
[ sql ] [ SQL ] SELECT `id`,`title`,`yinxu`,`created` FROM `zwt_article` WHERE  `nav_id` IN (39,40,41) ORDER BY created desc LIMIT 4 [ RunTime:0.001281s ]
[ sql ] [ SQL ] SELECT * FROM `zwt_nav` WHERE  `pid` = 7 [ RunTime:0.001062s ]

---------------------------------------------------------------
[ 2017-08-16T17:31:59+08:00 ] 10.0.0.171 10.0.0.124 GET /index/index/article/pid/78.html
[ log ] 10.0.0.171/index/index/article/pid/78.html [运行时间：0.095246s][吞吐率：10.50req/s] [内存消耗：3,952.53kb] [文件加载：53]
[ info ] [ LANG ] D:\wamp\www\zwt5\thinkphp\lang\zh-cn.php
[ info ] [ ROUTE ] array (
  'type' => 'module',
  'module' => 
  array (
    0 => 'index',
    1 => 'index',
    2 => 'article',
  ),
)
[ info ] [ HEADER ] array (
  'host' => '10.0.0.171',
  'connection' => 'keep-alive',
  'accept' => 'text/html,application/xhtml+xml,application/xml;q=0.9,image/webp,*/*;q=0.8',
  'user-agent' => 'Mozilla/5.0 (Windows NT 6.1; WOW64) AppleWebKit/537.36 (KHTML, like Gecko) Chrome/39.0.2171.95 Safari/537.36 MicroMessenger/6.5.2.501 NetType/WIFI WindowsWechat QBCore/3.43.556.400 QQBrowser/9.0.2524.400',
  'referer' => 'http://10.0.0.171/',
  'accept-encoding' => 'gzip, deflate',
  'accept-language' => 'zh-CN,zh;q=0.8,en-us;q=0.6,en;q=0.5;q=0.4',
)
[ info ] [ PARAM ] array (
  'pid' => '78',
)
[ info ] [ RUN ] app\index\controller\IndexController->article[ D:\wamp\www\zwt5\application\index\controller\IndexController.php ]
[ info ] [ DB ] INIT mysql
[ info ] [ VIEW ] D:\wamp\www\zwt5\public/../application/index\view\index\item.html [ array (
  0 => 'list',
  1 => 'onenav',
  2 => 'twonav',
  3 => 'sannav',
  4 => 'article',
) ]
[ info ] [ LOG ] INIT File
[ sql ] [ DB ] CONNECT:[ UseTime:0.010483s ] mysql:dbname=zhuwentou;host=127.0.0.1;charset=utf8
[ sql ] [ SQL ] SHOW COLUMNS FROM `zwt_nav` [ RunTime:0.005025s ]
[ sql ] [ SQL ] SELECT * FROM `zwt_nav` [ RunTime:0.000471s ]
[ sql ] [ SQL ] SELECT * FROM `zwt_nav` WHERE  `id` = 78 LIMIT 1 [ RunTime:0.000256s ]
[ sql ] [ SQL ] SELECT * FROM `zwt_nav` WHERE  `id` = 64 LIMIT 1 [ RunTime:0.000125s ]
[ sql ] [ SQL ] SELECT * FROM `zwt_nav` WHERE  `id` = 7 LIMIT 1 [ RunTime:0.000117s ]
[ sql ] [ SQL ] SHOW COLUMNS FROM `zwt_article` [ RunTime:0.010633s ]
[ sql ] [ SQL ] SELECT * FROM `zwt_article` WHERE  `nav_id` = 78 LIMIT 1 [ RunTime:0.000676s ]

---------------------------------------------------------------
[ 2017-08-16T17:32:10+08:00 ] 10.0.0.171 10.0.0.171 GET /index/index/article/pid/87.html
[ log ] 10.0.0.171/index/index/article/pid/87.html [运行时间：0.052465s][吞吐率：19.06req/s] [内存消耗：3,952.05kb] [文件加载：53]
[ info ] [ LANG ] D:\wamp\www\zwt5\thinkphp\lang\zh-cn.php
[ info ] [ ROUTE ] array (
  'type' => 'module',
  'module' => 
  array (
    0 => 'index',
    1 => 'index',
    2 => 'article',
  ),
)
[ info ] [ HEADER ] array (
  'host' => '10.0.0.171',
  'user-agent' => 'Mozilla/5.0 (Windows NT 10.0; WOW64; rv:54.0) Gecko/20100101 Firefox/54.0',
  'accept' => 'text/html,application/xhtml+xml,application/xml;q=0.9,*/*;q=0.8',
  'accept-language' => 'zh-CN,zh;q=0.8,en-US;q=0.5,en;q=0.3',
  'accept-encoding' => 'gzip, deflate',
  'referer' => 'http://10.0.0.171/index/index/news/id/38.html',
  'connection' => 'keep-alive',
  'upgrade-insecure-requests' => '1',
)
[ info ] [ PARAM ] array (
  'pid' => '87',
)
[ info ] [ RUN ] app\index\controller\IndexController->article[ D:\wamp\www\zwt5\application\index\controller\IndexController.php ]
[ info ] [ DB ] INIT mysql
[ info ] [ VIEW ] D:\wamp\www\zwt5\public/../application/index\view\index\item.html [ array (
  0 => 'list',
  1 => 'onenav',
  2 => 'twonav',
  3 => 'sannav',
  4 => 'article',
) ]
[ info ] [ LOG ] INIT File
[ sql ] [ DB ] CONNECT:[ UseTime:0.010385s ] mysql:dbname=zhuwentou;host=127.0.0.1;charset=utf8
[ sql ] [ SQL ] SHOW COLUMNS FROM `zwt_nav` [ RunTime:0.005008s ]
[ sql ] [ SQL ] SELECT * FROM `zwt_nav` [ RunTime:0.000425s ]
[ sql ] [ SQL ] SELECT * FROM `zwt_nav` WHERE  `id` = 87 LIMIT 1 [ RunTime:0.000183s ]
[ sql ] [ SQL ] SELECT * FROM `zwt_nav` WHERE  `id` = 65 LIMIT 1 [ RunTime:0.000083s ]
[ sql ] [ SQL ] SELECT * FROM `zwt_nav` WHERE  `id` = 7 LIMIT 1 [ RunTime:0.000078s ]
[ sql ] [ SQL ] SHOW COLUMNS FROM `zwt_article` [ RunTime:0.004662s ]
[ sql ] [ SQL ] SELECT * FROM `zwt_article` WHERE  `nav_id` = 87 LIMIT 1 [ RunTime:0.000319s ]

---------------------------------------------------------------
[ 2017-08-16T17:32:13+08:00 ] 10.0.0.171 10.0.0.171 GET /index/index/article/pid/89.html
[ log ] 10.0.0.171/index/index/article/pid/89.html [运行时间：0.042973s][吞吐率：23.27req/s] [内存消耗：3,939.30kb] [文件加载：53]
[ info ] [ LANG ] D:\wamp\www\zwt5\thinkphp\lang\zh-cn.php
[ info ] [ ROUTE ] array (
  'type' => 'module',
  'module' => 
  array (
    0 => 'index',
    1 => 'index',
    2 => 'article',
  ),
)
[ info ] [ HEADER ] array (
  'host' => '10.0.0.171',
  'user-agent' => 'Mozilla/5.0 (Windows NT 10.0; WOW64; rv:54.0) Gecko/20100101 Firefox/54.0',
  'accept' => 'text/html,application/xhtml+xml,application/xml;q=0.9,*/*;q=0.8',
  'accept-language' => 'zh-CN,zh;q=0.8,en-US;q=0.5,en;q=0.3',
  'accept-encoding' => 'gzip, deflate',
  'referer' => 'http://10.0.0.171/index/index/article/pid/87.html',
  'connection' => 'keep-alive',
  'upgrade-insecure-requests' => '1',
)
[ info ] [ PARAM ] array (
  'pid' => '89',
)
[ info ] [ RUN ] app\index\controller\IndexController->article[ D:\wamp\www\zwt5\application\index\controller\IndexController.php ]
[ info ] [ DB ] INIT mysql
[ info ] [ VIEW ] D:\wamp\www\zwt5\public/../application/index\view\index\item.html [ array (
  0 => 'list',
  1 => 'onenav',
  2 => 'twonav',
  3 => 'sannav',
  4 => 'article',
) ]
[ info ] [ LOG ] INIT File
[ sql ] [ DB ] CONNECT:[ UseTime:0.000710s ] mysql:dbname=zhuwentou;host=127.0.0.1;charset=utf8
[ sql ] [ SQL ] SHOW COLUMNS FROM `zwt_nav` [ RunTime:0.005095s ]
[ sql ] [ SQL ] SELECT * FROM `zwt_nav` [ RunTime:0.000537s ]
[ sql ] [ SQL ] SELECT * FROM `zwt_nav` WHERE  `id` = 89 LIMIT 1 [ RunTime:0.000332s ]
[ sql ] [ SQL ] SELECT * FROM `zwt_nav` WHERE  `id` = 65 LIMIT 1 [ RunTime:0.000165s ]
[ sql ] [ SQL ] SELECT * FROM `zwt_nav` WHERE  `id` = 7 LIMIT 1 [ RunTime:0.000156s ]
[ sql ] [ SQL ] SHOW COLUMNS FROM `zwt_article` [ RunTime:0.004998s ]
[ sql ] [ SQL ] SELECT * FROM `zwt_article` WHERE  `nav_id` = 89 LIMIT 1 [ RunTime:0.000457s ]

---------------------------------------------------------------
[ 2017-08-16T17:32:13+08:00 ] 10.0.0.171 10.0.0.171 GET /static/index/css/item/dongman/3.css
[ log ] 10.0.0.171/static/index/css/item/dongman/3.css [运行时间：0.017045s][吞吐率：58.67req/s] [内存消耗：2,147.46kb] [文件加载：40]
[ info ] [ LANG ] D:\wamp\www\zwt5\thinkphp\lang\zh-cn.php
[ info ] [ ROUTE ] array (
  'type' => 'module',
  'module' => 
  array (
    0 => 'static',
    1 => 'index',
    2 => 'css',
  ),
)
[ info ] [ HEADER ] array (
  'host' => '10.0.0.171',
  'user-agent' => 'Mozilla/5.0 (Windows NT 10.0; WOW64; rv:54.0) Gecko/20100101 Firefox/54.0',
  'accept' => 'text/css,*/*;q=0.1',
  'accept-language' => 'zh-CN,zh;q=0.8,en-US;q=0.5,en;q=0.3',
  'accept-encoding' => 'gzip, deflate',
  'referer' => 'http://10.0.0.171/index/index/article/pid/89.html',
  'connection' => 'keep-alive',
)
[ info ] [ PARAM ] array (
  'item' => 'dongman',
)
[ info ] [ LOG ] INIT File

---------------------------------------------------------------
[ 2017-08-16T17:32:13+08:00 ] 10.0.0.171 10.0.0.171 GET /static/index/img/item/dongman/3_images/banner.jpg
[ log ] 10.0.0.171/static/index/img/item/dongman/3_images/banner.jpg [运行时间：0.016985s][吞吐率：58.87req/s] [内存消耗：2,148.05kb] [文件加载：40]
[ info ] [ LANG ] D:\wamp\www\zwt5\thinkphp\lang\zh-cn.php
[ info ] [ ROUTE ] array (
  'type' => 'module',
  'module' => 
  array (
    0 => 'static',
    1 => 'index',
    2 => 'img',
  ),
)
[ info ] [ HEADER ] array (
  'host' => '10.0.0.171',
  'user-agent' => 'Mozilla/5.0 (Windows NT 10.0; WOW64; rv:54.0) Gecko/20100101 Firefox/54.0',
  'accept' => '*/*',
  'accept-language' => 'zh-CN,zh;q=0.8,en-US;q=0.5,en;q=0.3',
  'accept-encoding' => 'gzip, deflate',
  'referer' => 'http://10.0.0.171/index/index/article/pid/89.html',
  'connection' => 'keep-alive',
)
[ info ] [ PARAM ] array (
  'item' => 'dongman',
  '3_images' => 'banner.jpg',
)
[ info ] [ LOG ] INIT File

---------------------------------------------------------------
[ 2017-08-16T17:32:25+08:00 ] 10.0.0.171 10.0.0.124 GET /index/index/index.html
[ log ] 10.0.0.171/index/index/index.html [运行时间：0.108729s][吞吐率：9.20req/s] [内存消耗：3,949.05kb] [文件加载：53]
[ info ] [ LANG ] D:\wamp\www\zwt5\thinkphp\lang\zh-cn.php
[ info ] [ ROUTE ] array (
  'type' => 'module',
  'module' => 
  array (
    0 => 'index',
    1 => 'index',
    2 => 'index',
  ),
)
[ info ] [ HEADER ] array (
  'host' => '10.0.0.171',
  'connection' => 'keep-alive',
  'accept' => 'text/html,application/xhtml+xml,application/xml;q=0.9,image/webp,*/*;q=0.8',
  'user-agent' => 'Mozilla/5.0 (Windows NT 6.1; WOW64) AppleWebKit/537.36 (KHTML, like Gecko) Chrome/39.0.2171.95 Safari/537.36 MicroMessenger/6.5.2.501 NetType/WIFI WindowsWechat QBCore/3.43.556.400 QQBrowser/9.0.2524.400',
  'referer' => 'http://10.0.0.171/index/index/article/pid/78.html',
  'accept-encoding' => 'gzip, deflate',
  'accept-language' => 'zh-CN,zh;q=0.8,en-us;q=0.6,en;q=0.5;q=0.4',
)
[ info ] [ PARAM ] array (
)
[ info ] [ RUN ] app\index\controller\IndexController->index[ D:\wamp\www\zwt5\application\index\controller\IndexController.php ]
[ info ] [ DB ] INIT mysql
[ info ] [ VIEW ] D:\wamp\www\zwt5\public/../application/index\view\index\index.html [ array (
  0 => 'list',
  1 => 'ri',
  2 => 'ny',
  3 => 'newest',
  4 => 'newslist',
  5 => 'jituan',
) ]
[ info ] [ LOG ] INIT File
[ sql ] [ DB ] CONNECT:[ UseTime:0.010689s ] mysql:dbname=zhuwentou;host=127.0.0.1;charset=utf8
[ sql ] [ SQL ] SHOW COLUMNS FROM `zwt_nav` [ RunTime:0.005913s ]
[ sql ] [ SQL ] SELECT * FROM `zwt_nav` [ RunTime:0.000513s ]
[ sql ] [ SQL ] SELECT * FROM `zwt_nav` WHERE  `pid` = 38 [ RunTime:0.000331s ]
[ sql ] [ SQL ] SHOW COLUMNS FROM `zwt_article` [ RunTime:0.006653s ]
[ sql ] [ SQL ] SELECT `id`,`title`,`yinxu`,`created` FROM `zwt_article` WHERE  `nav_id` IN (39,40,41) ORDER BY created desc LIMIT 1 [ RunTime:0.000705s ]
[ sql ] [ SQL ] SELECT `id`,`title`,`yinxu`,`created` FROM `zwt_article` WHERE  `nav_id` IN (39,40,41) ORDER BY created desc LIMIT 4 [ RunTime:0.000685s ]
[ sql ] [ SQL ] SELECT * FROM `zwt_nav` WHERE  `pid` = 7 [ RunTime:0.000861s ]

---------------------------------------------------------------
[ 2017-08-16T17:32:29+08:00 ] 10.0.0.171 10.0.0.124 GET /index/index/article/pid/87.html
[ log ] 10.0.0.171/index/index/article/pid/87.html [运行时间：0.073080s][吞吐率：13.68req/s] [内存消耗：3,952.21kb] [文件加载：53]
[ info ] [ LANG ] D:\wamp\www\zwt5\thinkphp\lang\zh-cn.php
[ info ] [ ROUTE ] array (
  'type' => 'module',
  'module' => 
  array (
    0 => 'index',
    1 => 'index',
    2 => 'article',
  ),
)
[ info ] [ HEADER ] array (
  'host' => '10.0.0.171',
  'connection' => 'keep-alive',
  'accept' => 'text/html,application/xhtml+xml,application/xml;q=0.9,image/webp,*/*;q=0.8',
  'user-agent' => 'Mozilla/5.0 (Windows NT 6.1; WOW64) AppleWebKit/537.36 (KHTML, like Gecko) Chrome/39.0.2171.95 Safari/537.36 MicroMessenger/6.5.2.501 NetType/WIFI WindowsWechat QBCore/3.43.556.400 QQBrowser/9.0.2524.400',
  'referer' => 'http://10.0.0.171/index/index/index.html',
  'accept-encoding' => 'gzip, deflate',
  'accept-language' => 'zh-CN,zh;q=0.8,en-us;q=0.6,en;q=0.5;q=0.4',
)
[ info ] [ PARAM ] array (
  'pid' => '87',
)
[ info ] [ RUN ] app\index\controller\IndexController->article[ D:\wamp\www\zwt5\application\index\controller\IndexController.php ]
[ info ] [ DB ] INIT mysql
[ info ] [ VIEW ] D:\wamp\www\zwt5\public/../application/index\view\index\item.html [ array (
  0 => 'list',
  1 => 'onenav',
  2 => 'twonav',
  3 => 'sannav',
  4 => 'article',
) ]
[ info ] [ LOG ] INIT File
[ sql ] [ DB ] CONNECT:[ UseTime:0.000956s ] mysql:dbname=zhuwentou;host=127.0.0.1;charset=utf8
[ sql ] [ SQL ] SHOW COLUMNS FROM `zwt_nav` [ RunTime:0.007793s ]
[ sql ] [ SQL ] SELECT * FROM `zwt_nav` [ RunTime:0.000493s ]
[ sql ] [ SQL ] SELECT * FROM `zwt_nav` WHERE  `id` = 87 LIMIT 1 [ RunTime:0.000264s ]
[ sql ] [ SQL ] SELECT * FROM `zwt_nav` WHERE  `id` = 65 LIMIT 1 [ RunTime:0.000167s ]
[ sql ] [ SQL ] SELECT * FROM `zwt_nav` WHERE  `id` = 7 LIMIT 1 [ RunTime:0.000216s ]
[ sql ] [ SQL ] SHOW COLUMNS FROM `zwt_article` [ RunTime:0.012728s ]
[ sql ] [ SQL ] SELECT * FROM `zwt_article` WHERE  `nav_id` = 87 LIMIT 1 [ RunTime:0.000797s ]

---------------------------------------------------------------
[ 2017-08-16T17:32:35+08:00 ] 10.0.0.171 10.0.0.124 GET /index/index/article/pid/88.html
[ log ] 10.0.0.171/index/index/article/pid/88.html [运行时间：0.073269s][吞吐率：13.65req/s] [内存消耗：3,956.26kb] [文件加载：53]
[ info ] [ LANG ] D:\wamp\www\zwt5\thinkphp\lang\zh-cn.php
[ info ] [ ROUTE ] array (
  'type' => 'module',
  'module' => 
  array (
    0 => 'index',
    1 => 'index',
    2 => 'article',
  ),
)
[ info ] [ HEADER ] array (
  'host' => '10.0.0.171',
  'connection' => 'keep-alive',
  'accept' => 'text/html,application/xhtml+xml,application/xml;q=0.9,image/webp,*/*;q=0.8',
  'user-agent' => 'Mozilla/5.0 (Windows NT 6.1; WOW64) AppleWebKit/537.36 (KHTML, like Gecko) Chrome/39.0.2171.95 Safari/537.36 MicroMessenger/6.5.2.501 NetType/WIFI WindowsWechat QBCore/3.43.556.400 QQBrowser/9.0.2524.400',
  'referer' => 'http://10.0.0.171/index/index/article/pid/87.html',
  'accept-encoding' => 'gzip, deflate',
  'accept-language' => 'zh-CN,zh;q=0.8,en-us;q=0.6,en;q=0.5;q=0.4',
)
[ info ] [ PARAM ] array (
  'pid' => '88',
)
[ info ] [ RUN ] app\index\controller\IndexController->article[ D:\wamp\www\zwt5\application\index\controller\IndexController.php ]
[ info ] [ DB ] INIT mysql
[ info ] [ VIEW ] D:\wamp\www\zwt5\public/../application/index\view\index\item.html [ array (
  0 => 'list',
  1 => 'onenav',
  2 => 'twonav',
  3 => 'sannav',
  4 => 'article',
) ]
[ info ] [ LOG ] INIT File
[ sql ] [ DB ] CONNECT:[ UseTime:0.000835s ] mysql:dbname=zhuwentou;host=127.0.0.1;charset=utf8
[ sql ] [ SQL ] SHOW COLUMNS FROM `zwt_nav` [ RunTime:0.005701s ]
[ sql ] [ SQL ] SELECT * FROM `zwt_nav` [ RunTime:0.000456s ]
[ sql ] [ SQL ] SELECT * FROM `zwt_nav` WHERE  `id` = 88 LIMIT 1 [ RunTime:0.000246s ]
[ sql ] [ SQL ] SELECT * FROM `zwt_nav` WHERE  `id` = 65 LIMIT 1 [ RunTime:0.000131s ]
[ sql ] [ SQL ] SELECT * FROM `zwt_nav` WHERE  `id` = 7 LIMIT 1 [ RunTime:0.000120s ]
[ sql ] [ SQL ] SHOW COLUMNS FROM `zwt_article` [ RunTime:0.005233s ]
[ sql ] [ SQL ] SELECT * FROM `zwt_article` WHERE  `nav_id` = 88 LIMIT 1 [ RunTime:0.000416s ]

---------------------------------------------------------------
[ 2017-08-16T17:32:35+08:00 ] 10.0.0.171 10.0.0.124 GET /static/index/css/item/dongman/kaluo.css
[ log ] 10.0.0.171/static/index/css/item/dongman/kaluo.css [运行时间：0.018457s][吞吐率：54.18req/s] [内存消耗：2,148.05kb] [文件加载：40]
[ info ] [ LANG ] D:\wamp\www\zwt5\thinkphp\lang\zh-cn.php
[ info ] [ ROUTE ] array (
  'type' => 'module',
  'module' => 
  array (
    0 => 'static',
    1 => 'index',
    2 => 'css',
  ),
)
[ info ] [ HEADER ] array (
  'host' => '10.0.0.171',
  'connection' => 'keep-alive',
  'accept' => 'text/css,*/*;q=0.1',
  'user-agent' => 'Mozilla/5.0 (Windows NT 6.1; WOW64) AppleWebKit/537.36 (KHTML, like Gecko) Chrome/39.0.2171.95 Safari/537.36 MicroMessenger/6.5.2.501 NetType/WIFI WindowsWechat QBCore/3.43.556.400 QQBrowser/9.0.2524.400',
  'referer' => 'http://10.0.0.171/index/index/article/pid/88.html',
  'accept-encoding' => 'gzip, deflate',
  'accept-language' => 'zh-CN,zh;q=0.8,en-us;q=0.6,en;q=0.5;q=0.4',
)
[ info ] [ PARAM ] array (
  'item' => 'dongman',
)
[ info ] [ LOG ] INIT File

---------------------------------------------------------------
[ 2017-08-16T17:42:51+08:00 ] 10.0.0.171 10.0.0.171 GET /index/index/article/pid/76.html
[ log ] 10.0.0.171/index/index/article/pid/76.html [运行时间：0.044827s][吞吐率：22.31req/s] [内存消耗：3,950.98kb] [文件加载：53]
[ info ] [ LANG ] D:\wamp\www\zwt5\thinkphp\lang\zh-cn.php
[ info ] [ ROUTE ] array (
  'type' => 'module',
  'module' => 
  array (
    0 => 'index',
    1 => 'index',
    2 => 'article',
  ),
)
[ info ] [ HEADER ] array (
  'host' => '10.0.0.171',
  'user-agent' => 'Mozilla/5.0 (Windows NT 10.0; WOW64; rv:54.0) Gecko/20100101 Firefox/54.0',
  'accept' => 'text/html,application/xhtml+xml,application/xml;q=0.9,*/*;q=0.8',
  'accept-language' => 'zh-CN,zh;q=0.8,en-US;q=0.5,en;q=0.3',
  'accept-encoding' => 'gzip, deflate',
  'referer' => 'http://10.0.0.171/index/index/article/pid/89.html',
  'connection' => 'keep-alive',
  'upgrade-insecure-requests' => '1',
)
[ info ] [ PARAM ] array (
  'pid' => '76',
)
[ info ] [ RUN ] app\index\controller\IndexController->article[ D:\wamp\www\zwt5\application\index\controller\IndexController.php ]
[ info ] [ DB ] INIT mysql
[ info ] [ VIEW ] D:\wamp\www\zwt5\public/../application/index\view\index\item.html [ array (
  0 => 'list',
  1 => 'onenav',
  2 => 'twonav',
  3 => 'sannav',
  4 => 'article',
) ]
[ info ] [ LOG ] INIT File
[ sql ] [ DB ] CONNECT:[ UseTime:0.000875s ] mysql:dbname=zhuwentou;host=127.0.0.1;charset=utf8
[ sql ] [ SQL ] SHOW COLUMNS FROM `zwt_nav` [ RunTime:0.005160s ]
[ sql ] [ SQL ] SELECT * FROM `zwt_nav` [ RunTime:0.000510s ]
[ sql ] [ SQL ] SELECT * FROM `zwt_nav` WHERE  `id` = 76 LIMIT 1 [ RunTime:0.000352s ]
[ sql ] [ SQL ] SELECT * FROM `zwt_nav` WHERE  `id` = 49 LIMIT 1 [ RunTime:0.000122s ]
[ sql ] [ SQL ] SELECT * FROM `zwt_nav` WHERE  `id` = 7 LIMIT 1 [ RunTime:0.000153s ]
[ sql ] [ SQL ] SHOW COLUMNS FROM `zwt_article` [ RunTime:0.004734s ]
[ sql ] [ SQL ] SELECT * FROM `zwt_article` WHERE  `nav_id` = 76 LIMIT 1 [ RunTime:0.000306s ]

---------------------------------------------------------------
[ 2017-08-16T17:42:56+08:00 ] 10.0.0.171 10.0.0.171 GET /index/index/project/id/49.html
[ log ] 10.0.0.171/index/index/project/id/49.html [运行时间：0.049089s][吞吐率：20.37req/s] [内存消耗：3,943.41kb] [文件加载：53]
[ info ] [ LANG ] D:\wamp\www\zwt5\thinkphp\lang\zh-cn.php
[ info ] [ ROUTE ] array (
  'type' => 'module',
  'module' => 
  array (
    0 => 'index',
    1 => 'index',
    2 => 'project',
  ),
)
[ info ] [ HEADER ] array (
  'host' => '10.0.0.171',
  'user-agent' => 'Mozilla/5.0 (Windows NT 10.0; WOW64; rv:54.0) Gecko/20100101 Firefox/54.0',
  'accept' => 'text/html,application/xhtml+xml,application/xml;q=0.9,*/*;q=0.8',
  'accept-language' => 'zh-CN,zh;q=0.8,en-US;q=0.5,en;q=0.3',
  'accept-encoding' => 'gzip, deflate',
  'referer' => 'http://10.0.0.171/index/index/article/pid/76.html',
  'connection' => 'keep-alive',
  'upgrade-insecure-requests' => '1',
)
[ info ] [ PARAM ] array (
  'id' => '49',
)
[ info ] [ RUN ] app\index\controller\IndexController->project[ D:\wamp\www\zwt5\application\index\controller\IndexController.php ]
[ info ] [ DB ] INIT mysql
[ info ] [ VIEW ] D:\wamp\www\zwt5\public/../application/index\view\index\project.html [ array (
  0 => 'list',
  1 => 'location',
  2 => 'onenav',
  3 => 'twonav',
  4 => 'sannav',
) ]
[ info ] [ LOG ] INIT File
[ sql ] [ DB ] CONNECT:[ UseTime:0.010282s ] mysql:dbname=zhuwentou;host=127.0.0.1;charset=utf8
[ sql ] [ SQL ] SHOW COLUMNS FROM `zwt_nav` [ RunTime:0.006218s ]
[ sql ] [ SQL ] SELECT * FROM `zwt_nav` [ RunTime:0.000389s ]
[ sql ] [ SQL ] SELECT * FROM `zwt_nav` WHERE  `id` = 49 LIMIT 1 [ RunTime:0.000249s ]
[ sql ] [ SQL ] SELECT * FROM `zwt_nav` WHERE  `id` = 7 LIMIT 1 [ RunTime:0.000112s ]
[ sql ] [ SQL ] SELECT * FROM `zwt_nav` WHERE  `pid` = 7 [ RunTime:0.000240s ]
[ sql ] [ SQL ] SELECT * FROM `zwt_nav` WHERE  `pid` = 49 [ RunTime:0.000142s ]

---------------------------------------------------------------
[ 2017-08-16T17:42:59+08:00 ] 10.0.0.171 10.0.0.171 GET /index/index/article/pid/77.html
[ log ] 10.0.0.171/index/index/article/pid/77.html [运行时间：0.040146s][吞吐率：24.91req/s] [内存消耗：3,947.28kb] [文件加载：53]
[ info ] [ LANG ] D:\wamp\www\zwt5\thinkphp\lang\zh-cn.php
[ info ] [ ROUTE ] array (
  'type' => 'module',
  'module' => 
  array (
    0 => 'index',
    1 => 'index',
    2 => 'article',
  ),
)
[ info ] [ HEADER ] array (
  'host' => '10.0.0.171',
  'user-agent' => 'Mozilla/5.0 (Windows NT 10.0; WOW64; rv:54.0) Gecko/20100101 Firefox/54.0',
  'accept' => 'text/html,application/xhtml+xml,application/xml;q=0.9,*/*;q=0.8',
  'accept-language' => 'zh-CN,zh;q=0.8,en-US;q=0.5,en;q=0.3',
  'accept-encoding' => 'gzip, deflate',
  'referer' => 'http://10.0.0.171/index/index/project/id/49.html',
  'connection' => 'keep-alive',
  'upgrade-insecure-requests' => '1',
)
[ info ] [ PARAM ] array (
  'pid' => '77',
)
[ info ] [ RUN ] app\index\controller\IndexController->article[ D:\wamp\www\zwt5\application\index\controller\IndexController.php ]
[ info ] [ DB ] INIT mysql
[ info ] [ VIEW ] D:\wamp\www\zwt5\public/../application/index\view\index\item.html [ array (
  0 => 'list',
  1 => 'onenav',
  2 => 'twonav',
  3 => 'sannav',
  4 => 'article',
) ]
[ info ] [ LOG ] INIT File
[ sql ] [ DB ] CONNECT:[ UseTime:0.000802s ] mysql:dbname=zhuwentou;host=127.0.0.1;charset=utf8
[ sql ] [ SQL ] SHOW COLUMNS FROM `zwt_nav` [ RunTime:0.004868s ]
[ sql ] [ SQL ] SELECT * FROM `zwt_nav` [ RunTime:0.000540s ]
[ sql ] [ SQL ] SELECT * FROM `zwt_nav` WHERE  `id` = 77 LIMIT 1 [ RunTime:0.000322s ]
[ sql ] [ SQL ] SELECT * FROM `zwt_nav` WHERE  `id` = 49 LIMIT 1 [ RunTime:0.000215s ]
[ sql ] [ SQL ] SELECT * FROM `zwt_nav` WHERE  `id` = 7 LIMIT 1 [ RunTime:0.000164s ]
[ sql ] [ SQL ] SHOW COLUMNS FROM `zwt_article` [ RunTime:0.005137s ]
[ sql ] [ SQL ] SELECT * FROM `zwt_article` WHERE  `nav_id` = 77 LIMIT 1 [ RunTime:0.000262s ]

---------------------------------------------------------------
[ 2017-08-16T17:42:59+08:00 ] 10.0.0.171 10.0.0.171 GET /static/index/img/item/keji/screen_images/banner.jpg
[ log ] 10.0.0.171/static/index/img/item/keji/screen_images/banner.jpg [运行时间：0.019160s][吞吐率：52.19req/s] [内存消耗：2,147.85kb] [文件加载：40]
[ info ] [ LANG ] D:\wamp\www\zwt5\thinkphp\lang\zh-cn.php
[ info ] [ ROUTE ] array (
  'type' => 'module',
  'module' => 
  array (
    0 => 'static',
    1 => 'index',
    2 => 'img',
  ),
)
[ info ] [ HEADER ] array (
  'host' => '10.0.0.171',
  'user-agent' => 'Mozilla/5.0 (Windows NT 10.0; WOW64; rv:54.0) Gecko/20100101 Firefox/54.0',
  'accept' => '*/*',
  'accept-language' => 'zh-CN,zh;q=0.8,en-US;q=0.5,en;q=0.3',
  'accept-encoding' => 'gzip, deflate',
  'referer' => 'http://10.0.0.171/index/index/article/pid/77.html',
  'connection' => 'keep-alive',
)
[ info ] [ PARAM ] array (
  'item' => 'keji',
  'screen_images' => 'banner.jpg',
)
[ info ] [ LOG ] INIT File

---------------------------------------------------------------
[ 2017-08-16T17:43:07+08:00 ] 10.0.0.171 10.0.0.171 GET /index/index/project/id/49.html
[ log ] 10.0.0.171/index/index/project/id/49.html [运行时间：0.038448s][吞吐率：26.01req/s] [内存消耗：3,943.41kb] [文件加载：53]
[ info ] [ LANG ] D:\wamp\www\zwt5\thinkphp\lang\zh-cn.php
[ info ] [ ROUTE ] array (
  'type' => 'module',
  'module' => 
  array (
    0 => 'index',
    1 => 'index',
    2 => 'project',
  ),
)
[ info ] [ HEADER ] array (
  'host' => '10.0.0.171',
  'user-agent' => 'Mozilla/5.0 (Windows NT 10.0; WOW64; rv:54.0) Gecko/20100101 Firefox/54.0',
  'accept' => 'text/html,application/xhtml+xml,application/xml;q=0.9,*/*;q=0.8',
  'accept-language' => 'zh-CN,zh;q=0.8,en-US;q=0.5,en;q=0.3',
  'accept-encoding' => 'gzip, deflate',
  'referer' => 'http://10.0.0.171/index/index/article/pid/77.html',
  'connection' => 'keep-alive',
  'upgrade-insecure-requests' => '1',
)
[ info ] [ PARAM ] array (
  'id' => '49',
)
[ info ] [ RUN ] app\index\controller\IndexController->project[ D:\wamp\www\zwt5\application\index\controller\IndexController.php ]
[ info ] [ DB ] INIT mysql
[ info ] [ VIEW ] D:\wamp\www\zwt5\public/../application/index\view\index\project.html [ array (
  0 => 'list',
  1 => 'location',
  2 => 'onenav',
  3 => 'twonav',
  4 => 'sannav',
) ]
[ info ] [ LOG ] INIT File
[ sql ] [ DB ] CONNECT:[ UseTime:0.001249s ] mysql:dbname=zhuwentou;host=127.0.0.1;charset=utf8
[ sql ] [ SQL ] SHOW COLUMNS FROM `zwt_nav` [ RunTime:0.007085s ]
[ sql ] [ SQL ] SELECT * FROM `zwt_nav` [ RunTime:0.000383s ]
[ sql ] [ SQL ] SELECT * FROM `zwt_nav` WHERE  `id` = 49 LIMIT 1 [ RunTime:0.000271s ]
[ sql ] [ SQL ] SELECT * FROM `zwt_nav` WHERE  `id` = 7 LIMIT 1 [ RunTime:0.000147s ]
[ sql ] [ SQL ] SELECT * FROM `zwt_nav` WHERE  `pid` = 7 [ RunTime:0.000269s ]
[ sql ] [ SQL ] SELECT * FROM `zwt_nav` WHERE  `pid` = 49 [ RunTime:0.000194s ]

---------------------------------------------------------------
[ 2017-08-16T17:43:08+08:00 ] 10.0.0.171 10.0.0.171 GET /index/index/article/pid/76.html
[ log ] 10.0.0.171/index/index/article/pid/76.html [运行时间：0.039884s][吞吐率：25.07req/s] [内存消耗：3,950.98kb] [文件加载：53]
[ info ] [ LANG ] D:\wamp\www\zwt5\thinkphp\lang\zh-cn.php
[ info ] [ ROUTE ] array (
  'type' => 'module',
  'module' => 
  array (
    0 => 'index',
    1 => 'index',
    2 => 'article',
  ),
)
[ info ] [ HEADER ] array (
  'host' => '10.0.0.171',
  'user-agent' => 'Mozilla/5.0 (Windows NT 10.0; WOW64; rv:54.0) Gecko/20100101 Firefox/54.0',
  'accept' => 'text/html,application/xhtml+xml,application/xml;q=0.9,*/*;q=0.8',
  'accept-language' => 'zh-CN,zh;q=0.8,en-US;q=0.5,en;q=0.3',
  'accept-encoding' => 'gzip, deflate',
  'referer' => 'http://10.0.0.171/index/index/project/id/49.html',
  'connection' => 'keep-alive',
  'upgrade-insecure-requests' => '1',
)
[ info ] [ PARAM ] array (
  'pid' => '76',
)
[ info ] [ RUN ] app\index\controller\IndexController->article[ D:\wamp\www\zwt5\application\index\controller\IndexController.php ]
[ info ] [ DB ] INIT mysql
[ info ] [ VIEW ] D:\wamp\www\zwt5\public/../application/index\view\index\item.html [ array (
  0 => 'list',
  1 => 'onenav',
  2 => 'twonav',
  3 => 'sannav',
  4 => 'article',
) ]
[ info ] [ LOG ] INIT File
[ sql ] [ DB ] CONNECT:[ UseTime:0.000663s ] mysql:dbname=zhuwentou;host=127.0.0.1;charset=utf8
[ sql ] [ SQL ] SHOW COLUMNS FROM `zwt_nav` [ RunTime:0.005620s ]
[ sql ] [ SQL ] SELECT * FROM `zwt_nav` [ RunTime:0.000381s ]
[ sql ] [ SQL ] SELECT * FROM `zwt_nav` WHERE  `id` = 76 LIMIT 1 [ RunTime:0.000253s ]
[ sql ] [ SQL ] SELECT * FROM `zwt_nav` WHERE  `id` = 49 LIMIT 1 [ RunTime:0.000122s ]
[ sql ] [ SQL ] SELECT * FROM `zwt_nav` WHERE  `id` = 7 LIMIT 1 [ RunTime:0.000116s ]
[ sql ] [ SQL ] SHOW COLUMNS FROM `zwt_article` [ RunTime:0.004684s ]
[ sql ] [ SQL ] SELECT * FROM `zwt_article` WHERE  `nav_id` = 76 LIMIT 1 [ RunTime:0.000329s ]

---------------------------------------------------------------
[ 2017-08-16T17:43:13+08:00 ] 10.0.0.171 10.0.0.171 GET /index/index/project/id/49.html
[ log ] 10.0.0.171/index/index/project/id/49.html [运行时间：0.044279s][吞吐率：22.58req/s] [内存消耗：3,943.41kb] [文件加载：53]
[ info ] [ LANG ] D:\wamp\www\zwt5\thinkphp\lang\zh-cn.php
[ info ] [ ROUTE ] array (
  'type' => 'module',
  'module' => 
  array (
    0 => 'index',
    1 => 'index',
    2 => 'project',
  ),
)
[ info ] [ HEADER ] array (
  'host' => '10.0.0.171',
  'user-agent' => 'Mozilla/5.0 (Windows NT 10.0; WOW64; rv:54.0) Gecko/20100101 Firefox/54.0',
  'accept' => 'text/html,application/xhtml+xml,application/xml;q=0.9,*/*;q=0.8',
  'accept-language' => 'zh-CN,zh;q=0.8,en-US;q=0.5,en;q=0.3',
  'accept-encoding' => 'gzip, deflate',
  'referer' => 'http://10.0.0.171/index/index/article/pid/76.html',
  'connection' => 'keep-alive',
  'upgrade-insecure-requests' => '1',
)
[ info ] [ PARAM ] array (
  'id' => '49',
)
[ info ] [ RUN ] app\index\controller\IndexController->project[ D:\wamp\www\zwt5\application\index\controller\IndexController.php ]
[ info ] [ DB ] INIT mysql
[ info ] [ VIEW ] D:\wamp\www\zwt5\public/../application/index\view\index\project.html [ array (
  0 => 'list',
  1 => 'location',
  2 => 'onenav',
  3 => 'twonav',
  4 => 'sannav',
) ]
[ info ] [ LOG ] INIT File
[ sql ] [ DB ] CONNECT:[ UseTime:0.010738s ] mysql:dbname=zhuwentou;host=127.0.0.1;charset=utf8
[ sql ] [ SQL ] SHOW COLUMNS FROM `zwt_nav` [ RunTime:0.004507s ]
[ sql ] [ SQL ] SELECT * FROM `zwt_nav` [ RunTime:0.000460s ]
[ sql ] [ SQL ] SELECT * FROM `zwt_nav` WHERE  `id` = 49 LIMIT 1 [ RunTime:0.000283s ]
[ sql ] [ SQL ] SELECT * FROM `zwt_nav` WHERE  `id` = 7 LIMIT 1 [ RunTime:0.000127s ]
[ sql ] [ SQL ] SELECT * FROM `zwt_nav` WHERE  `pid` = 7 [ RunTime:0.000272s ]
[ sql ] [ SQL ] SELECT * FROM `zwt_nav` WHERE  `pid` = 49 [ RunTime:0.000175s ]

---------------------------------------------------------------
[ 2017-08-16T17:43:14+08:00 ] 10.0.0.171 10.0.0.171 GET /index/index/article/pid/77.html
[ log ] 10.0.0.171/index/index/article/pid/77.html [运行时间：0.038868s][吞吐率：25.73req/s] [内存消耗：3,947.28kb] [文件加载：53]
[ info ] [ LANG ] D:\wamp\www\zwt5\thinkphp\lang\zh-cn.php
[ info ] [ ROUTE ] array (
  'type' => 'module',
  'module' => 
  array (
    0 => 'index',
    1 => 'index',
    2 => 'article',
  ),
)
[ info ] [ HEADER ] array (
  'host' => '10.0.0.171',
  'user-agent' => 'Mozilla/5.0 (Windows NT 10.0; WOW64; rv:54.0) Gecko/20100101 Firefox/54.0',
  'accept' => 'text/html,application/xhtml+xml,application/xml;q=0.9,*/*;q=0.8',
  'accept-language' => 'zh-CN,zh;q=0.8,en-US;q=0.5,en;q=0.3',
  'accept-encoding' => 'gzip, deflate',
  'referer' => 'http://10.0.0.171/index/index/project/id/49.html',
  'connection' => 'keep-alive',
  'upgrade-insecure-requests' => '1',
)
[ info ] [ PARAM ] array (
  'pid' => '77',
)
[ info ] [ RUN ] app\index\controller\IndexController->article[ D:\wamp\www\zwt5\application\index\controller\IndexController.php ]
[ info ] [ DB ] INIT mysql
[ info ] [ VIEW ] D:\wamp\www\zwt5\public/../application/index\view\index\item.html [ array (
  0 => 'list',
  1 => 'onenav',
  2 => 'twonav',
  3 => 'sannav',
  4 => 'article',
) ]
[ info ] [ LOG ] INIT File
[ sql ] [ DB ] CONNECT:[ UseTime:0.000842s ] mysql:dbname=zhuwentou;host=127.0.0.1;charset=utf8
[ sql ] [ SQL ] SHOW COLUMNS FROM `zwt_nav` [ RunTime:0.004436s ]
[ sql ] [ SQL ] SELECT * FROM `zwt_nav` [ RunTime:0.000435s ]
[ sql ] [ SQL ] SELECT * FROM `zwt_nav` WHERE  `id` = 77 LIMIT 1 [ RunTime:0.000348s ]
[ sql ] [ SQL ] SELECT * FROM `zwt_nav` WHERE  `id` = 49 LIMIT 1 [ RunTime:0.000162s ]
[ sql ] [ SQL ] SELECT * FROM `zwt_nav` WHERE  `id` = 7 LIMIT 1 [ RunTime:0.000154s ]
[ sql ] [ SQL ] SHOW COLUMNS FROM `zwt_article` [ RunTime:0.004545s ]
[ sql ] [ SQL ] SELECT * FROM `zwt_article` WHERE  `nav_id` = 77 LIMIT 1 [ RunTime:0.000326s ]

---------------------------------------------------------------
[ 2017-08-16T17:43:14+08:00 ] 10.0.0.171 10.0.0.171 GET /static/index/img/item/keji/screen_images/banner.jpg
[ log ] 10.0.0.171/static/index/img/item/keji/screen_images/banner.jpg [运行时间：0.017505s][吞吐率：57.13req/s] [内存消耗：2,147.85kb] [文件加载：40]
[ info ] [ LANG ] D:\wamp\www\zwt5\thinkphp\lang\zh-cn.php
[ info ] [ ROUTE ] array (
  'type' => 'module',
  'module' => 
  array (
    0 => 'static',
    1 => 'index',
    2 => 'img',
  ),
)
[ info ] [ HEADER ] array (
  'host' => '10.0.0.171',
  'user-agent' => 'Mozilla/5.0 (Windows NT 10.0; WOW64; rv:54.0) Gecko/20100101 Firefox/54.0',
  'accept' => '*/*',
  'accept-language' => 'zh-CN,zh;q=0.8,en-US;q=0.5,en;q=0.3',
  'accept-encoding' => 'gzip, deflate',
  'referer' => 'http://10.0.0.171/index/index/article/pid/77.html',
  'connection' => 'keep-alive',
)
[ info ] [ PARAM ] array (
  'item' => 'keji',
  'screen_images' => 'banner.jpg',
)
[ info ] [ LOG ] INIT File

---------------------------------------------------------------
[ 2017-08-16T17:43:58+08:00 ] 10.0.0.171 10.0.0.171 GET /index/index/article/pid/55.html
[ log ] 10.0.0.171/index/index/article/pid/55.html [运行时间：0.038897s][吞吐率：25.71req/s] [内存消耗：3,949.84kb] [文件加载：53]
[ info ] [ LANG ] D:\wamp\www\zwt5\thinkphp\lang\zh-cn.php
[ info ] [ ROUTE ] array (
  'type' => 'module',
  'module' => 
  array (
    0 => 'index',
    1 => 'index',
    2 => 'article',
  ),
)
[ info ] [ HEADER ] array (
  'host' => '10.0.0.171',
  'user-agent' => 'Mozilla/5.0 (Windows NT 10.0; WOW64; rv:54.0) Gecko/20100101 Firefox/54.0',
  'accept' => 'text/html,application/xhtml+xml,application/xml;q=0.9,*/*;q=0.8',
  'accept-language' => 'zh-CN,zh;q=0.8,en-US;q=0.5,en;q=0.3',
  'accept-encoding' => 'gzip, deflate',
  'referer' => 'http://10.0.0.171/index/index/article/pid/77.html',
  'connection' => 'keep-alive',
  'upgrade-insecure-requests' => '1',
)
[ info ] [ PARAM ] array (
  'pid' => '55',
)
[ info ] [ RUN ] app\index\controller\IndexController->article[ D:\wamp\www\zwt5\application\index\controller\IndexController.php ]
[ info ] [ DB ] INIT mysql
[ info ] [ VIEW ] D:\wamp\www\zwt5\public/../application/index\view\index\product.html [ array (
  0 => 'list',
  1 => 'onenav',
  2 => 'twonav',
  3 => 'sannav',
  4 => 'article',
) ]
[ info ] [ LOG ] INIT File
[ sql ] [ DB ] CONNECT:[ UseTime:0.000696s ] mysql:dbname=zhuwentou;host=127.0.0.1;charset=utf8
[ sql ] [ SQL ] SHOW COLUMNS FROM `zwt_nav` [ RunTime:0.004485s ]
[ sql ] [ SQL ] SELECT * FROM `zwt_nav` [ RunTime:0.000391s ]
[ sql ] [ SQL ] SELECT * FROM `zwt_nav` WHERE  `id` = 55 LIMIT 1 [ RunTime:0.000186s ]
[ sql ] [ SQL ] SELECT * FROM `zwt_nav` WHERE  `id` = 30 LIMIT 1 [ RunTime:0.000134s ]
[ sql ] [ SQL ] SELECT * FROM `zwt_nav` WHERE  `id` = 6 LIMIT 1 [ RunTime:0.000130s ]
[ sql ] [ SQL ] SHOW COLUMNS FROM `zwt_article` [ RunTime:0.004486s ]
[ sql ] [ SQL ] SELECT * FROM `zwt_article` WHERE  `nav_id` = 55 LIMIT 1 [ RunTime:0.000239s ]

---------------------------------------------------------------
[ 2017-08-16T17:44:00+08:00 ] 10.0.0.171 10.0.0.171 GET /index/index/brand/id/30.html
[ log ] 10.0.0.171/index/index/brand/id/30.html [运行时间：0.055868s][吞吐率：17.90req/s] [内存消耗：3,939.55kb] [文件加载：53]
[ info ] [ LANG ] D:\wamp\www\zwt5\thinkphp\lang\zh-cn.php
[ info ] [ ROUTE ] array (
  'type' => 'module',
  'module' => 
  array (
    0 => 'index',
    1 => 'index',
    2 => 'brand',
  ),
)
[ info ] [ HEADER ] array (
  'host' => '10.0.0.171',
  'user-agent' => 'Mozilla/5.0 (Windows NT 10.0; WOW64; rv:54.0) Gecko/20100101 Firefox/54.0',
  'accept' => 'text/html,application/xhtml+xml,application/xml;q=0.9,*/*;q=0.8',
  'accept-language' => 'zh-CN,zh;q=0.8,en-US;q=0.5,en;q=0.3',
  'accept-encoding' => 'gzip, deflate',
  'referer' => 'http://10.0.0.171/index/index/article/pid/55.html',
  'connection' => 'keep-alive',
  'upgrade-insecure-requests' => '1',
)
[ info ] [ PARAM ] array (
  'id' => '30',
)
[ info ] [ RUN ] app\index\controller\IndexController->brand[ D:\wamp\www\zwt5\application\index\controller\IndexController.php ]
[ info ] [ DB ] INIT mysql
[ info ] [ VIEW ] D:\wamp\www\zwt5\public/../application/index\view\index\brand.html [ array (
  0 => 'list',
  1 => 'location',
  2 => 'onenav',
  3 => 'twonav',
  4 => 'sannav',
) ]
[ info ] [ LOG ] INIT File
[ sql ] [ DB ] CONNECT:[ UseTime:0.010596s ] mysql:dbname=zhuwentou;host=127.0.0.1;charset=utf8
[ sql ] [ SQL ] SHOW COLUMNS FROM `zwt_nav` [ RunTime:0.007461s ]
[ sql ] [ SQL ] SELECT * FROM `zwt_nav` [ RunTime:0.000370s ]
[ sql ] [ SQL ] SELECT * FROM `zwt_nav` WHERE  `id` = 30 LIMIT 1 [ RunTime:0.000200s ]
[ sql ] [ SQL ] SELECT * FROM `zwt_nav` WHERE  `pid` = 30 [ RunTime:0.000213s ]
[ sql ] [ SQL ] SELECT * FROM `zwt_nav` WHERE  `id` = 6 LIMIT 1 [ RunTime:0.000155s ]
[ sql ] [ SQL ] SELECT * FROM `zwt_nav` WHERE  `pid` = 6 [ RunTime:0.000225s ]

---------------------------------------------------------------
[ 2017-08-16T17:44:09+08:00 ] 10.0.0.171 10.0.0.171 GET /index/index/brand/id/31.html
[ log ] 10.0.0.171/index/index/brand/id/31.html [运行时间：0.053125s][吞吐率：18.82req/s] [内存消耗：3,933.91kb] [文件加载：53]
[ info ] [ LANG ] D:\wamp\www\zwt5\thinkphp\lang\zh-cn.php
[ info ] [ ROUTE ] array (
  'type' => 'module',
  'module' => 
  array (
    0 => 'index',
    1 => 'index',
    2 => 'brand',
  ),
)
[ info ] [ HEADER ] array (
  'host' => '10.0.0.171',
  'user-agent' => 'Mozilla/5.0 (Windows NT 10.0; WOW64; rv:54.0) Gecko/20100101 Firefox/54.0',
  'accept' => 'text/html,application/xhtml+xml,application/xml;q=0.9,*/*;q=0.8',
  'accept-language' => 'zh-CN,zh;q=0.8,en-US;q=0.5,en;q=0.3',
  'accept-encoding' => 'gzip, deflate',
  'referer' => 'http://10.0.0.171/index/index/brand/id/30.html',
  'connection' => 'keep-alive',
  'upgrade-insecure-requests' => '1',
)
[ info ] [ PARAM ] array (
  'id' => '31',
)
[ info ] [ RUN ] app\index\controller\IndexController->brand[ D:\wamp\www\zwt5\application\index\controller\IndexController.php ]
[ info ] [ DB ] INIT mysql
[ info ] [ VIEW ] D:\wamp\www\zwt5\public/../application/index\view\index\brand.html [ array (
  0 => 'list',
  1 => 'location',
  2 => 'onenav',
  3 => 'twonav',
  4 => 'sannav',
) ]
[ info ] [ LOG ] INIT File
[ sql ] [ DB ] CONNECT:[ UseTime:0.010615s ] mysql:dbname=zhuwentou;host=127.0.0.1;charset=utf8
[ sql ] [ SQL ] SHOW COLUMNS FROM `zwt_nav` [ RunTime:0.004976s ]
[ sql ] [ SQL ] SELECT * FROM `zwt_nav` [ RunTime:0.000511s ]
[ sql ] [ SQL ] SELECT * FROM `zwt_nav` WHERE  `id` = 31 LIMIT 1 [ RunTime:0.000395s ]
[ sql ] [ SQL ] SELECT * FROM `zwt_nav` WHERE  `pid` = 31 [ RunTime:0.000298s ]
[ sql ] [ SQL ] SELECT * FROM `zwt_nav` WHERE  `id` = 6 LIMIT 1 [ RunTime:0.000247s ]
[ sql ] [ SQL ] SELECT * FROM `zwt_nav` WHERE  `pid` = 6 [ RunTime:0.000233s ]

---------------------------------------------------------------
[ 2017-08-16T17:44:12+08:00 ] 10.0.0.171 10.0.0.171 GET /index/index/brand/id/6.html
[ log ] 10.0.0.171/index/index/brand/id/6.html [运行时间：0.051216s][吞吐率：19.53req/s] [内存消耗：3,949.22kb] [文件加载：53]
[ info ] [ LANG ] D:\wamp\www\zwt5\thinkphp\lang\zh-cn.php
[ info ] [ ROUTE ] array (
  'type' => 'module',
  'module' => 
  array (
    0 => 'index',
    1 => 'index',
    2 => 'brand',
  ),
)
[ info ] [ HEADER ] array (
  'host' => '10.0.0.171',
  'user-agent' => 'Mozilla/5.0 (Windows NT 10.0; WOW64; rv:54.0) Gecko/20100101 Firefox/54.0',
  'accept' => 'text/html,application/xhtml+xml,application/xml;q=0.9,*/*;q=0.8',
  'accept-language' => 'zh-CN,zh;q=0.8,en-US;q=0.5,en;q=0.3',
  'accept-encoding' => 'gzip, deflate',
  'referer' => 'http://10.0.0.171/index/index/brand/id/31.html',
  'connection' => 'keep-alive',
  'upgrade-insecure-requests' => '1',
)
[ info ] [ PARAM ] array (
  'id' => '6',
)
[ info ] [ RUN ] app\index\controller\IndexController->brand[ D:\wamp\www\zwt5\application\index\controller\IndexController.php ]
[ info ] [ DB ] INIT mysql
[ info ] [ VIEW ] D:\wamp\www\zwt5\public/../application/index\view\index\brand.html [ array (
  0 => 'list',
  1 => 'location',
  2 => 'onenav',
  3 => 'twonav',
  4 => 'sannav',
) ]
[ info ] [ LOG ] INIT File
[ sql ] [ DB ] CONNECT:[ UseTime:0.010252s ] mysql:dbname=zhuwentou;host=127.0.0.1;charset=utf8
[ sql ] [ SQL ] SHOW COLUMNS FROM `zwt_nav` [ RunTime:0.004608s ]
[ sql ] [ SQL ] SELECT * FROM `zwt_nav` [ RunTime:0.000435s ]
[ sql ] [ SQL ] SELECT * FROM `zwt_nav` WHERE  `id` = 6 LIMIT 1 [ RunTime:0.000295s ]
[ sql ] [ SQL ] SELECT * FROM `zwt_nav` WHERE  `pid` = 6 [ RunTime:0.000194s ]
[ sql ] [ SQL ] SELECT * FROM `zwt_nav` WHERE  `pid` IN (30,31,32) [ RunTime:0.000225s ]

---------------------------------------------------------------
[ 2017-08-16T17:44:31+08:00 ] 10.0.0.171 10.0.0.171 GET /index/index/article/pid/55.html
[ log ] 10.0.0.171/index/index/article/pid/55.html [运行时间：0.051858s][吞吐率：19.28req/s] [内存消耗：3,949.81kb] [文件加载：53]
[ info ] [ LANG ] D:\wamp\www\zwt5\thinkphp\lang\zh-cn.php
[ info ] [ ROUTE ] array (
  'type' => 'module',
  'module' => 
  array (
    0 => 'index',
    1 => 'index',
    2 => 'article',
  ),
)
[ info ] [ HEADER ] array (
  'host' => '10.0.0.171',
  'user-agent' => 'Mozilla/5.0 (Windows NT 10.0; WOW64; rv:54.0) Gecko/20100101 Firefox/54.0',
  'accept' => 'text/html,application/xhtml+xml,application/xml;q=0.9,*/*;q=0.8',
  'accept-language' => 'zh-CN,zh;q=0.8,en-US;q=0.5,en;q=0.3',
  'accept-encoding' => 'gzip, deflate',
  'referer' => 'http://10.0.0.171/index/index/brand/id/6.html',
  'connection' => 'keep-alive',
  'upgrade-insecure-requests' => '1',
)
[ info ] [ PARAM ] array (
  'pid' => '55',
)
[ info ] [ RUN ] app\index\controller\IndexController->article[ D:\wamp\www\zwt5\application\index\controller\IndexController.php ]
[ info ] [ DB ] INIT mysql
[ info ] [ VIEW ] D:\wamp\www\zwt5\public/../application/index\view\index\product.html [ array (
  0 => 'list',
  1 => 'onenav',
  2 => 'twonav',
  3 => 'sannav',
  4 => 'article',
) ]
[ info ] [ LOG ] INIT File
[ sql ] [ DB ] CONNECT:[ UseTime:0.000837s ] mysql:dbname=zhuwentou;host=127.0.0.1;charset=utf8
[ sql ] [ SQL ] SHOW COLUMNS FROM `zwt_nav` [ RunTime:0.006196s ]
[ sql ] [ SQL ] SELECT * FROM `zwt_nav` [ RunTime:0.000529s ]
[ sql ] [ SQL ] SELECT * FROM `zwt_nav` WHERE  `id` = 55 LIMIT 1 [ RunTime:0.000317s ]
[ sql ] [ SQL ] SELECT * FROM `zwt_nav` WHERE  `id` = 30 LIMIT 1 [ RunTime:0.000189s ]
[ sql ] [ SQL ] SELECT * FROM `zwt_nav` WHERE  `id` = 6 LIMIT 1 [ RunTime:0.000153s ]
[ sql ] [ SQL ] SHOW COLUMNS FROM `zwt_article` [ RunTime:0.006023s ]
[ sql ] [ SQL ] SELECT * FROM `zwt_article` WHERE  `nav_id` = 55 LIMIT 1 [ RunTime:0.000311s ]

---------------------------------------------------------------
[ 2017-08-16T17:44:40+08:00 ] 10.0.0.171 10.0.0.171 GET /index/index/article/pid/56.html
[ log ] 10.0.0.171/index/index/article/pid/56.html [运行时间：0.058633s][吞吐率：17.06req/s] [内存消耗：3,949.02kb] [文件加载：53]
[ info ] [ LANG ] D:\wamp\www\zwt5\thinkphp\lang\zh-cn.php
[ info ] [ ROUTE ] array (
  'type' => 'module',
  'module' => 
  array (
    0 => 'index',
    1 => 'index',
    2 => 'article',
  ),
)
[ info ] [ HEADER ] array (
  'host' => '10.0.0.171',
  'user-agent' => 'Mozilla/5.0 (Windows NT 10.0; WOW64; rv:54.0) Gecko/20100101 Firefox/54.0',
  'accept' => 'text/html,application/xhtml+xml,application/xml;q=0.9,*/*;q=0.8',
  'accept-language' => 'zh-CN,zh;q=0.8,en-US;q=0.5,en;q=0.3',
  'accept-encoding' => 'gzip, deflate',
  'referer' => 'http://10.0.0.171/index/index/brand/id/6.html',
  'connection' => 'keep-alive',
  'upgrade-insecure-requests' => '1',
)
[ info ] [ PARAM ] array (
  'pid' => '56',
)
[ info ] [ RUN ] app\index\controller\IndexController->article[ D:\wamp\www\zwt5\application\index\controller\IndexController.php ]
[ info ] [ DB ] INIT mysql
[ info ] [ VIEW ] D:\wamp\www\zwt5\public/../application/index\view\index\product.html [ array (
  0 => 'list',
  1 => 'onenav',
  2 => 'twonav',
  3 => 'sannav',
  4 => 'article',
) ]
[ info ] [ LOG ] INIT File
[ sql ] [ DB ] CONNECT:[ UseTime:0.010217s ] mysql:dbname=zhuwentou;host=127.0.0.1;charset=utf8
[ sql ] [ SQL ] SHOW COLUMNS FROM `zwt_nav` [ RunTime:0.004673s ]
[ sql ] [ SQL ] SELECT * FROM `zwt_nav` [ RunTime:0.000439s ]
[ sql ] [ SQL ] SELECT * FROM `zwt_nav` WHERE  `id` = 56 LIMIT 1 [ RunTime:0.000317s ]
[ sql ] [ SQL ] SELECT * FROM `zwt_nav` WHERE  `id` = 30 LIMIT 1 [ RunTime:0.000162s ]
[ sql ] [ SQL ] SELECT * FROM `zwt_nav` WHERE  `id` = 6 LIMIT 1 [ RunTime:0.000186s ]
[ sql ] [ SQL ] SHOW COLUMNS FROM `zwt_article` [ RunTime:0.005711s ]
[ sql ] [ SQL ] SELECT * FROM `zwt_article` WHERE  `nav_id` = 56 LIMIT 1 [ RunTime:0.000409s ]

---------------------------------------------------------------
[ 2017-08-16T17:45:11+08:00 ] 10.0.0.171 10.0.0.171 GET /index/index/article/pid/63.html
[ log ] 10.0.0.171/index/index/article/pid/63.html [运行时间：0.057843s][吞吐率：17.29req/s] [内存消耗：3,939.25kb] [文件加载：53]
[ info ] [ LANG ] D:\wamp\www\zwt5\thinkphp\lang\zh-cn.php
[ info ] [ ROUTE ] array (
  'type' => 'module',
  'module' => 
  array (
    0 => 'index',
    1 => 'index',
    2 => 'article',
  ),
)
[ info ] [ HEADER ] array (
  'host' => '10.0.0.171',
  'user-agent' => 'Mozilla/5.0 (Windows NT 10.0; WOW64; rv:54.0) Gecko/20100101 Firefox/54.0',
  'accept' => 'text/html,application/xhtml+xml,application/xml;q=0.9,*/*;q=0.8',
  'accept-language' => 'zh-CN,zh;q=0.8,en-US;q=0.5,en;q=0.3',
  'accept-encoding' => 'gzip, deflate',
  'referer' => 'http://10.0.0.171/index/index/brand/id/6.html',
  'connection' => 'keep-alive',
  'upgrade-insecure-requests' => '1',
)
[ info ] [ PARAM ] array (
  'pid' => '63',
)
[ info ] [ RUN ] app\index\controller\IndexController->article[ D:\wamp\www\zwt5\application\index\controller\IndexController.php ]
[ info ] [ DB ] INIT mysql
[ info ] [ VIEW ] D:\wamp\www\zwt5\public/../application/index\view\index\product.html [ array (
  0 => 'list',
  1 => 'onenav',
  2 => 'twonav',
  3 => 'sannav',
  4 => 'article',
) ]
[ info ] [ LOG ] INIT File
[ sql ] [ DB ] CONNECT:[ UseTime:0.010630s ] mysql:dbname=zhuwentou;host=127.0.0.1;charset=utf8
[ sql ] [ SQL ] SHOW COLUMNS FROM `zwt_nav` [ RunTime:0.006307s ]
[ sql ] [ SQL ] SELECT * FROM `zwt_nav` [ RunTime:0.000677s ]
[ sql ] [ SQL ] SELECT * FROM `zwt_nav` WHERE  `id` = 63 LIMIT 1 [ RunTime:0.000323s ]
[ sql ] [ SQL ] SELECT * FROM `zwt_nav` WHERE  `id` = 32 LIMIT 1 [ RunTime:0.000174s ]
[ sql ] [ SQL ] SELECT * FROM `zwt_nav` WHERE  `id` = 6 LIMIT 1 [ RunTime:0.000193s ]
[ sql ] [ SQL ] SHOW COLUMNS FROM `zwt_article` [ RunTime:0.004688s ]
[ sql ] [ SQL ] SELECT * FROM `zwt_article` WHERE  `nav_id` = 63 LIMIT 1 [ RunTime:0.000361s ]

---------------------------------------------------------------
[ 2017-08-16T17:45:13+08:00 ] 10.0.0.171 10.0.0.171 GET /index/index/article/pid/62.html
[ log ] 10.0.0.171/index/index/article/pid/62.html [运行时间：0.047304s][吞吐率：21.14req/s] [内存消耗：3,951.44kb] [文件加载：53]
[ info ] [ LANG ] D:\wamp\www\zwt5\thinkphp\lang\zh-cn.php
[ info ] [ ROUTE ] array (
  'type' => 'module',
  'module' => 
  array (
    0 => 'index',
    1 => 'index',
    2 => 'article',
  ),
)
[ info ] [ HEADER ] array (
  'host' => '10.0.0.171',
  'user-agent' => 'Mozilla/5.0 (Windows NT 10.0; WOW64; rv:54.0) Gecko/20100101 Firefox/54.0',
  'accept' => 'text/html,application/xhtml+xml,application/xml;q=0.9,*/*;q=0.8',
  'accept-language' => 'zh-CN,zh;q=0.8,en-US;q=0.5,en;q=0.3',
  'accept-encoding' => 'gzip, deflate',
  'referer' => 'http://10.0.0.171/index/index/brand/id/6.html',
  'connection' => 'keep-alive',
  'upgrade-insecure-requests' => '1',
)
[ info ] [ PARAM ] array (
  'pid' => '62',
)
[ info ] [ RUN ] app\index\controller\IndexController->article[ D:\wamp\www\zwt5\application\index\controller\IndexController.php ]
[ info ] [ DB ] INIT mysql
[ info ] [ VIEW ] D:\wamp\www\zwt5\public/../application/index\view\index\product.html [ array (
  0 => 'list',
  1 => 'onenav',
  2 => 'twonav',
  3 => 'sannav',
  4 => 'article',
) ]
[ info ] [ LOG ] INIT File
[ sql ] [ DB ] CONNECT:[ UseTime:0.000789s ] mysql:dbname=zhuwentou;host=127.0.0.1;charset=utf8
[ sql ] [ SQL ] SHOW COLUMNS FROM `zwt_nav` [ RunTime:0.005959s ]
[ sql ] [ SQL ] SELECT * FROM `zwt_nav` [ RunTime:0.000565s ]
[ sql ] [ SQL ] SELECT * FROM `zwt_nav` WHERE  `id` = 62 LIMIT 1 [ RunTime:0.000418s ]
[ sql ] [ SQL ] SELECT * FROM `zwt_nav` WHERE  `id` = 31 LIMIT 1 [ RunTime:0.000229s ]
[ sql ] [ SQL ] SELECT * FROM `zwt_nav` WHERE  `id` = 6 LIMIT 1 [ RunTime:0.000199s ]
[ sql ] [ SQL ] SHOW COLUMNS FROM `zwt_article` [ RunTime:0.006506s ]
[ sql ] [ SQL ] SELECT * FROM `zwt_article` WHERE  `nav_id` = 62 LIMIT 1 [ RunTime:0.000316s ]

---------------------------------------------------------------
[ 2017-08-16T17:45:15+08:00 ] 10.0.0.171 10.0.0.171 GET /index/index/article/pid/61.html
[ log ] 10.0.0.171/index/index/article/pid/61.html [运行时间：0.053071s][吞吐率：18.84req/s] [内存消耗：3,950.68kb] [文件加载：53]
[ info ] [ LANG ] D:\wamp\www\zwt5\thinkphp\lang\zh-cn.php
[ info ] [ ROUTE ] array (
  'type' => 'module',
  'module' => 
  array (
    0 => 'index',
    1 => 'index',
    2 => 'article',
  ),
)
[ info ] [ HEADER ] array (
  'host' => '10.0.0.171',
  'user-agent' => 'Mozilla/5.0 (Windows NT 10.0; WOW64; rv:54.0) Gecko/20100101 Firefox/54.0',
  'accept' => 'text/html,application/xhtml+xml,application/xml;q=0.9,*/*;q=0.8',
  'accept-language' => 'zh-CN,zh;q=0.8,en-US;q=0.5,en;q=0.3',
  'accept-encoding' => 'gzip, deflate',
  'referer' => 'http://10.0.0.171/index/index/brand/id/6.html',
  'connection' => 'keep-alive',
  'upgrade-insecure-requests' => '1',
)
[ info ] [ PARAM ] array (
  'pid' => '61',
)
[ info ] [ RUN ] app\index\controller\IndexController->article[ D:\wamp\www\zwt5\application\index\controller\IndexController.php ]
[ info ] [ DB ] INIT mysql
[ info ] [ VIEW ] D:\wamp\www\zwt5\public/../application/index\view\index\product.html [ array (
  0 => 'list',
  1 => 'onenav',
  2 => 'twonav',
  3 => 'sannav',
  4 => 'article',
) ]
[ info ] [ LOG ] INIT File
[ sql ] [ DB ] CONNECT:[ UseTime:0.010464s ] mysql:dbname=zhuwentou;host=127.0.0.1;charset=utf8
[ sql ] [ SQL ] SHOW COLUMNS FROM `zwt_nav` [ RunTime:0.005070s ]
[ sql ] [ SQL ] SELECT * FROM `zwt_nav` [ RunTime:0.000698s ]
[ sql ] [ SQL ] SELECT * FROM `zwt_nav` WHERE  `id` = 61 LIMIT 1 [ RunTime:0.000251s ]
[ sql ] [ SQL ] SELECT * FROM `zwt_nav` WHERE  `id` = 31 LIMIT 1 [ RunTime:0.000108s ]
[ sql ] [ SQL ] SELECT * FROM `zwt_nav` WHERE  `id` = 6 LIMIT 1 [ RunTime:0.000230s ]
[ sql ] [ SQL ] SHOW COLUMNS FROM `zwt_article` [ RunTime:0.005771s ]
[ sql ] [ SQL ] SELECT * FROM `zwt_article` WHERE  `nav_id` = 61 LIMIT 1 [ RunTime:0.000489s ]

---------------------------------------------------------------
[ 2017-08-16T17:45:59+08:00 ] 10.0.0.171 10.0.0.171 GET /index/index/brand/id/6.html
[ log ] 10.0.0.171/index/index/brand/id/6.html [运行时间：0.052818s][吞吐率：18.93req/s] [内存消耗：4,184.80kb] [文件加载：55]
[ info ] [ LANG ] D:\wamp\www\zwt5\thinkphp\lang\zh-cn.php
[ info ] [ ROUTE ] array (
  'type' => 'module',
  'module' => 
  array (
    0 => 'index',
    1 => 'index',
    2 => 'brand',
  ),
)
[ info ] [ HEADER ] array (
  'host' => '10.0.0.171',
  'user-agent' => 'Mozilla/5.0 (Windows NT 10.0; WOW64; rv:54.0) Gecko/20100101 Firefox/54.0',
  'accept' => 'text/html,application/xhtml+xml,application/xml;q=0.9,*/*;q=0.8',
  'accept-language' => 'zh-CN,zh;q=0.8,en-US;q=0.5,en;q=0.3',
  'accept-encoding' => 'gzip, deflate',
  'referer' => 'http://10.0.0.171/index/index/brand/id/31.html',
  'connection' => 'keep-alive',
  'upgrade-insecure-requests' => '1',
  'cache-control' => 'max-age=0',
)
[ info ] [ PARAM ] array (
  'id' => '6',
)
[ info ] [ RUN ] app\index\controller\IndexController->brand[ D:\wamp\www\zwt5\application\index\controller\IndexController.php ]
[ info ] [ DB ] INIT mysql
[ info ] [ VIEW ] D:\wamp\www\zwt5\public/../application/index\view\index\brand.html [ array (
  0 => 'list',
  1 => 'location',
  2 => 'onenav',
  3 => 'twonav',
  4 => 'sannav',
) ]
[ info ] [ LOG ] INIT File
[ sql ] [ DB ] CONNECT:[ UseTime:0.010384s ] mysql:dbname=zhuwentou;host=127.0.0.1;charset=utf8
[ sql ] [ SQL ] SHOW COLUMNS FROM `zwt_nav` [ RunTime:0.005087s ]
[ sql ] [ SQL ] SELECT * FROM `zwt_nav` [ RunTime:0.000394s ]
[ sql ] [ SQL ] SELECT * FROM `zwt_nav` WHERE  `id` = 6 LIMIT 1 [ RunTime:0.000193s ]
[ sql ] [ SQL ] SELECT * FROM `zwt_nav` WHERE  `pid` = 6 [ RunTime:0.000180s ]
[ sql ] [ SQL ] SELECT * FROM `zwt_nav` WHERE  `pid` IN (30,31,32) [ RunTime:0.000271s ]

---------------------------------------------------------------
[ 2017-08-16T17:46:00+08:00 ] 10.0.0.171 10.0.0.171 GET /index/index/article/pid/55.html
[ log ] 10.0.0.171/index/index/article/pid/55.html [运行时间：0.054410s][吞吐率：18.38req/s] [内存消耗：3,949.81kb] [文件加载：53]
[ info ] [ LANG ] D:\wamp\www\zwt5\thinkphp\lang\zh-cn.php
[ info ] [ ROUTE ] array (
  'type' => 'module',
  'module' => 
  array (
    0 => 'index',
    1 => 'index',
    2 => 'article',
  ),
)
[ info ] [ HEADER ] array (
  'host' => '10.0.0.171',
  'user-agent' => 'Mozilla/5.0 (Windows NT 10.0; WOW64; rv:54.0) Gecko/20100101 Firefox/54.0',
  'accept' => 'text/html,application/xhtml+xml,application/xml;q=0.9,*/*;q=0.8',
  'accept-language' => 'zh-CN,zh;q=0.8,en-US;q=0.5,en;q=0.3',
  'accept-encoding' => 'gzip, deflate',
  'referer' => 'http://10.0.0.171/index/index/brand/id/6.html',
  'connection' => 'keep-alive',
  'upgrade-insecure-requests' => '1',
)
[ info ] [ PARAM ] array (
  'pid' => '55',
)
[ info ] [ RUN ] app\index\controller\IndexController->article[ D:\wamp\www\zwt5\application\index\controller\IndexController.php ]
[ info ] [ DB ] INIT mysql
[ info ] [ VIEW ] D:\wamp\www\zwt5\public/../application/index\view\index\product.html [ array (
  0 => 'list',
  1 => 'onenav',
  2 => 'twonav',
  3 => 'sannav',
  4 => 'article',
) ]
[ info ] [ LOG ] INIT File
[ sql ] [ DB ] CONNECT:[ UseTime:0.001389s ] mysql:dbname=zhuwentou;host=127.0.0.1;charset=utf8
[ sql ] [ SQL ] SHOW COLUMNS FROM `zwt_nav` [ RunTime:0.008080s ]
[ sql ] [ SQL ] SELECT * FROM `zwt_nav` [ RunTime:0.000655s ]
[ sql ] [ SQL ] SELECT * FROM `zwt_nav` WHERE  `id` = 55 LIMIT 1 [ RunTime:0.000551s ]
[ sql ] [ SQL ] SELECT * FROM `zwt_nav` WHERE  `id` = 30 LIMIT 1 [ RunTime:0.000198s ]
[ sql ] [ SQL ] SELECT * FROM `zwt_nav` WHERE  `id` = 6 LIMIT 1 [ RunTime:0.000199s ]
[ sql ] [ SQL ] SHOW COLUMNS FROM `zwt_article` [ RunTime:0.007131s ]
[ sql ] [ SQL ] SELECT * FROM `zwt_article` WHERE  `nav_id` = 55 LIMIT 1 [ RunTime:0.000372s ]

---------------------------------------------------------------
[ 2017-08-16T17:46:03+08:00 ] 10.0.0.171 10.0.0.171 GET /index/index/article/pid/56.html
[ log ] 10.0.0.171/index/index/article/pid/56.html [运行时间：0.045284s][吞吐率：22.08req/s] [内存消耗：3,949.02kb] [文件加载：53]
[ info ] [ LANG ] D:\wamp\www\zwt5\thinkphp\lang\zh-cn.php
[ info ] [ ROUTE ] array (
  'type' => 'module',
  'module' => 
  array (
    0 => 'index',
    1 => 'index',
    2 => 'article',
  ),
)
[ info ] [ HEADER ] array (
  'host' => '10.0.0.171',
  'user-agent' => 'Mozilla/5.0 (Windows NT 10.0; WOW64; rv:54.0) Gecko/20100101 Firefox/54.0',
  'accept' => 'text/html,application/xhtml+xml,application/xml;q=0.9,*/*;q=0.8',
  'accept-language' => 'zh-CN,zh;q=0.8,en-US;q=0.5,en;q=0.3',
  'accept-encoding' => 'gzip, deflate',
  'referer' => 'http://10.0.0.171/index/index/brand/id/6.html',
  'connection' => 'keep-alive',
  'upgrade-insecure-requests' => '1',
)
[ info ] [ PARAM ] array (
  'pid' => '56',
)
[ info ] [ RUN ] app\index\controller\IndexController->article[ D:\wamp\www\zwt5\application\index\controller\IndexController.php ]
[ info ] [ DB ] INIT mysql
[ info ] [ VIEW ] D:\wamp\www\zwt5\public/../application/index\view\index\product.html [ array (
  0 => 'list',
  1 => 'onenav',
  2 => 'twonav',
  3 => 'sannav',
  4 => 'article',
) ]
[ info ] [ LOG ] INIT File
[ sql ] [ DB ] CONNECT:[ UseTime:0.000944s ] mysql:dbname=zhuwentou;host=127.0.0.1;charset=utf8
[ sql ] [ SQL ] SHOW COLUMNS FROM `zwt_nav` [ RunTime:0.005753s ]
[ sql ] [ SQL ] SELECT * FROM `zwt_nav` [ RunTime:0.000687s ]
[ sql ] [ SQL ] SELECT * FROM `zwt_nav` WHERE  `id` = 56 LIMIT 1 [ RunTime:0.000281s ]
[ sql ] [ SQL ] SELECT * FROM `zwt_nav` WHERE  `id` = 30 LIMIT 1 [ RunTime:0.000174s ]
[ sql ] [ SQL ] SELECT * FROM `zwt_nav` WHERE  `id` = 6 LIMIT 1 [ RunTime:0.000127s ]
[ sql ] [ SQL ] SHOW COLUMNS FROM `zwt_article` [ RunTime:0.004553s ]
[ sql ] [ SQL ] SELECT * FROM `zwt_article` WHERE  `nav_id` = 56 LIMIT 1 [ RunTime:0.000333s ]

---------------------------------------------------------------
[ 2017-08-16T17:46:06+08:00 ] 10.0.0.171 10.0.0.171 GET /index/index/brand/id/30.html
[ log ] 10.0.0.171/index/index/brand/id/30.html [运行时间：0.037977s][吞吐率：26.33req/s] [内存消耗：3,939.62kb] [文件加载：53]
[ info ] [ LANG ] D:\wamp\www\zwt5\thinkphp\lang\zh-cn.php
[ info ] [ ROUTE ] array (
  'type' => 'module',
  'module' => 
  array (
    0 => 'index',
    1 => 'index',
    2 => 'brand',
  ),
)
[ info ] [ HEADER ] array (
  'host' => '10.0.0.171',
  'user-agent' => 'Mozilla/5.0 (Windows NT 10.0; WOW64; rv:54.0) Gecko/20100101 Firefox/54.0',
  'accept' => 'text/html,application/xhtml+xml,application/xml;q=0.9,*/*;q=0.8',
  'accept-language' => 'zh-CN,zh;q=0.8,en-US;q=0.5,en;q=0.3',
  'accept-encoding' => 'gzip, deflate',
  'referer' => 'http://10.0.0.171/index/index/brand/id/6.html',
  'connection' => 'keep-alive',
  'upgrade-insecure-requests' => '1',
)
[ info ] [ PARAM ] array (
  'id' => '30',
)
[ info ] [ RUN ] app\index\controller\IndexController->brand[ D:\wamp\www\zwt5\application\index\controller\IndexController.php ]
[ info ] [ DB ] INIT mysql
[ info ] [ VIEW ] D:\wamp\www\zwt5\public/../application/index\view\index\brand.html [ array (
  0 => 'list',
  1 => 'location',
  2 => 'onenav',
  3 => 'twonav',
  4 => 'sannav',
) ]
[ info ] [ LOG ] INIT File
[ sql ] [ DB ] CONNECT:[ UseTime:0.000755s ] mysql:dbname=zhuwentou;host=127.0.0.1;charset=utf8
[ sql ] [ SQL ] SHOW COLUMNS FROM `zwt_nav` [ RunTime:0.006108s ]
[ sql ] [ SQL ] SELECT * FROM `zwt_nav` [ RunTime:0.000470s ]
[ sql ] [ SQL ] SELECT * FROM `zwt_nav` WHERE  `id` = 30 LIMIT 1 [ RunTime:0.000380s ]
[ sql ] [ SQL ] SELECT * FROM `zwt_nav` WHERE  `pid` = 30 [ RunTime:0.000283s ]
[ sql ] [ SQL ] SELECT * FROM `zwt_nav` WHERE  `id` = 6 LIMIT 1 [ RunTime:0.000227s ]
[ sql ] [ SQL ] SELECT * FROM `zwt_nav` WHERE  `pid` = 6 [ RunTime:0.000223s ]

---------------------------------------------------------------
[ 2017-08-16T17:46:07+08:00 ] 10.0.0.171 10.0.0.171 GET /index/index/brand/id/31.html
[ log ] 10.0.0.171/index/index/brand/id/31.html [运行时间：0.046311s][吞吐率：21.59req/s] [内存消耗：3,933.89kb] [文件加载：53]
[ info ] [ LANG ] D:\wamp\www\zwt5\thinkphp\lang\zh-cn.php
[ info ] [ ROUTE ] array (
  'type' => 'module',
  'module' => 
  array (
    0 => 'index',
    1 => 'index',
    2 => 'brand',
  ),
)
[ info ] [ HEADER ] array (
  'host' => '10.0.0.171',
  'user-agent' => 'Mozilla/5.0 (Windows NT 10.0; WOW64; rv:54.0) Gecko/20100101 Firefox/54.0',
  'accept' => 'text/html,application/xhtml+xml,application/xml;q=0.9,*/*;q=0.8',
  'accept-language' => 'zh-CN,zh;q=0.8,en-US;q=0.5,en;q=0.3',
  'accept-encoding' => 'gzip, deflate',
  'referer' => 'http://10.0.0.171/index/index/brand/id/30.html',
  'connection' => 'keep-alive',
  'upgrade-insecure-requests' => '1',
)
[ info ] [ PARAM ] array (
  'id' => '31',
)
[ info ] [ RUN ] app\index\controller\IndexController->brand[ D:\wamp\www\zwt5\application\index\controller\IndexController.php ]
[ info ] [ DB ] INIT mysql
[ info ] [ VIEW ] D:\wamp\www\zwt5\public/../application/index\view\index\brand.html [ array (
  0 => 'list',
  1 => 'location',
  2 => 'onenav',
  3 => 'twonav',
  4 => 'sannav',
) ]
[ info ] [ LOG ] INIT File
[ sql ] [ DB ] CONNECT:[ UseTime:0.011209s ] mysql:dbname=zhuwentou;host=127.0.0.1;charset=utf8
[ sql ] [ SQL ] SHOW COLUMNS FROM `zwt_nav` [ RunTime:0.005357s ]
[ sql ] [ SQL ] SELECT * FROM `zwt_nav` [ RunTime:0.000513s ]
[ sql ] [ SQL ] SELECT * FROM `zwt_nav` WHERE  `id` = 31 LIMIT 1 [ RunTime:0.000383s ]
[ sql ] [ SQL ] SELECT * FROM `zwt_nav` WHERE  `pid` = 31 [ RunTime:0.000350s ]
[ sql ] [ SQL ] SELECT * FROM `zwt_nav` WHERE  `id` = 6 LIMIT 1 [ RunTime:0.000265s ]
[ sql ] [ SQL ] SELECT * FROM `zwt_nav` WHERE  `pid` = 6 [ RunTime:0.000296s ]

---------------------------------------------------------------
[ 2017-08-16T17:46:09+08:00 ] 10.0.0.171 10.0.0.171 GET /index/index/brand/id/32.html
[ log ] 10.0.0.171/index/index/brand/id/32.html [运行时间：0.046945s][吞吐率：21.30req/s] [内存消耗：3,932.45kb] [文件加载：53]
[ info ] [ LANG ] D:\wamp\www\zwt5\thinkphp\lang\zh-cn.php
[ info ] [ ROUTE ] array (
  'type' => 'module',
  'module' => 
  array (
    0 => 'index',
    1 => 'index',
    2 => 'brand',
  ),
)
[ info ] [ HEADER ] array (
  'host' => '10.0.0.171',
  'user-agent' => 'Mozilla/5.0 (Windows NT 10.0; WOW64; rv:54.0) Gecko/20100101 Firefox/54.0',
  'accept' => 'text/html,application/xhtml+xml,application/xml;q=0.9,*/*;q=0.8',
  'accept-language' => 'zh-CN,zh;q=0.8,en-US;q=0.5,en;q=0.3',
  'accept-encoding' => 'gzip, deflate',
  'referer' => 'http://10.0.0.171/index/index/brand/id/31.html',
  'connection' => 'keep-alive',
  'upgrade-insecure-requests' => '1',
)
[ info ] [ PARAM ] array (
  'id' => '32',
)
[ info ] [ RUN ] app\index\controller\IndexController->brand[ D:\wamp\www\zwt5\application\index\controller\IndexController.php ]
[ info ] [ DB ] INIT mysql
[ info ] [ VIEW ] D:\wamp\www\zwt5\public/../application/index\view\index\brand.html [ array (
  0 => 'list',
  1 => 'location',
  2 => 'onenav',
  3 => 'twonav',
  4 => 'sannav',
) ]
[ info ] [ LOG ] INIT File
[ sql ] [ DB ] CONNECT:[ UseTime:0.011075s ] mysql:dbname=zhuwentou;host=127.0.0.1;charset=utf8
[ sql ] [ SQL ] SHOW COLUMNS FROM `zwt_nav` [ RunTime:0.006345s ]
[ sql ] [ SQL ] SELECT * FROM `zwt_nav` [ RunTime:0.000410s ]
[ sql ] [ SQL ] SELECT * FROM `zwt_nav` WHERE  `id` = 32 LIMIT 1 [ RunTime:0.000483s ]
[ sql ] [ SQL ] SELECT * FROM `zwt_nav` WHERE  `pid` = 32 [ RunTime:0.000285s ]
[ sql ] [ SQL ] SELECT * FROM `zwt_nav` WHERE  `id` = 6 LIMIT 1 [ RunTime:0.000183s ]
[ sql ] [ SQL ] SELECT * FROM `zwt_nav` WHERE  `pid` = 6 [ RunTime:0.000195s ]

---------------------------------------------------------------
[ 2017-08-16T17:46:10+08:00 ] 10.0.0.171 10.0.0.171 GET /index/index/brand/id/6.html
[ log ] 10.0.0.171/index/index/brand/id/6.html [运行时间：0.035007s][吞吐率：28.57req/s] [内存消耗：3,949.16kb] [文件加载：53]
[ info ] [ LANG ] D:\wamp\www\zwt5\thinkphp\lang\zh-cn.php
[ info ] [ ROUTE ] array (
  'type' => 'module',
  'module' => 
  array (
    0 => 'index',
    1 => 'index',
    2 => 'brand',
  ),
)
[ info ] [ HEADER ] array (
  'host' => '10.0.0.171',
  'user-agent' => 'Mozilla/5.0 (Windows NT 10.0; WOW64; rv:54.0) Gecko/20100101 Firefox/54.0',
  'accept' => 'text/html,application/xhtml+xml,application/xml;q=0.9,*/*;q=0.8',
  'accept-language' => 'zh-CN,zh;q=0.8,en-US;q=0.5,en;q=0.3',
  'accept-encoding' => 'gzip, deflate',
  'referer' => 'http://10.0.0.171/index/index/brand/id/32.html',
  'connection' => 'keep-alive',
  'upgrade-insecure-requests' => '1',
)
[ info ] [ PARAM ] array (
  'id' => '6',
)
[ info ] [ RUN ] app\index\controller\IndexController->brand[ D:\wamp\www\zwt5\application\index\controller\IndexController.php ]
[ info ] [ DB ] INIT mysql
[ info ] [ VIEW ] D:\wamp\www\zwt5\public/../application/index\view\index\brand.html [ array (
  0 => 'list',
  1 => 'location',
  2 => 'onenav',
  3 => 'twonav',
  4 => 'sannav',
) ]
[ info ] [ LOG ] INIT File
[ sql ] [ DB ] CONNECT:[ UseTime:0.000854s ] mysql:dbname=zhuwentou;host=127.0.0.1;charset=utf8
[ sql ] [ SQL ] SHOW COLUMNS FROM `zwt_nav` [ RunTime:0.004971s ]
[ sql ] [ SQL ] SELECT * FROM `zwt_nav` [ RunTime:0.000377s ]
[ sql ] [ SQL ] SELECT * FROM `zwt_nav` WHERE  `id` = 6 LIMIT 1 [ RunTime:0.000179s ]
[ sql ] [ SQL ] SELECT * FROM `zwt_nav` WHERE  `pid` = 6 [ RunTime:0.000245s ]
[ sql ] [ SQL ] SELECT * FROM `zwt_nav` WHERE  `pid` IN (30,31,32) [ RunTime:0.000267s ]

---------------------------------------------------------------
[ 2017-08-16T17:46:11+08:00 ] 10.0.0.171 10.0.0.171 GET /index/index/article/pid/56.html
[ log ] 10.0.0.171/index/index/article/pid/56.html [运行时间：0.045103s][吞吐率：22.17req/s] [内存消耗：3,949.02kb] [文件加载：53]
[ info ] [ LANG ] D:\wamp\www\zwt5\thinkphp\lang\zh-cn.php
[ info ] [ ROUTE ] array (
  'type' => 'module',
  'module' => 
  array (
    0 => 'index',
    1 => 'index',
    2 => 'article',
  ),
)
[ info ] [ HEADER ] array (
  'host' => '10.0.0.171',
  'user-agent' => 'Mozilla/5.0 (Windows NT 10.0; WOW64; rv:54.0) Gecko/20100101 Firefox/54.0',
  'accept' => 'text/html,application/xhtml+xml,application/xml;q=0.9,*/*;q=0.8',
  'accept-language' => 'zh-CN,zh;q=0.8,en-US;q=0.5,en;q=0.3',
  'accept-encoding' => 'gzip, deflate',
  'referer' => 'http://10.0.0.171/index/index/brand/id/6.html',
  'connection' => 'keep-alive',
  'upgrade-insecure-requests' => '1',
)
[ info ] [ PARAM ] array (
  'pid' => '56',
)
[ info ] [ RUN ] app\index\controller\IndexController->article[ D:\wamp\www\zwt5\application\index\controller\IndexController.php ]
[ info ] [ DB ] INIT mysql
[ info ] [ VIEW ] D:\wamp\www\zwt5\public/../application/index\view\index\product.html [ array (
  0 => 'list',
  1 => 'onenav',
  2 => 'twonav',
  3 => 'sannav',
  4 => 'article',
) ]
[ info ] [ LOG ] INIT File
[ sql ] [ DB ] CONNECT:[ UseTime:0.000976s ] mysql:dbname=zhuwentou;host=127.0.0.1;charset=utf8
[ sql ] [ SQL ] SHOW COLUMNS FROM `zwt_nav` [ RunTime:0.005145s ]
[ sql ] [ SQL ] SELECT * FROM `zwt_nav` [ RunTime:0.000471s ]
[ sql ] [ SQL ] SELECT * FROM `zwt_nav` WHERE  `id` = 56 LIMIT 1 [ RunTime:0.000438s ]
[ sql ] [ SQL ] SELECT * FROM `zwt_nav` WHERE  `id` = 30 LIMIT 1 [ RunTime:0.000160s ]
[ sql ] [ SQL ] SELECT * FROM `zwt_nav` WHERE  `id` = 6 LIMIT 1 [ RunTime:0.000132s ]
[ sql ] [ SQL ] SHOW COLUMNS FROM `zwt_article` [ RunTime:0.004607s ]
[ sql ] [ SQL ] SELECT * FROM `zwt_article` WHERE  `nav_id` = 56 LIMIT 1 [ RunTime:0.000274s ]

---------------------------------------------------------------
[ 2017-08-16T17:46:15+08:00 ] 10.0.0.171 10.0.0.171 GET /index/index/brand/id/30.html
[ log ] 10.0.0.171/index/index/brand/id/30.html [运行时间：0.044634s][吞吐率：22.40req/s] [内存消耗：3,939.62kb] [文件加载：53]
[ info ] [ LANG ] D:\wamp\www\zwt5\thinkphp\lang\zh-cn.php
[ info ] [ ROUTE ] array (
  'type' => 'module',
  'module' => 
  array (
    0 => 'index',
    1 => 'index',
    2 => 'brand',
  ),
)
[ info ] [ HEADER ] array (
  'host' => '10.0.0.171',
  'user-agent' => 'Mozilla/5.0 (Windows NT 10.0; WOW64; rv:54.0) Gecko/20100101 Firefox/54.0',
  'accept' => 'text/html,application/xhtml+xml,application/xml;q=0.9,*/*;q=0.8',
  'accept-language' => 'zh-CN,zh;q=0.8,en-US;q=0.5,en;q=0.3',
  'accept-encoding' => 'gzip, deflate',
  'referer' => 'http://10.0.0.171/index/index/brand/id/6.html',
  'connection' => 'keep-alive',
  'upgrade-insecure-requests' => '1',
)
[ info ] [ PARAM ] array (
  'id' => '30',
)
[ info ] [ RUN ] app\index\controller\IndexController->brand[ D:\wamp\www\zwt5\application\index\controller\IndexController.php ]
[ info ] [ DB ] INIT mysql
[ info ] [ VIEW ] D:\wamp\www\zwt5\public/../application/index\view\index\brand.html [ array (
  0 => 'list',
  1 => 'location',
  2 => 'onenav',
  3 => 'twonav',
  4 => 'sannav',
) ]
[ info ] [ LOG ] INIT File
[ sql ] [ DB ] CONNECT:[ UseTime:0.010184s ] mysql:dbname=zhuwentou;host=127.0.0.1;charset=utf8
[ sql ] [ SQL ] SHOW COLUMNS FROM `zwt_nav` [ RunTime:0.005092s ]
[ sql ] [ SQL ] SELECT * FROM `zwt_nav` [ RunTime:0.000392s ]
[ sql ] [ SQL ] SELECT * FROM `zwt_nav` WHERE  `id` = 30 LIMIT 1 [ RunTime:0.000202s ]
[ sql ] [ SQL ] SELECT * FROM `zwt_nav` WHERE  `pid` = 30 [ RunTime:0.000231s ]
[ sql ] [ SQL ] SELECT * FROM `zwt_nav` WHERE  `id` = 6 LIMIT 1 [ RunTime:0.000294s ]
[ sql ] [ SQL ] SELECT * FROM `zwt_nav` WHERE  `pid` = 6 [ RunTime:0.000262s ]

---------------------------------------------------------------
[ 2017-08-16T17:46:17+08:00 ] 10.0.0.171 10.0.0.171 GET /index/index/brand/id/6.html
[ log ] 10.0.0.171/index/index/brand/id/6.html [运行时间：0.045707s][吞吐率：21.88req/s] [内存消耗：3,949.16kb] [文件加载：53]
[ info ] [ LANG ] D:\wamp\www\zwt5\thinkphp\lang\zh-cn.php
[ info ] [ ROUTE ] array (
  'type' => 'module',
  'module' => 
  array (
    0 => 'index',
    1 => 'index',
    2 => 'brand',
  ),
)
[ info ] [ HEADER ] array (
  'host' => '10.0.0.171',
  'user-agent' => 'Mozilla/5.0 (Windows NT 10.0; WOW64; rv:54.0) Gecko/20100101 Firefox/54.0',
  'accept' => 'text/html,application/xhtml+xml,application/xml;q=0.9,*/*;q=0.8',
  'accept-language' => 'zh-CN,zh;q=0.8,en-US;q=0.5,en;q=0.3',
  'accept-encoding' => 'gzip, deflate',
  'referer' => 'http://10.0.0.171/index/index/brand/id/30.html',
  'connection' => 'keep-alive',
  'upgrade-insecure-requests' => '1',
)
[ info ] [ PARAM ] array (
  'id' => '6',
)
[ info ] [ RUN ] app\index\controller\IndexController->brand[ D:\wamp\www\zwt5\application\index\controller\IndexController.php ]
[ info ] [ DB ] INIT mysql
[ info ] [ VIEW ] D:\wamp\www\zwt5\public/../application/index\view\index\brand.html [ array (
  0 => 'list',
  1 => 'location',
  2 => 'onenav',
  3 => 'twonav',
  4 => 'sannav',
) ]
[ info ] [ LOG ] INIT File
[ sql ] [ DB ] CONNECT:[ UseTime:0.010850s ] mysql:dbname=zhuwentou;host=127.0.0.1;charset=utf8
[ sql ] [ SQL ] SHOW COLUMNS FROM `zwt_nav` [ RunTime:0.005024s ]
[ sql ] [ SQL ] SELECT * FROM `zwt_nav` [ RunTime:0.000428s ]
[ sql ] [ SQL ] SELECT * FROM `zwt_nav` WHERE  `id` = 6 LIMIT 1 [ RunTime:0.000298s ]
[ sql ] [ SQL ] SELECT * FROM `zwt_nav` WHERE  `pid` = 6 [ RunTime:0.000251s ]
[ sql ] [ SQL ] SELECT * FROM `zwt_nav` WHERE  `pid` IN (30,31,32) [ RunTime:0.000286s ]

---------------------------------------------------------------
[ 2017-08-16T17:46:18+08:00 ] 10.0.0.171 10.0.0.171 GET /index/index/project/id/7.html
[ log ] 10.0.0.171/index/index/project/id/7.html [运行时间：0.037523s][吞吐率：26.65req/s] [内存消耗：3,946.43kb] [文件加载：53]
[ info ] [ LANG ] D:\wamp\www\zwt5\thinkphp\lang\zh-cn.php
[ info ] [ ROUTE ] array (
  'type' => 'module',
  'module' => 
  array (
    0 => 'index',
    1 => 'index',
    2 => 'project',
  ),
)
[ info ] [ HEADER ] array (
  'host' => '10.0.0.171',
  'user-agent' => 'Mozilla/5.0 (Windows NT 10.0; WOW64; rv:54.0) Gecko/20100101 Firefox/54.0',
  'accept' => 'text/html,application/xhtml+xml,application/xml;q=0.9,*/*;q=0.8',
  'accept-language' => 'zh-CN,zh;q=0.8,en-US;q=0.5,en;q=0.3',
  'accept-encoding' => 'gzip, deflate',
  'referer' => 'http://10.0.0.171/index/index/brand/id/6.html',
  'connection' => 'keep-alive',
  'upgrade-insecure-requests' => '1',
)
[ info ] [ PARAM ] array (
  'id' => '7',
)
[ info ] [ RUN ] app\index\controller\IndexController->project[ D:\wamp\www\zwt5\application\index\controller\IndexController.php ]
[ info ] [ DB ] INIT mysql
[ info ] [ VIEW ] D:\wamp\www\zwt5\public/../application/index\view\index\project.html [ array (
  0 => 'list',
  1 => 'location',
  2 => 'onenav',
  3 => 'twonav',
  4 => 'sannav',
) ]
[ info ] [ LOG ] INIT File
[ sql ] [ DB ] CONNECT:[ UseTime:0.001106s ] mysql:dbname=zhuwentou;host=127.0.0.1;charset=utf8
[ sql ] [ SQL ] SHOW COLUMNS FROM `zwt_nav` [ RunTime:0.005425s ]
[ sql ] [ SQL ] SELECT * FROM `zwt_nav` [ RunTime:0.000407s ]
[ sql ] [ SQL ] SELECT * FROM `zwt_nav` WHERE  `id` = 7 LIMIT 1 [ RunTime:0.000238s ]
[ sql ] [ SQL ] SELECT * FROM `zwt_nav` WHERE  `pid` = 7 [ RunTime:0.000290s ]
[ sql ] [ SQL ] SELECT * FROM `zwt_nav` WHERE  `pid` IN (46) [ RunTime:0.000233s ]

---------------------------------------------------------------
[ 2017-08-16T17:46:22+08:00 ] 10.0.0.171 10.0.0.171 GET /index/index/project/id/49.html
[ log ] 10.0.0.171/index/index/project/id/49.html [运行时间：0.046217s][吞吐率：21.64req/s] [内存消耗：3,943.70kb] [文件加载：53]
[ info ] [ LANG ] D:\wamp\www\zwt5\thinkphp\lang\zh-cn.php
[ info ] [ ROUTE ] array (
  'type' => 'module',
  'module' => 
  array (
    0 => 'index',
    1 => 'index',
    2 => 'project',
  ),
)
[ info ] [ HEADER ] array (
  'host' => '10.0.0.171',
  'user-agent' => 'Mozilla/5.0 (Windows NT 10.0; WOW64; rv:54.0) Gecko/20100101 Firefox/54.0',
  'accept' => 'text/html,application/xhtml+xml,application/xml;q=0.9,*/*;q=0.8',
  'accept-language' => 'zh-CN,zh;q=0.8,en-US;q=0.5,en;q=0.3',
  'accept-encoding' => 'gzip, deflate',
  'referer' => 'http://10.0.0.171/index/index/project/id/7.html',
  'connection' => 'keep-alive',
  'upgrade-insecure-requests' => '1',
)
[ info ] [ PARAM ] array (
  'id' => '49',
)
[ info ] [ RUN ] app\index\controller\IndexController->project[ D:\wamp\www\zwt5\application\index\controller\IndexController.php ]
[ info ] [ DB ] INIT mysql
[ info ] [ VIEW ] D:\wamp\www\zwt5\public/../application/index\view\index\project.html [ array (
  0 => 'list',
  1 => 'location',
  2 => 'onenav',
  3 => 'twonav',
  4 => 'sannav',
) ]
[ info ] [ LOG ] INIT File
[ sql ] [ DB ] CONNECT:[ UseTime:0.011084s ] mysql:dbname=zhuwentou;host=127.0.0.1;charset=utf8
[ sql ] [ SQL ] SHOW COLUMNS FROM `zwt_nav` [ RunTime:0.004595s ]
[ sql ] [ SQL ] SELECT * FROM `zwt_nav` [ RunTime:0.000397s ]
[ sql ] [ SQL ] SELECT * FROM `zwt_nav` WHERE  `id` = 49 LIMIT 1 [ RunTime:0.000364s ]
[ sql ] [ SQL ] SELECT * FROM `zwt_nav` WHERE  `id` = 7 LIMIT 1 [ RunTime:0.000143s ]
[ sql ] [ SQL ] SELECT * FROM `zwt_nav` WHERE  `pid` = 7 [ RunTime:0.000295s ]
[ sql ] [ SQL ] SELECT * FROM `zwt_nav` WHERE  `pid` = 49 [ RunTime:0.000171s ]

---------------------------------------------------------------
[ 2017-08-16T17:46:24+08:00 ] 10.0.0.171 10.0.0.171 GET /index/index/project/id/46.html
[ log ] 10.0.0.171/index/index/project/id/46.html [运行时间：0.035127s][吞吐率：28.47req/s] [内存消耗：3,947.88kb] [文件加载：53]
[ info ] [ LANG ] D:\wamp\www\zwt5\thinkphp\lang\zh-cn.php
[ info ] [ ROUTE ] array (
  'type' => 'module',
  'module' => 
  array (
    0 => 'index',
    1 => 'index',
    2 => 'project',
  ),
)
[ info ] [ HEADER ] array (
  'host' => '10.0.0.171',
  'user-agent' => 'Mozilla/5.0 (Windows NT 10.0; WOW64; rv:54.0) Gecko/20100101 Firefox/54.0',
  'accept' => 'text/html,application/xhtml+xml,application/xml;q=0.9,*/*;q=0.8',
  'accept-language' => 'zh-CN,zh;q=0.8,en-US;q=0.5,en;q=0.3',
  'accept-encoding' => 'gzip, deflate',
  'referer' => 'http://10.0.0.171/index/index/project/id/49.html',
  'connection' => 'keep-alive',
  'upgrade-insecure-requests' => '1',
)
[ info ] [ PARAM ] array (
  'id' => '46',
)
[ info ] [ RUN ] app\index\controller\IndexController->project[ D:\wamp\www\zwt5\application\index\controller\IndexController.php ]
[ info ] [ DB ] INIT mysql
[ info ] [ VIEW ] D:\wamp\www\zwt5\public/../application/index\view\index\project.html [ array (
  0 => 'list',
  1 => 'location',
  2 => 'onenav',
  3 => 'twonav',
  4 => 'sannav',
) ]
[ info ] [ LOG ] INIT File
[ sql ] [ DB ] CONNECT:[ UseTime:0.000647s ] mysql:dbname=zhuwentou;host=127.0.0.1;charset=utf8
[ sql ] [ SQL ] SHOW COLUMNS FROM `zwt_nav` [ RunTime:0.004835s ]
[ sql ] [ SQL ] SELECT * FROM `zwt_nav` [ RunTime:0.000508s ]
[ sql ] [ SQL ] SELECT * FROM `zwt_nav` WHERE  `id` = 46 LIMIT 1 [ RunTime:0.000365s ]
[ sql ] [ SQL ] SELECT * FROM `zwt_nav` WHERE  `id` = 7 LIMIT 1 [ RunTime:0.000186s ]
[ sql ] [ SQL ] SELECT * FROM `zwt_nav` WHERE  `pid` = 7 [ RunTime:0.000385s ]
[ sql ] [ SQL ] SELECT * FROM `zwt_nav` WHERE  `pid` = 46 [ RunTime:0.000253s ]

---------------------------------------------------------------
[ 2017-08-16T17:46:28+08:00 ] 10.0.0.171 10.0.0.171 GET /index/index/article/pid/100.html
[ log ] 10.0.0.171/index/index/article/pid/100.html [运行时间：0.049404s][吞吐率：20.24req/s] [内存消耗：3,947.05kb] [文件加载：53]
[ info ] [ LANG ] D:\wamp\www\zwt5\thinkphp\lang\zh-cn.php
[ info ] [ ROUTE ] array (
  'type' => 'module',
  'module' => 
  array (
    0 => 'index',
    1 => 'index',
    2 => 'article',
  ),
)
[ info ] [ HEADER ] array (
  'host' => '10.0.0.171',
  'user-agent' => 'Mozilla/5.0 (Windows NT 10.0; WOW64; rv:54.0) Gecko/20100101 Firefox/54.0',
  'accept' => 'text/html,application/xhtml+xml,application/xml;q=0.9,*/*;q=0.8',
  'accept-language' => 'zh-CN,zh;q=0.8,en-US;q=0.5,en;q=0.3',
  'accept-encoding' => 'gzip, deflate',
  'referer' => 'http://10.0.0.171/index/index/project/id/46.html',
  'connection' => 'keep-alive',
  'upgrade-insecure-requests' => '1',
)
[ info ] [ PARAM ] array (
  'pid' => '100',
)
[ info ] [ RUN ] app\index\controller\IndexController->article[ D:\wamp\www\zwt5\application\index\controller\IndexController.php ]
[ info ] [ DB ] INIT mysql
[ info ] [ VIEW ] D:\wamp\www\zwt5\public/../application/index\view\index\item.html [ array (
  0 => 'list',
  1 => 'onenav',
  2 => 'twonav',
  3 => 'sannav',
  4 => 'article',
) ]
[ info ] [ LOG ] INIT File
[ sql ] [ DB ] CONNECT:[ UseTime:0.010456s ] mysql:dbname=zhuwentou;host=127.0.0.1;charset=utf8
[ sql ] [ SQL ] SHOW COLUMNS FROM `zwt_nav` [ RunTime:0.005117s ]
[ sql ] [ SQL ] SELECT * FROM `zwt_nav` [ RunTime:0.000466s ]
[ sql ] [ SQL ] SELECT * FROM `zwt_nav` WHERE  `id` = 100 LIMIT 1 [ RunTime:0.000302s ]
[ sql ] [ SQL ] SELECT * FROM `zwt_nav` WHERE  `id` = 46 LIMIT 1 [ RunTime:0.000149s ]
[ sql ] [ SQL ] SELECT * FROM `zwt_nav` WHERE  `id` = 7 LIMIT 1 [ RunTime:0.000112s ]
[ sql ] [ SQL ] SHOW COLUMNS FROM `zwt_article` [ RunTime:0.004694s ]
[ sql ] [ SQL ] SELECT * FROM `zwt_article` WHERE  `nav_id` = 100 LIMIT 1 [ RunTime:0.000332s ]

---------------------------------------------------------------
