[ 2017-08-23T09:18:02+08:00 ] 10.0.0.171 10.0.0.190 GET /
[ log ] 10.0.0.171/ [运行时间：0.185551s][吞吐率：5.39req/s] [内存消耗：3,962.87kb] [文件加载：53]
[ info ] [ LANG ] D:\wamp\www\zwt5\thinkphp\lang\zh-cn.php
[ info ] [ ROUTE ] array (
  'type' => 'module',
  'module' => 
  array (
    0 => '',
    1 => NULL,
    2 => NULL,
  ),
)
[ info ] [ HEADER ] array (
  'host' => '10.0.0.171',
  'connection' => 'keep-alive',
  'upgrade-insecure-requests' => '1',
  'user-agent' => 'Mozilla/5.0 (Windows NT 10.0; WOW64) AppleWebKit/537.36 (KHTML, like Gecko) Chrome/56.0.2924.87 Safari/537.36',
  'accept' => 'text/html,application/xhtml+xml,application/xml;q=0.9,image/webp,*/*;q=0.8',
  'accept-encoding' => 'gzip, deflate, sdch',
  'accept-language' => 'zh-CN,zh;q=0.8',
)
[ info ] [ PARAM ] array (
)
[ info ] [ RUN ] app\index\controller\IndexController->index[ D:\wamp\www\zwt5\application\index\controller\IndexController.php ]
[ info ] [ DB ] INIT mysql
[ info ] [ VIEW ] D:\wamp\www\zwt5\public/../application/index\view\index\index.html [ array (
  0 => 'list',
  1 => 'ri',
  2 => 'ny',
  3 => 'newest',
  4 => 'newslist',
  5 => 'jituan',
) ]
[ info ] [ LOG ] INIT File
[ sql ] [ DB ] CONNECT:[ UseTime:0.002817s ] mysql:dbname=zhuwentou;host=127.0.0.1;charset=utf8
[ sql ] [ SQL ] SHOW COLUMNS FROM `zwt_nav` [ RunTime:0.007042s ]
[ sql ] [ SQL ] SELECT * FROM `zwt_nav` [ RunTime:0.000912s ]
[ sql ] [ SQL ] SELECT * FROM `zwt_nav` WHERE  `pid` = 38 [ RunTime:0.000270s ]
[ sql ] [ SQL ] SHOW COLUMNS FROM `zwt_article` [ RunTime:0.004898s ]
[ sql ] [ SQL ] SELECT `id`,`title`,`yinxu`,`created` FROM `zwt_article` WHERE  `nav_id` IN (39,40,41) ORDER BY created desc LIMIT 1 [ RunTime:0.000960s ]
[ sql ] [ SQL ] SELECT `id`,`title`,`yinxu`,`created` FROM `zwt_article` WHERE  `nav_id` IN (39,40,41) ORDER BY created desc LIMIT 4 [ RunTime:0.000469s ]
[ sql ] [ SQL ] SELECT * FROM `zwt_nav` WHERE  `pid` = 7 [ RunTime:0.000257s ]

---------------------------------------------------------------
[ 2017-08-23T09:25:57+08:00 ] 10.0.0.171 10.0.0.59 GET /
[ log ] 10.0.0.171/ [运行时间：0.101031s][吞吐率：9.90req/s] [内存消耗：3,962.66kb] [文件加载：53]
[ info ] [ LANG ] D:\wamp\www\zwt5\thinkphp\lang\zh-cn.php
[ info ] [ ROUTE ] array (
  'type' => 'module',
  'module' => 
  array (
    0 => '',
    1 => NULL,
    2 => NULL,
  ),
)
[ info ] [ HEADER ] array (
  'host' => '10.0.0.171',
  'x-wap-profile' => 'http://wap1.huawei.com/uaprof/HUAWEI_ALE-UL00_6.0_UAProfile.xml',
  'accept' => 'text/html,application/xhtml+xml,application/xml;q=0.9,*/*;q=0.8,alipay/un',
  'user-agent' => 'Mozilla/5.0 (Linux; U; Android 6.0; zh-CN; ALE-UL00 Build/HuaweiALE-UL00) AppleWebKit/534.30 (KHTML, like Gecko) Version/4.0 Mobile Safari/534.30',
  'connection' => 'keep-alive',
  'accept-encoding' => 'gzip',
  'accept-language' => 'zh-CN',
)
[ info ] [ PARAM ] array (
)
[ info ] [ RUN ] app\index\controller\IndexController->index[ D:\wamp\www\zwt5\application\index\controller\IndexController.php ]
[ info ] [ DB ] INIT mysql
[ info ] [ VIEW ] D:\wamp\www\zwt5\public/../application/index\view\index\index.html [ array (
  0 => 'list',
  1 => 'ri',
  2 => 'ny',
  3 => 'newest',
  4 => 'newslist',
  5 => 'jituan',
) ]
[ info ] [ LOG ] INIT File
[ sql ] [ DB ] CONNECT:[ UseTime:0.001127s ] mysql:dbname=zhuwentou;host=127.0.0.1;charset=utf8
[ sql ] [ SQL ] SHOW COLUMNS FROM `zwt_nav` [ RunTime:0.006820s ]
[ sql ] [ SQL ] SELECT * FROM `zwt_nav` [ RunTime:0.000642s ]
[ sql ] [ SQL ] SELECT * FROM `zwt_nav` WHERE  `pid` = 38 [ RunTime:0.000435s ]
[ sql ] [ SQL ] SHOW COLUMNS FROM `zwt_article` [ RunTime:0.006767s ]
[ sql ] [ SQL ] SELECT `id`,`title`,`yinxu`,`created` FROM `zwt_article` WHERE  `nav_id` IN (39,40,41) ORDER BY created desc LIMIT 1 [ RunTime:0.000504s ]
[ sql ] [ SQL ] SELECT `id`,`title`,`yinxu`,`created` FROM `zwt_article` WHERE  `nav_id` IN (39,40,41) ORDER BY created desc LIMIT 4 [ RunTime:0.000456s ]
[ sql ] [ SQL ] SELECT * FROM `zwt_nav` WHERE  `pid` = 7 [ RunTime:0.000401s ]

---------------------------------------------------------------
[ 2017-08-23T09:26:18+08:00 ] 10.0.0.171 10.0.0.59 GET /index/index/project/id/68.html
[ log ] 10.0.0.171/index/index/project/id/68.html [运行时间：0.119621s][吞吐率：8.36req/s] [内存消耗：4,189.48kb] [文件加载：55]
[ info ] [ LANG ] D:\wamp\www\zwt5\thinkphp\lang\zh-cn.php
[ info ] [ ROUTE ] array (
  'type' => 'module',
  'module' => 
  array (
    0 => 'index',
    1 => 'index',
    2 => 'project',
  ),
)
[ info ] [ HEADER ] array (
  'host' => '10.0.0.171',
  'x-wap-profile' => 'http://wap1.huawei.com/uaprof/HUAWEI_ALE-UL00_6.0_UAProfile.xml',
  'referer' => 'http://10.0.0.171/',
  'accept' => 'text/html,application/xhtml+xml,application/xml;q=0.9,*/*;q=0.8,alipay/un',
  'user-agent' => 'Mozilla/5.0 (Linux; U; Android 6.0; zh-CN; ALE-UL00 Build/HuaweiALE-UL00) AppleWebKit/534.30 (KHTML, like Gecko) Version/4.0 Mobile Safari/534.30',
  'connection' => 'keep-alive',
  'accept-encoding' => 'gzip',
  'accept-language' => 'zh-CN',
)
[ info ] [ PARAM ] array (
  'id' => '68',
)
[ info ] [ RUN ] app\index\controller\IndexController->project[ D:\wamp\www\zwt5\application\index\controller\IndexController.php ]
[ info ] [ DB ] INIT mysql
[ info ] [ VIEW ] D:\wamp\www\zwt5\public/../application/index\view\index\project.html [ array (
  0 => 'list',
  1 => 'location',
  2 => 'onenav',
  3 => 'twonav',
  4 => 'sannav',
) ]
[ info ] [ LOG ] INIT File
[ sql ] [ DB ] CONNECT:[ UseTime:0.010339s ] mysql:dbname=zhuwentou;host=127.0.0.1;charset=utf8
[ sql ] [ SQL ] SHOW COLUMNS FROM `zwt_nav` [ RunTime:0.005739s ]
[ sql ] [ SQL ] SELECT * FROM `zwt_nav` [ RunTime:0.000615s ]
[ sql ] [ SQL ] SELECT * FROM `zwt_nav` WHERE  `htmlName` = 'project'  AND `id` = 68 LIMIT 1 [ RunTime:0.000526s ]
[ sql ] [ SQL ] SELECT * FROM `zwt_nav` WHERE  `id` = 7 LIMIT 1 [ RunTime:0.000251s ]
[ sql ] [ SQL ] SELECT * FROM `zwt_nav` WHERE  `pid` = 7 [ RunTime:0.000329s ]
[ sql ] [ SQL ] SELECT * FROM `zwt_nav` WHERE  `pid` = 68 [ RunTime:0.000232s ]

---------------------------------------------------------------
[ 2017-08-23T09:26:22+08:00 ] 10.0.0.171 10.0.0.59 GET /index/index/about/id/42.html
[ log ] 10.0.0.171/index/index/about/id/42.html [运行时间：0.109630s][吞吐率：9.12req/s] [内存消耗：4,188.27kb] [文件加载：55]
[ info ] [ LANG ] D:\wamp\www\zwt5\thinkphp\lang\zh-cn.php
[ info ] [ ROUTE ] array (
  'type' => 'module',
  'module' => 
  array (
    0 => 'index',
    1 => 'index',
    2 => 'about',
  ),
)
[ info ] [ HEADER ] array (
  'host' => '10.0.0.171',
  'x-wap-profile' => 'http://wap1.huawei.com/uaprof/HUAWEI_ALE-UL00_6.0_UAProfile.xml',
  'accept' => 'text/html,application/xhtml+xml,application/xml;q=0.9,*/*;q=0.8,alipay/un',
  'user-agent' => 'Mozilla/5.0 (Linux; U; Android 6.0; zh-CN; ALE-UL00 Build/HuaweiALE-UL00) AppleWebKit/534.30 (KHTML, like Gecko) Version/4.0 Mobile Safari/534.30',
  'connection' => 'keep-alive',
  'accept-encoding' => 'gzip',
  'accept-language' => 'zh-CN',
)
[ info ] [ PARAM ] array (
  'id' => '42',
)
[ info ] [ RUN ] app\index\controller\IndexController->about[ D:\wamp\www\zwt5\application\index\controller\IndexController.php ]
[ info ] [ DB ] INIT mysql
[ info ] [ VIEW ] D:\wamp\www\zwt5\public/../application/index\view\index\about.html [ array (
  0 => 'list',
  1 => 'onenav',
  2 => 'twonav',
  3 => 'article',
) ]
[ info ] [ LOG ] INIT File
[ sql ] [ DB ] CONNECT:[ UseTime:0.010574s ] mysql:dbname=zhuwentou;host=127.0.0.1;charset=utf8
[ sql ] [ SQL ] SHOW COLUMNS FROM `zwt_nav` [ RunTime:0.008557s ]
[ sql ] [ SQL ] SELECT * FROM `zwt_nav` [ RunTime:0.000701s ]
[ sql ] [ SQL ] SELECT * FROM `zwt_nav` WHERE  `htmlName` = 'about'  AND `id` = 42 LIMIT 1 [ RunTime:0.000443s ]
[ sql ] [ SQL ] SELECT * FROM `zwt_nav` WHERE  `pid` = 42 LIMIT 1 [ RunTime:0.000363s ]
[ sql ] [ SQL ] SHOW COLUMNS FROM `zwt_article` [ RunTime:0.008210s ]
[ sql ] [ SQL ] SELECT * FROM `zwt_article` WHERE  `nav_id` = 43 LIMIT 1 [ RunTime:0.000485s ]

---------------------------------------------------------------
[ 2017-08-23T09:26:27+08:00 ] 10.0.0.171 10.0.0.59 GET /index/index/project/id/7.html
[ log ] 10.0.0.171/index/index/project/id/7.html [运行时间：0.088456s][吞吐率：11.31req/s] [内存消耗：3,959.43kb] [文件加载：53]
[ info ] [ LANG ] D:\wamp\www\zwt5\thinkphp\lang\zh-cn.php
[ info ] [ ROUTE ] array (
  'type' => 'module',
  'module' => 
  array (
    0 => 'index',
    1 => 'index',
    2 => 'project',
  ),
)
[ info ] [ HEADER ] array (
  'host' => '10.0.0.171',
  'x-wap-profile' => 'http://wap1.huawei.com/uaprof/HUAWEI_ALE-UL00_6.0_UAProfile.xml',
  'accept' => 'text/html,application/xhtml+xml,application/xml;q=0.9,*/*;q=0.8,alipay/un',
  'user-agent' => 'Mozilla/5.0 (Linux; U; Android 6.0; zh-CN; ALE-UL00 Build/HuaweiALE-UL00) AppleWebKit/534.30 (KHTML, like Gecko) Version/4.0 Mobile Safari/534.30',
  'connection' => 'keep-alive',
  'accept-encoding' => 'gzip',
  'accept-language' => 'zh-CN',
)
[ info ] [ PARAM ] array (
  'id' => '7',
)
[ info ] [ RUN ] app\index\controller\IndexController->project[ D:\wamp\www\zwt5\application\index\controller\IndexController.php ]
[ info ] [ DB ] INIT mysql
[ info ] [ VIEW ] D:\wamp\www\zwt5\public/../application/index\view\index\project.html [ array (
  0 => 'list',
  1 => 'location',
  2 => 'onenav',
  3 => 'twonav',
  4 => 'sannav',
) ]
[ info ] [ LOG ] INIT File
[ sql ] [ DB ] CONNECT:[ UseTime:0.010479s ] mysql:dbname=zhuwentou;host=127.0.0.1;charset=utf8
[ sql ] [ SQL ] SHOW COLUMNS FROM `zwt_nav` [ RunTime:0.010473s ]
[ sql ] [ SQL ] SELECT * FROM `zwt_nav` [ RunTime:0.000510s ]
[ sql ] [ SQL ] SELECT * FROM `zwt_nav` WHERE  `htmlName` = 'project'  AND `id` = 7 LIMIT 1 [ RunTime:0.000318s ]
[ sql ] [ SQL ] SELECT * FROM `zwt_nav` WHERE  `pid` = 7 [ RunTime:0.000286s ]
[ sql ] [ SQL ] SELECT * FROM `zwt_nav` WHERE  `pid` IN (46) [ RunTime:0.000366s ]

---------------------------------------------------------------
[ 2017-08-23T09:26:31+08:00 ] 10.0.0.171 10.0.0.59 GET /index/index/news/id/38.html
[ log ] 10.0.0.171/index/index/news/id/38.html [运行时间：0.112386s][吞吐率：8.90req/s] [内存消耗：3,989.53kb] [文件加载：53]
[ info ] [ LANG ] D:\wamp\www\zwt5\thinkphp\lang\zh-cn.php
[ info ] [ ROUTE ] array (
  'type' => 'module',
  'module' => 
  array (
    0 => 'index',
    1 => 'index',
    2 => 'news',
  ),
)
[ info ] [ HEADER ] array (
  'host' => '10.0.0.171',
  'x-wap-profile' => 'http://wap1.huawei.com/uaprof/HUAWEI_ALE-UL00_6.0_UAProfile.xml',
  'accept' => 'text/html,application/xhtml+xml,application/xml;q=0.9,*/*;q=0.8,alipay/un',
  'user-agent' => 'Mozilla/5.0 (Linux; U; Android 6.0; zh-CN; ALE-UL00 Build/HuaweiALE-UL00) AppleWebKit/534.30 (KHTML, like Gecko) Version/4.0 Mobile Safari/534.30',
  'connection' => 'keep-alive',
  'accept-encoding' => 'gzip',
  'accept-language' => 'zh-CN',
)
[ info ] [ PARAM ] array (
  'id' => '38',
)
[ info ] [ RUN ] app\index\controller\IndexController->news[ D:\wamp\www\zwt5\application\index\controller\IndexController.php ]
[ info ] [ DB ] INIT mysql
[ info ] [ VIEW ] D:\wamp\www\zwt5\public/../application/index\view\index\news.html [ array (
  0 => 'list',
  1 => 'article',
  2 => 'onenav',
  3 => 'twonav',
) ]
[ info ] [ LOG ] INIT File
[ sql ] [ DB ] CONNECT:[ UseTime:0.010815s ] mysql:dbname=zhuwentou;host=127.0.0.1;charset=utf8
[ sql ] [ SQL ] SHOW COLUMNS FROM `zwt_nav` [ RunTime:0.006450s ]
[ sql ] [ SQL ] SELECT * FROM `zwt_nav` [ RunTime:0.000403s ]
[ sql ] [ SQL ] SELECT * FROM `zwt_nav` WHERE  `htmlName` = 'news'  AND `id` = 38 LIMIT 1 [ RunTime:0.000269s ]
[ sql ] [ SQL ] SELECT * FROM `zwt_nav` WHERE  `pid` = 38 LIMIT 1 [ RunTime:0.000197s ]
[ sql ] [ SQL ] SHOW COLUMNS FROM `zwt_article` [ RunTime:0.005001s ]
[ sql ] [ SQL ] SELECT * FROM `zwt_article` WHERE  `nav_id` = 39 ORDER BY created desc [ RunTime:0.000456s ]

---------------------------------------------------------------
[ 2017-08-23T09:26:49+08:00 ] 10.0.0.171 10.0.0.59 GET /index/index/about/id/42.html
[ log ] 10.0.0.171/index/index/about/id/42.html [运行时间：0.120400s][吞吐率：8.31req/s] [内存消耗：3,956.56kb] [文件加载：53]
[ info ] [ LANG ] D:\wamp\www\zwt5\thinkphp\lang\zh-cn.php
[ info ] [ ROUTE ] array (
  'type' => 'module',
  'module' => 
  array (
    0 => 'index',
    1 => 'index',
    2 => 'about',
  ),
)
[ info ] [ HEADER ] array (
  'host' => '10.0.0.171',
  'x-wap-profile' => 'http://wap1.huawei.com/uaprof/HUAWEI_ALE-UL00_6.0_UAProfile.xml',
  'accept' => 'text/html,application/xhtml+xml,application/xml;q=0.9,*/*;q=0.8,alipay/un',
  'user-agent' => 'Mozilla/5.0 (Linux; U; Android 6.0; zh-CN; ALE-UL00 Build/HuaweiALE-UL00) AppleWebKit/534.30 (KHTML, like Gecko) Version/4.0 Mobile Safari/534.30',
  'connection' => 'keep-alive',
  'accept-encoding' => 'gzip',
  'accept-language' => 'zh-CN',
)
[ info ] [ PARAM ] array (
  'id' => '42',
)
[ info ] [ RUN ] app\index\controller\IndexController->about[ D:\wamp\www\zwt5\application\index\controller\IndexController.php ]
[ info ] [ DB ] INIT mysql
[ info ] [ VIEW ] D:\wamp\www\zwt5\public/../application/index\view\index\about.html [ array (
  0 => 'list',
  1 => 'onenav',
  2 => 'twonav',
  3 => 'article',
) ]
[ info ] [ LOG ] INIT File
[ sql ] [ DB ] CONNECT:[ UseTime:0.001274s ] mysql:dbname=zhuwentou;host=127.0.0.1;charset=utf8
[ sql ] [ SQL ] SHOW COLUMNS FROM `zwt_nav` [ RunTime:0.011355s ]
[ sql ] [ SQL ] SELECT * FROM `zwt_nav` [ RunTime:0.000943s ]
[ sql ] [ SQL ] SELECT * FROM `zwt_nav` WHERE  `htmlName` = 'about'  AND `id` = 42 LIMIT 1 [ RunTime:0.000561s ]
[ sql ] [ SQL ] SELECT * FROM `zwt_nav` WHERE  `pid` = 42 LIMIT 1 [ RunTime:0.000500s ]
[ sql ] [ SQL ] SHOW COLUMNS FROM `zwt_article` [ RunTime:0.008505s ]
[ sql ] [ SQL ] SELECT * FROM `zwt_article` WHERE  `nav_id` = 43 LIMIT 1 [ RunTime:0.000450s ]

---------------------------------------------------------------
[ 2017-08-23T09:26:50+08:00 ] 10.0.0.171 10.0.0.59 GET /index/index/news/id/38.html
[ log ] 10.0.0.171/index/index/news/id/38.html [运行时间：0.124828s][吞吐率：8.01req/s] [内存消耗：3,989.53kb] [文件加载：53]
[ info ] [ LANG ] D:\wamp\www\zwt5\thinkphp\lang\zh-cn.php
[ info ] [ ROUTE ] array (
  'type' => 'module',
  'module' => 
  array (
    0 => 'index',
    1 => 'index',
    2 => 'news',
  ),
)
[ info ] [ HEADER ] array (
  'host' => '10.0.0.171',
  'x-wap-profile' => 'http://wap1.huawei.com/uaprof/HUAWEI_ALE-UL00_6.0_UAProfile.xml',
  'accept' => 'text/html,application/xhtml+xml,application/xml;q=0.9,*/*;q=0.8,alipay/un',
  'user-agent' => 'Mozilla/5.0 (Linux; U; Android 6.0; zh-CN; ALE-UL00 Build/HuaweiALE-UL00) AppleWebKit/534.30 (KHTML, like Gecko) Version/4.0 Mobile Safari/534.30',
  'connection' => 'keep-alive',
  'accept-encoding' => 'gzip',
  'accept-language' => 'zh-CN',
)
[ info ] [ PARAM ] array (
  'id' => '38',
)
[ info ] [ RUN ] app\index\controller\IndexController->news[ D:\wamp\www\zwt5\application\index\controller\IndexController.php ]
[ info ] [ DB ] INIT mysql
[ info ] [ VIEW ] D:\wamp\www\zwt5\public/../application/index\view\index\news.html [ array (
  0 => 'list',
  1 => 'article',
  2 => 'onenav',
  3 => 'twonav',
) ]
[ info ] [ LOG ] INIT File
[ sql ] [ DB ] CONNECT:[ UseTime:0.010985s ] mysql:dbname=zhuwentou;host=127.0.0.1;charset=utf8
[ sql ] [ SQL ] SHOW COLUMNS FROM `zwt_nav` [ RunTime:0.008082s ]
[ sql ] [ SQL ] SELECT * FROM `zwt_nav` [ RunTime:0.000760s ]
[ sql ] [ SQL ] SELECT * FROM `zwt_nav` WHERE  `htmlName` = 'news'  AND `id` = 38 LIMIT 1 [ RunTime:0.000447s ]
[ sql ] [ SQL ] SELECT * FROM `zwt_nav` WHERE  `pid` = 38 LIMIT 1 [ RunTime:0.000357s ]
[ sql ] [ SQL ] SHOW COLUMNS FROM `zwt_article` [ RunTime:0.008241s ]
[ sql ] [ SQL ] SELECT * FROM `zwt_article` WHERE  `nav_id` = 39 ORDER BY created desc [ RunTime:0.000612s ]

---------------------------------------------------------------
[ 2017-08-23T09:26:51+08:00 ] 10.0.0.171 10.0.0.59 GET /index/index/project/id/7.html
[ log ] 10.0.0.171/index/index/project/id/7.html [运行时间：0.125755s][吞吐率：7.95req/s] [内存消耗：3,959.43kb] [文件加载：53]
[ info ] [ LANG ] D:\wamp\www\zwt5\thinkphp\lang\zh-cn.php
[ info ] [ ROUTE ] array (
  'type' => 'module',
  'module' => 
  array (
    0 => 'index',
    1 => 'index',
    2 => 'project',
  ),
)
[ info ] [ HEADER ] array (
  'host' => '10.0.0.171',
  'x-wap-profile' => 'http://wap1.huawei.com/uaprof/HUAWEI_ALE-UL00_6.0_UAProfile.xml',
  'accept' => 'text/html,application/xhtml+xml,application/xml;q=0.9,*/*;q=0.8,alipay/un',
  'user-agent' => 'Mozilla/5.0 (Linux; U; Android 6.0; zh-CN; ALE-UL00 Build/HuaweiALE-UL00) AppleWebKit/534.30 (KHTML, like Gecko) Version/4.0 Mobile Safari/534.30',
  'connection' => 'keep-alive',
  'accept-encoding' => 'gzip',
  'accept-language' => 'zh-CN',
)
[ info ] [ PARAM ] array (
  'id' => '7',
)
[ info ] [ RUN ] app\index\controller\IndexController->project[ D:\wamp\www\zwt5\application\index\controller\IndexController.php ]
[ info ] [ DB ] INIT mysql
[ info ] [ VIEW ] D:\wamp\www\zwt5\public/../application/index\view\index\project.html [ array (
  0 => 'list',
  1 => 'location',
  2 => 'onenav',
  3 => 'twonav',
  4 => 'sannav',
) ]
[ info ] [ LOG ] INIT File
[ sql ] [ DB ] CONNECT:[ UseTime:0.010777s ] mysql:dbname=zhuwentou;host=127.0.0.1;charset=utf8
[ sql ] [ SQL ] SHOW COLUMNS FROM `zwt_nav` [ RunTime:0.011250s ]
[ sql ] [ SQL ] SELECT * FROM `zwt_nav` [ RunTime:0.000957s ]
[ sql ] [ SQL ] SELECT * FROM `zwt_nav` WHERE  `htmlName` = 'project'  AND `id` = 7 LIMIT 1 [ RunTime:0.001014s ]
[ sql ] [ SQL ] SELECT * FROM `zwt_nav` WHERE  `pid` = 7 [ RunTime:0.001116s ]
[ sql ] [ SQL ] SELECT * FROM `zwt_nav` WHERE  `pid` IN (46) [ RunTime:0.001093s ]

---------------------------------------------------------------
[ 2017-08-23T09:26:53+08:00 ] 10.0.0.171 10.0.0.59 GET /index/index/news/id/38.html
[ log ] 10.0.0.171/index/index/news/id/38.html [运行时间：0.081193s][吞吐率：12.32req/s] [内存消耗：3,989.53kb] [文件加载：53]
[ info ] [ LANG ] D:\wamp\www\zwt5\thinkphp\lang\zh-cn.php
[ info ] [ ROUTE ] array (
  'type' => 'module',
  'module' => 
  array (
    0 => 'index',
    1 => 'index',
    2 => 'news',
  ),
)
[ info ] [ HEADER ] array (
  'host' => '10.0.0.171',
  'x-wap-profile' => 'http://wap1.huawei.com/uaprof/HUAWEI_ALE-UL00_6.0_UAProfile.xml',
  'accept' => 'text/html,application/xhtml+xml,application/xml;q=0.9,*/*;q=0.8,alipay/un',
  'user-agent' => 'Mozilla/5.0 (Linux; U; Android 6.0; zh-CN; ALE-UL00 Build/HuaweiALE-UL00) AppleWebKit/534.30 (KHTML, like Gecko) Version/4.0 Mobile Safari/534.30',
  'connection' => 'keep-alive',
  'accept-encoding' => 'gzip',
  'accept-language' => 'zh-CN',
)
[ info ] [ PARAM ] array (
  'id' => '38',
)
[ info ] [ RUN ] app\index\controller\IndexController->news[ D:\wamp\www\zwt5\application\index\controller\IndexController.php ]
[ info ] [ DB ] INIT mysql
[ info ] [ VIEW ] D:\wamp\www\zwt5\public/../application/index\view\index\news.html [ array (
  0 => 'list',
  1 => 'article',
  2 => 'onenav',
  3 => 'twonav',
) ]
[ info ] [ LOG ] INIT File
[ sql ] [ DB ] CONNECT:[ UseTime:0.000980s ] mysql:dbname=zhuwentou;host=127.0.0.1;charset=utf8
[ sql ] [ SQL ] SHOW COLUMNS FROM `zwt_nav` [ RunTime:0.006213s ]
[ sql ] [ SQL ] SELECT * FROM `zwt_nav` [ RunTime:0.000553s ]
[ sql ] [ SQL ] SELECT * FROM `zwt_nav` WHERE  `htmlName` = 'news'  AND `id` = 38 LIMIT 1 [ RunTime:0.000368s ]
[ sql ] [ SQL ] SELECT * FROM `zwt_nav` WHERE  `pid` = 38 LIMIT 1 [ RunTime:0.000316s ]
[ sql ] [ SQL ] SHOW COLUMNS FROM `zwt_article` [ RunTime:0.006381s ]
[ sql ] [ SQL ] SELECT * FROM `zwt_article` WHERE  `nav_id` = 39 ORDER BY created desc [ RunTime:0.000473s ]

---------------------------------------------------------------
[ 2017-08-23T09:26:57+08:00 ] 10.0.0.171 10.0.0.59 GET /index/index/article/id/96.html
[ log ] 10.0.0.171/index/index/article/id/96.html [运行时间：0.119555s][吞吐率：8.36req/s] [内存消耗：3,983.51kb] [文件加载：53]
[ info ] [ LANG ] D:\wamp\www\zwt5\thinkphp\lang\zh-cn.php
[ info ] [ ROUTE ] array (
  'type' => 'module',
  'module' => 
  array (
    0 => 'index',
    1 => 'index',
    2 => 'article',
  ),
)
[ info ] [ HEADER ] array (
  'host' => '10.0.0.171',
  'x-wap-profile' => 'http://wap1.huawei.com/uaprof/HUAWEI_ALE-UL00_6.0_UAProfile.xml',
  'accept' => 'text/html,application/xhtml+xml,application/xml;q=0.9,*/*;q=0.8,alipay/un',
  'user-agent' => 'Mozilla/5.0 (Linux; U; Android 6.0; zh-CN; ALE-UL00 Build/HuaweiALE-UL00) AppleWebKit/534.30 (KHTML, like Gecko) Version/4.0 Mobile Safari/534.30',
  'connection' => 'keep-alive',
  'accept-encoding' => 'gzip',
  'accept-language' => 'zh-CN',
)
[ info ] [ PARAM ] array (
  'id' => '96',
)
[ info ] [ RUN ] app\index\controller\IndexController->article[ D:\wamp\www\zwt5\application\index\controller\IndexController.php ]
[ info ] [ DB ] INIT mysql
[ info ] [ VIEW ] D:\wamp\www\zwt5\public/../application/index\view\index\details.html [ array (
  0 => 'list',
  1 => 'onenav',
  2 => 'twonav',
  3 => 'article',
  4 => 'back',
  5 => 'next',
) ]
[ info ] [ LOG ] INIT File
[ sql ] [ DB ] CONNECT:[ UseTime:0.010369s ] mysql:dbname=zhuwentou;host=127.0.0.1;charset=utf8
[ sql ] [ SQL ] SHOW COLUMNS FROM `zwt_nav` [ RunTime:0.005431s ]
[ sql ] [ SQL ] SELECT * FROM `zwt_nav` [ RunTime:0.000491s ]
[ sql ] [ SQL ] SHOW COLUMNS FROM `zwt_article` [ RunTime:0.011710s ]
[ sql ] [ SQL ] SELECT * FROM `zwt_article` WHERE  `id` = 96 LIMIT 1 [ RunTime:0.000840s ]
[ sql ] [ SQL ] SELECT * FROM `zwt_nav` WHERE  `id` = 39 LIMIT 1 [ RunTime:0.000663s ]
[ sql ] [ SQL ] SELECT * FROM `zwt_nav` WHERE  `id` = 38 LIMIT 1 [ RunTime:0.000317s ]
[ sql ] [ SQL ] SELECT * FROM `zwt_article` WHERE  `created` > '2017-08-22 14:24:14'  AND `nav_id` = 39 ORDER BY created desc LIMIT 1 [ RunTime:0.000897s ]
[ sql ] [ SQL ] SELECT * FROM `zwt_article` WHERE  `created` < '2017-08-22 14:24:14'  AND `nav_id` = 39 ORDER BY created desc LIMIT 1 [ RunTime:0.000887s ]

---------------------------------------------------------------
[ 2017-08-23T09:26:58+08:00 ] 10.0.0.171 10.0.0.59 GET /index/index/project/id/7.html
[ log ] 10.0.0.171/index/index/project/id/7.html [运行时间：0.077281s][吞吐率：12.94req/s] [内存消耗：3,959.43kb] [文件加载：53]
[ info ] [ LANG ] D:\wamp\www\zwt5\thinkphp\lang\zh-cn.php
[ info ] [ ROUTE ] array (
  'type' => 'module',
  'module' => 
  array (
    0 => 'index',
    1 => 'index',
    2 => 'project',
  ),
)
[ info ] [ HEADER ] array (
  'host' => '10.0.0.171',
  'x-wap-profile' => 'http://wap1.huawei.com/uaprof/HUAWEI_ALE-UL00_6.0_UAProfile.xml',
  'accept' => 'text/html,application/xhtml+xml,application/xml;q=0.9,*/*;q=0.8,alipay/un',
  'user-agent' => 'Mozilla/5.0 (Linux; U; Android 6.0; zh-CN; ALE-UL00 Build/HuaweiALE-UL00) AppleWebKit/534.30 (KHTML, like Gecko) Version/4.0 Mobile Safari/534.30',
  'connection' => 'keep-alive',
  'accept-encoding' => 'gzip',
  'accept-language' => 'zh-CN',
)
[ info ] [ PARAM ] array (
  'id' => '7',
)
[ info ] [ RUN ] app\index\controller\IndexController->project[ D:\wamp\www\zwt5\application\index\controller\IndexController.php ]
[ info ] [ DB ] INIT mysql
[ info ] [ VIEW ] D:\wamp\www\zwt5\public/../application/index\view\index\project.html [ array (
  0 => 'list',
  1 => 'location',
  2 => 'onenav',
  3 => 'twonav',
  4 => 'sannav',
) ]
[ info ] [ LOG ] INIT File
[ sql ] [ DB ] CONNECT:[ UseTime:0.000815s ] mysql:dbname=zhuwentou;host=127.0.0.1;charset=utf8
[ sql ] [ SQL ] SHOW COLUMNS FROM `zwt_nav` [ RunTime:0.008546s ]
[ sql ] [ SQL ] SELECT * FROM `zwt_nav` [ RunTime:0.000811s ]
[ sql ] [ SQL ] SELECT * FROM `zwt_nav` WHERE  `htmlName` = 'project'  AND `id` = 7 LIMIT 1 [ RunTime:0.000401s ]
[ sql ] [ SQL ] SELECT * FROM `zwt_nav` WHERE  `pid` = 7 [ RunTime:0.000448s ]
[ sql ] [ SQL ] SELECT * FROM `zwt_nav` WHERE  `pid` IN (46) [ RunTime:0.000416s ]

---------------------------------------------------------------
[ 2017-08-23T09:26:58+08:00 ] 10.0.0.171 10.0.0.59 GET /index/index/news/id/38.html
[ log ] 10.0.0.171/index/index/news/id/38.html [运行时间：0.088454s][吞吐率：11.31req/s] [内存消耗：3,989.53kb] [文件加载：53]
[ info ] [ LANG ] D:\wamp\www\zwt5\thinkphp\lang\zh-cn.php
[ info ] [ ROUTE ] array (
  'type' => 'module',
  'module' => 
  array (
    0 => 'index',
    1 => 'index',
    2 => 'news',
  ),
)
[ info ] [ HEADER ] array (
  'host' => '10.0.0.171',
  'x-wap-profile' => 'http://wap1.huawei.com/uaprof/HUAWEI_ALE-UL00_6.0_UAProfile.xml',
  'accept' => 'text/html,application/xhtml+xml,application/xml;q=0.9,*/*;q=0.8,alipay/un',
  'user-agent' => 'Mozilla/5.0 (Linux; U; Android 6.0; zh-CN; ALE-UL00 Build/HuaweiALE-UL00) AppleWebKit/534.30 (KHTML, like Gecko) Version/4.0 Mobile Safari/534.30',
  'connection' => 'keep-alive',
  'accept-encoding' => 'gzip',
  'accept-language' => 'zh-CN',
)
[ info ] [ PARAM ] array (
  'id' => '38',
)
[ info ] [ RUN ] app\index\controller\IndexController->news[ D:\wamp\www\zwt5\application\index\controller\IndexController.php ]
[ info ] [ DB ] INIT mysql
[ info ] [ VIEW ] D:\wamp\www\zwt5\public/../application/index\view\index\news.html [ array (
  0 => 'list',
  1 => 'article',
  2 => 'onenav',
  3 => 'twonav',
) ]
[ info ] [ LOG ] INIT File
[ sql ] [ DB ] CONNECT:[ UseTime:0.001005s ] mysql:dbname=zhuwentou;host=127.0.0.1;charset=utf8
[ sql ] [ SQL ] SHOW COLUMNS FROM `zwt_nav` [ RunTime:0.009189s ]
[ sql ] [ SQL ] SELECT * FROM `zwt_nav` [ RunTime:0.000596s ]
[ sql ] [ SQL ] SELECT * FROM `zwt_nav` WHERE  `htmlName` = 'news'  AND `id` = 38 LIMIT 1 [ RunTime:0.000424s ]
[ sql ] [ SQL ] SELECT * FROM `zwt_nav` WHERE  `pid` = 38 LIMIT 1 [ RunTime:0.000443s ]
[ sql ] [ SQL ] SHOW COLUMNS FROM `zwt_article` [ RunTime:0.007948s ]
[ sql ] [ SQL ] SELECT * FROM `zwt_article` WHERE  `nav_id` = 39 ORDER BY created desc [ RunTime:0.000440s ]

---------------------------------------------------------------
[ 2017-08-23T09:26:58+08:00 ] 10.0.0.171 10.0.0.59 GET /index/index/news/id/38.html
[ log ] 10.0.0.171/index/index/news/id/38.html [运行时间：0.077253s][吞吐率：12.94req/s] [内存消耗：3,989.53kb] [文件加载：53]
[ info ] [ LANG ] D:\wamp\www\zwt5\thinkphp\lang\zh-cn.php
[ info ] [ ROUTE ] array (
  'type' => 'module',
  'module' => 
  array (
    0 => 'index',
    1 => 'index',
    2 => 'news',
  ),
)
[ info ] [ HEADER ] array (
  'host' => '10.0.0.171',
  'x-wap-profile' => 'http://wap1.huawei.com/uaprof/HUAWEI_ALE-UL00_6.0_UAProfile.xml',
  'accept' => 'text/html,application/xhtml+xml,application/xml;q=0.9,*/*;q=0.8,alipay/un',
  'user-agent' => 'Mozilla/5.0 (Linux; U; Android 6.0; zh-CN; ALE-UL00 Build/HuaweiALE-UL00) AppleWebKit/534.30 (KHTML, like Gecko) Version/4.0 Mobile Safari/534.30',
  'connection' => 'keep-alive',
  'accept-encoding' => 'gzip',
  'accept-language' => 'zh-CN',
)
[ info ] [ PARAM ] array (
  'id' => '38',
)
[ info ] [ RUN ] app\index\controller\IndexController->news[ D:\wamp\www\zwt5\application\index\controller\IndexController.php ]
[ info ] [ DB ] INIT mysql
[ info ] [ VIEW ] D:\wamp\www\zwt5\public/../application/index\view\index\news.html [ array (
  0 => 'list',
  1 => 'article',
  2 => 'onenav',
  3 => 'twonav',
) ]
[ info ] [ LOG ] INIT File
[ sql ] [ DB ] CONNECT:[ UseTime:0.000875s ] mysql:dbname=zhuwentou;host=127.0.0.1;charset=utf8
[ sql ] [ SQL ] SHOW COLUMNS FROM `zwt_nav` [ RunTime:0.011358s ]
[ sql ] [ SQL ] SELECT * FROM `zwt_nav` [ RunTime:0.000523s ]
[ sql ] [ SQL ] SELECT * FROM `zwt_nav` WHERE  `htmlName` = 'news'  AND `id` = 38 LIMIT 1 [ RunTime:0.000439s ]
[ sql ] [ SQL ] SELECT * FROM `zwt_nav` WHERE  `pid` = 38 LIMIT 1 [ RunTime:0.000337s ]
[ sql ] [ SQL ] SHOW COLUMNS FROM `zwt_article` [ RunTime:0.005791s ]
[ sql ] [ SQL ] SELECT * FROM `zwt_article` WHERE  `nav_id` = 39 ORDER BY created desc [ RunTime:0.000426s ]

---------------------------------------------------------------
[ 2017-08-23T09:37:58+08:00 ] 10.0.0.171 10.0.0.152 GET /
[ log ] 10.0.0.171/ [运行时间：0.102722s][吞吐率：9.74req/s] [内存消耗：3,962.55kb] [文件加载：53]
[ info ] [ LANG ] D:\wamp\www\zwt5\thinkphp\lang\zh-cn.php
[ info ] [ ROUTE ] array (
  'type' => 'module',
  'module' => 
  array (
    0 => '',
    1 => NULL,
    2 => NULL,
  ),
)
[ info ] [ HEADER ] array (
  'accept' => 'text/html, application/xhtml+xml, image/jxr, */*',
  'accept-language' => 'zh-CN',
  'user-agent' => 'Mozilla/5.0 (Windows NT 10.0; WOW64; Trident/7.0; rv:11.0) like Gecko Core/1.53.3357.400 QQBrowser/9.6.11858.400',
  'accept-encoding' => 'gzip, deflate',
  'host' => '10.0.0.171',
  'connection' => 'Keep-Alive',
)
[ info ] [ PARAM ] array (
)
[ info ] [ RUN ] app\index\controller\IndexController->index[ D:\wamp\www\zwt5\application\index\controller\IndexController.php ]
[ info ] [ DB ] INIT mysql
[ info ] [ VIEW ] D:\wamp\www\zwt5\public/../application/index\view\index\index.html [ array (
  0 => 'list',
  1 => 'ri',
  2 => 'ny',
  3 => 'newest',
  4 => 'newslist',
  5 => 'jituan',
) ]
[ info ] [ LOG ] INIT File
[ sql ] [ DB ] CONNECT:[ UseTime:0.001026s ] mysql:dbname=zhuwentou;host=127.0.0.1;charset=utf8
[ sql ] [ SQL ] SHOW COLUMNS FROM `zwt_nav` [ RunTime:0.006817s ]
[ sql ] [ SQL ] SELECT * FROM `zwt_nav` [ RunTime:0.000602s ]
[ sql ] [ SQL ] SELECT * FROM `zwt_nav` WHERE  `pid` = 38 [ RunTime:0.000458s ]
[ sql ] [ SQL ] SHOW COLUMNS FROM `zwt_article` [ RunTime:0.006639s ]
[ sql ] [ SQL ] SELECT `id`,`title`,`yinxu`,`created` FROM `zwt_article` WHERE  `nav_id` IN (39,40,41) ORDER BY created desc LIMIT 1 [ RunTime:0.000384s ]
[ sql ] [ SQL ] SELECT `id`,`title`,`yinxu`,`created` FROM `zwt_article` WHERE  `nav_id` IN (39,40,41) ORDER BY created desc LIMIT 4 [ RunTime:0.000323s ]
[ sql ] [ SQL ] SELECT * FROM `zwt_nav` WHERE  `pid` = 7 [ RunTime:0.000296s ]

---------------------------------------------------------------
[ 2017-08-23T09:38:24+08:00 ] 10.0.0.171 10.0.0.190 GET /
[ log ] 10.0.0.171/ [运行时间：0.053292s][吞吐率：18.76req/s] [内存消耗：3,962.91kb] [文件加载：53]
[ info ] [ LANG ] D:\wamp\www\zwt5\thinkphp\lang\zh-cn.php
[ info ] [ ROUTE ] array (
  'type' => 'module',
  'module' => 
  array (
    0 => '',
    1 => NULL,
    2 => NULL,
  ),
)
[ info ] [ HEADER ] array (
  'host' => '10.0.0.171',
  'connection' => 'keep-alive',
  'cache-control' => 'max-age=0',
  'upgrade-insecure-requests' => '1',
  'user-agent' => 'Mozilla/5.0 (Windows NT 10.0; WOW64) AppleWebKit/537.36 (KHTML, like Gecko) Chrome/56.0.2924.87 Safari/537.36',
  'accept' => 'text/html,application/xhtml+xml,application/xml;q=0.9,image/webp,*/*;q=0.8',
  'accept-encoding' => 'gzip, deflate, sdch',
  'accept-language' => 'zh-CN,zh;q=0.8',
)
[ info ] [ PARAM ] array (
)
[ info ] [ RUN ] app\index\controller\IndexController->index[ D:\wamp\www\zwt5\application\index\controller\IndexController.php ]
[ info ] [ DB ] INIT mysql
[ info ] [ VIEW ] D:\wamp\www\zwt5\public/../application/index\view\index\index.html [ array (
  0 => 'list',
  1 => 'ri',
  2 => 'ny',
  3 => 'newest',
  4 => 'newslist',
  5 => 'jituan',
) ]
[ info ] [ LOG ] INIT File
[ sql ] [ DB ] CONNECT:[ UseTime:0.000720s ] mysql:dbname=zhuwentou;host=127.0.0.1;charset=utf8
[ sql ] [ SQL ] SHOW COLUMNS FROM `zwt_nav` [ RunTime:0.005366s ]
[ sql ] [ SQL ] SELECT * FROM `zwt_nav` [ RunTime:0.000625s ]
[ sql ] [ SQL ] SELECT * FROM `zwt_nav` WHERE  `pid` = 38 [ RunTime:0.000444s ]
[ sql ] [ SQL ] SHOW COLUMNS FROM `zwt_article` [ RunTime:0.006635s ]
[ sql ] [ SQL ] SELECT `id`,`title`,`yinxu`,`created` FROM `zwt_article` WHERE  `nav_id` IN (39,40,41) ORDER BY created desc LIMIT 1 [ RunTime:0.000455s ]
[ sql ] [ SQL ] SELECT `id`,`title`,`yinxu`,`created` FROM `zwt_article` WHERE  `nav_id` IN (39,40,41) ORDER BY created desc LIMIT 4 [ RunTime:0.000260s ]
[ sql ] [ SQL ] SELECT * FROM `zwt_nav` WHERE  `pid` = 7 [ RunTime:0.000309s ]

---------------------------------------------------------------
[ 2017-08-23T09:38:59+08:00 ] 10.0.0.171 10.0.0.190 GET /index/index/introduction/id/5.html
[ log ] 10.0.0.171/index/index/introduction/id/5.html [运行时间：0.112040s][吞吐率：8.93req/s] [内存消耗：4,188.58kb] [文件加载：55]
[ info ] [ LANG ] D:\wamp\www\zwt5\thinkphp\lang\zh-cn.php
[ info ] [ ROUTE ] array (
  'type' => 'module',
  'module' => 
  array (
    0 => 'index',
    1 => 'index',
    2 => 'introduction',
  ),
)
[ info ] [ HEADER ] array (
  'host' => '10.0.0.171',
  'connection' => 'keep-alive',
  'upgrade-insecure-requests' => '1',
  'user-agent' => 'Mozilla/5.0 (Windows NT 10.0; WOW64) AppleWebKit/537.36 (KHTML, like Gecko) Chrome/56.0.2924.87 Safari/537.36',
  'accept' => 'text/html,application/xhtml+xml,application/xml;q=0.9,image/webp,*/*;q=0.8',
  'referer' => 'http://10.0.0.171/',
  'accept-encoding' => 'gzip, deflate, sdch',
  'accept-language' => 'zh-CN,zh;q=0.8',
)
[ info ] [ PARAM ] array (
  'id' => '5',
)
[ info ] [ RUN ] app\index\controller\IndexController->introduction[ D:\wamp\www\zwt5\application\index\controller\IndexController.php ]
[ info ] [ DB ] INIT mysql
[ info ] [ VIEW ] D:\wamp\www\zwt5\public/../application/index\view\index\introduction.html [ array (
  0 => 'list',
  1 => 'onenav',
  2 => 'article',
) ]
[ info ] [ LOG ] INIT File
[ sql ] [ DB ] CONNECT:[ UseTime:0.001059s ] mysql:dbname=zhuwentou;host=127.0.0.1;charset=utf8
[ sql ] [ SQL ] SHOW COLUMNS FROM `zwt_nav` [ RunTime:0.010245s ]
[ sql ] [ SQL ] SELECT * FROM `zwt_nav` [ RunTime:0.000700s ]
[ sql ] [ SQL ] SELECT * FROM `zwt_nav` WHERE  `id` = 5 LIMIT 1 [ RunTime:0.000519s ]
[ sql ] [ SQL ] SELECT * FROM `zwt_nav` WHERE  `pid` = 5 LIMIT 1 [ RunTime:0.000459s ]
[ sql ] [ SQL ] SHOW COLUMNS FROM `zwt_article` [ RunTime:0.012210s ]
[ sql ] [ SQL ] SELECT * FROM `zwt_article` WHERE  `nav_id` = 35 LIMIT 1 [ RunTime:0.000696s ]

---------------------------------------------------------------
[ 2017-08-23T09:39:17+08:00 ] 10.0.0.171 10.0.0.152 GET /index/index/index.html
[ log ] 10.0.0.171/index/index/index.html [运行时间：0.098889s][吞吐率：10.11req/s] [内存消耗：3,966.91kb] [文件加载：53]
[ info ] [ LANG ] D:\wamp\www\zwt5\thinkphp\lang\zh-cn.php
[ info ] [ ROUTE ] array (
  'type' => 'module',
  'module' => 
  array (
    0 => 'index',
    1 => 'index',
    2 => 'index',
  ),
)
[ info ] [ HEADER ] array (
  'accept' => 'text/html, application/xhtml+xml, image/jxr, */*',
  'referer' => 'http://10.0.0.171/',
  'accept-language' => 'zh-CN',
  'accept-encoding' => 'gzip, deflate',
  'host' => '10.0.0.171',
  'connection' => 'Keep-Alive',
  'user-agent' => 'Mozilla/5.0 (Windows NT 10.0; WOW64; Trident/7.0; rv:11.0) like Gecko Core/1.53.3357.400 QQBrowser/9.6.11858.400',
)
[ info ] [ PARAM ] array (
)
[ info ] [ RUN ] app\index\controller\IndexController->index[ D:\wamp\www\zwt5\application\index\controller\IndexController.php ]
[ info ] [ DB ] INIT mysql
[ info ] [ VIEW ] D:\wamp\www\zwt5\public/../application/index\view\index\index.html [ array (
  0 => 'list',
  1 => 'ri',
  2 => 'ny',
  3 => 'newest',
  4 => 'newslist',
  5 => 'jituan',
) ]
[ info ] [ LOG ] INIT File
[ sql ] [ DB ] CONNECT:[ UseTime:0.010367s ] mysql:dbname=zhuwentou;host=127.0.0.1;charset=utf8
[ sql ] [ SQL ] SHOW COLUMNS FROM `zwt_nav` [ RunTime:0.004652s ]
[ sql ] [ SQL ] SELECT * FROM `zwt_nav` [ RunTime:0.000476s ]
[ sql ] [ SQL ] SELECT * FROM `zwt_nav` WHERE  `pid` = 38 [ RunTime:0.000268s ]
[ sql ] [ SQL ] SHOW COLUMNS FROM `zwt_article` [ RunTime:0.004913s ]
[ sql ] [ SQL ] SELECT `id`,`title`,`yinxu`,`created` FROM `zwt_article` WHERE  `nav_id` IN (39,40,41) ORDER BY created desc LIMIT 1 [ RunTime:0.000666s ]
[ sql ] [ SQL ] SELECT `id`,`title`,`yinxu`,`created` FROM `zwt_article` WHERE  `nav_id` IN (39,40,41) ORDER BY created desc LIMIT 4 [ RunTime:0.000621s ]
[ sql ] [ SQL ] SELECT * FROM `zwt_nav` WHERE  `pid` = 7 [ RunTime:0.000599s ]

---------------------------------------------------------------
[ 2017-08-23T09:39:17+08:00 ] 10.0.0.171 10.0.0.152 GET /index/index/favicon.ico
[ log ] 10.0.0.171/index/index/favicon.ico [运行时间：0.081346s][吞吐率：12.29req/s] [内存消耗：2,703.14kb] [文件加载：47]
[ info ] [ LANG ] D:\wamp\www\zwt5\thinkphp\lang\zh-cn.php
[ info ] [ ROUTE ] array (
  'type' => 'module',
  'module' => 
  array (
    0 => 'index',
    1 => 'index',
    2 => 'favicon.ico',
  ),
)
[ info ] [ HEADER ] array (
  'host' => '10.0.0.171',
  'connection' => 'keep-alive',
  'user-agent' => 'Mozilla/5.0 (Windows NT 10.0; WOW64) AppleWebKit/537.36 (KHTML, like Gecko) Chrome/53.0.2785.104 Safari/537.36 Core/1.53.3357.400 QQBrowser/9.6.11858.400',
  'accept-encoding' => 'gzip, deflate',
)
[ info ] [ PARAM ] array (
)
[ info ] [ LOG ] INIT File

---------------------------------------------------------------
[ 2017-08-23T09:39:19+08:00 ] 10.0.0.171 10.0.0.152 GET /index/index/introduction/id/5.html
[ log ] 10.0.0.171/index/index/introduction/id/5.html [运行时间：0.150616s][吞吐率：6.64req/s] [内存消耗：3,956.32kb] [文件加载：53]
[ info ] [ LANG ] D:\wamp\www\zwt5\thinkphp\lang\zh-cn.php
[ info ] [ ROUTE ] array (
  'type' => 'module',
  'module' => 
  array (
    0 => 'index',
    1 => 'index',
    2 => 'introduction',
  ),
)
[ info ] [ HEADER ] array (
  'accept' => 'text/html, application/xhtml+xml, image/jxr, */*',
  'referer' => 'http://10.0.0.171/index/index/index.html',
  'accept-language' => 'zh-CN',
  'accept-encoding' => 'gzip, deflate',
  'host' => '10.0.0.171',
  'connection' => 'Keep-Alive',
  'user-agent' => 'Mozilla/5.0 (Windows NT 10.0; WOW64; Trident/7.0; rv:11.0) like Gecko Core/1.53.3357.400 QQBrowser/9.6.11858.400',
)
[ info ] [ PARAM ] array (
  'id' => '5',
)
[ info ] [ RUN ] app\index\controller\IndexController->introduction[ D:\wamp\www\zwt5\application\index\controller\IndexController.php ]
[ info ] [ DB ] INIT mysql
[ info ] [ VIEW ] D:\wamp\www\zwt5\public/../application/index\view\index\introduction.html [ array (
  0 => 'list',
  1 => 'onenav',
  2 => 'article',
) ]
[ info ] [ LOG ] INIT File
[ sql ] [ DB ] CONNECT:[ UseTime:0.011686s ] mysql:dbname=zhuwentou;host=127.0.0.1;charset=utf8
[ sql ] [ SQL ] SHOW COLUMNS FROM `zwt_nav` [ RunTime:0.021318s ]
[ sql ] [ SQL ] SELECT * FROM `zwt_nav` [ RunTime:0.001606s ]
[ sql ] [ SQL ] SELECT * FROM `zwt_nav` WHERE  `id` = 5 LIMIT 1 [ RunTime:0.000976s ]
[ sql ] [ SQL ] SELECT * FROM `zwt_nav` WHERE  `pid` = 5 LIMIT 1 [ RunTime:0.000918s ]
[ sql ] [ SQL ] SHOW COLUMNS FROM `zwt_article` [ RunTime:0.011409s ]
[ sql ] [ SQL ] SELECT * FROM `zwt_article` WHERE  `nav_id` = 35 LIMIT 1 [ RunTime:0.000548s ]

---------------------------------------------------------------
[ 2017-08-23T09:39:36+08:00 ] 10.0.0.171 10.0.0.152 GET /index/index/index.html
[ log ] 10.0.0.171/index/index/index.html [运行时间：0.108711s][吞吐率：9.20req/s] [内存消耗：3,967.27kb] [文件加载：53]
[ info ] [ LANG ] D:\wamp\www\zwt5\thinkphp\lang\zh-cn.php
[ info ] [ ROUTE ] array (
  'type' => 'module',
  'module' => 
  array (
    0 => 'index',
    1 => 'index',
    2 => 'index',
  ),
)
[ info ] [ HEADER ] array (
  'accept' => 'text/html, application/xhtml+xml, image/jxr, */*',
  'referer' => 'http://10.0.0.171/index/index/introduction/id/5.html',
  'accept-language' => 'zh-CN',
  'accept-encoding' => 'gzip, deflate',
  'host' => '10.0.0.171',
  'connection' => 'Keep-Alive',
  'user-agent' => 'Mozilla/5.0 (Windows NT 10.0; WOW64; Trident/7.0; rv:11.0) like Gecko Core/1.53.3357.400 QQBrowser/9.6.11858.400',
)
[ info ] [ PARAM ] array (
)
[ info ] [ RUN ] app\index\controller\IndexController->index[ D:\wamp\www\zwt5\application\index\controller\IndexController.php ]
[ info ] [ DB ] INIT mysql
[ info ] [ VIEW ] D:\wamp\www\zwt5\public/../application/index\view\index\index.html [ array (
  0 => 'list',
  1 => 'ri',
  2 => 'ny',
  3 => 'newest',
  4 => 'newslist',
  5 => 'jituan',
) ]
[ info ] [ LOG ] INIT File
[ sql ] [ DB ] CONNECT:[ UseTime:0.000849s ] mysql:dbname=zhuwentou;host=127.0.0.1;charset=utf8
[ sql ] [ SQL ] SHOW COLUMNS FROM `zwt_nav` [ RunTime:0.005895s ]
[ sql ] [ SQL ] SELECT * FROM `zwt_nav` [ RunTime:0.000536s ]
[ sql ] [ SQL ] SELECT * FROM `zwt_nav` WHERE  `pid` = 38 [ RunTime:0.000338s ]
[ sql ] [ SQL ] SHOW COLUMNS FROM `zwt_article` [ RunTime:0.005948s ]
[ sql ] [ SQL ] SELECT `id`,`title`,`yinxu`,`created` FROM `zwt_article` WHERE  `nav_id` IN (39,40,41) ORDER BY created desc LIMIT 1 [ RunTime:0.000397s ]
[ sql ] [ SQL ] SELECT `id`,`title`,`yinxu`,`created` FROM `zwt_article` WHERE  `nav_id` IN (39,40,41) ORDER BY created desc LIMIT 4 [ RunTime:0.000341s ]
[ sql ] [ SQL ] SELECT * FROM `zwt_nav` WHERE  `pid` = 7 [ RunTime:0.000305s ]

---------------------------------------------------------------
[ 2017-08-23T09:39:40+08:00 ] 10.0.0.171 10.0.0.152 GET /index/index/introduction/id/5.html
[ log ] 10.0.0.171/index/index/introduction/id/5.html [运行时间：0.126268s][吞吐率：7.92req/s] [内存消耗：3,956.32kb] [文件加载：53]
[ info ] [ LANG ] D:\wamp\www\zwt5\thinkphp\lang\zh-cn.php
[ info ] [ ROUTE ] array (
  'type' => 'module',
  'module' => 
  array (
    0 => 'index',
    1 => 'index',
    2 => 'introduction',
  ),
)
[ info ] [ HEADER ] array (
  'accept' => 'text/html, application/xhtml+xml, image/jxr, */*',
  'referer' => 'http://10.0.0.171/index/index/index.html',
  'accept-language' => 'zh-CN',
  'accept-encoding' => 'gzip, deflate',
  'host' => '10.0.0.171',
  'connection' => 'Keep-Alive',
  'user-agent' => 'Mozilla/5.0 (Windows NT 10.0; WOW64; Trident/7.0; rv:11.0) like Gecko Core/1.53.3357.400 QQBrowser/9.6.11858.400',
)
[ info ] [ PARAM ] array (
  'id' => '5',
)
[ info ] [ RUN ] app\index\controller\IndexController->introduction[ D:\wamp\www\zwt5\application\index\controller\IndexController.php ]
[ info ] [ DB ] INIT mysql
[ info ] [ VIEW ] D:\wamp\www\zwt5\public/../application/index\view\index\introduction.html [ array (
  0 => 'list',
  1 => 'onenav',
  2 => 'article',
) ]
[ info ] [ LOG ] INIT File
[ sql ] [ DB ] CONNECT:[ UseTime:0.010678s ] mysql:dbname=zhuwentou;host=127.0.0.1;charset=utf8
[ sql ] [ SQL ] SHOW COLUMNS FROM `zwt_nav` [ RunTime:0.008129s ]
[ sql ] [ SQL ] SELECT * FROM `zwt_nav` [ RunTime:0.000613s ]
[ sql ] [ SQL ] SELECT * FROM `zwt_nav` WHERE  `id` = 5 LIMIT 1 [ RunTime:0.000394s ]
[ sql ] [ SQL ] SELECT * FROM `zwt_nav` WHERE  `pid` = 5 LIMIT 1 [ RunTime:0.000338s ]
[ sql ] [ SQL ] SHOW COLUMNS FROM `zwt_article` [ RunTime:0.014073s ]
[ sql ] [ SQL ] SELECT * FROM `zwt_article` WHERE  `nav_id` = 35 LIMIT 1 [ RunTime:0.001167s ]

---------------------------------------------------------------
[ 2017-08-23T09:39:41+08:00 ] 10.0.0.171 10.0.0.152 GET /index/index/index.html
[ log ] 10.0.0.171/index/index/index.html [运行时间：0.062022s][吞吐率：16.12req/s] [内存消耗：3,967.27kb] [文件加载：53]
[ info ] [ LANG ] D:\wamp\www\zwt5\thinkphp\lang\zh-cn.php
[ info ] [ ROUTE ] array (
  'type' => 'module',
  'module' => 
  array (
    0 => 'index',
    1 => 'index',
    2 => 'index',
  ),
)
[ info ] [ HEADER ] array (
  'accept' => 'text/html, application/xhtml+xml, image/jxr, */*',
  'referer' => 'http://10.0.0.171/index/index/introduction/id/5.html',
  'accept-language' => 'zh-CN',
  'accept-encoding' => 'gzip, deflate',
  'host' => '10.0.0.171',
  'connection' => 'Keep-Alive',
  'user-agent' => 'Mozilla/5.0 (Windows NT 10.0; WOW64; Trident/7.0; rv:11.0) like Gecko Core/1.53.3357.400 QQBrowser/9.6.11858.400',
)
[ info ] [ PARAM ] array (
)
[ info ] [ RUN ] app\index\controller\IndexController->index[ D:\wamp\www\zwt5\application\index\controller\IndexController.php ]
[ info ] [ DB ] INIT mysql
[ info ] [ VIEW ] D:\wamp\www\zwt5\public/../application/index\view\index\index.html [ array (
  0 => 'list',
  1 => 'ri',
  2 => 'ny',
  3 => 'newest',
  4 => 'newslist',
  5 => 'jituan',
) ]
[ info ] [ LOG ] INIT File
[ sql ] [ DB ] CONNECT:[ UseTime:0.010710s ] mysql:dbname=zhuwentou;host=127.0.0.1;charset=utf8
[ sql ] [ SQL ] SHOW COLUMNS FROM `zwt_nav` [ RunTime:0.007256s ]
[ sql ] [ SQL ] SELECT * FROM `zwt_nav` [ RunTime:0.000509s ]
[ sql ] [ SQL ] SELECT * FROM `zwt_nav` WHERE  `pid` = 38 [ RunTime:0.000287s ]
[ sql ] [ SQL ] SHOW COLUMNS FROM `zwt_article` [ RunTime:0.005029s ]
[ sql ] [ SQL ] SELECT `id`,`title`,`yinxu`,`created` FROM `zwt_article` WHERE  `nav_id` IN (39,40,41) ORDER BY created desc LIMIT 1 [ RunTime:0.000367s ]
[ sql ] [ SQL ] SELECT `id`,`title`,`yinxu`,`created` FROM `zwt_article` WHERE  `nav_id` IN (39,40,41) ORDER BY created desc LIMIT 4 [ RunTime:0.000305s ]
[ sql ] [ SQL ] SELECT * FROM `zwt_nav` WHERE  `pid` = 7 [ RunTime:0.000313s ]

---------------------------------------------------------------
[ 2017-08-23T09:39:46+08:00 ] 10.0.0.171 10.0.0.152 GET /index/index/article/id/90.html
[ log ] 10.0.0.171/index/index/article/id/90.html [运行时间：0.126946s][吞吐率：7.88req/s] [内存消耗：4,232.81kb] [文件加载：55]
[ info ] [ LANG ] D:\wamp\www\zwt5\thinkphp\lang\zh-cn.php
[ info ] [ ROUTE ] array (
  'type' => 'module',
  'module' => 
  array (
    0 => 'index',
    1 => 'index',
    2 => 'article',
  ),
)
[ info ] [ HEADER ] array (
  'accept' => 'text/html, application/xhtml+xml, image/jxr, */*',
  'referer' => 'http://10.0.0.171/index/index/index.html',
  'accept-language' => 'zh-CN',
  'accept-encoding' => 'gzip, deflate',
  'host' => '10.0.0.171',
  'connection' => 'Keep-Alive',
  'user-agent' => 'Mozilla/5.0 (Windows NT 10.0; WOW64; Trident/7.0; rv:11.0) like Gecko Core/1.53.3357.400 QQBrowser/9.6.11858.400',
)
[ info ] [ PARAM ] array (
  'id' => '90',
)
[ info ] [ RUN ] app\index\controller\IndexController->article[ D:\wamp\www\zwt5\application\index\controller\IndexController.php ]
[ info ] [ DB ] INIT mysql
[ info ] [ VIEW ] D:\wamp\www\zwt5\public/../application/index\view\index\details.html [ array (
  0 => 'list',
  1 => 'onenav',
  2 => 'twonav',
  3 => 'article',
  4 => 'back',
  5 => 'next',
) ]
[ info ] [ LOG ] INIT File
[ sql ] [ DB ] CONNECT:[ UseTime:0.010630s ] mysql:dbname=zhuwentou;host=127.0.0.1;charset=utf8
[ sql ] [ SQL ] SHOW COLUMNS FROM `zwt_nav` [ RunTime:0.015055s ]
[ sql ] [ SQL ] SELECT * FROM `zwt_nav` [ RunTime:0.001285s ]
[ sql ] [ SQL ] SHOW COLUMNS FROM `zwt_article` [ RunTime:0.014821s ]
[ sql ] [ SQL ] SELECT * FROM `zwt_article` WHERE  `id` = 90 LIMIT 1 [ RunTime:0.000538s ]
[ sql ] [ SQL ] SELECT * FROM `zwt_nav` WHERE  `id` = 41 LIMIT 1 [ RunTime:0.000500s ]
[ sql ] [ SQL ] SELECT * FROM `zwt_nav` WHERE  `id` = 38 LIMIT 1 [ RunTime:0.000227s ]
[ sql ] [ SQL ] SELECT * FROM `zwt_article` WHERE  `created` > '2017-08-22 15:01:01'  AND `nav_id` = 41 ORDER BY created desc LIMIT 1 [ RunTime:0.000486s ]
[ sql ] [ SQL ] SELECT * FROM `zwt_article` WHERE  `created` < '2017-08-22 15:01:01'  AND `nav_id` = 41 ORDER BY created desc LIMIT 1 [ RunTime:0.000502s ]

---------------------------------------------------------------
[ 2017-08-23T09:39:46+08:00 ] 10.0.0.171 10.0.0.152 GET /static/index/img/news/gongyi/3.png
[ log ] 10.0.0.171/static/index/img/news/gongyi/3.png [运行时间：0.037970s][吞吐率：26.34req/s] [内存消耗：2,147.43kb] [文件加载：40]
[ info ] [ LANG ] D:\wamp\www\zwt5\thinkphp\lang\zh-cn.php
[ info ] [ ROUTE ] array (
  'type' => 'module',
  'module' => 
  array (
    0 => 'static',
    1 => 'index',
    2 => 'img',
  ),
)
[ info ] [ HEADER ] array (
  'accept' => 'image/png, image/svg+xml, image/jxr, image/*;q=0.8, */*;q=0.5',
  'referer' => 'http://10.0.0.171/index/index/article/id/90.html',
  'accept-language' => 'zh-CN',
  'accept-encoding' => 'gzip, deflate',
  'host' => '10.0.0.171',
  'connection' => 'Keep-Alive',
  'user-agent' => 'Mozilla/5.0 (Windows NT 10.0; WOW64; Trident/7.0; rv:11.0) like Gecko Core/1.53.3357.400 QQBrowser/9.6.11858.400',
)
[ info ] [ PARAM ] array (
  'news' => 'gongyi',
)
[ info ] [ LOG ] INIT File

---------------------------------------------------------------
[ 2017-08-23T09:39:55+08:00 ] 10.0.0.171 10.0.0.152 GET /index/index/index.html
[ log ] 10.0.0.171/index/index/index.html [运行时间：0.073396s][吞吐率：13.62req/s] [内存消耗：3,966.34kb] [文件加载：53]
[ info ] [ LANG ] D:\wamp\www\zwt5\thinkphp\lang\zh-cn.php
[ info ] [ ROUTE ] array (
  'type' => 'module',
  'module' => 
  array (
    0 => 'index',
    1 => 'index',
    2 => 'index',
  ),
)
[ info ] [ HEADER ] array (
  'accept' => 'text/html, application/xhtml+xml, image/jxr, */*',
  'accept-language' => 'zh-CN',
  'accept-encoding' => 'gzip, deflate',
  'host' => '10.0.0.171',
  'connection' => 'Keep-Alive',
  'user-agent' => 'Mozilla/5.0 (Windows NT 10.0; WOW64; Trident/7.0; rv:11.0) like Gecko Core/1.53.3357.400 QQBrowser/9.6.11858.400',
)
[ info ] [ PARAM ] array (
)
[ info ] [ RUN ] app\index\controller\IndexController->index[ D:\wamp\www\zwt5\application\index\controller\IndexController.php ]
[ info ] [ DB ] INIT mysql
[ info ] [ VIEW ] D:\wamp\www\zwt5\public/../application/index\view\index\index.html [ array (
  0 => 'list',
  1 => 'ri',
  2 => 'ny',
  3 => 'newest',
  4 => 'newslist',
  5 => 'jituan',
) ]
[ info ] [ LOG ] INIT File
[ sql ] [ DB ] CONNECT:[ UseTime:0.011096s ] mysql:dbname=zhuwentou;host=127.0.0.1;charset=utf8
[ sql ] [ SQL ] SHOW COLUMNS FROM `zwt_nav` [ RunTime:0.005492s ]
[ sql ] [ SQL ] SELECT * FROM `zwt_nav` [ RunTime:0.000512s ]
[ sql ] [ SQL ] SELECT * FROM `zwt_nav` WHERE  `pid` = 38 [ RunTime:0.000272s ]
[ sql ] [ SQL ] SHOW COLUMNS FROM `zwt_article` [ RunTime:0.004797s ]
[ sql ] [ SQL ] SELECT `id`,`title`,`yinxu`,`created` FROM `zwt_article` WHERE  `nav_id` IN (39,40,41) ORDER BY created desc LIMIT 1 [ RunTime:0.000336s ]
[ sql ] [ SQL ] SELECT `id`,`title`,`yinxu`,`created` FROM `zwt_article` WHERE  `nav_id` IN (39,40,41) ORDER BY created desc LIMIT 4 [ RunTime:0.000307s ]
[ sql ] [ SQL ] SELECT * FROM `zwt_nav` WHERE  `pid` = 7 [ RunTime:0.000257s ]

---------------------------------------------------------------
[ 2017-08-23T09:39:57+08:00 ] 10.0.0.171 10.0.0.152 GET /index/index/article/id/91.html
[ log ] 10.0.0.171/index/index/article/id/91.html [运行时间：0.079801s][吞吐率：12.53req/s] [内存消耗：4,002.58kb] [文件加载：53]
[ info ] [ LANG ] D:\wamp\www\zwt5\thinkphp\lang\zh-cn.php
[ info ] [ ROUTE ] array (
  'type' => 'module',
  'module' => 
  array (
    0 => 'index',
    1 => 'index',
    2 => 'article',
  ),
)
[ info ] [ HEADER ] array (
  'accept' => 'text/html, application/xhtml+xml, image/jxr, */*',
  'referer' => 'http://10.0.0.171/index/index/index.html',
  'accept-language' => 'zh-CN',
  'accept-encoding' => 'gzip, deflate',
  'host' => '10.0.0.171',
  'connection' => 'Keep-Alive',
  'user-agent' => 'Mozilla/5.0 (Windows NT 10.0; WOW64; Trident/7.0; rv:11.0) like Gecko Core/1.53.3357.400 QQBrowser/9.6.11858.400',
)
[ info ] [ PARAM ] array (
  'id' => '91',
)
[ info ] [ RUN ] app\index\controller\IndexController->article[ D:\wamp\www\zwt5\application\index\controller\IndexController.php ]
[ info ] [ DB ] INIT mysql
[ info ] [ VIEW ] D:\wamp\www\zwt5\public/../application/index\view\index\details.html [ array (
  0 => 'list',
  1 => 'onenav',
  2 => 'twonav',
  3 => 'article',
  4 => 'back',
  5 => 'next',
) ]
[ info ] [ LOG ] INIT File
[ sql ] [ DB ] CONNECT:[ UseTime:0.010811s ] mysql:dbname=zhuwentou;host=127.0.0.1;charset=utf8
[ sql ] [ SQL ] SHOW COLUMNS FROM `zwt_nav` [ RunTime:0.006733s ]
[ sql ] [ SQL ] SELECT * FROM `zwt_nav` [ RunTime:0.000400s ]
[ sql ] [ SQL ] SHOW COLUMNS FROM `zwt_article` [ RunTime:0.005246s ]
[ sql ] [ SQL ] SELECT * FROM `zwt_article` WHERE  `id` = 91 LIMIT 1 [ RunTime:0.000464s ]
[ sql ] [ SQL ] SELECT * FROM `zwt_nav` WHERE  `id` = 41 LIMIT 1 [ RunTime:0.000337s ]
[ sql ] [ SQL ] SELECT * FROM `zwt_nav` WHERE  `id` = 38 LIMIT 1 [ RunTime:0.000167s ]
[ sql ] [ SQL ] SELECT * FROM `zwt_article` WHERE  `created` > '2017-08-22 14:57:47'  AND `nav_id` = 41 ORDER BY created desc LIMIT 1 [ RunTime:0.000316s ]
[ sql ] [ SQL ] SELECT * FROM `zwt_article` WHERE  `created` < '2017-08-22 14:57:47'  AND `nav_id` = 41 ORDER BY created desc LIMIT 1 [ RunTime:0.000283s ]

---------------------------------------------------------------
[ 2017-08-23T09:40:00+08:00 ] 10.0.0.171 10.0.0.152 GET /index/index/news/id/41.html
[ log ] 10.0.0.171/index/index/news/id/41.html [运行时间：0.068922s][吞吐率：14.51req/s] [内存消耗：4,225.66kb] [文件加载：55]
[ info ] [ LANG ] D:\wamp\www\zwt5\thinkphp\lang\zh-cn.php
[ info ] [ ROUTE ] array (
  'type' => 'module',
  'module' => 
  array (
    0 => 'index',
    1 => 'index',
    2 => 'news',
  ),
)
[ info ] [ HEADER ] array (
  'accept' => 'text/html, application/xhtml+xml, image/jxr, */*',
  'referer' => 'http://10.0.0.171/index/index/article/id/91.html',
  'accept-language' => 'zh-CN',
  'accept-encoding' => 'gzip, deflate',
  'host' => '10.0.0.171',
  'connection' => 'Keep-Alive',
  'user-agent' => 'Mozilla/5.0 (Windows NT 10.0; WOW64; Trident/7.0; rv:11.0) like Gecko Core/1.53.3357.400 QQBrowser/9.6.11858.400',
)
[ info ] [ PARAM ] array (
  'id' => '41',
)
[ info ] [ RUN ] app\index\controller\IndexController->news[ D:\wamp\www\zwt5\application\index\controller\IndexController.php ]
[ info ] [ DB ] INIT mysql
[ info ] [ VIEW ] D:\wamp\www\zwt5\public/../application/index\view\index\news.html [ array (
  0 => 'list',
  1 => 'article',
  2 => 'onenav',
  3 => 'twonav',
) ]
[ info ] [ LOG ] INIT File
[ sql ] [ DB ] CONNECT:[ UseTime:0.000887s ] mysql:dbname=zhuwentou;host=127.0.0.1;charset=utf8
[ sql ] [ SQL ] SHOW COLUMNS FROM `zwt_nav` [ RunTime:0.006095s ]
[ sql ] [ SQL ] SELECT * FROM `zwt_nav` [ RunTime:0.000356s ]
[ sql ] [ SQL ] SELECT * FROM `zwt_nav` WHERE  `htmlName` = 'news'  AND `id` = 41 LIMIT 1 [ RunTime:0.000260s ]
[ sql ] [ SQL ] SELECT * FROM `zwt_nav` WHERE  `id` = 38 LIMIT 1 [ RunTime:0.000341s ]
[ sql ] [ SQL ] SHOW COLUMNS FROM `zwt_article` [ RunTime:0.006005s ]
[ sql ] [ SQL ] SELECT * FROM `zwt_article` WHERE  `nav_id` = 41 ORDER BY created desc [ RunTime:0.000406s ]

---------------------------------------------------------------
[ 2017-08-23T09:40:12+08:00 ] 10.0.0.171 10.0.0.152 GET /index/index/article/id/90.html
[ log ] 10.0.0.171/index/index/article/id/90.html [运行时间：0.092303s][吞吐率：10.83req/s] [内存消耗：3,993.15kb] [文件加载：53]
[ info ] [ LANG ] D:\wamp\www\zwt5\thinkphp\lang\zh-cn.php
[ info ] [ ROUTE ] array (
  'type' => 'module',
  'module' => 
  array (
    0 => 'index',
    1 => 'index',
    2 => 'article',
  ),
)
[ info ] [ HEADER ] array (
  'accept' => 'text/html, application/xhtml+xml, image/jxr, */*',
  'referer' => 'http://10.0.0.171/index/index/news/id/41.html',
  'accept-language' => 'zh-CN',
  'accept-encoding' => 'gzip, deflate',
  'host' => '10.0.0.171',
  'connection' => 'Keep-Alive',
  'user-agent' => 'Mozilla/5.0 (Windows NT 10.0; WOW64; Trident/7.0; rv:11.0) like Gecko Core/1.53.3357.400 QQBrowser/9.6.11858.400',
)
[ info ] [ PARAM ] array (
  'id' => '90',
)
[ info ] [ RUN ] app\index\controller\IndexController->article[ D:\wamp\www\zwt5\application\index\controller\IndexController.php ]
[ info ] [ DB ] INIT mysql
[ info ] [ VIEW ] D:\wamp\www\zwt5\public/../application/index\view\index\details.html [ array (
  0 => 'list',
  1 => 'onenav',
  2 => 'twonav',
  3 => 'article',
  4 => 'back',
  5 => 'next',
) ]
[ info ] [ LOG ] INIT File
[ sql ] [ DB ] CONNECT:[ UseTime:0.000987s ] mysql:dbname=zhuwentou;host=127.0.0.1;charset=utf8
[ sql ] [ SQL ] SHOW COLUMNS FROM `zwt_nav` [ RunTime:0.008279s ]
[ sql ] [ SQL ] SELECT * FROM `zwt_nav` [ RunTime:0.000744s ]
[ sql ] [ SQL ] SHOW COLUMNS FROM `zwt_article` [ RunTime:0.008184s ]
[ sql ] [ SQL ] SELECT * FROM `zwt_article` WHERE  `id` = 90 LIMIT 1 [ RunTime:0.000430s ]
[ sql ] [ SQL ] SELECT * FROM `zwt_nav` WHERE  `id` = 41 LIMIT 1 [ RunTime:0.000402s ]
[ sql ] [ SQL ] SELECT * FROM `zwt_nav` WHERE  `id` = 38 LIMIT 1 [ RunTime:0.000246s ]
[ sql ] [ SQL ] SELECT * FROM `zwt_article` WHERE  `created` > '2017-08-22 15:01:01'  AND `nav_id` = 41 ORDER BY created desc LIMIT 1 [ RunTime:0.000505s ]
[ sql ] [ SQL ] SELECT * FROM `zwt_article` WHERE  `created` < '2017-08-22 15:01:01'  AND `nav_id` = 41 ORDER BY created desc LIMIT 1 [ RunTime:0.000506s ]

---------------------------------------------------------------
[ 2017-08-23T09:40:12+08:00 ] 10.0.0.171 10.0.0.152 GET /static/index/img/news/gongyi/3.png
[ log ] 10.0.0.171/static/index/img/news/gongyi/3.png [运行时间：0.041641s][吞吐率：24.01req/s] [内存消耗：2,147.43kb] [文件加载：40]
[ info ] [ LANG ] D:\wamp\www\zwt5\thinkphp\lang\zh-cn.php
[ info ] [ ROUTE ] array (
  'type' => 'module',
  'module' => 
  array (
    0 => 'static',
    1 => 'index',
    2 => 'img',
  ),
)
[ info ] [ HEADER ] array (
  'accept' => 'image/png, image/svg+xml, image/jxr, image/*;q=0.8, */*;q=0.5',
  'referer' => 'http://10.0.0.171/index/index/article/id/90.html',
  'accept-language' => 'zh-CN',
  'accept-encoding' => 'gzip, deflate',
  'host' => '10.0.0.171',
  'connection' => 'Keep-Alive',
  'user-agent' => 'Mozilla/5.0 (Windows NT 10.0; WOW64; Trident/7.0; rv:11.0) like Gecko Core/1.53.3357.400 QQBrowser/9.6.11858.400',
)
[ info ] [ PARAM ] array (
  'news' => 'gongyi',
)
[ info ] [ LOG ] INIT File

---------------------------------------------------------------
[ 2017-08-23T09:40:23+08:00 ] 10.0.0.171 10.0.0.152 GET /
[ log ] 10.0.0.171/ [运行时间：0.094929s][吞吐率：10.53req/s] [内存消耗：3,962.55kb] [文件加载：53]
[ info ] [ LANG ] D:\wamp\www\zwt5\thinkphp\lang\zh-cn.php
[ info ] [ ROUTE ] array (
  'type' => 'module',
  'module' => 
  array (
    0 => '',
    1 => NULL,
    2 => NULL,
  ),
)
[ info ] [ HEADER ] array (
  'accept' => 'text/html, application/xhtml+xml, image/jxr, */*',
  'accept-language' => 'zh-CN',
  'user-agent' => 'Mozilla/5.0 (Windows NT 10.0; WOW64; Trident/7.0; rv:11.0) like Gecko Core/1.53.3357.400 QQBrowser/9.6.11858.400',
  'accept-encoding' => 'gzip, deflate',
  'host' => '10.0.0.171',
  'connection' => 'Keep-Alive',
)
[ info ] [ PARAM ] array (
)
[ info ] [ RUN ] app\index\controller\IndexController->index[ D:\wamp\www\zwt5\application\index\controller\IndexController.php ]
[ info ] [ DB ] INIT mysql
[ info ] [ VIEW ] D:\wamp\www\zwt5\public/../application/index\view\index\index.html [ array (
  0 => 'list',
  1 => 'ri',
  2 => 'ny',
  3 => 'newest',
  4 => 'newslist',
  5 => 'jituan',
) ]
[ info ] [ LOG ] INIT File
[ sql ] [ DB ] CONNECT:[ UseTime:0.001066s ] mysql:dbname=zhuwentou;host=127.0.0.1;charset=utf8
[ sql ] [ SQL ] SHOW COLUMNS FROM `zwt_nav` [ RunTime:0.007070s ]
[ sql ] [ SQL ] SELECT * FROM `zwt_nav` [ RunTime:0.000765s ]
[ sql ] [ SQL ] SELECT * FROM `zwt_nav` WHERE  `pid` = 38 [ RunTime:0.000440s ]
[ sql ] [ SQL ] SHOW COLUMNS FROM `zwt_article` [ RunTime:0.007299s ]
[ sql ] [ SQL ] SELECT `id`,`title`,`yinxu`,`created` FROM `zwt_article` WHERE  `nav_id` IN (39,40,41) ORDER BY created desc LIMIT 1 [ RunTime:0.000467s ]
[ sql ] [ SQL ] SELECT `id`,`title`,`yinxu`,`created` FROM `zwt_article` WHERE  `nav_id` IN (39,40,41) ORDER BY created desc LIMIT 4 [ RunTime:0.000395s ]
[ sql ] [ SQL ] SELECT * FROM `zwt_nav` WHERE  `pid` = 7 [ RunTime:0.000405s ]

---------------------------------------------------------------
[ 2017-08-23T09:40:25+08:00 ] 10.0.0.171 10.0.0.152 GET /index/index/index.html
[ log ] 10.0.0.171/index/index/index.html [运行时间：0.098427s][吞吐率：10.16req/s] [内存消耗：3,967.00kb] [文件加载：53]
[ info ] [ LANG ] D:\wamp\www\zwt5\thinkphp\lang\zh-cn.php
[ info ] [ ROUTE ] array (
  'type' => 'module',
  'module' => 
  array (
    0 => 'index',
    1 => 'index',
    2 => 'index',
  ),
)
[ info ] [ HEADER ] array (
  'accept' => 'text/html, application/xhtml+xml, image/jxr, */*',
  'referer' => 'http://10.0.0.171/',
  'accept-language' => 'zh-CN',
  'user-agent' => 'Mozilla/5.0 (Windows NT 10.0; WOW64; Trident/7.0; rv:11.0) like Gecko Core/1.53.3357.400 QQBrowser/9.6.11858.400',
  'accept-encoding' => 'gzip, deflate',
  'host' => '10.0.0.171',
  'connection' => 'Keep-Alive',
)
[ info ] [ PARAM ] array (
)
[ info ] [ RUN ] app\index\controller\IndexController->index[ D:\wamp\www\zwt5\application\index\controller\IndexController.php ]
[ info ] [ DB ] INIT mysql
[ info ] [ VIEW ] D:\wamp\www\zwt5\public/../application/index\view\index\index.html [ array (
  0 => 'list',
  1 => 'ri',
  2 => 'ny',
  3 => 'newest',
  4 => 'newslist',
  5 => 'jituan',
) ]
[ info ] [ LOG ] INIT File
[ sql ] [ DB ] CONNECT:[ UseTime:0.000681s ] mysql:dbname=zhuwentou;host=127.0.0.1;charset=utf8
[ sql ] [ SQL ] SHOW COLUMNS FROM `zwt_nav` [ RunTime:0.004871s ]
[ sql ] [ SQL ] SELECT * FROM `zwt_nav` [ RunTime:0.000465s ]
[ sql ] [ SQL ] SELECT * FROM `zwt_nav` WHERE  `pid` = 38 [ RunTime:0.000302s ]
[ sql ] [ SQL ] SHOW COLUMNS FROM `zwt_article` [ RunTime:0.004874s ]
[ sql ] [ SQL ] SELECT `id`,`title`,`yinxu`,`created` FROM `zwt_article` WHERE  `nav_id` IN (39,40,41) ORDER BY created desc LIMIT 1 [ RunTime:0.000344s ]
[ sql ] [ SQL ] SELECT `id`,`title`,`yinxu`,`created` FROM `zwt_article` WHERE  `nav_id` IN (39,40,41) ORDER BY created desc LIMIT 4 [ RunTime:0.000322s ]
[ sql ] [ SQL ] SELECT * FROM `zwt_nav` WHERE  `pid` = 7 [ RunTime:0.000313s ]

---------------------------------------------------------------
[ 2017-08-23T09:40:31+08:00 ] 10.0.0.171 10.0.0.152 GET /index/index/introduction/id/5.html
[ log ] 10.0.0.171/index/index/introduction/id/5.html [运行时间：0.120232s][吞吐率：8.32req/s] [内存消耗：3,956.19kb] [文件加载：53]
[ info ] [ LANG ] D:\wamp\www\zwt5\thinkphp\lang\zh-cn.php
[ info ] [ ROUTE ] array (
  'type' => 'module',
  'module' => 
  array (
    0 => 'index',
    1 => 'index',
    2 => 'introduction',
  ),
)
[ info ] [ HEADER ] array (
  'accept' => 'text/html, application/xhtml+xml, image/jxr, */*',
  'referer' => 'http://10.0.0.171/index/index/index.html',
  'accept-language' => 'zh-CN',
  'user-agent' => 'Mozilla/5.0 (Windows NT 10.0; WOW64; Trident/7.0; rv:11.0) like Gecko Core/1.53.3357.400 QQBrowser/9.6.11858.400',
  'accept-encoding' => 'gzip, deflate',
  'host' => '10.0.0.171',
  'connection' => 'Keep-Alive',
)
[ info ] [ PARAM ] array (
  'id' => '5',
)
[ info ] [ RUN ] app\index\controller\IndexController->introduction[ D:\wamp\www\zwt5\application\index\controller\IndexController.php ]
[ info ] [ DB ] INIT mysql
[ info ] [ VIEW ] D:\wamp\www\zwt5\public/../application/index\view\index\introduction.html [ array (
  0 => 'list',
  1 => 'onenav',
  2 => 'article',
) ]
[ info ] [ LOG ] INIT File
[ sql ] [ DB ] CONNECT:[ UseTime:0.010974s ] mysql:dbname=zhuwentou;host=127.0.0.1;charset=utf8
[ sql ] [ SQL ] SHOW COLUMNS FROM `zwt_nav` [ RunTime:0.016215s ]
[ sql ] [ SQL ] SELECT * FROM `zwt_nav` [ RunTime:0.001319s ]
[ sql ] [ SQL ] SELECT * FROM `zwt_nav` WHERE  `id` = 5 LIMIT 1 [ RunTime:0.000834s ]
[ sql ] [ SQL ] SELECT * FROM `zwt_nav` WHERE  `pid` = 5 LIMIT 1 [ RunTime:0.000799s ]
[ sql ] [ SQL ] SHOW COLUMNS FROM `zwt_article` [ RunTime:0.008915s ]
[ sql ] [ SQL ] SELECT * FROM `zwt_article` WHERE  `nav_id` = 35 LIMIT 1 [ RunTime:0.000454s ]

---------------------------------------------------------------
[ 2017-08-23T09:40:42+08:00 ] 10.0.0.171 10.0.0.152 GET /index/index/introduction/id/36.html
[ log ] 10.0.0.171/index/index/introduction/id/36.html [运行时间：0.067199s][吞吐率：14.88req/s] [内存消耗：3,963.25kb] [文件加载：53]
[ info ] [ LANG ] D:\wamp\www\zwt5\thinkphp\lang\zh-cn.php
[ info ] [ ROUTE ] array (
  'type' => 'module',
  'module' => 
  array (
    0 => 'index',
    1 => 'index',
    2 => 'introduction',
  ),
)
[ info ] [ HEADER ] array (
  'accept' => 'text/html, application/xhtml+xml, image/jxr, */*',
  'referer' => 'http://10.0.0.171/index/index/introduction/id/5.html',
  'accept-language' => 'zh-CN',
  'accept-encoding' => 'gzip, deflate',
  'host' => '10.0.0.171',
  'connection' => 'Keep-Alive',
  'user-agent' => 'Mozilla/5.0 (Windows NT 10.0; WOW64; Trident/7.0; rv:11.0) like Gecko Core/1.53.3357.400 QQBrowser/9.6.11858.400',
)
[ info ] [ PARAM ] array (
  'id' => '36',
)
[ info ] [ RUN ] app\index\controller\IndexController->introduction[ D:\wamp\www\zwt5\application\index\controller\IndexController.php ]
[ info ] [ DB ] INIT mysql
[ info ] [ VIEW ] D:\wamp\www\zwt5\public/../application/index\view\index\introduction.html [ array (
  0 => 'list',
  1 => 'onenav',
  2 => 'article',
) ]
[ info ] [ LOG ] INIT File
[ sql ] [ DB ] CONNECT:[ UseTime:0.010812s ] mysql:dbname=zhuwentou;host=127.0.0.1;charset=utf8
[ sql ] [ SQL ] SHOW COLUMNS FROM `zwt_nav` [ RunTime:0.005625s ]
[ sql ] [ SQL ] SELECT * FROM `zwt_nav` [ RunTime:0.000540s ]
[ sql ] [ SQL ] SELECT * FROM `zwt_nav` WHERE  `id` = 36 LIMIT 1 [ RunTime:0.000520s ]
[ sql ] [ SQL ] SELECT * FROM `zwt_nav` WHERE  `id` = 5 LIMIT 1 [ RunTime:0.000225s ]
[ sql ] [ SQL ] SHOW COLUMNS FROM `zwt_article` [ RunTime:0.006180s ]
[ sql ] [ SQL ] SELECT * FROM `zwt_article` WHERE  `nav_id` = 36 LIMIT 1 [ RunTime:0.000544s ]

---------------------------------------------------------------
[ 2017-08-23T09:40:59+08:00 ] 10.0.0.171 10.0.0.152 GET /index/index/introduction/id/37.html
[ log ] 10.0.0.171/index/index/introduction/id/37.html [运行时间：0.056611s][吞吐率：17.66req/s] [内存消耗：3,952.09kb] [文件加载：53]
[ info ] [ LANG ] D:\wamp\www\zwt5\thinkphp\lang\zh-cn.php
[ info ] [ ROUTE ] array (
  'type' => 'module',
  'module' => 
  array (
    0 => 'index',
    1 => 'index',
    2 => 'introduction',
  ),
)
[ info ] [ HEADER ] array (
  'accept' => 'text/html, application/xhtml+xml, image/jxr, */*',
  'referer' => 'http://10.0.0.171/index/index/introduction/id/36.html',
  'accept-language' => 'zh-CN',
  'accept-encoding' => 'gzip, deflate',
  'host' => '10.0.0.171',
  'connection' => 'Keep-Alive',
  'user-agent' => 'Mozilla/5.0 (Windows NT 10.0; WOW64; Trident/7.0; rv:11.0) like Gecko Core/1.53.3357.400 QQBrowser/9.6.11858.400',
)
[ info ] [ PARAM ] array (
  'id' => '37',
)
[ info ] [ RUN ] app\index\controller\IndexController->introduction[ D:\wamp\www\zwt5\application\index\controller\IndexController.php ]
[ info ] [ DB ] INIT mysql
[ info ] [ VIEW ] D:\wamp\www\zwt5\public/../application/index\view\index\introduction.html [ array (
  0 => 'list',
  1 => 'onenav',
  2 => 'article',
) ]
[ info ] [ LOG ] INIT File
[ sql ] [ DB ] CONNECT:[ UseTime:0.000873s ] mysql:dbname=zhuwentou;host=127.0.0.1;charset=utf8
[ sql ] [ SQL ] SHOW COLUMNS FROM `zwt_nav` [ RunTime:0.006248s ]
[ sql ] [ SQL ] SELECT * FROM `zwt_nav` [ RunTime:0.000542s ]
[ sql ] [ SQL ] SELECT * FROM `zwt_nav` WHERE  `id` = 37 LIMIT 1 [ RunTime:0.000352s ]
[ sql ] [ SQL ] SELECT * FROM `zwt_nav` WHERE  `id` = 5 LIMIT 1 [ RunTime:0.000118s ]
[ sql ] [ SQL ] SHOW COLUMNS FROM `zwt_article` [ RunTime:0.006232s ]
[ sql ] [ SQL ] SELECT * FROM `zwt_article` WHERE  `nav_id` = 37 LIMIT 1 [ RunTime:0.000418s ]

---------------------------------------------------------------
[ 2017-08-23T09:41:11+08:00 ] 10.0.0.171 10.0.0.152 GET /index/index/brand/id/30.html
[ log ] 10.0.0.171/index/index/brand/id/30.html [运行时间：0.127581s][吞吐率：7.84req/s] [内存消耗：4,186.35kb] [文件加载：55]
[ info ] [ LANG ] D:\wamp\www\zwt5\thinkphp\lang\zh-cn.php
[ info ] [ ROUTE ] array (
  'type' => 'module',
  'module' => 
  array (
    0 => 'index',
    1 => 'index',
    2 => 'brand',
  ),
)
[ info ] [ HEADER ] array (
  'accept' => 'text/html, application/xhtml+xml, image/jxr, */*',
  'referer' => 'http://10.0.0.171/index/index/introduction/id/37.html',
  'accept-language' => 'zh-CN',
  'accept-encoding' => 'gzip, deflate',
  'host' => '10.0.0.171',
  'connection' => 'Keep-Alive',
  'user-agent' => 'Mozilla/5.0 (Windows NT 10.0; WOW64; Trident/7.0; rv:11.0) like Gecko Core/1.53.3357.400 QQBrowser/9.6.11858.400',
)
[ info ] [ PARAM ] array (
  'id' => '30',
)
[ info ] [ RUN ] app\index\controller\IndexController->brand[ D:\wamp\www\zwt5\application\index\controller\IndexController.php ]
[ info ] [ DB ] INIT mysql
[ info ] [ VIEW ] D:\wamp\www\zwt5\public/../application/index\view\index\brand.html [ array (
  0 => 'list',
  1 => 'location',
  2 => 'onenav',
  3 => 'twonav',
  4 => 'sannav',
) ]
[ info ] [ LOG ] INIT File
[ sql ] [ DB ] CONNECT:[ UseTime:0.001649s ] mysql:dbname=zhuwentou;host=127.0.0.1;charset=utf8
[ sql ] [ SQL ] SHOW COLUMNS FROM `zwt_nav` [ RunTime:0.009430s ]
[ sql ] [ SQL ] SELECT * FROM `zwt_nav` [ RunTime:0.000599s ]
[ sql ] [ SQL ] SELECT * FROM `zwt_nav` WHERE  `htmlName` = 'brand'  AND `id` = 30 LIMIT 1 [ RunTime:0.000451s ]
[ sql ] [ SQL ] SELECT * FROM `zwt_nav` WHERE  `pid` = 30 [ RunTime:0.000375s ]
[ sql ] [ SQL ] SELECT * FROM `zwt_nav` WHERE  `id` = 6 LIMIT 1 [ RunTime:0.000361s ]
[ sql ] [ SQL ] SELECT * FROM `zwt_nav` WHERE  `pid` = 6 [ RunTime:0.000397s ]

---------------------------------------------------------------
[ 2017-08-23T09:41:16+08:00 ] 10.0.0.171 10.0.0.152 GET /index/index/brand/id/6.html
[ log ] 10.0.0.171/index/index/brand/id/6.html [运行时间：0.049893s][吞吐率：20.04req/s] [内存消耗：3,962.16kb] [文件加载：53]
[ info ] [ LANG ] D:\wamp\www\zwt5\thinkphp\lang\zh-cn.php
[ info ] [ ROUTE ] array (
  'type' => 'module',
  'module' => 
  array (
    0 => 'index',
    1 => 'index',
    2 => 'brand',
  ),
)
[ info ] [ HEADER ] array (
  'accept' => 'text/html, application/xhtml+xml, image/jxr, */*',
  'referer' => 'http://10.0.0.171/index/index/brand/id/30.html',
  'accept-language' => 'zh-CN',
  'accept-encoding' => 'gzip, deflate',
  'host' => '10.0.0.171',
  'connection' => 'Keep-Alive',
  'user-agent' => 'Mozilla/5.0 (Windows NT 10.0; WOW64; Trident/7.0; rv:11.0) like Gecko Core/1.53.3357.400 QQBrowser/9.6.11858.400',
)
[ info ] [ PARAM ] array (
  'id' => '6',
)
[ info ] [ RUN ] app\index\controller\IndexController->brand[ D:\wamp\www\zwt5\application\index\controller\IndexController.php ]
[ info ] [ DB ] INIT mysql
[ info ] [ VIEW ] D:\wamp\www\zwt5\public/../application/index\view\index\brand.html [ array (
  0 => 'list',
  1 => 'location',
  2 => 'onenav',
  3 => 'twonav',
  4 => 'sannav',
) ]
[ info ] [ LOG ] INIT File
[ sql ] [ DB ] CONNECT:[ UseTime:0.000811s ] mysql:dbname=zhuwentou;host=127.0.0.1;charset=utf8
[ sql ] [ SQL ] SHOW COLUMNS FROM `zwt_nav` [ RunTime:0.005425s ]
[ sql ] [ SQL ] SELECT * FROM `zwt_nav` [ RunTime:0.000482s ]
[ sql ] [ SQL ] SELECT * FROM `zwt_nav` WHERE  `htmlName` = 'brand'  AND `id` = 6 LIMIT 1 [ RunTime:0.000432s ]
[ sql ] [ SQL ] SELECT * FROM `zwt_nav` WHERE  `pid` = 6 [ RunTime:0.000311s ]
[ sql ] [ SQL ] SELECT * FROM `zwt_nav` WHERE  `pid` IN (30,31,32) [ RunTime:0.000307s ]

---------------------------------------------------------------
[ 2017-08-23T09:41:22+08:00 ] 10.0.0.171 10.0.0.152 GET /index/index/article/pid/55.html
[ log ] 10.0.0.171/index/index/article/pid/55.html [运行时间：0.079400s][吞吐率：12.59req/s] [内存消耗：4,198.52kb] [文件加载：55]
[ info ] [ LANG ] D:\wamp\www\zwt5\thinkphp\lang\zh-cn.php
[ info ] [ ROUTE ] array (
  'type' => 'module',
  'module' => 
  array (
    0 => 'index',
    1 => 'index',
    2 => 'article',
  ),
)
[ info ] [ HEADER ] array (
  'accept' => 'text/html, application/xhtml+xml, image/jxr, */*',
  'accept-language' => 'zh-CN',
  'accept-encoding' => 'gzip, deflate',
  'host' => '10.0.0.171',
  'connection' => 'Keep-Alive',
  'user-agent' => 'Mozilla/5.0 (Windows NT 10.0; WOW64; Trident/7.0; rv:11.0) like Gecko Core/1.53.3357.400 QQBrowser/9.6.11858.400',
)
[ info ] [ PARAM ] array (
  'pid' => '55',
)
[ info ] [ RUN ] app\index\controller\IndexController->article[ D:\wamp\www\zwt5\application\index\controller\IndexController.php ]
[ info ] [ DB ] INIT mysql
[ info ] [ VIEW ] D:\wamp\www\zwt5\public/../application/index\view\index\product.html [ array (
  0 => 'list',
  1 => 'onenav',
  2 => 'twonav',
  3 => 'sannav',
  4 => 'article',
) ]
[ info ] [ LOG ] INIT File
[ sql ] [ DB ] CONNECT:[ UseTime:0.011284s ] mysql:dbname=zhuwentou;host=127.0.0.1;charset=utf8
[ sql ] [ SQL ] SHOW COLUMNS FROM `zwt_nav` [ RunTime:0.007478s ]
[ sql ] [ SQL ] SELECT * FROM `zwt_nav` [ RunTime:0.000417s ]
[ sql ] [ SQL ] SELECT * FROM `zwt_nav` WHERE  `id` = 55 LIMIT 1 [ RunTime:0.000275s ]
[ sql ] [ SQL ] SELECT * FROM `zwt_nav` WHERE  `id` = 30 LIMIT 1 [ RunTime:0.000125s ]
[ sql ] [ SQL ] SELECT * FROM `zwt_nav` WHERE  `id` = 6 LIMIT 1 [ RunTime:0.000152s ]
[ sql ] [ SQL ] SHOW COLUMNS FROM `zwt_article` [ RunTime:0.005422s ]
[ sql ] [ SQL ] SELECT * FROM `zwt_article` WHERE  `nav_id` = 55 LIMIT 1 [ RunTime:0.000428s ]

---------------------------------------------------------------
[ 2017-08-23T09:41:33+08:00 ] 10.0.0.171 10.0.0.152 GET /index/index/article/pid/56.html
[ log ] 10.0.0.171/index/index/article/pid/56.html [运行时间：0.096956s][吞吐率：10.31req/s] [内存消耗：3,961.91kb] [文件加载：53]
[ info ] [ LANG ] D:\wamp\www\zwt5\thinkphp\lang\zh-cn.php
[ info ] [ ROUTE ] array (
  'type' => 'module',
  'module' => 
  array (
    0 => 'index',
    1 => 'index',
    2 => 'article',
  ),
)
[ info ] [ HEADER ] array (
  'accept' => 'text/html, application/xhtml+xml, image/jxr, */*',
  'referer' => 'http://10.0.0.171/index/index/article/pid/55.html',
  'accept-language' => 'zh-CN',
  'accept-encoding' => 'gzip, deflate',
  'host' => '10.0.0.171',
  'connection' => 'Keep-Alive',
  'user-agent' => 'Mozilla/5.0 (Windows NT 10.0; WOW64; Trident/7.0; rv:11.0) like Gecko Core/1.53.3357.400 QQBrowser/9.6.11858.400',
)
[ info ] [ PARAM ] array (
  'pid' => '56',
)
[ info ] [ RUN ] app\index\controller\IndexController->article[ D:\wamp\www\zwt5\application\index\controller\IndexController.php ]
[ info ] [ DB ] INIT mysql
[ info ] [ VIEW ] D:\wamp\www\zwt5\public/../application/index\view\index\product.html [ array (
  0 => 'list',
  1 => 'onenav',
  2 => 'twonav',
  3 => 'sannav',
  4 => 'article',
) ]
[ info ] [ LOG ] INIT File
[ sql ] [ DB ] CONNECT:[ UseTime:0.001231s ] mysql:dbname=zhuwentou;host=127.0.0.1;charset=utf8
[ sql ] [ SQL ] SHOW COLUMNS FROM `zwt_nav` [ RunTime:0.010351s ]
[ sql ] [ SQL ] SELECT * FROM `zwt_nav` [ RunTime:0.000630s ]
[ sql ] [ SQL ] SELECT * FROM `zwt_nav` WHERE  `id` = 56 LIMIT 1 [ RunTime:0.000377s ]
[ sql ] [ SQL ] SELECT * FROM `zwt_nav` WHERE  `id` = 30 LIMIT 1 [ RunTime:0.000233s ]
[ sql ] [ SQL ] SELECT * FROM `zwt_nav` WHERE  `id` = 6 LIMIT 1 [ RunTime:0.000213s ]
[ sql ] [ SQL ] SHOW COLUMNS FROM `zwt_article` [ RunTime:0.008522s ]
[ sql ] [ SQL ] SELECT * FROM `zwt_article` WHERE  `nav_id` = 56 LIMIT 1 [ RunTime:0.000491s ]

---------------------------------------------------------------
[ 2017-08-23T09:41:41+08:00 ] 10.0.0.171 10.0.0.152 GET /index/index/article/pid/57.html
[ log ] 10.0.0.171/index/index/article/pid/57.html [运行时间：0.093549s][吞吐率：10.69req/s] [内存消耗：3,961.98kb] [文件加载：53]
[ info ] [ LANG ] D:\wamp\www\zwt5\thinkphp\lang\zh-cn.php
[ info ] [ ROUTE ] array (
  'type' => 'module',
  'module' => 
  array (
    0 => 'index',
    1 => 'index',
    2 => 'article',
  ),
)
[ info ] [ HEADER ] array (
  'accept' => 'text/html, application/xhtml+xml, image/jxr, */*',
  'referer' => 'http://10.0.0.171/index/index/article/pid/56.html',
  'accept-language' => 'zh-CN',
  'accept-encoding' => 'gzip, deflate',
  'host' => '10.0.0.171',
  'connection' => 'Keep-Alive',
  'user-agent' => 'Mozilla/5.0 (Windows NT 10.0; WOW64; Trident/7.0; rv:11.0) like Gecko Core/1.53.3357.400 QQBrowser/9.6.11858.400',
)
[ info ] [ PARAM ] array (
  'pid' => '57',
)
[ info ] [ RUN ] app\index\controller\IndexController->article[ D:\wamp\www\zwt5\application\index\controller\IndexController.php ]
[ info ] [ DB ] INIT mysql
[ info ] [ VIEW ] D:\wamp\www\zwt5\public/../application/index\view\index\product.html [ array (
  0 => 'list',
  1 => 'onenav',
  2 => 'twonav',
  3 => 'sannav',
  4 => 'article',
) ]
[ info ] [ LOG ] INIT File
[ sql ] [ DB ] CONNECT:[ UseTime:0.010254s ] mysql:dbname=zhuwentou;host=127.0.0.1;charset=utf8
[ sql ] [ SQL ] SHOW COLUMNS FROM `zwt_nav` [ RunTime:0.006246s ]
[ sql ] [ SQL ] SELECT * FROM `zwt_nav` [ RunTime:0.000481s ]
[ sql ] [ SQL ] SELECT * FROM `zwt_nav` WHERE  `id` = 57 LIMIT 1 [ RunTime:0.000342s ]
[ sql ] [ SQL ] SELECT * FROM `zwt_nav` WHERE  `id` = 30 LIMIT 1 [ RunTime:0.000219s ]
[ sql ] [ SQL ] SELECT * FROM `zwt_nav` WHERE  `id` = 6 LIMIT 1 [ RunTime:0.000219s ]
[ sql ] [ SQL ] SHOW COLUMNS FROM `zwt_article` [ RunTime:0.005052s ]
[ sql ] [ SQL ] SELECT * FROM `zwt_article` WHERE  `nav_id` = 57 LIMIT 1 [ RunTime:0.000345s ]

---------------------------------------------------------------
[ 2017-08-23T09:41:47+08:00 ] 10.0.0.171 10.0.0.152 GET /index/index/article/pid/58.html
[ log ] 10.0.0.171/index/index/article/pid/58.html [运行时间：0.051817s][吞吐率：19.30req/s] [内存消耗：3,961.02kb] [文件加载：53]
[ info ] [ LANG ] D:\wamp\www\zwt5\thinkphp\lang\zh-cn.php
[ info ] [ ROUTE ] array (
  'type' => 'module',
  'module' => 
  array (
    0 => 'index',
    1 => 'index',
    2 => 'article',
  ),
)
[ info ] [ HEADER ] array (
  'accept' => 'text/html, application/xhtml+xml, image/jxr, */*',
  'referer' => 'http://10.0.0.171/index/index/article/pid/57.html',
  'accept-language' => 'zh-CN',
  'accept-encoding' => 'gzip, deflate',
  'host' => '10.0.0.171',
  'connection' => 'Keep-Alive',
  'user-agent' => 'Mozilla/5.0 (Windows NT 10.0; WOW64; Trident/7.0; rv:11.0) like Gecko Core/1.53.3357.400 QQBrowser/9.6.11858.400',
)
[ info ] [ PARAM ] array (
  'pid' => '58',
)
[ info ] [ RUN ] app\index\controller\IndexController->article[ D:\wamp\www\zwt5\application\index\controller\IndexController.php ]
[ info ] [ DB ] INIT mysql
[ info ] [ VIEW ] D:\wamp\www\zwt5\public/../application/index\view\index\product.html [ array (
  0 => 'list',
  1 => 'onenav',
  2 => 'twonav',
  3 => 'sannav',
  4 => 'article',
) ]
[ info ] [ LOG ] INIT File
[ sql ] [ DB ] CONNECT:[ UseTime:0.000784s ] mysql:dbname=zhuwentou;host=127.0.0.1;charset=utf8
[ sql ] [ SQL ] SHOW COLUMNS FROM `zwt_nav` [ RunTime:0.006378s ]
[ sql ] [ SQL ] SELECT * FROM `zwt_nav` [ RunTime:0.000455s ]
[ sql ] [ SQL ] SELECT * FROM `zwt_nav` WHERE  `id` = 58 LIMIT 1 [ RunTime:0.000451s ]
[ sql ] [ SQL ] SELECT * FROM `zwt_nav` WHERE  `id` = 30 LIMIT 1 [ RunTime:0.000177s ]
[ sql ] [ SQL ] SELECT * FROM `zwt_nav` WHERE  `id` = 6 LIMIT 1 [ RunTime:0.000207s ]
[ sql ] [ SQL ] SHOW COLUMNS FROM `zwt_article` [ RunTime:0.006357s ]
[ sql ] [ SQL ] SELECT * FROM `zwt_article` WHERE  `nav_id` = 58 LIMIT 1 [ RunTime:0.000432s ]

---------------------------------------------------------------
[ 2017-08-23T09:42:02+08:00 ] 10.0.0.171 10.0.0.152 GET /index/index/article/pid/
[ log ] 10.0.0.171/index/index/article/pid/ [运行时间：0.062174s][吞吐率：16.08req/s] [内存消耗：4,104.88kb] [文件加载：55]
[ info ] [ LANG ] D:\wamp\www\zwt5\thinkphp\lang\zh-cn.php
[ info ] [ ROUTE ] array (
  'type' => 'module',
  'module' => 
  array (
    0 => 'index',
    1 => 'index',
    2 => 'article',
  ),
)
[ info ] [ HEADER ] array (
  'accept' => 'text/html, application/xhtml+xml, image/jxr, */*',
  'referer' => 'http://10.0.0.171/index/index/article/pid/58.html',
  'accept-language' => 'zh-CN',
  'accept-encoding' => 'gzip, deflate',
  'host' => '10.0.0.171',
  'connection' => 'Keep-Alive',
  'user-agent' => 'Mozilla/5.0 (Windows NT 10.0; WOW64; Trident/7.0; rv:11.0) like Gecko Core/1.53.3357.400 QQBrowser/9.6.11858.400',
)
[ info ] [ PARAM ] array (
)
[ info ] [ RUN ] app\index\controller\IndexController->article[ D:\wamp\www\zwt5\application\index\controller\IndexController.php ]
[ info ] [ DB ] INIT mysql
[ info ] [ VIEW ] D:\wamp\www\zwt5\thinkphp\tpl\dispatch_jump.tpl [ array (
  0 => 'list',
  1 => 'code',
  2 => 'msg',
  3 => 'data',
  4 => 'url',
  5 => 'wait',
) ]
[ info ] [ LOG ] INIT File
[ sql ] [ DB ] CONNECT:[ UseTime:0.000874s ] mysql:dbname=zhuwentou;host=127.0.0.1;charset=utf8
[ sql ] [ SQL ] SHOW COLUMNS FROM `zwt_nav` [ RunTime:0.004803s ]
[ sql ] [ SQL ] SELECT * FROM `zwt_nav` [ RunTime:0.000421s ]

---------------------------------------------------------------
[ 2017-08-23T09:42:08+08:00 ] 10.0.0.171 10.0.0.152 GET /index/index/brand/id/30.html
[ log ] 10.0.0.171/index/index/brand/id/30.html [运行时间：0.090627s][吞吐率：11.03req/s] [内存消耗：4,187.33kb] [文件加载：55]
[ info ] [ LANG ] D:\wamp\www\zwt5\thinkphp\lang\zh-cn.php
[ info ] [ ROUTE ] array (
  'type' => 'module',
  'module' => 
  array (
    0 => 'index',
    1 => 'index',
    2 => 'brand',
  ),
)
[ info ] [ HEADER ] array (
  'accept' => 'text/html, application/xhtml+xml, image/jxr, */*',
  'referer' => 'http://10.0.0.171/index/index/brand/id/6.html',
  'accept-language' => 'zh-CN',
  'accept-encoding' => 'gzip, deflate',
  'host' => '10.0.0.171',
  'connection' => 'Keep-Alive',
  'user-agent' => 'Mozilla/5.0 (Windows NT 10.0; WOW64; Trident/7.0; rv:11.0) like Gecko Core/1.53.3357.400 QQBrowser/9.6.11858.400',
)
[ info ] [ PARAM ] array (
  'id' => '30',
)
[ info ] [ RUN ] app\index\controller\IndexController->brand[ D:\wamp\www\zwt5\application\index\controller\IndexController.php ]
[ info ] [ DB ] INIT mysql
[ info ] [ VIEW ] D:\wamp\www\zwt5\public/../application/index\view\index\brand.html [ array (
  0 => 'list',
  1 => 'location',
  2 => 'onenav',
  3 => 'twonav',
  4 => 'sannav',
) ]
[ info ] [ LOG ] INIT File
[ sql ] [ DB ] CONNECT:[ UseTime:0.010582s ] mysql:dbname=zhuwentou;host=127.0.0.1;charset=utf8
[ sql ] [ SQL ] SHOW COLUMNS FROM `zwt_nav` [ RunTime:0.006132s ]
[ sql ] [ SQL ] SELECT * FROM `zwt_nav` [ RunTime:0.000588s ]
[ sql ] [ SQL ] SELECT * FROM `zwt_nav` WHERE  `htmlName` = 'brand'  AND `id` = 30 LIMIT 1 [ RunTime:0.000460s ]
[ sql ] [ SQL ] SELECT * FROM `zwt_nav` WHERE  `pid` = 30 [ RunTime:0.000406s ]
[ sql ] [ SQL ] SELECT * FROM `zwt_nav` WHERE  `id` = 6 LIMIT 1 [ RunTime:0.000356s ]
[ sql ] [ SQL ] SELECT * FROM `zwt_nav` WHERE  `pid` = 6 [ RunTime:0.000394s ]

---------------------------------------------------------------
[ 2017-08-23T09:42:09+08:00 ] 10.0.0.171 10.0.0.152 GET /index/index/brand/id/31.html
[ log ] 10.0.0.171/index/index/brand/id/31.html [运行时间：0.057507s][吞吐率：17.39req/s] [内存消耗：3,946.77kb] [文件加载：53]
[ info ] [ LANG ] D:\wamp\www\zwt5\thinkphp\lang\zh-cn.php
[ info ] [ ROUTE ] array (
  'type' => 'module',
  'module' => 
  array (
    0 => 'index',
    1 => 'index',
    2 => 'brand',
  ),
)
[ info ] [ HEADER ] array (
  'accept' => 'text/html, application/xhtml+xml, image/jxr, */*',
  'referer' => 'http://10.0.0.171/index/index/brand/id/30.html',
  'accept-language' => 'zh-CN',
  'accept-encoding' => 'gzip, deflate',
  'host' => '10.0.0.171',
  'connection' => 'Keep-Alive',
  'user-agent' => 'Mozilla/5.0 (Windows NT 10.0; WOW64; Trident/7.0; rv:11.0) like Gecko Core/1.53.3357.400 QQBrowser/9.6.11858.400',
)
[ info ] [ PARAM ] array (
  'id' => '31',
)
[ info ] [ RUN ] app\index\controller\IndexController->brand[ D:\wamp\www\zwt5\application\index\controller\IndexController.php ]
[ info ] [ DB ] INIT mysql
[ info ] [ VIEW ] D:\wamp\www\zwt5\public/../application/index\view\index\brand.html [ array (
  0 => 'list',
  1 => 'location',
  2 => 'onenav',
  3 => 'twonav',
  4 => 'sannav',
) ]
[ info ] [ LOG ] INIT File
[ sql ] [ DB ] CONNECT:[ UseTime:0.010522s ] mysql:dbname=zhuwentou;host=127.0.0.1;charset=utf8
[ sql ] [ SQL ] SHOW COLUMNS FROM `zwt_nav` [ RunTime:0.005863s ]
[ sql ] [ SQL ] SELECT * FROM `zwt_nav` [ RunTime:0.000445s ]
[ sql ] [ SQL ] SELECT * FROM `zwt_nav` WHERE  `htmlName` = 'brand'  AND `id` = 31 LIMIT 1 [ RunTime:0.000560s ]
[ sql ] [ SQL ] SELECT * FROM `zwt_nav` WHERE  `pid` = 31 [ RunTime:0.000377s ]
[ sql ] [ SQL ] SELECT * FROM `zwt_nav` WHERE  `id` = 6 LIMIT 1 [ RunTime:0.000322s ]
[ sql ] [ SQL ] SELECT * FROM `zwt_nav` WHERE  `pid` = 6 [ RunTime:0.000374s ]

---------------------------------------------------------------
[ 2017-08-23T09:42:11+08:00 ] 10.0.0.171 10.0.0.152 GET /index/index/brand/id/30.html
[ log ] 10.0.0.171/index/index/brand/id/30.html [运行时间：0.047516s][吞吐率：21.05req/s] [内存消耗：3,952.48kb] [文件加载：53]
[ info ] [ LANG ] D:\wamp\www\zwt5\thinkphp\lang\zh-cn.php
[ info ] [ ROUTE ] array (
  'type' => 'module',
  'module' => 
  array (
    0 => 'index',
    1 => 'index',
    2 => 'brand',
  ),
)
[ info ] [ HEADER ] array (
  'accept' => 'text/html, application/xhtml+xml, image/jxr, */*',
  'referer' => 'http://10.0.0.171/index/index/brand/id/31.html',
  'accept-language' => 'zh-CN',
  'accept-encoding' => 'gzip, deflate',
  'host' => '10.0.0.171',
  'connection' => 'Keep-Alive',
  'user-agent' => 'Mozilla/5.0 (Windows NT 10.0; WOW64; Trident/7.0; rv:11.0) like Gecko Core/1.53.3357.400 QQBrowser/9.6.11858.400',
)
[ info ] [ PARAM ] array (
  'id' => '30',
)
[ info ] [ RUN ] app\index\controller\IndexController->brand[ D:\wamp\www\zwt5\application\index\controller\IndexController.php ]
[ info ] [ DB ] INIT mysql
[ info ] [ VIEW ] D:\wamp\www\zwt5\public/../application/index\view\index\brand.html [ array (
  0 => 'list',
  1 => 'location',
  2 => 'onenav',
  3 => 'twonav',
  4 => 'sannav',
) ]
[ info ] [ LOG ] INIT File
[ sql ] [ DB ] CONNECT:[ UseTime:0.000815s ] mysql:dbname=zhuwentou;host=127.0.0.1;charset=utf8
[ sql ] [ SQL ] SHOW COLUMNS FROM `zwt_nav` [ RunTime:0.005467s ]
[ sql ] [ SQL ] SELECT * FROM `zwt_nav` [ RunTime:0.000505s ]
[ sql ] [ SQL ] SELECT * FROM `zwt_nav` WHERE  `htmlName` = 'brand'  AND `id` = 30 LIMIT 1 [ RunTime:0.000274s ]
[ sql ] [ SQL ] SELECT * FROM `zwt_nav` WHERE  `pid` = 30 [ RunTime:0.000341s ]
[ sql ] [ SQL ] SELECT * FROM `zwt_nav` WHERE  `id` = 6 LIMIT 1 [ RunTime:0.000313s ]
[ sql ] [ SQL ] SELECT * FROM `zwt_nav` WHERE  `pid` = 6 [ RunTime:0.000344s ]

---------------------------------------------------------------
[ 2017-08-23T09:42:12+08:00 ] 10.0.0.171 10.0.0.152 GET /index/index/article/pid/58.html
[ log ] 10.0.0.171/index/index/article/pid/58.html [运行时间：0.052474s][吞吐率：19.06req/s] [内存消耗：3,961.11kb] [文件加载：53]
[ info ] [ LANG ] D:\wamp\www\zwt5\thinkphp\lang\zh-cn.php
[ info ] [ ROUTE ] array (
  'type' => 'module',
  'module' => 
  array (
    0 => 'index',
    1 => 'index',
    2 => 'article',
  ),
)
[ info ] [ HEADER ] array (
  'accept' => 'text/html, application/xhtml+xml, image/jxr, */*',
  'accept-language' => 'zh-CN',
  'accept-encoding' => 'gzip, deflate',
  'host' => '10.0.0.171',
  'connection' => 'Keep-Alive',
  'user-agent' => 'Mozilla/5.0 (Windows NT 10.0; WOW64; Trident/7.0; rv:11.0) like Gecko Core/1.53.3357.400 QQBrowser/9.6.11858.400',
)
[ info ] [ PARAM ] array (
  'pid' => '58',
)
[ info ] [ RUN ] app\index\controller\IndexController->article[ D:\wamp\www\zwt5\application\index\controller\IndexController.php ]
[ info ] [ DB ] INIT mysql
[ info ] [ VIEW ] D:\wamp\www\zwt5\public/../application/index\view\index\product.html [ array (
  0 => 'list',
  1 => 'onenav',
  2 => 'twonav',
  3 => 'sannav',
  4 => 'article',
) ]
[ info ] [ LOG ] INIT File
[ sql ] [ DB ] CONNECT:[ UseTime:0.010582s ] mysql:dbname=zhuwentou;host=127.0.0.1;charset=utf8
[ sql ] [ SQL ] SHOW COLUMNS FROM `zwt_nav` [ RunTime:0.004679s ]
[ sql ] [ SQL ] SELECT * FROM `zwt_nav` [ RunTime:0.000402s ]
[ sql ] [ SQL ] SELECT * FROM `zwt_nav` WHERE  `id` = 58 LIMIT 1 [ RunTime:0.000321s ]
[ sql ] [ SQL ] SELECT * FROM `zwt_nav` WHERE  `id` = 30 LIMIT 1 [ RunTime:0.000158s ]
[ sql ] [ SQL ] SELECT * FROM `zwt_nav` WHERE  `id` = 6 LIMIT 1 [ RunTime:0.000155s ]
[ sql ] [ SQL ] SHOW COLUMNS FROM `zwt_article` [ RunTime:0.004716s ]
[ sql ] [ SQL ] SELECT * FROM `zwt_article` WHERE  `nav_id` = 58 LIMIT 1 [ RunTime:0.000302s ]

---------------------------------------------------------------
[ 2017-08-23T09:43:46+08:00 ] 10.0.0.171 10.0.0.190 GET /index/index/article/pid/87.html
[ log ] 10.0.0.171/index/index/article/pid/87.html [运行时间：0.072170s][吞吐率：13.86req/s] [内存消耗：4,202.06kb] [文件加载：55]
[ info ] [ LANG ] D:\wamp\www\zwt5\thinkphp\lang\zh-cn.php
[ info ] [ ROUTE ] array (
  'type' => 'module',
  'module' => 
  array (
    0 => 'index',
    1 => 'index',
    2 => 'article',
  ),
)
[ info ] [ HEADER ] array (
  'host' => '10.0.0.171',
  'connection' => 'keep-alive',
  'upgrade-insecure-requests' => '1',
  'user-agent' => 'Mozilla/5.0 (Windows NT 10.0; WOW64) AppleWebKit/537.36 (KHTML, like Gecko) Chrome/56.0.2924.87 Safari/537.36',
  'accept' => 'text/html,application/xhtml+xml,application/xml;q=0.9,image/webp,*/*;q=0.8',
  'referer' => 'http://10.0.0.171/index/index/introduction/id/5.html',
  'accept-encoding' => 'gzip, deflate, sdch',
  'accept-language' => 'zh-CN,zh;q=0.8',
)
[ info ] [ PARAM ] array (
  'pid' => '87',
)
[ info ] [ RUN ] app\index\controller\IndexController->article[ D:\wamp\www\zwt5\application\index\controller\IndexController.php ]
[ info ] [ DB ] INIT mysql
[ info ] [ VIEW ] D:\wamp\www\zwt5\public/../application/index\view\index\item.html [ array (
  0 => 'list',
  1 => 'onenav',
  2 => 'twonav',
  3 => 'sannav',
  4 => 'article',
) ]
[ info ] [ LOG ] INIT File
[ sql ] [ DB ] CONNECT:[ UseTime:0.010627s ] mysql:dbname=zhuwentou;host=127.0.0.1;charset=utf8
[ sql ] [ SQL ] SHOW COLUMNS FROM `zwt_nav` [ RunTime:0.006454s ]
[ sql ] [ SQL ] SELECT * FROM `zwt_nav` [ RunTime:0.000465s ]
[ sql ] [ SQL ] SELECT * FROM `zwt_nav` WHERE  `id` = 87 LIMIT 1 [ RunTime:0.000359s ]
[ sql ] [ SQL ] SELECT * FROM `zwt_nav` WHERE  `id` = 65 LIMIT 1 [ RunTime:0.000241s ]
[ sql ] [ SQL ] SELECT * FROM `zwt_nav` WHERE  `id` = 7 LIMIT 1 [ RunTime:0.000180s ]
[ sql ] [ SQL ] SHOW COLUMNS FROM `zwt_article` [ RunTime:0.006474s ]
[ sql ] [ SQL ] SELECT * FROM `zwt_article` WHERE  `nav_id` = 87 LIMIT 1 [ RunTime:0.000402s ]

---------------------------------------------------------------
[ 2017-08-23T09:44:39+08:00 ] 10.0.0.171 10.0.0.190 GET /index/index/article/pid/86.html
[ log ] 10.0.0.171/index/index/article/pid/86.html [运行时间：0.165077s][吞吐率：6.06req/s] [内存消耗：3,985.47kb] [文件加载：53]
[ info ] [ LANG ] D:\wamp\www\zwt5\thinkphp\lang\zh-cn.php
[ info ] [ ROUTE ] array (
  'type' => 'module',
  'module' => 
  array (
    0 => 'index',
    1 => 'index',
    2 => 'article',
  ),
)
[ info ] [ HEADER ] array (
  'host' => '10.0.0.171',
  'connection' => 'keep-alive',
  'upgrade-insecure-requests' => '1',
  'user-agent' => 'Mozilla/5.0 (Windows NT 10.0; WOW64) AppleWebKit/537.36 (KHTML, like Gecko) Chrome/56.0.2924.87 Safari/537.36',
  'accept' => 'text/html,application/xhtml+xml,application/xml;q=0.9,image/webp,*/*;q=0.8',
  'referer' => 'http://10.0.0.171/index/index/article/pid/87.html',
  'accept-encoding' => 'gzip, deflate, sdch',
  'accept-language' => 'zh-CN,zh;q=0.8',
)
[ info ] [ PARAM ] array (
  'pid' => '86',
)
[ info ] [ RUN ] app\index\controller\IndexController->article[ D:\wamp\www\zwt5\application\index\controller\IndexController.php ]
[ info ] [ DB ] INIT mysql
[ info ] [ VIEW ] D:\wamp\www\zwt5\public/../application/index\view\index\item.html [ array (
  0 => 'list',
  1 => 'onenav',
  2 => 'twonav',
  3 => 'sannav',
  4 => 'article',
) ]
[ info ] [ LOG ] INIT File
[ sql ] [ DB ] CONNECT:[ UseTime:0.011752s ] mysql:dbname=zhuwentou;host=127.0.0.1;charset=utf8
[ sql ] [ SQL ] SHOW COLUMNS FROM `zwt_nav` [ RunTime:0.019974s ]
[ sql ] [ SQL ] SELECT * FROM `zwt_nav` [ RunTime:0.001607s ]
[ sql ] [ SQL ] SELECT * FROM `zwt_nav` WHERE  `id` = 86 LIMIT 1 [ RunTime:0.000993s ]
[ sql ] [ SQL ] SELECT * FROM `zwt_nav` WHERE  `id` = 65 LIMIT 1 [ RunTime:0.000614s ]
[ sql ] [ SQL ] SELECT * FROM `zwt_nav` WHERE  `id` = 7 LIMIT 1 [ RunTime:0.000549s ]
[ sql ] [ SQL ] SHOW COLUMNS FROM `zwt_article` [ RunTime:0.017296s ]
[ sql ] [ SQL ] SELECT * FROM `zwt_article` WHERE  `nav_id` = 86 LIMIT 1 [ RunTime:0.000675s ]

---------------------------------------------------------------
[ 2017-08-23T09:44:39+08:00 ] 10.0.0.171 10.0.0.152 GET /index/index/article/pid/
[ log ] 10.0.0.171/index/index/article/pid/ [运行时间：0.049423s][吞吐率：20.23req/s] [内存消耗：3,887.76kb] [文件加载：53]
[ info ] [ LANG ] D:\wamp\www\zwt5\thinkphp\lang\zh-cn.php
[ info ] [ ROUTE ] array (
  'type' => 'module',
  'module' => 
  array (
    0 => 'index',
    1 => 'index',
    2 => 'article',
  ),
)
[ info ] [ HEADER ] array (
  'accept' => 'text/html, application/xhtml+xml, image/jxr, */*',
  'referer' => 'http://10.0.0.171/index/index/article/pid/58.html',
  'accept-language' => 'zh-CN',
  'accept-encoding' => 'gzip, deflate',
  'host' => '10.0.0.171',
  'connection' => 'Keep-Alive',
  'user-agent' => 'Mozilla/5.0 (Windows NT 10.0; WOW64; Trident/7.0; rv:11.0) like Gecko Core/1.53.3357.400 QQBrowser/9.6.11858.400',
)
[ info ] [ PARAM ] array (
)
[ info ] [ RUN ] app\index\controller\IndexController->article[ D:\wamp\www\zwt5\application\index\controller\IndexController.php ]
[ info ] [ DB ] INIT mysql
[ info ] [ VIEW ] D:\wamp\www\zwt5\thinkphp\tpl\dispatch_jump.tpl [ array (
  0 => 'list',
  1 => 'code',
  2 => 'msg',
  3 => 'data',
  4 => 'url',
  5 => 'wait',
) ]
[ info ] [ LOG ] INIT File
[ sql ] [ DB ] CONNECT:[ UseTime:0.010467s ] mysql:dbname=zhuwentou;host=127.0.0.1;charset=utf8
[ sql ] [ SQL ] SHOW COLUMNS FROM `zwt_nav` [ RunTime:0.004738s ]
[ sql ] [ SQL ] SELECT * FROM `zwt_nav` [ RunTime:0.000411s ]

---------------------------------------------------------------
[ 2017-08-23T09:44:43+08:00 ] 10.0.0.171 10.0.0.152 GET /index/index/article/pid/58.html
[ log ] 10.0.0.171/index/index/article/pid/58.html [运行时间：0.106542s][吞吐率：9.39req/s] [内存消耗：4,196.88kb] [文件加载：55]
[ info ] [ LANG ] D:\wamp\www\zwt5\thinkphp\lang\zh-cn.php
[ info ] [ ROUTE ] array (
  'type' => 'module',
  'module' => 
  array (
    0 => 'index',
    1 => 'index',
    2 => 'article',
  ),
)
[ info ] [ HEADER ] array (
  'accept' => 'text/html, application/xhtml+xml, image/jxr, */*',
  'accept-language' => 'zh-CN',
  'accept-encoding' => 'gzip, deflate',
  'host' => '10.0.0.171',
  'connection' => 'Keep-Alive',
  'user-agent' => 'Mozilla/5.0 (Windows NT 10.0; WOW64; Trident/7.0; rv:11.0) like Gecko Core/1.53.3357.400 QQBrowser/9.6.11858.400',
)
[ info ] [ PARAM ] array (
  'pid' => '58',
)
[ info ] [ RUN ] app\index\controller\IndexController->article[ D:\wamp\www\zwt5\application\index\controller\IndexController.php ]
[ info ] [ DB ] INIT mysql
[ info ] [ VIEW ] D:\wamp\www\zwt5\public/../application/index\view\index\product.html [ array (
  0 => 'list',
  1 => 'onenav',
  2 => 'twonav',
  3 => 'sannav',
  4 => 'article',
) ]
[ info ] [ LOG ] INIT File
[ sql ] [ DB ] CONNECT:[ UseTime:0.011139s ] mysql:dbname=zhuwentou;host=127.0.0.1;charset=utf8
[ sql ] [ SQL ] SHOW COLUMNS FROM `zwt_nav` [ RunTime:0.006409s ]
[ sql ] [ SQL ] SELECT * FROM `zwt_nav` [ RunTime:0.000453s ]
[ sql ] [ SQL ] SELECT * FROM `zwt_nav` WHERE  `id` = 58 LIMIT 1 [ RunTime:0.000333s ]
[ sql ] [ SQL ] SELECT * FROM `zwt_nav` WHERE  `id` = 30 LIMIT 1 [ RunTime:0.000151s ]
[ sql ] [ SQL ] SELECT * FROM `zwt_nav` WHERE  `id` = 6 LIMIT 1 [ RunTime:0.000148s ]
[ sql ] [ SQL ] SHOW COLUMNS FROM `zwt_article` [ RunTime:0.006236s ]
[ sql ] [ SQL ] SELECT * FROM `zwt_article` WHERE  `nav_id` = 58 LIMIT 1 [ RunTime:0.000329s ]

---------------------------------------------------------------
