[ 2017-08-24T09:52:55+08:00 ] 10.0.0.171 10.0.0.171 GET /index/index/news/id/41.html
[ log ] 10.0.0.171/index/index/news/id/41.html [运行时间：0.250669s][吞吐率：3.99req/s] [内存消耗：4,171.55kb] [文件加载：56]
[ info ] [ LANG ] D:\wamp\www\zwt5\thinkphp\lang\zh-cn.php
[ info ] [ ROUTE ] array (
  'type' => 'module',
  'module' => 
  array (
    0 => 'index',
    1 => 'index',
    2 => 'news',
  ),
)
[ info ] [ HEADER ] array (
  'host' => '10.0.0.171',
  'user-agent' => 'Mozilla/5.0 (Windows NT 10.0; WOW64; rv:54.0) Gecko/20100101 Firefox/54.0',
  'accept' => 'text/html,application/xhtml+xml,application/xml;q=0.9,*/*;q=0.8',
  'accept-language' => 'zh-CN,zh;q=0.8,en-US;q=0.5,en;q=0.3',
  'accept-encoding' => 'gzip, deflate',
  'connection' => 'keep-alive',
  'upgrade-insecure-requests' => '1',
)
[ info ] [ PARAM ] array (
  'id' => '41',
)
[ info ] [ RUN ] app\index\controller\IndexController->news[ D:\wamp\www\zwt5\application\index\controller\IndexController.php ]
[ info ] [ DB ] INIT mysql
[ info ] [ VIEW ] D:\wamp\www\zwt5\public/../application/index\view\index\news.html [ array (
  0 => 'list',
  1 => 'page',
  2 => 'article',
  3 => 'onenav',
  4 => 'twonav',
) ]
[ info ] [ LOG ] INIT File
[ sql ] [ DB ] CONNECT:[ UseTime:0.004684s ] mysql:dbname=zhuwentou;host=127.0.0.1;charset=utf8
[ sql ] [ SQL ] SHOW COLUMNS FROM `zwt_nav` [ RunTime:0.013484s ]
[ sql ] [ SQL ] SELECT * FROM `zwt_nav` [ RunTime:0.001062s ]
[ sql ] [ SQL ] SELECT * FROM `zwt_nav` WHERE  `htmlName` = 'news'  AND `id` = 41 LIMIT 1 [ RunTime:0.000620s ]
[ sql ] [ SQL ] SELECT * FROM `zwt_nav` WHERE  `id` = 38 LIMIT 1 [ RunTime:0.000499s ]
[ sql ] [ SQL ] SHOW COLUMNS FROM `zwt_article` [ RunTime:0.008867s ]
[ sql ] [ SQL ] SELECT COUNT(*) AS tp_count FROM `zwt_article` WHERE  `nav_id` = 41 LIMIT 1 [ RunTime:0.000676s ]
[ sql ] [ SQL ] SELECT * FROM `zwt_article` WHERE  `nav_id` = 41 ORDER BY created desc LIMIT 0,8 [ RunTime:0.001036s ]

---------------------------------------------------------------
[ 2017-08-24T09:53:20+08:00 ] 127.0.0.1 127.0.0.1 GET /index/index/nav/id/6.html
[ log ] www.zwt5.com/index/index/nav/id/6.html [运行时间：0.081675s][吞吐率：12.24req/s] [内存消耗：3,824.05kb] [文件加载：53]
[ info ] [ LANG ] D:\wamp\www\zwt5\thinkphp\lang\zh-cn.php
[ info ] [ ROUTE ] array (
  'type' => 'module',
  'module' => 
  array (
    0 => 'index',
    1 => 'index',
    2 => 'nav',
  ),
)
[ info ] [ HEADER ] array (
  'host' => 'www.zwt5.com',
  'user-agent' => 'Mozilla/5.0 (Windows NT 10.0; WOW64; rv:54.0) Gecko/20100101 Firefox/54.0',
  'accept' => 'text/html,application/xhtml+xml,application/xml;q=0.9,*/*;q=0.8',
  'accept-language' => 'zh-CN,zh;q=0.8,en-US;q=0.5,en;q=0.3',
  'accept-encoding' => 'gzip, deflate',
  'connection' => 'keep-alive',
  'upgrade-insecure-requests' => '1',
)
[ info ] [ PARAM ] array (
  'id' => '6',
)
[ info ] [ RUN ] app\index\controller\IndexController->nav[ D:\wamp\www\zwt5\application\index\controller\IndexController.php ]
[ info ] [ DB ] INIT mysql
[ info ] [ LOG ] INIT File
[ sql ] [ DB ] CONNECT:[ UseTime:0.000944s ] mysql:dbname=zhuwentou;host=127.0.0.1;charset=utf8
[ sql ] [ SQL ] SHOW COLUMNS FROM `zwt_nav` [ RunTime:0.005234s ]
[ sql ] [ SQL ] SELECT * FROM `zwt_nav` [ RunTime:0.000486s ]
[ error ] [0]variable type error： array[D:\wamp\www\zwt5\thinkphp\library\think\Response.php:312]

---------------------------------------------------------------
[ 2017-08-24T09:53:31+08:00 ] 127.0.0.1 127.0.0.1 GET /index/index/nav
[ log ] www.zwt5.com/index/index/nav [运行时间：0.049874s][吞吐率：20.05req/s] [内存消耗：3,823.22kb] [文件加载：53]
[ info ] [ LANG ] D:\wamp\www\zwt5\thinkphp\lang\zh-cn.php
[ info ] [ ROUTE ] array (
  'type' => 'module',
  'module' => 
  array (
    0 => 'index',
    1 => 'index',
    2 => 'nav',
  ),
)
[ info ] [ HEADER ] array (
  'host' => 'www.zwt5.com',
  'user-agent' => 'Mozilla/5.0 (Windows NT 10.0; WOW64; rv:54.0) Gecko/20100101 Firefox/54.0',
  'accept' => 'text/html,application/xhtml+xml,application/xml;q=0.9,*/*;q=0.8',
  'accept-language' => 'zh-CN,zh;q=0.8,en-US;q=0.5,en;q=0.3',
  'accept-encoding' => 'gzip, deflate',
  'connection' => 'keep-alive',
  'upgrade-insecure-requests' => '1',
)
[ info ] [ PARAM ] array (
)
[ info ] [ RUN ] app\index\controller\IndexController->nav[ D:\wamp\www\zwt5\application\index\controller\IndexController.php ]
[ info ] [ DB ] INIT mysql
[ info ] [ LOG ] INIT File
[ sql ] [ DB ] CONNECT:[ UseTime:0.010372s ] mysql:dbname=zhuwentou;host=127.0.0.1;charset=utf8
[ sql ] [ SQL ] SHOW COLUMNS FROM `zwt_nav` [ RunTime:0.004635s ]
[ sql ] [ SQL ] SELECT * FROM `zwt_nav` [ RunTime:0.000409s ]
[ error ] [0]variable type error： array[D:\wamp\www\zwt5\thinkphp\library\think\Response.php:312]

---------------------------------------------------------------
[ 2017-08-24T09:53:35+08:00 ] 127.0.0.1 127.0.0.1 GET /index/index
[ log ] www.zwt5.com/index/index [运行时间：0.082198s][吞吐率：12.17req/s] [内存消耗：3,986.13kb] [文件加载：53]
[ info ] [ LANG ] D:\wamp\www\zwt5\thinkphp\lang\zh-cn.php
[ info ] [ ROUTE ] array (
  'type' => 'module',
  'module' => 
  array (
    0 => 'index',
    1 => 'index',
    2 => NULL,
  ),
)
[ info ] [ HEADER ] array (
  'host' => 'www.zwt5.com',
  'user-agent' => 'Mozilla/5.0 (Windows NT 10.0; WOW64; rv:54.0) Gecko/20100101 Firefox/54.0',
  'accept' => 'text/html,application/xhtml+xml,application/xml;q=0.9,*/*;q=0.8',
  'accept-language' => 'zh-CN,zh;q=0.8,en-US;q=0.5,en;q=0.3',
  'accept-encoding' => 'gzip, deflate',
  'connection' => 'keep-alive',
  'upgrade-insecure-requests' => '1',
)
[ info ] [ PARAM ] array (
)
[ info ] [ RUN ] app\index\controller\IndexController->index[ D:\wamp\www\zwt5\application\index\controller\IndexController.php ]
[ info ] [ DB ] INIT mysql
[ info ] [ VIEW ] D:\wamp\www\zwt5\public/../application/index\view\index\index.html [ array (
  0 => 'list',
  1 => 'ri',
  2 => 'ny',
  3 => 'newest',
  4 => 'newslist',
  5 => 'jituan',
) ]
[ info ] [ LOG ] INIT File
[ sql ] [ DB ] CONNECT:[ UseTime:0.011094s ] mysql:dbname=zhuwentou;host=127.0.0.1;charset=utf8
[ sql ] [ SQL ] SHOW COLUMNS FROM `zwt_nav` [ RunTime:0.007961s ]
[ sql ] [ SQL ] SELECT * FROM `zwt_nav` [ RunTime:0.000525s ]
[ sql ] [ SQL ] SELECT * FROM `zwt_nav` WHERE  `pid` = 38 [ RunTime:0.000295s ]
[ sql ] [ SQL ] SHOW COLUMNS FROM `zwt_article` [ RunTime:0.005481s ]
[ sql ] [ SQL ] SELECT `id`,`title`,`yinxu`,`created` FROM `zwt_article` WHERE  `nav_id` IN (39,40,41) ORDER BY created desc LIMIT 1 [ RunTime:0.000545s ]
[ sql ] [ SQL ] SELECT `id`,`title`,`yinxu`,`created` FROM `zwt_article` WHERE  `nav_id` IN (39,40,41) ORDER BY created desc LIMIT 4 [ RunTime:0.000331s ]
[ sql ] [ SQL ] SELECT * FROM `zwt_nav` WHERE  `pid` = 7 [ RunTime:0.000423s ]

---------------------------------------------------------------
[ 2017-08-24T09:53:35+08:00 ] 127.0.0.1 127.0.0.1 GET /index/favicon.ico
[ log ] www.zwt5.com/index/favicon.ico [运行时间：0.042166s][吞吐率：23.72req/s] [内存消耗：2,147.48kb] [文件加载：40]
[ info ] [ LANG ] D:\wamp\www\zwt5\thinkphp\lang\zh-cn.php
[ info ] [ ROUTE ] array (
  'type' => 'module',
  'module' => 
  array (
    0 => 'index',
    1 => 'favicon.ico',
    2 => NULL,
  ),
)
[ info ] [ HEADER ] array (
  'host' => 'www.zwt5.com',
  'user-agent' => 'Mozilla/5.0 (Windows NT 10.0; WOW64; rv:54.0) Gecko/20100101 Firefox/54.0',
  'accept' => 'text/html,application/xhtml+xml,application/xml;q=0.9,*/*;q=0.8',
  'accept-language' => 'zh-CN,zh;q=0.8,en-US;q=0.5,en;q=0.3',
  'accept-encoding' => 'gzip, deflate',
  'connection' => 'keep-alive',
)
[ info ] [ PARAM ] array (
)
[ info ] [ LOG ] INIT File

---------------------------------------------------------------
[ 2017-08-24T10:20:03+08:00 ] 127.0.0.1 127.0.0.1 GET /index/index/index.html
[ log ] www.zwt5.com/index/index/index.html [运行时间：0.052736s][吞吐率：18.96req/s] [内存消耗：3,986.41kb] [文件加载：53]
[ info ] [ LANG ] D:\wamp\www\zwt5\thinkphp\lang\zh-cn.php
[ info ] [ ROUTE ] array (
  'type' => 'module',
  'module' => 
  array (
    0 => 'index',
    1 => 'index',
    2 => 'index',
  ),
)
[ info ] [ HEADER ] array (
  'host' => 'www.zwt5.com',
  'user-agent' => 'Mozilla/5.0 (Windows NT 10.0; WOW64; rv:54.0) Gecko/20100101 Firefox/54.0',
  'accept' => 'text/html,application/xhtml+xml,application/xml;q=0.9,*/*;q=0.8',
  'accept-language' => 'zh-CN,zh;q=0.8,en-US;q=0.5,en;q=0.3',
  'accept-encoding' => 'gzip, deflate',
  'referer' => 'http://www.zwt5.com/index/index',
  'connection' => 'keep-alive',
  'upgrade-insecure-requests' => '1',
)
[ info ] [ PARAM ] array (
)
[ info ] [ RUN ] app\index\controller\IndexController->index[ D:\wamp\www\zwt5\application\index\controller\IndexController.php ]
[ info ] [ DB ] INIT mysql
[ info ] [ VIEW ] D:\wamp\www\zwt5\public/../application/index\view\index\index.html [ array (
  0 => 'list',
  1 => 'ri',
  2 => 'ny',
  3 => 'newest',
  4 => 'newslist',
  5 => 'jituan',
) ]
[ info ] [ LOG ] INIT File
[ sql ] [ DB ] CONNECT:[ UseTime:0.000955s ] mysql:dbname=zhuwentou;host=127.0.0.1;charset=utf8
[ sql ] [ SQL ] SHOW COLUMNS FROM `zwt_nav` [ RunTime:0.006419s ]
[ sql ] [ SQL ] SELECT * FROM `zwt_nav` [ RunTime:0.000382s ]
[ sql ] [ SQL ] SELECT * FROM `zwt_nav` WHERE  `pid` = 38 [ RunTime:0.000231s ]
[ sql ] [ SQL ] SHOW COLUMNS FROM `zwt_article` [ RunTime:0.005224s ]
[ sql ] [ SQL ] SELECT `id`,`title`,`yinxu`,`created` FROM `zwt_article` WHERE  `nav_id` IN (39,40,41) ORDER BY created desc LIMIT 1 [ RunTime:0.000468s ]
[ sql ] [ SQL ] SELECT `id`,`title`,`yinxu`,`created` FROM `zwt_article` WHERE  `nav_id` IN (39,40,41) ORDER BY created desc LIMIT 4 [ RunTime:0.000350s ]
[ sql ] [ SQL ] SELECT * FROM `zwt_nav` WHERE  `pid` = 7 [ RunTime:0.000291s ]

---------------------------------------------------------------
[ 2017-08-24T10:20:03+08:00 ] 127.0.0.1 127.0.0.1 GET /index/index/favicon.ico
[ log ] www.zwt5.com/index/index/favicon.ico [运行时间：0.029743s][吞吐率：33.62req/s] [内存消耗：2,705.08kb] [文件加载：47]
[ info ] [ LANG ] D:\wamp\www\zwt5\thinkphp\lang\zh-cn.php
[ info ] [ ROUTE ] array (
  'type' => 'module',
  'module' => 
  array (
    0 => 'index',
    1 => 'index',
    2 => 'favicon.ico',
  ),
)
[ info ] [ HEADER ] array (
  'host' => 'www.zwt5.com',
  'user-agent' => 'Mozilla/5.0 (Windows NT 10.0; WOW64; rv:54.0) Gecko/20100101 Firefox/54.0',
  'accept' => 'text/html,application/xhtml+xml,application/xml;q=0.9,*/*;q=0.8',
  'accept-language' => 'zh-CN,zh;q=0.8,en-US;q=0.5,en;q=0.3',
  'accept-encoding' => 'gzip, deflate',
  'connection' => 'keep-alive',
)
[ info ] [ PARAM ] array (
)
[ info ] [ LOG ] INIT File

---------------------------------------------------------------
[ 2017-08-24T10:20:05+08:00 ] 127.0.0.1 127.0.0.1 GET /index/index/introduction/id/5.html
[ log ] www.zwt5.com/index/index/introduction/id/5.html [运行时间：0.575737s][吞吐率：1.74req/s] [内存消耗：3,958.26kb] [文件加载：53]
[ info ] [ LANG ] D:\wamp\www\zwt5\thinkphp\lang\zh-cn.php
[ info ] [ ROUTE ] array (
  'type' => 'module',
  'module' => 
  array (
    0 => 'index',
    1 => 'index',
    2 => 'introduction',
  ),
)
[ info ] [ HEADER ] array (
  'host' => 'www.zwt5.com',
  'user-agent' => 'Mozilla/5.0 (Windows NT 10.0; WOW64; rv:54.0) Gecko/20100101 Firefox/54.0',
  'accept' => 'text/html,application/xhtml+xml,application/xml;q=0.9,*/*;q=0.8',
  'accept-language' => 'zh-CN,zh;q=0.8,en-US;q=0.5,en;q=0.3',
  'accept-encoding' => 'gzip, deflate',
  'referer' => 'http://www.zwt5.com/index/index/index.html',
  'connection' => 'keep-alive',
  'upgrade-insecure-requests' => '1',
)
[ info ] [ PARAM ] array (
  'id' => '5',
)
[ info ] [ RUN ] app\index\controller\IndexController->introduction[ D:\wamp\www\zwt5\application\index\controller\IndexController.php ]
[ info ] [ DB ] INIT mysql
[ info ] [ VIEW ] D:\wamp\www\zwt5\public/../application/index\view\index\introduction.html [ array (
  0 => 'list',
  1 => 'onenav',
  2 => 'article',
) ]
[ info ] [ LOG ] INIT File
[ sql ] [ DB ] CONNECT:[ UseTime:0.001047s ] mysql:dbname=zhuwentou;host=127.0.0.1;charset=utf8
[ sql ] [ SQL ] SHOW COLUMNS FROM `zwt_nav` [ RunTime:0.006686s ]
[ sql ] [ SQL ] SELECT * FROM `zwt_nav` [ RunTime:0.000504s ]
[ sql ] [ SQL ] SELECT * FROM `zwt_nav` WHERE  `id` = 5 LIMIT 1 [ RunTime:0.000384s ]
[ sql ] [ SQL ] SELECT * FROM `zwt_nav` WHERE  `pid` = 5 LIMIT 1 [ RunTime:0.000246s ]
[ sql ] [ SQL ] SHOW COLUMNS FROM `zwt_article` [ RunTime:0.006100s ]
[ sql ] [ SQL ] SELECT * FROM `zwt_article` WHERE  `nav_id` = 35 LIMIT 1 [ RunTime:0.000351s ]

---------------------------------------------------------------
[ 2017-08-24T11:08:40+08:00 ] 10.0.0.171 10.0.0.171 GET /index/index/news/id/40.html
[ log ] 10.0.0.171/index/index/news/id/40.html [运行时间：0.058179s][吞吐率：17.19req/s] [内存消耗：4,216.52kb] [文件加载：56]
[ info ] [ LANG ] D:\wamp\www\zwt5\thinkphp\lang\zh-cn.php
[ info ] [ ROUTE ] array (
  'type' => 'module',
  'module' => 
  array (
    0 => 'index',
    1 => 'index',
    2 => 'news',
  ),
)
[ info ] [ HEADER ] array (
  'host' => '10.0.0.171',
  'user-agent' => 'Mozilla/5.0 (Windows NT 10.0; WOW64; rv:54.0) Gecko/20100101 Firefox/54.0',
  'accept' => 'text/html,application/xhtml+xml,application/xml;q=0.9,*/*;q=0.8',
  'accept-language' => 'zh-CN,zh;q=0.8,en-US;q=0.5,en;q=0.3',
  'accept-encoding' => 'gzip, deflate',
  'referer' => 'http://10.0.0.171/index/index/news/id/41.html',
  'connection' => 'keep-alive',
  'upgrade-insecure-requests' => '1',
)
[ info ] [ PARAM ] array (
  'id' => '40',
)
[ info ] [ RUN ] app\index\controller\IndexController->news[ D:\wamp\www\zwt5\application\index\controller\IndexController.php ]
[ info ] [ DB ] INIT mysql
[ info ] [ VIEW ] D:\wamp\www\zwt5\public/../application/index\view\index\news.html [ array (
  0 => 'list',
  1 => 'page',
  2 => 'article',
  3 => 'onenav',
  4 => 'twonav',
) ]
[ info ] [ LOG ] INIT File
[ sql ] [ DB ] CONNECT:[ UseTime:0.001918s ] mysql:dbname=zhuwentou;host=127.0.0.1;charset=utf8
[ sql ] [ SQL ] SHOW COLUMNS FROM `zwt_nav` [ RunTime:0.007684s ]
[ sql ] [ SQL ] SELECT * FROM `zwt_nav` [ RunTime:0.000732s ]
[ sql ] [ SQL ] SELECT * FROM `zwt_nav` WHERE  `htmlName` = 'news'  AND `id` = 40 LIMIT 1 [ RunTime:0.000381s ]
[ sql ] [ SQL ] SELECT * FROM `zwt_nav` WHERE  `id` = 38 LIMIT 1 [ RunTime:0.000262s ]
[ sql ] [ SQL ] SHOW COLUMNS FROM `zwt_article` [ RunTime:0.005210s ]
[ sql ] [ SQL ] SELECT COUNT(*) AS tp_count FROM `zwt_article` WHERE  `nav_id` = 40 LIMIT 1 [ RunTime:0.000639s ]
[ sql ] [ SQL ] SELECT * FROM `zwt_article` WHERE  `nav_id` = 40 ORDER BY created desc LIMIT 0,8 [ RunTime:0.000720s ]

---------------------------------------------------------------
[ 2017-08-24T11:08:43+08:00 ] 10.0.0.171 10.0.0.171 GET /index/index/article/id/101.html
[ log ] 10.0.0.171/index/index/article/id/101.html [运行时间：0.069199s][吞吐率：14.45req/s] [内存消耗：3,996.91kb] [文件加载：53]
[ info ] [ LANG ] D:\wamp\www\zwt5\thinkphp\lang\zh-cn.php
[ info ] [ ROUTE ] array (
  'type' => 'module',
  'module' => 
  array (
    0 => 'index',
    1 => 'index',
    2 => 'article',
  ),
)
[ info ] [ HEADER ] array (
  'host' => '10.0.0.171',
  'user-agent' => 'Mozilla/5.0 (Windows NT 10.0; WOW64; rv:54.0) Gecko/20100101 Firefox/54.0',
  'accept' => 'text/html,application/xhtml+xml,application/xml;q=0.9,*/*;q=0.8',
  'accept-language' => 'zh-CN,zh;q=0.8,en-US;q=0.5,en;q=0.3',
  'accept-encoding' => 'gzip, deflate',
  'referer' => 'http://10.0.0.171/index/index/news/id/40.html',
  'connection' => 'keep-alive',
  'upgrade-insecure-requests' => '1',
)
[ info ] [ PARAM ] array (
  'id' => '101',
)
[ info ] [ RUN ] app\index\controller\IndexController->article[ D:\wamp\www\zwt5\application\index\controller\IndexController.php ]
[ info ] [ DB ] INIT mysql
[ info ] [ VIEW ] D:\wamp\www\zwt5\public/../application/index\view\index\details.html [ array (
  0 => 'list',
  1 => 'onenav',
  2 => 'twonav',
  3 => 'article',
  4 => 'back',
  5 => 'next',
) ]
[ info ] [ LOG ] INIT File
[ sql ] [ DB ] CONNECT:[ UseTime:0.010566s ] mysql:dbname=zhuwentou;host=127.0.0.1;charset=utf8
[ sql ] [ SQL ] SHOW COLUMNS FROM `zwt_nav` [ RunTime:0.005133s ]
[ sql ] [ SQL ] SELECT * FROM `zwt_nav` [ RunTime:0.000599s ]
[ sql ] [ SQL ] SHOW COLUMNS FROM `zwt_article` [ RunTime:0.006310s ]
[ sql ] [ SQL ] SELECT * FROM `zwt_article` WHERE  `id` = 101 LIMIT 1 [ RunTime:0.000505s ]
[ sql ] [ SQL ] SELECT * FROM `zwt_nav` WHERE  `id` = 40 LIMIT 1 [ RunTime:0.000464s ]
[ sql ] [ SQL ] SELECT * FROM `zwt_nav` WHERE  `id` = 38 LIMIT 1 [ RunTime:0.000218s ]
[ sql ] [ SQL ] SELECT * FROM `zwt_article` WHERE  `created` > '2017-08-23 10:56:25'  AND `nav_id` = 40 ORDER BY created desc LIMIT 1 [ RunTime:0.000469s ]
[ sql ] [ SQL ] SELECT * FROM `zwt_article` WHERE  `created` < '2017-08-23 10:56:25'  AND `nav_id` = 40 ORDER BY created desc LIMIT 1 [ RunTime:0.000438s ]

---------------------------------------------------------------
[ 2017-08-24T11:08:51+08:00 ] 10.0.0.171 10.0.0.171 GET /index/index/news/id/40.html
[ log ] 10.0.0.171/index/index/news/id/40.html [运行时间：0.054538s][吞吐率：18.34req/s] [内存消耗：4,216.57kb] [文件加载：56]
[ info ] [ LANG ] D:\wamp\www\zwt5\thinkphp\lang\zh-cn.php
[ info ] [ ROUTE ] array (
  'type' => 'module',
  'module' => 
  array (
    0 => 'index',
    1 => 'index',
    2 => 'news',
  ),
)
[ info ] [ HEADER ] array (
  'host' => '10.0.0.171',
  'user-agent' => 'Mozilla/5.0 (Windows NT 10.0; WOW64; rv:54.0) Gecko/20100101 Firefox/54.0',
  'accept' => 'text/html,application/xhtml+xml,application/xml;q=0.9,*/*;q=0.8',
  'accept-language' => 'zh-CN,zh;q=0.8,en-US;q=0.5,en;q=0.3',
  'accept-encoding' => 'gzip, deflate',
  'referer' => 'http://10.0.0.171/index/index/article/id/101.html',
  'connection' => 'keep-alive',
  'upgrade-insecure-requests' => '1',
)
[ info ] [ PARAM ] array (
  'id' => '40',
)
[ info ] [ RUN ] app\index\controller\IndexController->news[ D:\wamp\www\zwt5\application\index\controller\IndexController.php ]
[ info ] [ DB ] INIT mysql
[ info ] [ VIEW ] D:\wamp\www\zwt5\public/../application/index\view\index\news.html [ array (
  0 => 'list',
  1 => 'page',
  2 => 'article',
  3 => 'onenav',
  4 => 'twonav',
) ]
[ info ] [ LOG ] INIT File
[ sql ] [ DB ] CONNECT:[ UseTime:0.001060s ] mysql:dbname=zhuwentou;host=127.0.0.1;charset=utf8
[ sql ] [ SQL ] SHOW COLUMNS FROM `zwt_nav` [ RunTime:0.005790s ]
[ sql ] [ SQL ] SELECT * FROM `zwt_nav` [ RunTime:0.000554s ]
[ sql ] [ SQL ] SELECT * FROM `zwt_nav` WHERE  `htmlName` = 'news'  AND `id` = 40 LIMIT 1 [ RunTime:0.000356s ]
[ sql ] [ SQL ] SELECT * FROM `zwt_nav` WHERE  `id` = 38 LIMIT 1 [ RunTime:0.000361s ]
[ sql ] [ SQL ] SHOW COLUMNS FROM `zwt_article` [ RunTime:0.005419s ]
[ sql ] [ SQL ] SELECT COUNT(*) AS tp_count FROM `zwt_article` WHERE  `nav_id` = 40 LIMIT 1 [ RunTime:0.000365s ]
[ sql ] [ SQL ] SELECT * FROM `zwt_article` WHERE  `nav_id` = 40 ORDER BY created desc LIMIT 0,8 [ RunTime:0.000487s ]

---------------------------------------------------------------
[ 2017-08-24T11:08:53+08:00 ] 10.0.0.171 10.0.0.171 GET /index/index/brand/id/6.html
[ log ] 10.0.0.171/index/index/brand/id/6.html [运行时间：0.068532s][吞吐率：14.59req/s] [内存消耗：3,964.35kb] [文件加载：53]
[ info ] [ LANG ] D:\wamp\www\zwt5\thinkphp\lang\zh-cn.php
[ info ] [ ROUTE ] array (
  'type' => 'module',
  'module' => 
  array (
    0 => 'index',
    1 => 'index',
    2 => 'brand',
  ),
)
[ info ] [ HEADER ] array (
  'host' => '10.0.0.171',
  'user-agent' => 'Mozilla/5.0 (Windows NT 10.0; WOW64; rv:54.0) Gecko/20100101 Firefox/54.0',
  'accept' => 'text/html,application/xhtml+xml,application/xml;q=0.9,*/*;q=0.8',
  'accept-language' => 'zh-CN,zh;q=0.8,en-US;q=0.5,en;q=0.3',
  'accept-encoding' => 'gzip, deflate',
  'referer' => 'http://10.0.0.171/index/index/news/id/40.html',
  'connection' => 'keep-alive',
  'upgrade-insecure-requests' => '1',
)
[ info ] [ PARAM ] array (
  'id' => '6',
)
[ info ] [ RUN ] app\index\controller\IndexController->brand[ D:\wamp\www\zwt5\application\index\controller\IndexController.php ]
[ info ] [ DB ] INIT mysql
[ info ] [ VIEW ] D:\wamp\www\zwt5\public/../application/index\view\index\brand.html [ array (
  0 => 'list',
  1 => 'location',
  2 => 'onenav',
  3 => 'twonav',
  4 => 'sannav',
) ]
[ info ] [ LOG ] INIT File
[ sql ] [ DB ] CONNECT:[ UseTime:0.011132s ] mysql:dbname=zhuwentou;host=127.0.0.1;charset=utf8
[ sql ] [ SQL ] SHOW COLUMNS FROM `zwt_nav` [ RunTime:0.005993s ]
[ sql ] [ SQL ] SELECT * FROM `zwt_nav` [ RunTime:0.000450s ]
[ sql ] [ SQL ] SELECT * FROM `zwt_nav` WHERE  `htmlName` = 'brand'  AND `id` = 6 LIMIT 1 [ RunTime:0.000471s ]
[ sql ] [ SQL ] SELECT * FROM `zwt_nav` WHERE  `pid` = 6 [ RunTime:0.000433s ]
[ sql ] [ SQL ] SELECT * FROM `zwt_nav` WHERE  `pid` IN (30,31,32) [ RunTime:0.000472s ]

---------------------------------------------------------------
[ 2017-08-24T11:08:55+08:00 ] 10.0.0.171 10.0.0.171 GET /index/index/article/pid/55.html
[ log ] 10.0.0.171/index/index/article/pid/55.html [运行时间：0.075392s][吞吐率：13.26req/s] [内存消耗：3,965.16kb] [文件加载：53]
[ info ] [ LANG ] D:\wamp\www\zwt5\thinkphp\lang\zh-cn.php
[ info ] [ ROUTE ] array (
  'type' => 'module',
  'module' => 
  array (
    0 => 'index',
    1 => 'index',
    2 => 'article',
  ),
)
[ info ] [ HEADER ] array (
  'host' => '10.0.0.171',
  'user-agent' => 'Mozilla/5.0 (Windows NT 10.0; WOW64; rv:54.0) Gecko/20100101 Firefox/54.0',
  'accept' => 'text/html,application/xhtml+xml,application/xml;q=0.9,*/*;q=0.8',
  'accept-language' => 'zh-CN,zh;q=0.8,en-US;q=0.5,en;q=0.3',
  'accept-encoding' => 'gzip, deflate',
  'referer' => 'http://10.0.0.171/index/index/brand/id/6.html',
  'connection' => 'keep-alive',
  'upgrade-insecure-requests' => '1',
)
[ info ] [ PARAM ] array (
  'pid' => '55',
)
[ info ] [ RUN ] app\index\controller\IndexController->article[ D:\wamp\www\zwt5\application\index\controller\IndexController.php ]
[ info ] [ DB ] INIT mysql
[ info ] [ VIEW ] D:\wamp\www\zwt5\public/../application/index\view\index\product.html [ array (
  0 => 'list',
  1 => 'onenav',
  2 => 'twonav',
  3 => 'sannav',
  4 => 'article',
) ]
[ info ] [ LOG ] INIT File
[ sql ] [ DB ] CONNECT:[ UseTime:0.011590s ] mysql:dbname=zhuwentou;host=127.0.0.1;charset=utf8
[ sql ] [ SQL ] SHOW COLUMNS FROM `zwt_nav` [ RunTime:0.005136s ]
[ sql ] [ SQL ] SELECT * FROM `zwt_nav` [ RunTime:0.000447s ]
[ sql ] [ SQL ] SELECT * FROM `zwt_nav` WHERE  `id` = 55 LIMIT 1 [ RunTime:0.000305s ]
[ sql ] [ SQL ] SELECT * FROM `zwt_nav` WHERE  `id` = 30 LIMIT 1 [ RunTime:0.000174s ]
[ sql ] [ SQL ] SELECT * FROM `zwt_nav` WHERE  `id` = 6 LIMIT 1 [ RunTime:0.000138s ]
[ sql ] [ SQL ] SHOW COLUMNS FROM `zwt_article` [ RunTime:0.005906s ]
[ sql ] [ SQL ] SELECT * FROM `zwt_article` WHERE  `nav_id` = 55 LIMIT 1 [ RunTime:0.000428s ]

---------------------------------------------------------------
[ 2017-08-24T11:08:59+08:00 ] 10.0.0.171 10.0.0.171 GET /index/index/about/id/44.html
[ log ] 10.0.0.171/index/index/about/id/44.html [运行时间：0.069999s][吞吐率：14.29req/s] [内存消耗：3,963.20kb] [文件加载：53]
[ info ] [ LANG ] D:\wamp\www\zwt5\thinkphp\lang\zh-cn.php
[ info ] [ ROUTE ] array (
  'type' => 'module',
  'module' => 
  array (
    0 => 'index',
    1 => 'index',
    2 => 'about',
  ),
)
[ info ] [ HEADER ] array (
  'host' => '10.0.0.171',
  'user-agent' => 'Mozilla/5.0 (Windows NT 10.0; WOW64; rv:54.0) Gecko/20100101 Firefox/54.0',
  'accept' => 'text/html,application/xhtml+xml,application/xml;q=0.9,*/*;q=0.8',
  'accept-language' => 'zh-CN,zh;q=0.8,en-US;q=0.5,en;q=0.3',
  'accept-encoding' => 'gzip, deflate',
  'referer' => 'http://10.0.0.171/index/index/brand/id/6.html',
  'connection' => 'keep-alive',
  'upgrade-insecure-requests' => '1',
)
[ info ] [ PARAM ] array (
  'id' => '44',
)
[ info ] [ RUN ] app\index\controller\IndexController->about[ D:\wamp\www\zwt5\application\index\controller\IndexController.php ]
[ info ] [ DB ] INIT mysql
[ info ] [ VIEW ] D:\wamp\www\zwt5\public/../application/index\view\index\about.html [ array (
  0 => 'list',
  1 => 'onenav',
  2 => 'twonav',
  3 => 'article',
) ]
[ info ] [ LOG ] INIT File
[ sql ] [ DB ] CONNECT:[ UseTime:0.010630s ] mysql:dbname=zhuwentou;host=127.0.0.1;charset=utf8
[ sql ] [ SQL ] SHOW COLUMNS FROM `zwt_nav` [ RunTime:0.004951s ]
[ sql ] [ SQL ] SELECT * FROM `zwt_nav` [ RunTime:0.000511s ]
[ sql ] [ SQL ] SELECT * FROM `zwt_nav` WHERE  `htmlName` = 'about'  AND `id` = 44 LIMIT 1 [ RunTime:0.000370s ]
[ sql ] [ SQL ] SELECT * FROM `zwt_nav` WHERE  `pid` = 44 LIMIT 1 [ RunTime:0.000361s ]
[ sql ] [ SQL ] SELECT * FROM `zwt_nav` WHERE  `id` = 42 LIMIT 1 [ RunTime:0.000347s ]
[ sql ] [ SQL ] SHOW COLUMNS FROM `zwt_article` [ RunTime:0.005022s ]
[ sql ] [ SQL ] SELECT * FROM `zwt_article` WHERE  `nav_id` = 44 LIMIT 1 [ RunTime:0.000778s ]

---------------------------------------------------------------
[ 2017-08-24T11:09:00+08:00 ] 10.0.0.171 10.0.0.171 GET /index/index/shezhao
[ log ] 10.0.0.171/index/index/shezhao [运行时间：0.068776s][吞吐率：14.54req/s] [内存消耗：4,163.32kb] [文件加载：56]
[ info ] [ LANG ] D:\wamp\www\zwt5\thinkphp\lang\zh-cn.php
[ info ] [ ROUTE ] array (
  'type' => 'module',
  'module' => 
  array (
    0 => 'index',
    1 => 'index',
    2 => 'shezhao',
  ),
)
[ info ] [ HEADER ] array (
  'host' => '10.0.0.171',
  'user-agent' => 'Mozilla/5.0 (Windows NT 10.0; WOW64; rv:54.0) Gecko/20100101 Firefox/54.0',
  'accept' => 'text/html,application/xhtml+xml,application/xml;q=0.9,*/*;q=0.8',
  'accept-language' => 'zh-CN,zh;q=0.8,en-US;q=0.5,en;q=0.3',
  'accept-encoding' => 'gzip, deflate',
  'referer' => 'http://10.0.0.171/index/index/about/id/44.html',
  'connection' => 'keep-alive',
  'upgrade-insecure-requests' => '1',
)
[ info ] [ PARAM ] array (
)
[ info ] [ RUN ] app\index\controller\IndexController->shezhao[ D:\wamp\www\zwt5\application\index\controller\IndexController.php ]
[ info ] [ DB ] INIT mysql
[ info ] [ VIEW ] D:\wamp\www\zwt5\public/../application/index\view\index\shezhao.html [ array (
  0 => 'list',
  1 => 'page',
  2 => 'data',
) ]
[ info ] [ LOG ] INIT File
[ sql ] [ DB ] CONNECT:[ UseTime:0.011202s ] mysql:dbname=zhuwentou;host=127.0.0.1;charset=utf8
[ sql ] [ SQL ] SHOW COLUMNS FROM `zwt_nav` [ RunTime:0.006283s ]
[ sql ] [ SQL ] SELECT * FROM `zwt_nav` [ RunTime:0.000412s ]
[ sql ] [ SQL ] SHOW COLUMNS FROM `zwt_zhaopin` [ RunTime:0.006199s ]
[ sql ] [ SQL ] SELECT COUNT(*) AS tp_count FROM `zwt_zhaopin` LIMIT 1 [ RunTime:0.000239s ]
[ sql ] [ SQL ] SELECT * FROM `zwt_zhaopin` LIMIT 0,8 [ RunTime:0.000262s ]

---------------------------------------------------------------
[ 2017-08-24T11:09:07+08:00 ] 10.0.0.171 10.0.0.171 GET /index/index/faq
[ log ] 10.0.0.171/index/index/faq [运行时间：0.049522s][吞吐率：20.19req/s] [内存消耗：3,971.79kb] [文件加载：53]
[ info ] [ LANG ] D:\wamp\www\zwt5\thinkphp\lang\zh-cn.php
[ info ] [ ROUTE ] array (
  'type' => 'module',
  'module' => 
  array (
    0 => 'index',
    1 => 'index',
    2 => 'faq',
  ),
)
[ info ] [ HEADER ] array (
  'host' => '10.0.0.171',
  'user-agent' => 'Mozilla/5.0 (Windows NT 10.0; WOW64; rv:54.0) Gecko/20100101 Firefox/54.0',
  'accept' => 'text/html,application/xhtml+xml,application/xml;q=0.9,*/*;q=0.8',
  'accept-language' => 'zh-CN,zh;q=0.8,en-US;q=0.5,en;q=0.3',
  'accept-encoding' => 'gzip, deflate',
  'referer' => 'http://10.0.0.171/index/index/shezhao',
  'connection' => 'keep-alive',
  'upgrade-insecure-requests' => '1',
)
[ info ] [ PARAM ] array (
)
[ info ] [ RUN ] app\index\controller\IndexController->faq[ D:\wamp\www\zwt5\application\index\controller\IndexController.php ]
[ info ] [ DB ] INIT mysql
[ info ] [ VIEW ] D:\wamp\www\zwt5\public/../application/index\view\index\faq.html [ array (
  0 => 'list',
) ]
[ info ] [ LOG ] INIT File
[ sql ] [ DB ] CONNECT:[ UseTime:0.000829s ] mysql:dbname=zhuwentou;host=127.0.0.1;charset=utf8
[ sql ] [ SQL ] SHOW COLUMNS FROM `zwt_nav` [ RunTime:0.005320s ]
[ sql ] [ SQL ] SELECT * FROM `zwt_nav` [ RunTime:0.000429s ]

---------------------------------------------------------------
[ 2017-08-24T11:09:08+08:00 ] 10.0.0.171 10.0.0.171 GET /index/index/about/id/42.html
[ log ] 10.0.0.171/index/index/about/id/42.html [运行时间：0.045797s][吞吐率：21.84req/s] [内存消耗：3,958.30kb] [文件加载：53]
[ info ] [ LANG ] D:\wamp\www\zwt5\thinkphp\lang\zh-cn.php
[ info ] [ ROUTE ] array (
  'type' => 'module',
  'module' => 
  array (
    0 => 'index',
    1 => 'index',
    2 => 'about',
  ),
)
[ info ] [ HEADER ] array (
  'host' => '10.0.0.171',
  'user-agent' => 'Mozilla/5.0 (Windows NT 10.0; WOW64; rv:54.0) Gecko/20100101 Firefox/54.0',
  'accept' => 'text/html,application/xhtml+xml,application/xml;q=0.9,*/*;q=0.8',
  'accept-language' => 'zh-CN,zh;q=0.8,en-US;q=0.5,en;q=0.3',
  'accept-encoding' => 'gzip, deflate',
  'referer' => 'http://10.0.0.171/index/index/faq',
  'connection' => 'keep-alive',
  'upgrade-insecure-requests' => '1',
)
[ info ] [ PARAM ] array (
  'id' => '42',
)
[ info ] [ RUN ] app\index\controller\IndexController->about[ D:\wamp\www\zwt5\application\index\controller\IndexController.php ]
[ info ] [ DB ] INIT mysql
[ info ] [ VIEW ] D:\wamp\www\zwt5\public/../application/index\view\index\about.html [ array (
  0 => 'list',
  1 => 'onenav',
  2 => 'twonav',
  3 => 'article',
) ]
[ info ] [ LOG ] INIT File
[ sql ] [ DB ] CONNECT:[ UseTime:0.000807s ] mysql:dbname=zhuwentou;host=127.0.0.1;charset=utf8
[ sql ] [ SQL ] SHOW COLUMNS FROM `zwt_nav` [ RunTime:0.004865s ]
[ sql ] [ SQL ] SELECT * FROM `zwt_nav` [ RunTime:0.000327s ]
[ sql ] [ SQL ] SELECT * FROM `zwt_nav` WHERE  `htmlName` = 'about'  AND `id` = 42 LIMIT 1 [ RunTime:0.000184s ]
[ sql ] [ SQL ] SELECT * FROM `zwt_nav` WHERE  `pid` = 42 LIMIT 1 [ RunTime:0.000150s ]
[ sql ] [ SQL ] SHOW COLUMNS FROM `zwt_article` [ RunTime:0.004511s ]
[ sql ] [ SQL ] SELECT * FROM `zwt_article` WHERE  `nav_id` = 43 LIMIT 1 [ RunTime:0.000358s ]

---------------------------------------------------------------
[ 2017-08-24T11:09:11+08:00 ] 10.0.0.171 10.0.0.171 GET /index/index/location
[ log ] 10.0.0.171/index/index/location [运行时间：0.054133s][吞吐率：18.47req/s] [内存消耗：3,987.71kb] [文件加载：53]
[ info ] [ LANG ] D:\wamp\www\zwt5\thinkphp\lang\zh-cn.php
[ info ] [ ROUTE ] array (
  'type' => 'module',
  'module' => 
  array (
    0 => 'index',
    1 => 'index',
    2 => 'location',
  ),
)
[ info ] [ HEADER ] array (
  'host' => '10.0.0.171',
  'user-agent' => 'Mozilla/5.0 (Windows NT 10.0; WOW64; rv:54.0) Gecko/20100101 Firefox/54.0',
  'accept' => 'text/html,application/xhtml+xml,application/xml;q=0.9,*/*;q=0.8',
  'accept-language' => 'zh-CN,zh;q=0.8,en-US;q=0.5,en;q=0.3',
  'accept-encoding' => 'gzip, deflate',
  'referer' => 'http://10.0.0.171/index/index/about/id/42.html',
  'connection' => 'keep-alive',
  'upgrade-insecure-requests' => '1',
)
[ info ] [ PARAM ] array (
)
[ info ] [ RUN ] app\index\controller\IndexController->location[ D:\wamp\www\zwt5\application\index\controller\IndexController.php ]
[ info ] [ DB ] INIT mysql
[ info ] [ VIEW ] D:\wamp\www\zwt5\public/../application/index\view\index\location.html [ array (
  0 => 'list',
) ]
[ info ] [ LOG ] INIT File
[ sql ] [ DB ] CONNECT:[ UseTime:0.010291s ] mysql:dbname=zhuwentou;host=127.0.0.1;charset=utf8
[ sql ] [ SQL ] SHOW COLUMNS FROM `zwt_nav` [ RunTime:0.005748s ]
[ sql ] [ SQL ] SELECT * FROM `zwt_nav` [ RunTime:0.000539s ]

---------------------------------------------------------------
