[ 2017-08-25T15:26:29+08:00 ] 10.0.0.171 10.0.0.190 GET /
[ log ] 10.0.0.171/ [运行时间：0.072346s][吞吐率：13.82req/s] [内存消耗：3,981.78kb] [文件加载：53]
[ info ] [ LANG ] D:\wamp\www\zwt5\thinkphp\lang\zh-cn.php
[ info ] [ ROUTE ] array (
  'type' => 'module',
  'module' => 
  array (
    0 => '',
    1 => NULL,
    2 => NULL,
  ),
)
[ info ] [ HEADER ] array (
  'host' => '10.0.0.171',
  'connection' => 'keep-alive',
  'upgrade-insecure-requests' => '1',
  'user-agent' => 'Mozilla/5.0 (Windows NT 10.0; WOW64) AppleWebKit/537.36 (KHTML, like Gecko) Chrome/56.0.2924.87 Safari/537.36',
  'accept' => 'text/html,application/xhtml+xml,application/xml;q=0.9,image/webp,*/*;q=0.8',
  'accept-encoding' => 'gzip, deflate, sdch',
  'accept-language' => 'zh-CN,zh;q=0.8',
)
[ info ] [ PARAM ] array (
)
[ info ] [ RUN ] app\index\controller\IndexController->index[ D:\wamp\www\zwt5\application\index\controller\IndexController.php ]
[ info ] [ DB ] INIT mysql
[ info ] [ VIEW ] D:\wamp\www\zwt5\public/../application/index\view\index\index.html [ array (
  0 => 'list',
  1 => 'ri',
  2 => 'ny',
  3 => 'newest',
  4 => 'newslist',
  5 => 'jituan',
) ]
[ info ] [ LOG ] INIT File
[ sql ] [ DB ] CONNECT:[ UseTime:0.002353s ] mysql:dbname=zhuwentou;host=127.0.0.1;charset=utf8
[ sql ] [ SQL ] SHOW COLUMNS FROM `zwt_nav` [ RunTime:0.011123s ]
[ sql ] [ SQL ] SELECT * FROM `zwt_nav` [ RunTime:0.000873s ]
[ sql ] [ SQL ] SELECT * FROM `zwt_nav` WHERE  `pid` = 38 [ RunTime:0.001333s ]
[ sql ] [ SQL ] SHOW COLUMNS FROM `zwt_article` [ RunTime:0.006643s ]
[ sql ] [ SQL ] SELECT `id`,`title`,`yinxu`,`created` FROM `zwt_article` WHERE  `nav_id` IN (39,40,41) ORDER BY created desc LIMIT 1 [ RunTime:0.004668s ]
[ sql ] [ SQL ] SELECT `id`,`title`,`yinxu`,`created` FROM `zwt_article` WHERE  `nav_id` IN (39,40,41) ORDER BY created desc LIMIT 4 [ RunTime:0.000364s ]
[ sql ] [ SQL ] SELECT * FROM `zwt_nav` WHERE  `pid` = 7 [ RunTime:0.000254s ]

---------------------------------------------------------------
[ 2017-08-25T15:26:31+08:00 ] 10.0.0.171 10.0.0.190 GET /
[ log ] 10.0.0.171/ [运行时间：0.068297s][吞吐率：14.64req/s] [内存消耗：3,981.79kb] [文件加载：53]
[ info ] [ LANG ] D:\wamp\www\zwt5\thinkphp\lang\zh-cn.php
[ info ] [ ROUTE ] array (
  'type' => 'module',
  'module' => 
  array (
    0 => '',
    1 => NULL,
    2 => NULL,
  ),
)
[ info ] [ HEADER ] array (
  'host' => '10.0.0.171',
  'connection' => 'keep-alive',
  'upgrade-insecure-requests' => '1',
  'user-agent' => 'Mozilla/5.0 (Windows NT 10.0; WOW64) AppleWebKit/537.36 (KHTML, like Gecko) Chrome/56.0.2924.87 Safari/537.36',
  'accept' => 'text/html,application/xhtml+xml,application/xml;q=0.9,image/webp,*/*;q=0.8',
  'accept-encoding' => 'gzip, deflate, sdch',
  'accept-language' => 'zh-CN,zh;q=0.8',
)
[ info ] [ PARAM ] array (
)
[ info ] [ RUN ] app\index\controller\IndexController->index[ D:\wamp\www\zwt5\application\index\controller\IndexController.php ]
[ info ] [ DB ] INIT mysql
[ info ] [ VIEW ] D:\wamp\www\zwt5\public/../application/index\view\index\index.html [ array (
  0 => 'list',
  1 => 'ri',
  2 => 'ny',
  3 => 'newest',
  4 => 'newslist',
  5 => 'jituan',
) ]
[ info ] [ LOG ] INIT File
[ sql ] [ DB ] CONNECT:[ UseTime:0.001102s ] mysql:dbname=zhuwentou;host=127.0.0.1;charset=utf8
[ sql ] [ SQL ] SHOW COLUMNS FROM `zwt_nav` [ RunTime:0.006485s ]
[ sql ] [ SQL ] SELECT * FROM `zwt_nav` [ RunTime:0.000578s ]
[ sql ] [ SQL ] SELECT * FROM `zwt_nav` WHERE  `pid` = 38 [ RunTime:0.000309s ]
[ sql ] [ SQL ] SHOW COLUMNS FROM `zwt_article` [ RunTime:0.005693s ]
[ sql ] [ SQL ] SELECT `id`,`title`,`yinxu`,`created` FROM `zwt_article` WHERE  `nav_id` IN (39,40,41) ORDER BY created desc LIMIT 1 [ RunTime:0.000356s ]
[ sql ] [ SQL ] SELECT `id`,`title`,`yinxu`,`created` FROM `zwt_article` WHERE  `nav_id` IN (39,40,41) ORDER BY created desc LIMIT 4 [ RunTime:0.000284s ]
[ sql ] [ SQL ] SELECT * FROM `zwt_nav` WHERE  `pid` = 7 [ RunTime:0.000392s ]

---------------------------------------------------------------
[ 2017-08-25T15:26:40+08:00 ] 10.0.0.171 10.0.0.190 GET /
[ log ] 10.0.0.171/ [运行时间：0.161604s][吞吐率：6.19req/s] [内存消耗：3,982.04kb] [文件加载：53]
[ info ] [ LANG ] D:\wamp\www\zwt5\thinkphp\lang\zh-cn.php
[ info ] [ ROUTE ] array (
  'type' => 'module',
  'module' => 
  array (
    0 => '',
    1 => NULL,
    2 => NULL,
  ),
)
[ info ] [ HEADER ] array (
  'host' => '10.0.0.171',
  'connection' => 'keep-alive',
  'cache-control' => 'max-age=0',
  'upgrade-insecure-requests' => '1',
  'user-agent' => 'Mozilla/5.0 (Windows NT 10.0; WOW64) AppleWebKit/537.36 (KHTML, like Gecko) Chrome/56.0.2924.87 Safari/537.36',
  'accept' => 'text/html,application/xhtml+xml,application/xml;q=0.9,image/webp,*/*;q=0.8',
  'accept-encoding' => 'gzip, deflate, sdch',
  'accept-language' => 'zh-CN,zh;q=0.8',
)
[ info ] [ PARAM ] array (
)
[ info ] [ RUN ] app\index\controller\IndexController->index[ D:\wamp\www\zwt5\application\index\controller\IndexController.php ]
[ info ] [ DB ] INIT mysql
[ info ] [ VIEW ] D:\wamp\www\zwt5\public/../application/index\view\index\index.html [ array (
  0 => 'list',
  1 => 'ri',
  2 => 'ny',
  3 => 'newest',
  4 => 'newslist',
  5 => 'jituan',
) ]
[ info ] [ LOG ] INIT File
[ sql ] [ DB ] CONNECT:[ UseTime:0.010761s ] mysql:dbname=zhuwentou;host=127.0.0.1;charset=utf8
[ sql ] [ SQL ] SHOW COLUMNS FROM `zwt_nav` [ RunTime:0.016880s ]
[ sql ] [ SQL ] SELECT * FROM `zwt_nav` [ RunTime:0.001664s ]
[ sql ] [ SQL ] SELECT * FROM `zwt_nav` WHERE  `pid` = 38 [ RunTime:0.001146s ]
[ sql ] [ SQL ] SHOW COLUMNS FROM `zwt_article` [ RunTime:0.020174s ]
[ sql ] [ SQL ] SELECT `id`,`title`,`yinxu`,`created` FROM `zwt_article` WHERE  `nav_id` IN (39,40,41) ORDER BY created desc LIMIT 1 [ RunTime:0.001253s ]
[ sql ] [ SQL ] SELECT `id`,`title`,`yinxu`,`created` FROM `zwt_article` WHERE  `nav_id` IN (39,40,41) ORDER BY created desc LIMIT 4 [ RunTime:0.001194s ]
[ sql ] [ SQL ] SELECT * FROM `zwt_nav` WHERE  `pid` = 7 [ RunTime:0.001079s ]

---------------------------------------------------------------
[ 2017-08-25T15:26:59+08:00 ] 10.0.0.171 10.0.0.190 GET /
[ log ] 10.0.0.171/ [运行时间：0.138555s][吞吐率：7.22req/s] [内存消耗：3,982.04kb] [文件加载：53]
[ info ] [ LANG ] D:\wamp\www\zwt5\thinkphp\lang\zh-cn.php
[ info ] [ ROUTE ] array (
  'type' => 'module',
  'module' => 
  array (
    0 => '',
    1 => NULL,
    2 => NULL,
  ),
)
[ info ] [ HEADER ] array (
  'host' => '10.0.0.171',
  'connection' => 'keep-alive',
  'cache-control' => 'max-age=0',
  'upgrade-insecure-requests' => '1',
  'user-agent' => 'Mozilla/5.0 (Windows NT 10.0; WOW64) AppleWebKit/537.36 (KHTML, like Gecko) Chrome/56.0.2924.87 Safari/537.36',
  'accept' => 'text/html,application/xhtml+xml,application/xml;q=0.9,image/webp,*/*;q=0.8',
  'accept-encoding' => 'gzip, deflate, sdch',
  'accept-language' => 'zh-CN,zh;q=0.8',
)
[ info ] [ PARAM ] array (
)
[ info ] [ RUN ] app\index\controller\IndexController->index[ D:\wamp\www\zwt5\application\index\controller\IndexController.php ]
[ info ] [ DB ] INIT mysql
[ info ] [ VIEW ] D:\wamp\www\zwt5\public/../application/index\view\index\index.html [ array (
  0 => 'list',
  1 => 'ri',
  2 => 'ny',
  3 => 'newest',
  4 => 'newslist',
  5 => 'jituan',
) ]
[ info ] [ LOG ] INIT File
[ sql ] [ DB ] CONNECT:[ UseTime:0.010795s ] mysql:dbname=zhuwentou;host=127.0.0.1;charset=utf8
[ sql ] [ SQL ] SHOW COLUMNS FROM `zwt_nav` [ RunTime:0.017314s ]
[ sql ] [ SQL ] SELECT * FROM `zwt_nav` [ RunTime:0.001654s ]
[ sql ] [ SQL ] SELECT * FROM `zwt_nav` WHERE  `pid` = 38 [ RunTime:0.001097s ]
[ sql ] [ SQL ] SHOW COLUMNS FROM `zwt_article` [ RunTime:0.015333s ]
[ sql ] [ SQL ] SELECT `id`,`title`,`yinxu`,`created` FROM `zwt_article` WHERE  `nav_id` IN (39,40,41) ORDER BY created desc LIMIT 1 [ RunTime:0.000757s ]
[ sql ] [ SQL ] SELECT `id`,`title`,`yinxu`,`created` FROM `zwt_article` WHERE  `nav_id` IN (39,40,41) ORDER BY created desc LIMIT 4 [ RunTime:0.000747s ]
[ sql ] [ SQL ] SELECT * FROM `zwt_nav` WHERE  `pid` = 7 [ RunTime:0.000712s ]

---------------------------------------------------------------
[ 2017-08-25T15:27:00+08:00 ] 10.0.0.171 10.0.0.190 GET /
[ log ] 10.0.0.171/ [运行时间：0.082607s][吞吐率：12.11req/s] [内存消耗：3,982.04kb] [文件加载：53]
[ info ] [ LANG ] D:\wamp\www\zwt5\thinkphp\lang\zh-cn.php
[ info ] [ ROUTE ] array (
  'type' => 'module',
  'module' => 
  array (
    0 => '',
    1 => NULL,
    2 => NULL,
  ),
)
[ info ] [ HEADER ] array (
  'host' => '10.0.0.171',
  'connection' => 'keep-alive',
  'cache-control' => 'max-age=0',
  'upgrade-insecure-requests' => '1',
  'user-agent' => 'Mozilla/5.0 (Windows NT 10.0; WOW64) AppleWebKit/537.36 (KHTML, like Gecko) Chrome/56.0.2924.87 Safari/537.36',
  'accept' => 'text/html,application/xhtml+xml,application/xml;q=0.9,image/webp,*/*;q=0.8',
  'accept-encoding' => 'gzip, deflate, sdch',
  'accept-language' => 'zh-CN,zh;q=0.8',
)
[ info ] [ PARAM ] array (
)
[ info ] [ RUN ] app\index\controller\IndexController->index[ D:\wamp\www\zwt5\application\index\controller\IndexController.php ]
[ info ] [ DB ] INIT mysql
[ info ] [ VIEW ] D:\wamp\www\zwt5\public/../application/index\view\index\index.html [ array (
  0 => 'list',
  1 => 'ri',
  2 => 'ny',
  3 => 'newest',
  4 => 'newslist',
  5 => 'jituan',
) ]
[ info ] [ LOG ] INIT File
[ sql ] [ DB ] CONNECT:[ UseTime:0.010714s ] mysql:dbname=zhuwentou;host=127.0.0.1;charset=utf8
[ sql ] [ SQL ] SHOW COLUMNS FROM `zwt_nav` [ RunTime:0.007346s ]
[ sql ] [ SQL ] SELECT * FROM `zwt_nav` [ RunTime:0.000497s ]
[ sql ] [ SQL ] SELECT * FROM `zwt_nav` WHERE  `pid` = 38 [ RunTime:0.000294s ]
[ sql ] [ SQL ] SHOW COLUMNS FROM `zwt_article` [ RunTime:0.006220s ]
[ sql ] [ SQL ] SELECT `id`,`title`,`yinxu`,`created` FROM `zwt_article` WHERE  `nav_id` IN (39,40,41) ORDER BY created desc LIMIT 1 [ RunTime:0.000345s ]
[ sql ] [ SQL ] SELECT `id`,`title`,`yinxu`,`created` FROM `zwt_article` WHERE  `nav_id` IN (39,40,41) ORDER BY created desc LIMIT 4 [ RunTime:0.000341s ]
[ sql ] [ SQL ] SELECT * FROM `zwt_nav` WHERE  `pid` = 7 [ RunTime:0.000274s ]

---------------------------------------------------------------
[ 2017-08-25T15:27:02+08:00 ] 10.0.0.171 10.0.0.190 GET /
[ log ] 10.0.0.171/ [运行时间：0.101641s][吞吐率：9.84req/s] [内存消耗：3,982.04kb] [文件加载：53]
[ info ] [ LANG ] D:\wamp\www\zwt5\thinkphp\lang\zh-cn.php
[ info ] [ ROUTE ] array (
  'type' => 'module',
  'module' => 
  array (
    0 => '',
    1 => NULL,
    2 => NULL,
  ),
)
[ info ] [ HEADER ] array (
  'host' => '10.0.0.171',
  'connection' => 'keep-alive',
  'cache-control' => 'max-age=0',
  'upgrade-insecure-requests' => '1',
  'user-agent' => 'Mozilla/5.0 (Windows NT 10.0; WOW64) AppleWebKit/537.36 (KHTML, like Gecko) Chrome/56.0.2924.87 Safari/537.36',
  'accept' => 'text/html,application/xhtml+xml,application/xml;q=0.9,image/webp,*/*;q=0.8',
  'accept-encoding' => 'gzip, deflate, sdch',
  'accept-language' => 'zh-CN,zh;q=0.8',
)
[ info ] [ PARAM ] array (
)
[ info ] [ RUN ] app\index\controller\IndexController->index[ D:\wamp\www\zwt5\application\index\controller\IndexController.php ]
[ info ] [ DB ] INIT mysql
[ info ] [ VIEW ] D:\wamp\www\zwt5\public/../application/index\view\index\index.html [ array (
  0 => 'list',
  1 => 'ri',
  2 => 'ny',
  3 => 'newest',
  4 => 'newslist',
  5 => 'jituan',
) ]
[ info ] [ LOG ] INIT File
[ sql ] [ DB ] CONNECT:[ UseTime:0.011212s ] mysql:dbname=zhuwentou;host=127.0.0.1;charset=utf8
[ sql ] [ SQL ] SHOW COLUMNS FROM `zwt_nav` [ RunTime:0.007357s ]
[ sql ] [ SQL ] SELECT * FROM `zwt_nav` [ RunTime:0.000372s ]
[ sql ] [ SQL ] SELECT * FROM `zwt_nav` WHERE  `pid` = 38 [ RunTime:0.000232s ]
[ sql ] [ SQL ] SHOW COLUMNS FROM `zwt_article` [ RunTime:0.005469s ]
[ sql ] [ SQL ] SELECT `id`,`title`,`yinxu`,`created` FROM `zwt_article` WHERE  `nav_id` IN (39,40,41) ORDER BY created desc LIMIT 1 [ RunTime:0.000323s ]
[ sql ] [ SQL ] SELECT `id`,`title`,`yinxu`,`created` FROM `zwt_article` WHERE  `nav_id` IN (39,40,41) ORDER BY created desc LIMIT 4 [ RunTime:0.000285s ]
[ sql ] [ SQL ] SELECT * FROM `zwt_nav` WHERE  `pid` = 7 [ RunTime:0.000265s ]

---------------------------------------------------------------
[ 2017-08-25T15:27:38+08:00 ] 10.0.0.171 10.0.0.190 GET /
[ log ] 10.0.0.171/ [运行时间：0.090667s][吞吐率：11.03req/s] [内存消耗：3,982.04kb] [文件加载：53]
[ info ] [ LANG ] D:\wamp\www\zwt5\thinkphp\lang\zh-cn.php
[ info ] [ ROUTE ] array (
  'type' => 'module',
  'module' => 
  array (
    0 => '',
    1 => NULL,
    2 => NULL,
  ),
)
[ info ] [ HEADER ] array (
  'host' => '10.0.0.171',
  'connection' => 'keep-alive',
  'cache-control' => 'max-age=0',
  'upgrade-insecure-requests' => '1',
  'user-agent' => 'Mozilla/5.0 (Windows NT 10.0; WOW64) AppleWebKit/537.36 (KHTML, like Gecko) Chrome/56.0.2924.87 Safari/537.36',
  'accept' => 'text/html,application/xhtml+xml,application/xml;q=0.9,image/webp,*/*;q=0.8',
  'accept-encoding' => 'gzip, deflate, sdch',
  'accept-language' => 'zh-CN,zh;q=0.8',
)
[ info ] [ PARAM ] array (
)
[ info ] [ RUN ] app\index\controller\IndexController->index[ D:\wamp\www\zwt5\application\index\controller\IndexController.php ]
[ info ] [ DB ] INIT mysql
[ info ] [ VIEW ] D:\wamp\www\zwt5\public/../application/index\view\index\index.html [ array (
  0 => 'list',
  1 => 'ri',
  2 => 'ny',
  3 => 'newest',
  4 => 'newslist',
  5 => 'jituan',
) ]
[ info ] [ LOG ] INIT File
[ sql ] [ DB ] CONNECT:[ UseTime:0.000780s ] mysql:dbname=zhuwentou;host=127.0.0.1;charset=utf8
[ sql ] [ SQL ] SHOW COLUMNS FROM `zwt_nav` [ RunTime:0.005441s ]
[ sql ] [ SQL ] SELECT * FROM `zwt_nav` [ RunTime:0.000552s ]
[ sql ] [ SQL ] SELECT * FROM `zwt_nav` WHERE  `pid` = 38 [ RunTime:0.000287s ]
[ sql ] [ SQL ] SHOW COLUMNS FROM `zwt_article` [ RunTime:0.005269s ]
[ sql ] [ SQL ] SELECT `id`,`title`,`yinxu`,`created` FROM `zwt_article` WHERE  `nav_id` IN (39,40,41) ORDER BY created desc LIMIT 1 [ RunTime:0.000432s ]
[ sql ] [ SQL ] SELECT `id`,`title`,`yinxu`,`created` FROM `zwt_article` WHERE  `nav_id` IN (39,40,41) ORDER BY created desc LIMIT 4 [ RunTime:0.000395s ]
[ sql ] [ SQL ] SELECT * FROM `zwt_nav` WHERE  `pid` = 7 [ RunTime:0.000372s ]

---------------------------------------------------------------
[ 2017-08-25T15:27:39+08:00 ] 10.0.0.171 10.0.0.190 GET /
[ log ] 10.0.0.171/ [运行时间：0.075737s][吞吐率：13.20req/s] [内存消耗：3,982.04kb] [文件加载：53]
[ info ] [ LANG ] D:\wamp\www\zwt5\thinkphp\lang\zh-cn.php
[ info ] [ ROUTE ] array (
  'type' => 'module',
  'module' => 
  array (
    0 => '',
    1 => NULL,
    2 => NULL,
  ),
)
[ info ] [ HEADER ] array (
  'host' => '10.0.0.171',
  'connection' => 'keep-alive',
  'cache-control' => 'max-age=0',
  'upgrade-insecure-requests' => '1',
  'user-agent' => 'Mozilla/5.0 (Windows NT 10.0; WOW64) AppleWebKit/537.36 (KHTML, like Gecko) Chrome/56.0.2924.87 Safari/537.36',
  'accept' => 'text/html,application/xhtml+xml,application/xml;q=0.9,image/webp,*/*;q=0.8',
  'accept-encoding' => 'gzip, deflate, sdch',
  'accept-language' => 'zh-CN,zh;q=0.8',
)
[ info ] [ PARAM ] array (
)
[ info ] [ RUN ] app\index\controller\IndexController->index[ D:\wamp\www\zwt5\application\index\controller\IndexController.php ]
[ info ] [ DB ] INIT mysql
[ info ] [ VIEW ] D:\wamp\www\zwt5\public/../application/index\view\index\index.html [ array (
  0 => 'list',
  1 => 'ri',
  2 => 'ny',
  3 => 'newest',
  4 => 'newslist',
  5 => 'jituan',
) ]
[ info ] [ LOG ] INIT File
[ sql ] [ DB ] CONNECT:[ UseTime:0.010720s ] mysql:dbname=zhuwentou;host=127.0.0.1;charset=utf8
[ sql ] [ SQL ] SHOW COLUMNS FROM `zwt_nav` [ RunTime:0.005963s ]
[ sql ] [ SQL ] SELECT * FROM `zwt_nav` [ RunTime:0.000501s ]
[ sql ] [ SQL ] SELECT * FROM `zwt_nav` WHERE  `pid` = 38 [ RunTime:0.000389s ]
[ sql ] [ SQL ] SHOW COLUMNS FROM `zwt_article` [ RunTime:0.005917s ]
[ sql ] [ SQL ] SELECT `id`,`title`,`yinxu`,`created` FROM `zwt_article` WHERE  `nav_id` IN (39,40,41) ORDER BY created desc LIMIT 1 [ RunTime:0.000330s ]
[ sql ] [ SQL ] SELECT `id`,`title`,`yinxu`,`created` FROM `zwt_article` WHERE  `nav_id` IN (39,40,41) ORDER BY created desc LIMIT 4 [ RunTime:0.000300s ]
[ sql ] [ SQL ] SELECT * FROM `zwt_nav` WHERE  `pid` = 7 [ RunTime:0.000273s ]

---------------------------------------------------------------
[ 2017-08-25T15:27:40+08:00 ] 10.0.0.171 10.0.0.190 GET /
[ log ] 10.0.0.171/ [运行时间：0.049748s][吞吐率：20.10req/s] [内存消耗：3,982.04kb] [文件加载：53]
[ info ] [ LANG ] D:\wamp\www\zwt5\thinkphp\lang\zh-cn.php
[ info ] [ ROUTE ] array (
  'type' => 'module',
  'module' => 
  array (
    0 => '',
    1 => NULL,
    2 => NULL,
  ),
)
[ info ] [ HEADER ] array (
  'host' => '10.0.0.171',
  'connection' => 'keep-alive',
  'cache-control' => 'max-age=0',
  'upgrade-insecure-requests' => '1',
  'user-agent' => 'Mozilla/5.0 (Windows NT 10.0; WOW64) AppleWebKit/537.36 (KHTML, like Gecko) Chrome/56.0.2924.87 Safari/537.36',
  'accept' => 'text/html,application/xhtml+xml,application/xml;q=0.9,image/webp,*/*;q=0.8',
  'accept-encoding' => 'gzip, deflate, sdch',
  'accept-language' => 'zh-CN,zh;q=0.8',
)
[ info ] [ PARAM ] array (
)
[ info ] [ RUN ] app\index\controller\IndexController->index[ D:\wamp\www\zwt5\application\index\controller\IndexController.php ]
[ info ] [ DB ] INIT mysql
[ info ] [ VIEW ] D:\wamp\www\zwt5\public/../application/index\view\index\index.html [ array (
  0 => 'list',
  1 => 'ri',
  2 => 'ny',
  3 => 'newest',
  4 => 'newslist',
  5 => 'jituan',
) ]
[ info ] [ LOG ] INIT File
[ sql ] [ DB ] CONNECT:[ UseTime:0.000827s ] mysql:dbname=zhuwentou;host=127.0.0.1;charset=utf8
[ sql ] [ SQL ] SHOW COLUMNS FROM `zwt_nav` [ RunTime:0.005207s ]
[ sql ] [ SQL ] SELECT * FROM `zwt_nav` [ RunTime:0.000466s ]
[ sql ] [ SQL ] SELECT * FROM `zwt_nav` WHERE  `pid` = 38 [ RunTime:0.000302s ]
[ sql ] [ SQL ] SHOW COLUMNS FROM `zwt_article` [ RunTime:0.005047s ]
[ sql ] [ SQL ] SELECT `id`,`title`,`yinxu`,`created` FROM `zwt_article` WHERE  `nav_id` IN (39,40,41) ORDER BY created desc LIMIT 1 [ RunTime:0.000422s ]
[ sql ] [ SQL ] SELECT `id`,`title`,`yinxu`,`created` FROM `zwt_article` WHERE  `nav_id` IN (39,40,41) ORDER BY created desc LIMIT 4 [ RunTime:0.000403s ]
[ sql ] [ SQL ] SELECT * FROM `zwt_nav` WHERE  `pid` = 7 [ RunTime:0.000517s ]

---------------------------------------------------------------
[ 2017-08-25T15:27:52+08:00 ] 10.0.0.171 10.0.0.190 GET /
[ log ] 10.0.0.171/ [运行时间：0.112826s][吞吐率：8.86req/s] [内存消耗：3,982.04kb] [文件加载：53]
[ info ] [ LANG ] D:\wamp\www\zwt5\thinkphp\lang\zh-cn.php
[ info ] [ ROUTE ] array (
  'type' => 'module',
  'module' => 
  array (
    0 => '',
    1 => NULL,
    2 => NULL,
  ),
)
[ info ] [ HEADER ] array (
  'host' => '10.0.0.171',
  'connection' => 'keep-alive',
  'cache-control' => 'max-age=0',
  'upgrade-insecure-requests' => '1',
  'user-agent' => 'Mozilla/5.0 (Windows NT 10.0; WOW64) AppleWebKit/537.36 (KHTML, like Gecko) Chrome/56.0.2924.87 Safari/537.36',
  'accept' => 'text/html,application/xhtml+xml,application/xml;q=0.9,image/webp,*/*;q=0.8',
  'accept-encoding' => 'gzip, deflate, sdch',
  'accept-language' => 'zh-CN,zh;q=0.8',
)
[ info ] [ PARAM ] array (
)
[ info ] [ RUN ] app\index\controller\IndexController->index[ D:\wamp\www\zwt5\application\index\controller\IndexController.php ]
[ info ] [ DB ] INIT mysql
[ info ] [ VIEW ] D:\wamp\www\zwt5\public/../application/index\view\index\index.html [ array (
  0 => 'list',
  1 => 'ri',
  2 => 'ny',
  3 => 'newest',
  4 => 'newslist',
  5 => 'jituan',
) ]
[ info ] [ LOG ] INIT File
[ sql ] [ DB ] CONNECT:[ UseTime:0.010413s ] mysql:dbname=zhuwentou;host=127.0.0.1;charset=utf8
[ sql ] [ SQL ] SHOW COLUMNS FROM `zwt_nav` [ RunTime:0.007229s ]
[ sql ] [ SQL ] SELECT * FROM `zwt_nav` [ RunTime:0.000514s ]
[ sql ] [ SQL ] SELECT * FROM `zwt_nav` WHERE  `pid` = 38 [ RunTime:0.000337s ]
[ sql ] [ SQL ] SHOW COLUMNS FROM `zwt_article` [ RunTime:0.005363s ]
[ sql ] [ SQL ] SELECT `id`,`title`,`yinxu`,`created` FROM `zwt_article` WHERE  `nav_id` IN (39,40,41) ORDER BY created desc LIMIT 1 [ RunTime:0.000408s ]
[ sql ] [ SQL ] SELECT `id`,`title`,`yinxu`,`created` FROM `zwt_article` WHERE  `nav_id` IN (39,40,41) ORDER BY created desc LIMIT 4 [ RunTime:0.000368s ]
[ sql ] [ SQL ] SELECT * FROM `zwt_nav` WHERE  `pid` = 7 [ RunTime:0.000344s ]

---------------------------------------------------------------
[ 2017-08-25T15:28:20+08:00 ] 10.0.0.171 10.0.0.190 GET /
[ log ] 10.0.0.171/ [运行时间：0.184171s][吞吐率：5.43req/s] [内存消耗：3,982.04kb] [文件加载：53]
[ info ] [ LANG ] D:\wamp\www\zwt5\thinkphp\lang\zh-cn.php
[ info ] [ ROUTE ] array (
  'type' => 'module',
  'module' => 
  array (
    0 => '',
    1 => NULL,
    2 => NULL,
  ),
)
[ info ] [ HEADER ] array (
  'host' => '10.0.0.171',
  'connection' => 'keep-alive',
  'cache-control' => 'max-age=0',
  'upgrade-insecure-requests' => '1',
  'user-agent' => 'Mozilla/5.0 (Windows NT 10.0; WOW64) AppleWebKit/537.36 (KHTML, like Gecko) Chrome/56.0.2924.87 Safari/537.36',
  'accept' => 'text/html,application/xhtml+xml,application/xml;q=0.9,image/webp,*/*;q=0.8',
  'accept-encoding' => 'gzip, deflate, sdch',
  'accept-language' => 'zh-CN,zh;q=0.8',
)
[ info ] [ PARAM ] array (
)
[ info ] [ RUN ] app\index\controller\IndexController->index[ D:\wamp\www\zwt5\application\index\controller\IndexController.php ]
[ info ] [ DB ] INIT mysql
[ info ] [ VIEW ] D:\wamp\www\zwt5\public/../application/index\view\index\index.html [ array (
  0 => 'list',
  1 => 'ri',
  2 => 'ny',
  3 => 'newest',
  4 => 'newslist',
  5 => 'jituan',
) ]
[ info ] [ LOG ] INIT File
[ sql ] [ DB ] CONNECT:[ UseTime:0.002408s ] mysql:dbname=zhuwentou;host=127.0.0.1;charset=utf8
[ sql ] [ SQL ] SHOW COLUMNS FROM `zwt_nav` [ RunTime:0.019923s ]
[ sql ] [ SQL ] SELECT * FROM `zwt_nav` [ RunTime:0.001482s ]
[ sql ] [ SQL ] SELECT * FROM `zwt_nav` WHERE  `pid` = 38 [ RunTime:0.001162s ]
[ sql ] [ SQL ] SHOW COLUMNS FROM `zwt_article` [ RunTime:0.021033s ]
[ sql ] [ SQL ] SELECT `id`,`title`,`yinxu`,`created` FROM `zwt_article` WHERE  `nav_id` IN (39,40,41) ORDER BY created desc LIMIT 1 [ RunTime:0.001230s ]
[ sql ] [ SQL ] SELECT `id`,`title`,`yinxu`,`created` FROM `zwt_article` WHERE  `nav_id` IN (39,40,41) ORDER BY created desc LIMIT 4 [ RunTime:0.001258s ]
[ sql ] [ SQL ] SELECT * FROM `zwt_nav` WHERE  `pid` = 7 [ RunTime:0.001107s ]

---------------------------------------------------------------
[ 2017-08-25T15:28:22+08:00 ] 10.0.0.171 10.0.0.190 GET /
[ log ] 10.0.0.171/ [运行时间：0.109768s][吞吐率：9.11req/s] [内存消耗：3,982.04kb] [文件加载：53]
[ info ] [ LANG ] D:\wamp\www\zwt5\thinkphp\lang\zh-cn.php
[ info ] [ ROUTE ] array (
  'type' => 'module',
  'module' => 
  array (
    0 => '',
    1 => NULL,
    2 => NULL,
  ),
)
[ info ] [ HEADER ] array (
  'host' => '10.0.0.171',
  'connection' => 'keep-alive',
  'cache-control' => 'max-age=0',
  'upgrade-insecure-requests' => '1',
  'user-agent' => 'Mozilla/5.0 (Windows NT 10.0; WOW64) AppleWebKit/537.36 (KHTML, like Gecko) Chrome/56.0.2924.87 Safari/537.36',
  'accept' => 'text/html,application/xhtml+xml,application/xml;q=0.9,image/webp,*/*;q=0.8',
  'accept-encoding' => 'gzip, deflate, sdch',
  'accept-language' => 'zh-CN,zh;q=0.8',
)
[ info ] [ PARAM ] array (
)
[ info ] [ RUN ] app\index\controller\IndexController->index[ D:\wamp\www\zwt5\application\index\controller\IndexController.php ]
[ info ] [ DB ] INIT mysql
[ info ] [ VIEW ] D:\wamp\www\zwt5\public/../application/index\view\index\index.html [ array (
  0 => 'list',
  1 => 'ri',
  2 => 'ny',
  3 => 'newest',
  4 => 'newslist',
  5 => 'jituan',
) ]
[ info ] [ LOG ] INIT File
[ sql ] [ DB ] CONNECT:[ UseTime:0.010429s ] mysql:dbname=zhuwentou;host=127.0.0.1;charset=utf8
[ sql ] [ SQL ] SHOW COLUMNS FROM `zwt_nav` [ RunTime:0.005841s ]
[ sql ] [ SQL ] SELECT * FROM `zwt_nav` [ RunTime:0.000477s ]
[ sql ] [ SQL ] SELECT * FROM `zwt_nav` WHERE  `pid` = 38 [ RunTime:0.000409s ]
[ sql ] [ SQL ] SHOW COLUMNS FROM `zwt_article` [ RunTime:0.005925s ]
[ sql ] [ SQL ] SELECT `id`,`title`,`yinxu`,`created` FROM `zwt_article` WHERE  `nav_id` IN (39,40,41) ORDER BY created desc LIMIT 1 [ RunTime:0.000443s ]
[ sql ] [ SQL ] SELECT `id`,`title`,`yinxu`,`created` FROM `zwt_article` WHERE  `nav_id` IN (39,40,41) ORDER BY created desc LIMIT 4 [ RunTime:0.000467s ]
[ sql ] [ SQL ] SELECT * FROM `zwt_nav` WHERE  `pid` = 7 [ RunTime:0.000428s ]

---------------------------------------------------------------
[ 2017-08-25T15:28:22+08:00 ] 10.0.0.171 10.0.0.190 GET /
[ log ] 10.0.0.171/ [运行时间：0.093189s][吞吐率：10.73req/s] [内存消耗：3,982.04kb] [文件加载：53]
[ info ] [ LANG ] D:\wamp\www\zwt5\thinkphp\lang\zh-cn.php
[ info ] [ ROUTE ] array (
  'type' => 'module',
  'module' => 
  array (
    0 => '',
    1 => NULL,
    2 => NULL,
  ),
)
[ info ] [ HEADER ] array (
  'host' => '10.0.0.171',
  'connection' => 'keep-alive',
  'cache-control' => 'max-age=0',
  'upgrade-insecure-requests' => '1',
  'user-agent' => 'Mozilla/5.0 (Windows NT 10.0; WOW64) AppleWebKit/537.36 (KHTML, like Gecko) Chrome/56.0.2924.87 Safari/537.36',
  'accept' => 'text/html,application/xhtml+xml,application/xml;q=0.9,image/webp,*/*;q=0.8',
  'accept-encoding' => 'gzip, deflate, sdch',
  'accept-language' => 'zh-CN,zh;q=0.8',
)
[ info ] [ PARAM ] array (
)
[ info ] [ RUN ] app\index\controller\IndexController->index[ D:\wamp\www\zwt5\application\index\controller\IndexController.php ]
[ info ] [ DB ] INIT mysql
[ info ] [ VIEW ] D:\wamp\www\zwt5\public/../application/index\view\index\index.html [ array (
  0 => 'list',
  1 => 'ri',
  2 => 'ny',
  3 => 'newest',
  4 => 'newslist',
  5 => 'jituan',
) ]
[ info ] [ LOG ] INIT File
[ sql ] [ DB ] CONNECT:[ UseTime:0.001122s ] mysql:dbname=zhuwentou;host=127.0.0.1;charset=utf8
[ sql ] [ SQL ] SHOW COLUMNS FROM `zwt_nav` [ RunTime:0.007762s ]
[ sql ] [ SQL ] SELECT * FROM `zwt_nav` [ RunTime:0.000658s ]
[ sql ] [ SQL ] SELECT * FROM `zwt_nav` WHERE  `pid` = 38 [ RunTime:0.000497s ]
[ sql ] [ SQL ] SHOW COLUMNS FROM `zwt_article` [ RunTime:0.007503s ]
[ sql ] [ SQL ] SELECT `id`,`title`,`yinxu`,`created` FROM `zwt_article` WHERE  `nav_id` IN (39,40,41) ORDER BY created desc LIMIT 1 [ RunTime:0.000490s ]
[ sql ] [ SQL ] SELECT `id`,`title`,`yinxu`,`created` FROM `zwt_article` WHERE  `nav_id` IN (39,40,41) ORDER BY created desc LIMIT 4 [ RunTime:0.000436s ]
[ sql ] [ SQL ] SELECT * FROM `zwt_nav` WHERE  `pid` = 7 [ RunTime:0.000366s ]

---------------------------------------------------------------
[ 2017-08-25T15:28:54+08:00 ] 10.0.0.171 10.0.0.190 GET /
[ log ] 10.0.0.171/ [运行时间：0.105330s][吞吐率：9.49req/s] [内存消耗：3,982.04kb] [文件加载：53]
[ info ] [ LANG ] D:\wamp\www\zwt5\thinkphp\lang\zh-cn.php
[ info ] [ ROUTE ] array (
  'type' => 'module',
  'module' => 
  array (
    0 => '',
    1 => NULL,
    2 => NULL,
  ),
)
[ info ] [ HEADER ] array (
  'host' => '10.0.0.171',
  'connection' => 'keep-alive',
  'cache-control' => 'max-age=0',
  'upgrade-insecure-requests' => '1',
  'user-agent' => 'Mozilla/5.0 (Windows NT 10.0; WOW64) AppleWebKit/537.36 (KHTML, like Gecko) Chrome/56.0.2924.87 Safari/537.36',
  'accept' => 'text/html,application/xhtml+xml,application/xml;q=0.9,image/webp,*/*;q=0.8',
  'accept-encoding' => 'gzip, deflate, sdch',
  'accept-language' => 'zh-CN,zh;q=0.8',
)
[ info ] [ PARAM ] array (
)
[ info ] [ RUN ] app\index\controller\IndexController->index[ D:\wamp\www\zwt5\application\index\controller\IndexController.php ]
[ info ] [ DB ] INIT mysql
[ info ] [ VIEW ] D:\wamp\www\zwt5\public/../application/index\view\index\index.html [ array (
  0 => 'list',
  1 => 'ri',
  2 => 'ny',
  3 => 'newest',
  4 => 'newslist',
  5 => 'jituan',
) ]
[ info ] [ LOG ] INIT File
[ sql ] [ DB ] CONNECT:[ UseTime:0.000778s ] mysql:dbname=zhuwentou;host=127.0.0.1;charset=utf8
[ sql ] [ SQL ] SHOW COLUMNS FROM `zwt_nav` [ RunTime:0.007925s ]
[ sql ] [ SQL ] SELECT * FROM `zwt_nav` [ RunTime:0.000563s ]
[ sql ] [ SQL ] SELECT * FROM `zwt_nav` WHERE  `pid` = 38 [ RunTime:0.000401s ]
[ sql ] [ SQL ] SHOW COLUMNS FROM `zwt_article` [ RunTime:0.005724s ]
[ sql ] [ SQL ] SELECT `id`,`title`,`yinxu`,`created` FROM `zwt_article` WHERE  `nav_id` IN (39,40,41) ORDER BY created desc LIMIT 1 [ RunTime:0.000352s ]
[ sql ] [ SQL ] SELECT `id`,`title`,`yinxu`,`created` FROM `zwt_article` WHERE  `nav_id` IN (39,40,41) ORDER BY created desc LIMIT 4 [ RunTime:0.000329s ]
[ sql ] [ SQL ] SELECT * FROM `zwt_nav` WHERE  `pid` = 7 [ RunTime:0.000257s ]

---------------------------------------------------------------
[ 2017-08-25T15:28:55+08:00 ] 10.0.0.171 10.0.0.190 GET /
[ log ] 10.0.0.171/ [运行时间：0.084546s][吞吐率：11.83req/s] [内存消耗：3,982.04kb] [文件加载：53]
[ info ] [ LANG ] D:\wamp\www\zwt5\thinkphp\lang\zh-cn.php
[ info ] [ ROUTE ] array (
  'type' => 'module',
  'module' => 
  array (
    0 => '',
    1 => NULL,
    2 => NULL,
  ),
)
[ info ] [ HEADER ] array (
  'host' => '10.0.0.171',
  'connection' => 'keep-alive',
  'cache-control' => 'max-age=0',
  'upgrade-insecure-requests' => '1',
  'user-agent' => 'Mozilla/5.0 (Windows NT 10.0; WOW64) AppleWebKit/537.36 (KHTML, like Gecko) Chrome/56.0.2924.87 Safari/537.36',
  'accept' => 'text/html,application/xhtml+xml,application/xml;q=0.9,image/webp,*/*;q=0.8',
  'accept-encoding' => 'gzip, deflate, sdch',
  'accept-language' => 'zh-CN,zh;q=0.8',
)
[ info ] [ PARAM ] array (
)
[ info ] [ RUN ] app\index\controller\IndexController->index[ D:\wamp\www\zwt5\application\index\controller\IndexController.php ]
[ info ] [ DB ] INIT mysql
[ info ] [ VIEW ] D:\wamp\www\zwt5\public/../application/index\view\index\index.html [ array (
  0 => 'list',
  1 => 'ri',
  2 => 'ny',
  3 => 'newest',
  4 => 'newslist',
  5 => 'jituan',
) ]
[ info ] [ LOG ] INIT File
[ sql ] [ DB ] CONNECT:[ UseTime:0.011055s ] mysql:dbname=zhuwentou;host=127.0.0.1;charset=utf8
[ sql ] [ SQL ] SHOW COLUMNS FROM `zwt_nav` [ RunTime:0.007346s ]
[ sql ] [ SQL ] SELECT * FROM `zwt_nav` [ RunTime:0.000526s ]
[ sql ] [ SQL ] SELECT * FROM `zwt_nav` WHERE  `pid` = 38 [ RunTime:0.000506s ]
[ sql ] [ SQL ] SHOW COLUMNS FROM `zwt_article` [ RunTime:0.005573s ]
[ sql ] [ SQL ] SELECT `id`,`title`,`yinxu`,`created` FROM `zwt_article` WHERE  `nav_id` IN (39,40,41) ORDER BY created desc LIMIT 1 [ RunTime:0.000441s ]
[ sql ] [ SQL ] SELECT `id`,`title`,`yinxu`,`created` FROM `zwt_article` WHERE  `nav_id` IN (39,40,41) ORDER BY created desc LIMIT 4 [ RunTime:0.000384s ]
[ sql ] [ SQL ] SELECT * FROM `zwt_nav` WHERE  `pid` = 7 [ RunTime:0.000383s ]

---------------------------------------------------------------
[ 2017-08-25T15:28:57+08:00 ] 10.0.0.171 10.0.0.190 GET /
[ log ] 10.0.0.171/ [运行时间：0.103071s][吞吐率：9.70req/s] [内存消耗：3,982.04kb] [文件加载：53]
[ info ] [ LANG ] D:\wamp\www\zwt5\thinkphp\lang\zh-cn.php
[ info ] [ ROUTE ] array (
  'type' => 'module',
  'module' => 
  array (
    0 => '',
    1 => NULL,
    2 => NULL,
  ),
)
[ info ] [ HEADER ] array (
  'host' => '10.0.0.171',
  'connection' => 'keep-alive',
  'cache-control' => 'max-age=0',
  'upgrade-insecure-requests' => '1',
  'user-agent' => 'Mozilla/5.0 (Windows NT 10.0; WOW64) AppleWebKit/537.36 (KHTML, like Gecko) Chrome/56.0.2924.87 Safari/537.36',
  'accept' => 'text/html,application/xhtml+xml,application/xml;q=0.9,image/webp,*/*;q=0.8',
  'accept-encoding' => 'gzip, deflate, sdch',
  'accept-language' => 'zh-CN,zh;q=0.8',
)
[ info ] [ PARAM ] array (
)
[ info ] [ RUN ] app\index\controller\IndexController->index[ D:\wamp\www\zwt5\application\index\controller\IndexController.php ]
[ info ] [ DB ] INIT mysql
[ info ] [ VIEW ] D:\wamp\www\zwt5\public/../application/index\view\index\index.html [ array (
  0 => 'list',
  1 => 'ri',
  2 => 'ny',
  3 => 'newest',
  4 => 'newslist',
  5 => 'jituan',
) ]
[ info ] [ LOG ] INIT File
[ sql ] [ DB ] CONNECT:[ UseTime:0.000828s ] mysql:dbname=zhuwentou;host=127.0.0.1;charset=utf8
[ sql ] [ SQL ] SHOW COLUMNS FROM `zwt_nav` [ RunTime:0.007267s ]
[ sql ] [ SQL ] SELECT * FROM `zwt_nav` [ RunTime:0.000534s ]
[ sql ] [ SQL ] SELECT * FROM `zwt_nav` WHERE  `pid` = 38 [ RunTime:0.000405s ]
[ sql ] [ SQL ] SHOW COLUMNS FROM `zwt_article` [ RunTime:0.005802s ]
[ sql ] [ SQL ] SELECT `id`,`title`,`yinxu`,`created` FROM `zwt_article` WHERE  `nav_id` IN (39,40,41) ORDER BY created desc LIMIT 1 [ RunTime:0.000479s ]
[ sql ] [ SQL ] SELECT `id`,`title`,`yinxu`,`created` FROM `zwt_article` WHERE  `nav_id` IN (39,40,41) ORDER BY created desc LIMIT 4 [ RunTime:0.000437s ]
[ sql ] [ SQL ] SELECT * FROM `zwt_nav` WHERE  `pid` = 7 [ RunTime:0.000443s ]

---------------------------------------------------------------
[ 2017-08-25T15:28:58+08:00 ] 10.0.0.171 10.0.0.190 GET /
[ log ] 10.0.0.171/ [运行时间：0.099117s][吞吐率：10.09req/s] [内存消耗：3,982.04kb] [文件加载：53]
[ info ] [ LANG ] D:\wamp\www\zwt5\thinkphp\lang\zh-cn.php
[ info ] [ ROUTE ] array (
  'type' => 'module',
  'module' => 
  array (
    0 => '',
    1 => NULL,
    2 => NULL,
  ),
)
[ info ] [ HEADER ] array (
  'host' => '10.0.0.171',
  'connection' => 'keep-alive',
  'cache-control' => 'max-age=0',
  'upgrade-insecure-requests' => '1',
  'user-agent' => 'Mozilla/5.0 (Windows NT 10.0; WOW64) AppleWebKit/537.36 (KHTML, like Gecko) Chrome/56.0.2924.87 Safari/537.36',
  'accept' => 'text/html,application/xhtml+xml,application/xml;q=0.9,image/webp,*/*;q=0.8',
  'accept-encoding' => 'gzip, deflate, sdch',
  'accept-language' => 'zh-CN,zh;q=0.8',
)
[ info ] [ PARAM ] array (
)
[ info ] [ RUN ] app\index\controller\IndexController->index[ D:\wamp\www\zwt5\application\index\controller\IndexController.php ]
[ info ] [ DB ] INIT mysql
[ info ] [ VIEW ] D:\wamp\www\zwt5\public/../application/index\view\index\index.html [ array (
  0 => 'list',
  1 => 'ri',
  2 => 'ny',
  3 => 'newest',
  4 => 'newslist',
  5 => 'jituan',
) ]
[ info ] [ LOG ] INIT File
[ sql ] [ DB ] CONNECT:[ UseTime:0.010291s ] mysql:dbname=zhuwentou;host=127.0.0.1;charset=utf8
[ sql ] [ SQL ] SHOW COLUMNS FROM `zwt_nav` [ RunTime:0.006121s ]
[ sql ] [ SQL ] SELECT * FROM `zwt_nav` [ RunTime:0.000520s ]
[ sql ] [ SQL ] SELECT * FROM `zwt_nav` WHERE  `pid` = 38 [ RunTime:0.000419s ]
[ sql ] [ SQL ] SHOW COLUMNS FROM `zwt_article` [ RunTime:0.004962s ]
[ sql ] [ SQL ] SELECT `id`,`title`,`yinxu`,`created` FROM `zwt_article` WHERE  `nav_id` IN (39,40,41) ORDER BY created desc LIMIT 1 [ RunTime:0.000408s ]
[ sql ] [ SQL ] SELECT `id`,`title`,`yinxu`,`created` FROM `zwt_article` WHERE  `nav_id` IN (39,40,41) ORDER BY created desc LIMIT 4 [ RunTime:0.000363s ]
[ sql ] [ SQL ] SELECT * FROM `zwt_nav` WHERE  `pid` = 7 [ RunTime:0.000360s ]

---------------------------------------------------------------
[ 2017-08-25T15:28:58+08:00 ] 10.0.0.171 10.0.0.190 GET /
[ log ] 10.0.0.171/ [运行时间：0.085899s][吞吐率：11.64req/s] [内存消耗：3,982.04kb] [文件加载：53]
[ info ] [ LANG ] D:\wamp\www\zwt5\thinkphp\lang\zh-cn.php
[ info ] [ ROUTE ] array (
  'type' => 'module',
  'module' => 
  array (
    0 => '',
    1 => NULL,
    2 => NULL,
  ),
)
[ info ] [ HEADER ] array (
  'host' => '10.0.0.171',
  'connection' => 'keep-alive',
  'cache-control' => 'max-age=0',
  'upgrade-insecure-requests' => '1',
  'user-agent' => 'Mozilla/5.0 (Windows NT 10.0; WOW64) AppleWebKit/537.36 (KHTML, like Gecko) Chrome/56.0.2924.87 Safari/537.36',
  'accept' => 'text/html,application/xhtml+xml,application/xml;q=0.9,image/webp,*/*;q=0.8',
  'accept-encoding' => 'gzip, deflate, sdch',
  'accept-language' => 'zh-CN,zh;q=0.8',
)
[ info ] [ PARAM ] array (
)
[ info ] [ RUN ] app\index\controller\IndexController->index[ D:\wamp\www\zwt5\application\index\controller\IndexController.php ]
[ info ] [ DB ] INIT mysql
[ info ] [ VIEW ] D:\wamp\www\zwt5\public/../application/index\view\index\index.html [ array (
  0 => 'list',
  1 => 'ri',
  2 => 'ny',
  3 => 'newest',
  4 => 'newslist',
  5 => 'jituan',
) ]
[ info ] [ LOG ] INIT File
[ sql ] [ DB ] CONNECT:[ UseTime:0.000695s ] mysql:dbname=zhuwentou;host=127.0.0.1;charset=utf8
[ sql ] [ SQL ] SHOW COLUMNS FROM `zwt_nav` [ RunTime:0.005321s ]
[ sql ] [ SQL ] SELECT * FROM `zwt_nav` [ RunTime:0.000427s ]
[ sql ] [ SQL ] SELECT * FROM `zwt_nav` WHERE  `pid` = 38 [ RunTime:0.000271s ]
[ sql ] [ SQL ] SHOW COLUMNS FROM `zwt_article` [ RunTime:0.005269s ]
[ sql ] [ SQL ] SELECT `id`,`title`,`yinxu`,`created` FROM `zwt_article` WHERE  `nav_id` IN (39,40,41) ORDER BY created desc LIMIT 1 [ RunTime:0.000331s ]
[ sql ] [ SQL ] SELECT `id`,`title`,`yinxu`,`created` FROM `zwt_article` WHERE  `nav_id` IN (39,40,41) ORDER BY created desc LIMIT 4 [ RunTime:0.000294s ]
[ sql ] [ SQL ] SELECT * FROM `zwt_nav` WHERE  `pid` = 7 [ RunTime:0.000265s ]

---------------------------------------------------------------
[ 2017-08-25T15:28:58+08:00 ] 10.0.0.171 10.0.0.190 GET /
[ log ] 10.0.0.171/ [运行时间：0.086153s][吞吐率：11.61req/s] [内存消耗：3,982.04kb] [文件加载：53]
[ info ] [ LANG ] D:\wamp\www\zwt5\thinkphp\lang\zh-cn.php
[ info ] [ ROUTE ] array (
  'type' => 'module',
  'module' => 
  array (
    0 => '',
    1 => NULL,
    2 => NULL,
  ),
)
[ info ] [ HEADER ] array (
  'host' => '10.0.0.171',
  'connection' => 'keep-alive',
  'cache-control' => 'max-age=0',
  'upgrade-insecure-requests' => '1',
  'user-agent' => 'Mozilla/5.0 (Windows NT 10.0; WOW64) AppleWebKit/537.36 (KHTML, like Gecko) Chrome/56.0.2924.87 Safari/537.36',
  'accept' => 'text/html,application/xhtml+xml,application/xml;q=0.9,image/webp,*/*;q=0.8',
  'accept-encoding' => 'gzip, deflate, sdch',
  'accept-language' => 'zh-CN,zh;q=0.8',
)
[ info ] [ PARAM ] array (
)
[ info ] [ RUN ] app\index\controller\IndexController->index[ D:\wamp\www\zwt5\application\index\controller\IndexController.php ]
[ info ] [ DB ] INIT mysql
[ info ] [ VIEW ] D:\wamp\www\zwt5\public/../application/index\view\index\index.html [ array (
  0 => 'list',
  1 => 'ri',
  2 => 'ny',
  3 => 'newest',
  4 => 'newslist',
  5 => 'jituan',
) ]
[ info ] [ LOG ] INIT File
[ sql ] [ DB ] CONNECT:[ UseTime:0.000770s ] mysql:dbname=zhuwentou;host=127.0.0.1;charset=utf8
[ sql ] [ SQL ] SHOW COLUMNS FROM `zwt_nav` [ RunTime:0.006201s ]
[ sql ] [ SQL ] SELECT * FROM `zwt_nav` [ RunTime:0.000475s ]
[ sql ] [ SQL ] SELECT * FROM `zwt_nav` WHERE  `pid` = 38 [ RunTime:0.000313s ]
[ sql ] [ SQL ] SHOW COLUMNS FROM `zwt_article` [ RunTime:0.006773s ]
[ sql ] [ SQL ] SELECT `id`,`title`,`yinxu`,`created` FROM `zwt_article` WHERE  `nav_id` IN (39,40,41) ORDER BY created desc LIMIT 1 [ RunTime:0.000370s ]
[ sql ] [ SQL ] SELECT `id`,`title`,`yinxu`,`created` FROM `zwt_article` WHERE  `nav_id` IN (39,40,41) ORDER BY created desc LIMIT 4 [ RunTime:0.000324s ]
[ sql ] [ SQL ] SELECT * FROM `zwt_nav` WHERE  `pid` = 7 [ RunTime:0.000263s ]

---------------------------------------------------------------
[ 2017-08-25T15:28:59+08:00 ] 10.0.0.171 10.0.0.190 GET /
[ log ] 10.0.0.171/ [运行时间：0.067910s][吞吐率：14.73req/s] [内存消耗：3,982.04kb] [文件加载：53]
[ info ] [ LANG ] D:\wamp\www\zwt5\thinkphp\lang\zh-cn.php
[ info ] [ ROUTE ] array (
  'type' => 'module',
  'module' => 
  array (
    0 => '',
    1 => NULL,
    2 => NULL,
  ),
)
[ info ] [ HEADER ] array (
  'host' => '10.0.0.171',
  'connection' => 'keep-alive',
  'cache-control' => 'max-age=0',
  'upgrade-insecure-requests' => '1',
  'user-agent' => 'Mozilla/5.0 (Windows NT 10.0; WOW64) AppleWebKit/537.36 (KHTML, like Gecko) Chrome/56.0.2924.87 Safari/537.36',
  'accept' => 'text/html,application/xhtml+xml,application/xml;q=0.9,image/webp,*/*;q=0.8',
  'accept-encoding' => 'gzip, deflate, sdch',
  'accept-language' => 'zh-CN,zh;q=0.8',
)
[ info ] [ PARAM ] array (
)
[ info ] [ RUN ] app\index\controller\IndexController->index[ D:\wamp\www\zwt5\application\index\controller\IndexController.php ]
[ info ] [ DB ] INIT mysql
[ info ] [ VIEW ] D:\wamp\www\zwt5\public/../application/index\view\index\index.html [ array (
  0 => 'list',
  1 => 'ri',
  2 => 'ny',
  3 => 'newest',
  4 => 'newslist',
  5 => 'jituan',
) ]
[ info ] [ LOG ] INIT File
[ sql ] [ DB ] CONNECT:[ UseTime:0.010732s ] mysql:dbname=zhuwentou;host=127.0.0.1;charset=utf8
[ sql ] [ SQL ] SHOW COLUMNS FROM `zwt_nav` [ RunTime:0.004698s ]
[ sql ] [ SQL ] SELECT * FROM `zwt_nav` [ RunTime:0.000439s ]
[ sql ] [ SQL ] SELECT * FROM `zwt_nav` WHERE  `pid` = 38 [ RunTime:0.000295s ]
[ sql ] [ SQL ] SHOW COLUMNS FROM `zwt_article` [ RunTime:0.004793s ]
[ sql ] [ SQL ] SELECT `id`,`title`,`yinxu`,`created` FROM `zwt_article` WHERE  `nav_id` IN (39,40,41) ORDER BY created desc LIMIT 1 [ RunTime:0.000300s ]
[ sql ] [ SQL ] SELECT `id`,`title`,`yinxu`,`created` FROM `zwt_article` WHERE  `nav_id` IN (39,40,41) ORDER BY created desc LIMIT 4 [ RunTime:0.000409s ]
[ sql ] [ SQL ] SELECT * FROM `zwt_nav` WHERE  `pid` = 7 [ RunTime:0.000319s ]

---------------------------------------------------------------
[ 2017-08-25T15:29:00+08:00 ] 10.0.0.171 10.0.0.190 GET /
[ log ] 10.0.0.171/ [运行时间：0.110284s][吞吐率：9.07req/s] [内存消耗：3,982.04kb] [文件加载：53]
[ info ] [ LANG ] D:\wamp\www\zwt5\thinkphp\lang\zh-cn.php
[ info ] [ ROUTE ] array (
  'type' => 'module',
  'module' => 
  array (
    0 => '',
    1 => NULL,
    2 => NULL,
  ),
)
[ info ] [ HEADER ] array (
  'host' => '10.0.0.171',
  'connection' => 'keep-alive',
  'cache-control' => 'max-age=0',
  'upgrade-insecure-requests' => '1',
  'user-agent' => 'Mozilla/5.0 (Windows NT 10.0; WOW64) AppleWebKit/537.36 (KHTML, like Gecko) Chrome/56.0.2924.87 Safari/537.36',
  'accept' => 'text/html,application/xhtml+xml,application/xml;q=0.9,image/webp,*/*;q=0.8',
  'accept-encoding' => 'gzip, deflate, sdch',
  'accept-language' => 'zh-CN,zh;q=0.8',
)
[ info ] [ PARAM ] array (
)
[ info ] [ RUN ] app\index\controller\IndexController->index[ D:\wamp\www\zwt5\application\index\controller\IndexController.php ]
[ info ] [ DB ] INIT mysql
[ info ] [ VIEW ] D:\wamp\www\zwt5\public/../application/index\view\index\index.html [ array (
  0 => 'list',
  1 => 'ri',
  2 => 'ny',
  3 => 'newest',
  4 => 'newslist',
  5 => 'jituan',
) ]
[ info ] [ LOG ] INIT File
[ sql ] [ DB ] CONNECT:[ UseTime:0.010529s ] mysql:dbname=zhuwentou;host=127.0.0.1;charset=utf8
[ sql ] [ SQL ] SHOW COLUMNS FROM `zwt_nav` [ RunTime:0.005991s ]
[ sql ] [ SQL ] SELECT * FROM `zwt_nav` [ RunTime:0.000780s ]
[ sql ] [ SQL ] SELECT * FROM `zwt_nav` WHERE  `pid` = 38 [ RunTime:0.000334s ]
[ sql ] [ SQL ] SHOW COLUMNS FROM `zwt_article` [ RunTime:0.005379s ]
[ sql ] [ SQL ] SELECT `id`,`title`,`yinxu`,`created` FROM `zwt_article` WHERE  `nav_id` IN (39,40,41) ORDER BY created desc LIMIT 1 [ RunTime:0.000455s ]
[ sql ] [ SQL ] SELECT `id`,`title`,`yinxu`,`created` FROM `zwt_article` WHERE  `nav_id` IN (39,40,41) ORDER BY created desc LIMIT 4 [ RunTime:0.000489s ]
[ sql ] [ SQL ] SELECT * FROM `zwt_nav` WHERE  `pid` = 7 [ RunTime:0.000465s ]

---------------------------------------------------------------
[ 2017-08-25T15:29:01+08:00 ] 10.0.0.171 10.0.0.190 GET /
[ log ] 10.0.0.171/ [运行时间：0.138991s][吞吐率：7.19req/s] [内存消耗：3,982.04kb] [文件加载：53]
[ info ] [ LANG ] D:\wamp\www\zwt5\thinkphp\lang\zh-cn.php
[ info ] [ ROUTE ] array (
  'type' => 'module',
  'module' => 
  array (
    0 => '',
    1 => NULL,
    2 => NULL,
  ),
)
[ info ] [ HEADER ] array (
  'host' => '10.0.0.171',
  'connection' => 'keep-alive',
  'cache-control' => 'max-age=0',
  'upgrade-insecure-requests' => '1',
  'user-agent' => 'Mozilla/5.0 (Windows NT 10.0; WOW64) AppleWebKit/537.36 (KHTML, like Gecko) Chrome/56.0.2924.87 Safari/537.36',
  'accept' => 'text/html,application/xhtml+xml,application/xml;q=0.9,image/webp,*/*;q=0.8',
  'accept-encoding' => 'gzip, deflate, sdch',
  'accept-language' => 'zh-CN,zh;q=0.8',
)
[ info ] [ PARAM ] array (
)
[ info ] [ RUN ] app\index\controller\IndexController->index[ D:\wamp\www\zwt5\application\index\controller\IndexController.php ]
[ info ] [ DB ] INIT mysql
[ info ] [ VIEW ] D:\wamp\www\zwt5\public/../application/index\view\index\index.html [ array (
  0 => 'list',
  1 => 'ri',
  2 => 'ny',
  3 => 'newest',
  4 => 'newslist',
  5 => 'jituan',
) ]
[ info ] [ LOG ] INIT File
[ sql ] [ DB ] CONNECT:[ UseTime:0.011239s ] mysql:dbname=zhuwentou;host=127.0.0.1;charset=utf8
[ sql ] [ SQL ] SHOW COLUMNS FROM `zwt_nav` [ RunTime:0.018345s ]
[ sql ] [ SQL ] SELECT * FROM `zwt_nav` [ RunTime:0.001439s ]
[ sql ] [ SQL ] SELECT * FROM `zwt_nav` WHERE  `pid` = 38 [ RunTime:0.000935s ]
[ sql ] [ SQL ] SHOW COLUMNS FROM `zwt_article` [ RunTime:0.017097s ]
[ sql ] [ SQL ] SELECT `id`,`title`,`yinxu`,`created` FROM `zwt_article` WHERE  `nav_id` IN (39,40,41) ORDER BY created desc LIMIT 1 [ RunTime:0.000659s ]
[ sql ] [ SQL ] SELECT `id`,`title`,`yinxu`,`created` FROM `zwt_article` WHERE  `nav_id` IN (39,40,41) ORDER BY created desc LIMIT 4 [ RunTime:0.000673s ]
[ sql ] [ SQL ] SELECT * FROM `zwt_nav` WHERE  `pid` = 7 [ RunTime:0.000546s ]

---------------------------------------------------------------
[ 2017-08-25T15:29:01+08:00 ] 10.0.0.171 10.0.0.190 GET /
[ log ] 10.0.0.171/ [运行时间：0.057441s][吞吐率：17.41req/s] [内存消耗：3,982.04kb] [文件加载：53]
[ info ] [ LANG ] D:\wamp\www\zwt5\thinkphp\lang\zh-cn.php
[ info ] [ ROUTE ] array (
  'type' => 'module',
  'module' => 
  array (
    0 => '',
    1 => NULL,
    2 => NULL,
  ),
)
[ info ] [ HEADER ] array (
  'host' => '10.0.0.171',
  'connection' => 'keep-alive',
  'cache-control' => 'max-age=0',
  'upgrade-insecure-requests' => '1',
  'user-agent' => 'Mozilla/5.0 (Windows NT 10.0; WOW64) AppleWebKit/537.36 (KHTML, like Gecko) Chrome/56.0.2924.87 Safari/537.36',
  'accept' => 'text/html,application/xhtml+xml,application/xml;q=0.9,image/webp,*/*;q=0.8',
  'accept-encoding' => 'gzip, deflate, sdch',
  'accept-language' => 'zh-CN,zh;q=0.8',
)
[ info ] [ PARAM ] array (
)
[ info ] [ RUN ] app\index\controller\IndexController->index[ D:\wamp\www\zwt5\application\index\controller\IndexController.php ]
[ info ] [ DB ] INIT mysql
[ info ] [ VIEW ] D:\wamp\www\zwt5\public/../application/index\view\index\index.html [ array (
  0 => 'list',
  1 => 'ri',
  2 => 'ny',
  3 => 'newest',
  4 => 'newslist',
  5 => 'jituan',
) ]
[ info ] [ LOG ] INIT File
[ sql ] [ DB ] CONNECT:[ UseTime:0.001140s ] mysql:dbname=zhuwentou;host=127.0.0.1;charset=utf8
[ sql ] [ SQL ] SHOW COLUMNS FROM `zwt_nav` [ RunTime:0.006310s ]
[ sql ] [ SQL ] SELECT * FROM `zwt_nav` [ RunTime:0.000615s ]
[ sql ] [ SQL ] SELECT * FROM `zwt_nav` WHERE  `pid` = 38 [ RunTime:0.000357s ]
[ sql ] [ SQL ] SHOW COLUMNS FROM `zwt_article` [ RunTime:0.005973s ]
[ sql ] [ SQL ] SELECT `id`,`title`,`yinxu`,`created` FROM `zwt_article` WHERE  `nav_id` IN (39,40,41) ORDER BY created desc LIMIT 1 [ RunTime:0.000512s ]
[ sql ] [ SQL ] SELECT `id`,`title`,`yinxu`,`created` FROM `zwt_article` WHERE  `nav_id` IN (39,40,41) ORDER BY created desc LIMIT 4 [ RunTime:0.000412s ]
[ sql ] [ SQL ] SELECT * FROM `zwt_nav` WHERE  `pid` = 7 [ RunTime:0.000291s ]

---------------------------------------------------------------
[ 2017-08-25T15:29:02+08:00 ] 10.0.0.171 10.0.0.190 GET /
[ log ] 10.0.0.171/ [运行时间：0.085292s][吞吐率：11.72req/s] [内存消耗：3,982.04kb] [文件加载：53]
[ info ] [ LANG ] D:\wamp\www\zwt5\thinkphp\lang\zh-cn.php
[ info ] [ ROUTE ] array (
  'type' => 'module',
  'module' => 
  array (
    0 => '',
    1 => NULL,
    2 => NULL,
  ),
)
[ info ] [ HEADER ] array (
  'host' => '10.0.0.171',
  'connection' => 'keep-alive',
  'cache-control' => 'max-age=0',
  'upgrade-insecure-requests' => '1',
  'user-agent' => 'Mozilla/5.0 (Windows NT 10.0; WOW64) AppleWebKit/537.36 (KHTML, like Gecko) Chrome/56.0.2924.87 Safari/537.36',
  'accept' => 'text/html,application/xhtml+xml,application/xml;q=0.9,image/webp,*/*;q=0.8',
  'accept-encoding' => 'gzip, deflate, sdch',
  'accept-language' => 'zh-CN,zh;q=0.8',
)
[ info ] [ PARAM ] array (
)
[ info ] [ RUN ] app\index\controller\IndexController->index[ D:\wamp\www\zwt5\application\index\controller\IndexController.php ]
[ info ] [ DB ] INIT mysql
[ info ] [ VIEW ] D:\wamp\www\zwt5\public/../application/index\view\index\index.html [ array (
  0 => 'list',
  1 => 'ri',
  2 => 'ny',
  3 => 'newest',
  4 => 'newslist',
  5 => 'jituan',
) ]
[ info ] [ LOG ] INIT File
[ sql ] [ DB ] CONNECT:[ UseTime:0.001245s ] mysql:dbname=zhuwentou;host=127.0.0.1;charset=utf8
[ sql ] [ SQL ] SHOW COLUMNS FROM `zwt_nav` [ RunTime:0.005520s ]
[ sql ] [ SQL ] SELECT * FROM `zwt_nav` [ RunTime:0.000799s ]
[ sql ] [ SQL ] SELECT * FROM `zwt_nav` WHERE  `pid` = 38 [ RunTime:0.000329s ]
[ sql ] [ SQL ] SHOW COLUMNS FROM `zwt_article` [ RunTime:0.005279s ]
[ sql ] [ SQL ] SELECT `id`,`title`,`yinxu`,`created` FROM `zwt_article` WHERE  `nav_id` IN (39,40,41) ORDER BY created desc LIMIT 1 [ RunTime:0.000422s ]
[ sql ] [ SQL ] SELECT `id`,`title`,`yinxu`,`created` FROM `zwt_article` WHERE  `nav_id` IN (39,40,41) ORDER BY created desc LIMIT 4 [ RunTime:0.000360s ]
[ sql ] [ SQL ] SELECT * FROM `zwt_nav` WHERE  `pid` = 7 [ RunTime:0.000358s ]

---------------------------------------------------------------
[ 2017-08-25T15:29:02+08:00 ] 10.0.0.171 10.0.0.190 GET /
[ log ] 10.0.0.171/ [运行时间：0.103573s][吞吐率：9.66req/s] [内存消耗：3,982.04kb] [文件加载：53]
[ info ] [ LANG ] D:\wamp\www\zwt5\thinkphp\lang\zh-cn.php
[ info ] [ ROUTE ] array (
  'type' => 'module',
  'module' => 
  array (
    0 => '',
    1 => NULL,
    2 => NULL,
  ),
)
[ info ] [ HEADER ] array (
  'host' => '10.0.0.171',
  'connection' => 'keep-alive',
  'cache-control' => 'max-age=0',
  'upgrade-insecure-requests' => '1',
  'user-agent' => 'Mozilla/5.0 (Windows NT 10.0; WOW64) AppleWebKit/537.36 (KHTML, like Gecko) Chrome/56.0.2924.87 Safari/537.36',
  'accept' => 'text/html,application/xhtml+xml,application/xml;q=0.9,image/webp,*/*;q=0.8',
  'accept-encoding' => 'gzip, deflate, sdch',
  'accept-language' => 'zh-CN,zh;q=0.8',
)
[ info ] [ PARAM ] array (
)
[ info ] [ RUN ] app\index\controller\IndexController->index[ D:\wamp\www\zwt5\application\index\controller\IndexController.php ]
[ info ] [ DB ] INIT mysql
[ info ] [ VIEW ] D:\wamp\www\zwt5\public/../application/index\view\index\index.html [ array (
  0 => 'list',
  1 => 'ri',
  2 => 'ny',
  3 => 'newest',
  4 => 'newslist',
  5 => 'jituan',
) ]
[ info ] [ LOG ] INIT File
[ sql ] [ DB ] CONNECT:[ UseTime:0.000993s ] mysql:dbname=zhuwentou;host=127.0.0.1;charset=utf8
[ sql ] [ SQL ] SHOW COLUMNS FROM `zwt_nav` [ RunTime:0.007417s ]
[ sql ] [ SQL ] SELECT * FROM `zwt_nav` [ RunTime:0.000625s ]
[ sql ] [ SQL ] SELECT * FROM `zwt_nav` WHERE  `pid` = 38 [ RunTime:0.000398s ]
[ sql ] [ SQL ] SHOW COLUMNS FROM `zwt_article` [ RunTime:0.007620s ]
[ sql ] [ SQL ] SELECT `id`,`title`,`yinxu`,`created` FROM `zwt_article` WHERE  `nav_id` IN (39,40,41) ORDER BY created desc LIMIT 1 [ RunTime:0.000500s ]
[ sql ] [ SQL ] SELECT `id`,`title`,`yinxu`,`created` FROM `zwt_article` WHERE  `nav_id` IN (39,40,41) ORDER BY created desc LIMIT 4 [ RunTime:0.000459s ]
[ sql ] [ SQL ] SELECT * FROM `zwt_nav` WHERE  `pid` = 7 [ RunTime:0.000719s ]

---------------------------------------------------------------
[ 2017-08-25T15:29:03+08:00 ] 10.0.0.171 10.0.0.190 GET /
[ log ] 10.0.0.171/ [运行时间：0.106787s][吞吐率：9.36req/s] [内存消耗：3,982.04kb] [文件加载：53]
[ info ] [ LANG ] D:\wamp\www\zwt5\thinkphp\lang\zh-cn.php
[ info ] [ ROUTE ] array (
  'type' => 'module',
  'module' => 
  array (
    0 => '',
    1 => NULL,
    2 => NULL,
  ),
)
[ info ] [ HEADER ] array (
  'host' => '10.0.0.171',
  'connection' => 'keep-alive',
  'cache-control' => 'max-age=0',
  'upgrade-insecure-requests' => '1',
  'user-agent' => 'Mozilla/5.0 (Windows NT 10.0; WOW64) AppleWebKit/537.36 (KHTML, like Gecko) Chrome/56.0.2924.87 Safari/537.36',
  'accept' => 'text/html,application/xhtml+xml,application/xml;q=0.9,image/webp,*/*;q=0.8',
  'accept-encoding' => 'gzip, deflate, sdch',
  'accept-language' => 'zh-CN,zh;q=0.8',
)
[ info ] [ PARAM ] array (
)
[ info ] [ RUN ] app\index\controller\IndexController->index[ D:\wamp\www\zwt5\application\index\controller\IndexController.php ]
[ info ] [ DB ] INIT mysql
[ info ] [ VIEW ] D:\wamp\www\zwt5\public/../application/index\view\index\index.html [ array (
  0 => 'list',
  1 => 'ri',
  2 => 'ny',
  3 => 'newest',
  4 => 'newslist',
  5 => 'jituan',
) ]
[ info ] [ LOG ] INIT File
[ sql ] [ DB ] CONNECT:[ UseTime:0.011076s ] mysql:dbname=zhuwentou;host=127.0.0.1;charset=utf8
[ sql ] [ SQL ] SHOW COLUMNS FROM `zwt_nav` [ RunTime:0.005052s ]
[ sql ] [ SQL ] SELECT * FROM `zwt_nav` [ RunTime:0.000456s ]
[ sql ] [ SQL ] SELECT * FROM `zwt_nav` WHERE  `pid` = 38 [ RunTime:0.000299s ]
[ sql ] [ SQL ] SHOW COLUMNS FROM `zwt_article` [ RunTime:0.014255s ]
[ sql ] [ SQL ] SELECT `id`,`title`,`yinxu`,`created` FROM `zwt_article` WHERE  `nav_id` IN (39,40,41) ORDER BY created desc LIMIT 1 [ RunTime:0.000847s ]
[ sql ] [ SQL ] SELECT `id`,`title`,`yinxu`,`created` FROM `zwt_article` WHERE  `nav_id` IN (39,40,41) ORDER BY created desc LIMIT 4 [ RunTime:0.000900s ]
[ sql ] [ SQL ] SELECT * FROM `zwt_nav` WHERE  `pid` = 7 [ RunTime:0.000730s ]

---------------------------------------------------------------
[ 2017-08-25T15:29:03+08:00 ] 10.0.0.171 10.0.0.190 GET /
[ log ] 10.0.0.171/ [运行时间：0.080603s][吞吐率：12.41req/s] [内存消耗：3,982.04kb] [文件加载：53]
[ info ] [ LANG ] D:\wamp\www\zwt5\thinkphp\lang\zh-cn.php
[ info ] [ ROUTE ] array (
  'type' => 'module',
  'module' => 
  array (
    0 => '',
    1 => NULL,
    2 => NULL,
  ),
)
[ info ] [ HEADER ] array (
  'host' => '10.0.0.171',
  'connection' => 'keep-alive',
  'cache-control' => 'max-age=0',
  'upgrade-insecure-requests' => '1',
  'user-agent' => 'Mozilla/5.0 (Windows NT 10.0; WOW64) AppleWebKit/537.36 (KHTML, like Gecko) Chrome/56.0.2924.87 Safari/537.36',
  'accept' => 'text/html,application/xhtml+xml,application/xml;q=0.9,image/webp,*/*;q=0.8',
  'accept-encoding' => 'gzip, deflate, sdch',
  'accept-language' => 'zh-CN,zh;q=0.8',
)
[ info ] [ PARAM ] array (
)
[ info ] [ RUN ] app\index\controller\IndexController->index[ D:\wamp\www\zwt5\application\index\controller\IndexController.php ]
[ info ] [ DB ] INIT mysql
[ info ] [ VIEW ] D:\wamp\www\zwt5\public/../application/index\view\index\index.html [ array (
  0 => 'list',
  1 => 'ri',
  2 => 'ny',
  3 => 'newest',
  4 => 'newslist',
  5 => 'jituan',
) ]
[ info ] [ LOG ] INIT File
[ sql ] [ DB ] CONNECT:[ UseTime:0.000787s ] mysql:dbname=zhuwentou;host=127.0.0.1;charset=utf8
[ sql ] [ SQL ] SHOW COLUMNS FROM `zwt_nav` [ RunTime:0.005320s ]
[ sql ] [ SQL ] SELECT * FROM `zwt_nav` [ RunTime:0.000412s ]
[ sql ] [ SQL ] SELECT * FROM `zwt_nav` WHERE  `pid` = 38 [ RunTime:0.000285s ]
[ sql ] [ SQL ] SHOW COLUMNS FROM `zwt_article` [ RunTime:0.005497s ]
[ sql ] [ SQL ] SELECT `id`,`title`,`yinxu`,`created` FROM `zwt_article` WHERE  `nav_id` IN (39,40,41) ORDER BY created desc LIMIT 1 [ RunTime:0.000383s ]
[ sql ] [ SQL ] SELECT `id`,`title`,`yinxu`,`created` FROM `zwt_article` WHERE  `nav_id` IN (39,40,41) ORDER BY created desc LIMIT 4 [ RunTime:0.000283s ]
[ sql ] [ SQL ] SELECT * FROM `zwt_nav` WHERE  `pid` = 7 [ RunTime:0.000252s ]

---------------------------------------------------------------
[ 2017-08-25T15:29:37+08:00 ] 10.0.0.171 10.0.0.190 GET /
[ log ] 10.0.0.171/ [运行时间：0.132383s][吞吐率：7.55req/s] [内存消耗：3,982.04kb] [文件加载：53]
[ info ] [ LANG ] D:\wamp\www\zwt5\thinkphp\lang\zh-cn.php
[ info ] [ ROUTE ] array (
  'type' => 'module',
  'module' => 
  array (
    0 => '',
    1 => NULL,
    2 => NULL,
  ),
)
[ info ] [ HEADER ] array (
  'host' => '10.0.0.171',
  'connection' => 'keep-alive',
  'cache-control' => 'max-age=0',
  'upgrade-insecure-requests' => '1',
  'user-agent' => 'Mozilla/5.0 (Windows NT 10.0; WOW64) AppleWebKit/537.36 (KHTML, like Gecko) Chrome/56.0.2924.87 Safari/537.36',
  'accept' => 'text/html,application/xhtml+xml,application/xml;q=0.9,image/webp,*/*;q=0.8',
  'accept-encoding' => 'gzip, deflate, sdch',
  'accept-language' => 'zh-CN,zh;q=0.8',
)
[ info ] [ PARAM ] array (
)
[ info ] [ RUN ] app\index\controller\IndexController->index[ D:\wamp\www\zwt5\application\index\controller\IndexController.php ]
[ info ] [ DB ] INIT mysql
[ info ] [ VIEW ] D:\wamp\www\zwt5\public/../application/index\view\index\index.html [ array (
  0 => 'list',
  1 => 'ri',
  2 => 'ny',
  3 => 'newest',
  4 => 'newslist',
  5 => 'jituan',
) ]
[ info ] [ LOG ] INIT File
[ sql ] [ DB ] CONNECT:[ UseTime:0.011288s ] mysql:dbname=zhuwentou;host=127.0.0.1;charset=utf8
[ sql ] [ SQL ] SHOW COLUMNS FROM `zwt_nav` [ RunTime:0.009720s ]
[ sql ] [ SQL ] SELECT * FROM `zwt_nav` [ RunTime:0.000658s ]
[ sql ] [ SQL ] SELECT * FROM `zwt_nav` WHERE  `pid` = 38 [ RunTime:0.000453s ]
[ sql ] [ SQL ] SHOW COLUMNS FROM `zwt_article` [ RunTime:0.017332s ]
[ sql ] [ SQL ] SELECT `id`,`title`,`yinxu`,`created` FROM `zwt_article` WHERE  `nav_id` IN (39,40,41) ORDER BY created desc LIMIT 1 [ RunTime:0.001290s ]
[ sql ] [ SQL ] SELECT `id`,`title`,`yinxu`,`created` FROM `zwt_article` WHERE  `nav_id` IN (39,40,41) ORDER BY created desc LIMIT 4 [ RunTime:0.001241s ]
[ sql ] [ SQL ] SELECT * FROM `zwt_nav` WHERE  `pid` = 7 [ RunTime:0.001108s ]

---------------------------------------------------------------
[ 2017-08-25T15:29:46+08:00 ] 10.0.0.171 10.0.0.190 GET /
[ log ] 10.0.0.171/ [运行时间：0.071075s][吞吐率：14.07req/s] [内存消耗：3,982.04kb] [文件加载：53]
[ info ] [ LANG ] D:\wamp\www\zwt5\thinkphp\lang\zh-cn.php
[ info ] [ ROUTE ] array (
  'type' => 'module',
  'module' => 
  array (
    0 => '',
    1 => NULL,
    2 => NULL,
  ),
)
[ info ] [ HEADER ] array (
  'host' => '10.0.0.171',
  'connection' => 'keep-alive',
  'cache-control' => 'max-age=0',
  'upgrade-insecure-requests' => '1',
  'user-agent' => 'Mozilla/5.0 (Windows NT 10.0; WOW64) AppleWebKit/537.36 (KHTML, like Gecko) Chrome/56.0.2924.87 Safari/537.36',
  'accept' => 'text/html,application/xhtml+xml,application/xml;q=0.9,image/webp,*/*;q=0.8',
  'accept-encoding' => 'gzip, deflate, sdch',
  'accept-language' => 'zh-CN,zh;q=0.8',
)
[ info ] [ PARAM ] array (
)
[ info ] [ RUN ] app\index\controller\IndexController->index[ D:\wamp\www\zwt5\application\index\controller\IndexController.php ]
[ info ] [ DB ] INIT mysql
[ info ] [ VIEW ] D:\wamp\www\zwt5\public/../application/index\view\index\index.html [ array (
  0 => 'list',
  1 => 'ri',
  2 => 'ny',
  3 => 'newest',
  4 => 'newslist',
  5 => 'jituan',
) ]
[ info ] [ LOG ] INIT File
[ sql ] [ DB ] CONNECT:[ UseTime:0.000851s ] mysql:dbname=zhuwentou;host=127.0.0.1;charset=utf8
[ sql ] [ SQL ] SHOW COLUMNS FROM `zwt_nav` [ RunTime:0.006652s ]
[ sql ] [ SQL ] SELECT * FROM `zwt_nav` [ RunTime:0.000525s ]
[ sql ] [ SQL ] SELECT * FROM `zwt_nav` WHERE  `pid` = 38 [ RunTime:0.000391s ]
[ sql ] [ SQL ] SHOW COLUMNS FROM `zwt_article` [ RunTime:0.005234s ]
[ sql ] [ SQL ] SELECT `id`,`title`,`yinxu`,`created` FROM `zwt_article` WHERE  `nav_id` IN (39,40,41) ORDER BY created desc LIMIT 1 [ RunTime:0.000311s ]
[ sql ] [ SQL ] SELECT `id`,`title`,`yinxu`,`created` FROM `zwt_article` WHERE  `nav_id` IN (39,40,41) ORDER BY created desc LIMIT 4 [ RunTime:0.000272s ]
[ sql ] [ SQL ] SELECT * FROM `zwt_nav` WHERE  `pid` = 7 [ RunTime:0.000279s ]

---------------------------------------------------------------
[ 2017-08-25T15:29:56+08:00 ] 10.0.0.171 10.0.0.190 GET /
[ log ] 10.0.0.171/ [运行时间：0.074841s][吞吐率：13.36req/s] [内存消耗：3,981.72kb] [文件加载：53]
[ info ] [ LANG ] D:\wamp\www\zwt5\thinkphp\lang\zh-cn.php
[ info ] [ ROUTE ] array (
  'type' => 'module',
  'module' => 
  array (
    0 => '',
    1 => NULL,
    2 => NULL,
  ),
)
[ info ] [ HEADER ] array (
  'host' => '10.0.0.171',
  'connection' => 'keep-alive',
  'accept' => 'text/html,application/xhtml+xml,application/xml;q=0.9,image/webp,*/*;q=0.8',
  'upgrade-insecure-requests' => '1',
  'user-agent' => 'Mozilla/5.0 (Windows NT 10.0; WOW64) AppleWebKit/537.36 (KHTML, like Gecko) Chrome/50.0.2661.102 UBrowser/6.1.3397.16 Safari/537.36',
  'accept-encoding' => 'gzip, deflate',
  'accept-language' => 'zh-CN,zh;q=0.8',
)
[ info ] [ PARAM ] array (
)
[ info ] [ RUN ] app\index\controller\IndexController->index[ D:\wamp\www\zwt5\application\index\controller\IndexController.php ]
[ info ] [ DB ] INIT mysql
[ info ] [ VIEW ] D:\wamp\www\zwt5\public/../application/index\view\index\index.html [ array (
  0 => 'list',
  1 => 'ri',
  2 => 'ny',
  3 => 'newest',
  4 => 'newslist',
  5 => 'jituan',
) ]
[ info ] [ LOG ] INIT File
[ sql ] [ DB ] CONNECT:[ UseTime:0.010637s ] mysql:dbname=zhuwentou;host=127.0.0.1;charset=utf8
[ sql ] [ SQL ] SHOW COLUMNS FROM `zwt_nav` [ RunTime:0.006968s ]
[ sql ] [ SQL ] SELECT * FROM `zwt_nav` [ RunTime:0.000421s ]
[ sql ] [ SQL ] SELECT * FROM `zwt_nav` WHERE  `pid` = 38 [ RunTime:0.000233s ]
[ sql ] [ SQL ] SHOW COLUMNS FROM `zwt_article` [ RunTime:0.005526s ]
[ sql ] [ SQL ] SELECT `id`,`title`,`yinxu`,`created` FROM `zwt_article` WHERE  `nav_id` IN (39,40,41) ORDER BY created desc LIMIT 1 [ RunTime:0.000314s ]
[ sql ] [ SQL ] SELECT `id`,`title`,`yinxu`,`created` FROM `zwt_article` WHERE  `nav_id` IN (39,40,41) ORDER BY created desc LIMIT 4 [ RunTime:0.000265s ]
[ sql ] [ SQL ] SELECT * FROM `zwt_nav` WHERE  `pid` = 7 [ RunTime:0.000254s ]

---------------------------------------------------------------
