[ 2017-08-28T09:14:50+08:00 ] 127.0.0.1 127.0.0.1 GET /index/test/
[ log ] www.zwt5.com/index/test/ [运行时间：0.174778s][吞吐率：5.72req/s] [内存消耗：2,152.52kb] [文件加载：41]
[ info ] [ LANG ] D:\wamp\www\zwt5\thinkphp\lang\zh-cn.php
[ info ] [ ROUTE ] array (
  'type' => 'module',
  'module' => 
  array (
    0 => 'index',
    1 => 'test',
    2 => NULL,
  ),
)
[ info ] [ HEADER ] array (
  'host' => 'www.zwt5.com',
  'user-agent' => 'Mozilla/5.0 (Windows NT 10.0; WOW64; rv:54.0) Gecko/20100101 Firefox/54.0',
  'accept' => 'text/html,application/xhtml+xml,application/xml;q=0.9,*/*;q=0.8',
  'accept-language' => 'zh-CN,zh;q=0.8,en-US;q=0.5,en;q=0.3',
  'accept-encoding' => 'gzip, deflate',
  'connection' => 'keep-alive',
  'upgrade-insecure-requests' => '1',
)
[ info ] [ PARAM ] array (
)
[ info ] [ LOG ] INIT File

---------------------------------------------------------------
[ 2017-08-28T09:15:32+08:00 ] 127.0.0.1 127.0.0.1 GET /index/index/
[ log ] www.zwt5.com/index/index/ [运行时间：0.609302s][吞吐率：1.64req/s] [内存消耗：3,986.14kb] [文件加载：53]
[ info ] [ LANG ] D:\wamp\www\zwt5\thinkphp\lang\zh-cn.php
[ info ] [ ROUTE ] array (
  'type' => 'module',
  'module' => 
  array (
    0 => 'index',
    1 => 'index',
    2 => NULL,
  ),
)
[ info ] [ HEADER ] array (
  'host' => 'www.zwt5.com',
  'user-agent' => 'Mozilla/5.0 (Windows NT 10.0; WOW64; rv:54.0) Gecko/20100101 Firefox/54.0',
  'accept' => 'text/html,application/xhtml+xml,application/xml;q=0.9,*/*;q=0.8',
  'accept-language' => 'zh-CN,zh;q=0.8,en-US;q=0.5,en;q=0.3',
  'accept-encoding' => 'gzip, deflate',
  'connection' => 'keep-alive',
  'upgrade-insecure-requests' => '1',
)
[ info ] [ PARAM ] array (
)
[ info ] [ RUN ] app\index\controller\IndexController->index[ D:\wamp\www\zwt5\application\index\controller\IndexController.php ]
[ info ] [ DB ] INIT mysql
[ info ] [ VIEW ] D:\wamp\www\zwt5\public/../application/index\view\index\index.html [ array (
  0 => 'list',
  1 => 'ri',
  2 => 'ny',
  3 => 'newest',
  4 => 'newslist',
  5 => 'jituan',
) ]
[ info ] [ LOG ] INIT File
[ sql ] [ DB ] CONNECT:[ UseTime:0.002744s ] mysql:dbname=zhuwentou;host=127.0.0.1;charset=utf8
[ sql ] [ SQL ] SHOW COLUMNS FROM `zwt_nav` [ RunTime:0.011517s ]
[ sql ] [ SQL ] SELECT * FROM `zwt_nav` [ RunTime:0.000910s ]
[ sql ] [ SQL ] SELECT * FROM `zwt_nav` WHERE  `pid` = 38 [ RunTime:0.000450s ]
[ sql ] [ SQL ] SHOW COLUMNS FROM `zwt_article` [ RunTime:0.005235s ]
[ sql ] [ SQL ] SELECT `id`,`title`,`yinxu`,`created` FROM `zwt_article` WHERE  `nav_id` IN (39,40,41) ORDER BY created desc LIMIT 1 [ RunTime:0.001323s ]
[ sql ] [ SQL ] SELECT `id`,`title`,`yinxu`,`created` FROM `zwt_article` WHERE  `nav_id` IN (39,40,41) ORDER BY created desc LIMIT 4 [ RunTime:0.000385s ]
[ sql ] [ SQL ] SELECT * FROM `zwt_nav` WHERE  `pid` = 7 [ RunTime:0.000274s ]

---------------------------------------------------------------
[ 2017-08-28T09:15:33+08:00 ] 127.0.0.1 127.0.0.1 GET /index/index/favicon.ico
[ log ] www.zwt5.com/index/index/favicon.ico [运行时间：0.029237s][吞吐率：34.20req/s] [内存消耗：2,705.08kb] [文件加载：47]
[ info ] [ LANG ] D:\wamp\www\zwt5\thinkphp\lang\zh-cn.php
[ info ] [ ROUTE ] array (
  'type' => 'module',
  'module' => 
  array (
    0 => 'index',
    1 => 'index',
    2 => 'favicon.ico',
  ),
)
[ info ] [ HEADER ] array (
  'host' => 'www.zwt5.com',
  'user-agent' => 'Mozilla/5.0 (Windows NT 10.0; WOW64; rv:54.0) Gecko/20100101 Firefox/54.0',
  'accept' => 'text/html,application/xhtml+xml,application/xml;q=0.9,*/*;q=0.8',
  'accept-language' => 'zh-CN,zh;q=0.8,en-US;q=0.5,en;q=0.3',
  'accept-encoding' => 'gzip, deflate',
  'connection' => 'keep-alive',
)
[ info ] [ PARAM ] array (
)
[ info ] [ LOG ] INIT File

---------------------------------------------------------------
[ 2017-08-28T09:15:39+08:00 ] 127.0.0.1 127.0.0.1 GET /index/test/
[ log ] www.zwt5.com/index/test/ [运行时间：0.022685s][吞吐率：44.08req/s] [内存消耗：2,152.53kb] [文件加载：41]
[ info ] [ LANG ] D:\wamp\www\zwt5\thinkphp\lang\zh-cn.php
[ info ] [ ROUTE ] array (
  'type' => 'module',
  'module' => 
  array (
    0 => 'index',
    1 => 'test',
    2 => NULL,
  ),
)
[ info ] [ HEADER ] array (
  'host' => 'www.zwt5.com',
  'user-agent' => 'Mozilla/5.0 (Windows NT 10.0; WOW64; rv:54.0) Gecko/20100101 Firefox/54.0',
  'accept' => 'text/html,application/xhtml+xml,application/xml;q=0.9,*/*;q=0.8',
  'accept-language' => 'zh-CN,zh;q=0.8,en-US;q=0.5,en;q=0.3',
  'accept-encoding' => 'gzip, deflate',
  'connection' => 'keep-alive',
  'upgrade-insecure-requests' => '1',
)
[ info ] [ PARAM ] array (
)
[ info ] [ LOG ] INIT File

---------------------------------------------------------------
[ 2017-08-28T09:15:53+08:00 ] 127.0.0.1 127.0.0.1 GET /index/test/
[ log ] www.zwt5.com/index/test/ [运行时间：0.033851s][吞吐率：29.54req/s] [内存消耗：2,171.20kb] [文件加载：42]
[ info ] [ LANG ] D:\wamp\www\zwt5\thinkphp\lang\zh-cn.php
[ info ] [ ROUTE ] array (
  'type' => 'module',
  'module' => 
  array (
    0 => 'index',
    1 => 'test',
    2 => NULL,
  ),
)
[ info ] [ HEADER ] array (
  'host' => 'www.zwt5.com',
  'user-agent' => 'Mozilla/5.0 (Windows NT 10.0; WOW64; rv:54.0) Gecko/20100101 Firefox/54.0',
  'accept' => 'text/html,application/xhtml+xml,application/xml;q=0.9,*/*;q=0.8',
  'accept-language' => 'zh-CN,zh;q=0.8,en-US;q=0.5,en;q=0.3',
  'accept-encoding' => 'gzip, deflate',
  'connection' => 'keep-alive',
  'upgrade-insecure-requests' => '1',
  'cache-control' => 'max-age=0',
)
[ info ] [ PARAM ] array (
)
[ info ] [ LOG ] INIT File
[ error ] [1]Class 'app\index\controller\Controller' not found[D:\wamp\www\zwt5\application\index\controller\TestController.php:6]

---------------------------------------------------------------
[ 2017-08-28T09:16:15+08:00 ] 127.0.0.1 127.0.0.1 GET /index/test/
[ log ] www.zwt5.com/index/test/ [运行时间：0.035855s][吞吐率：27.89req/s] [内存消耗：2,230.12kb] [文件加载：43]
[ info ] [ LANG ] D:\wamp\www\zwt5\thinkphp\lang\zh-cn.php
[ info ] [ ROUTE ] array (
  'type' => 'module',
  'module' => 
  array (
    0 => 'index',
    1 => 'test',
    2 => NULL,
  ),
)
[ info ] [ HEADER ] array (
  'host' => 'www.zwt5.com',
  'user-agent' => 'Mozilla/5.0 (Windows NT 10.0; WOW64; rv:54.0) Gecko/20100101 Firefox/54.0',
  'accept' => 'text/html,application/xhtml+xml,application/xml;q=0.9,*/*;q=0.8',
  'accept-language' => 'zh-CN,zh;q=0.8,en-US;q=0.5,en;q=0.3',
  'accept-encoding' => 'gzip, deflate',
  'connection' => 'keep-alive',
  'upgrade-insecure-requests' => '1',
  'cache-control' => 'max-age=0',
)
[ info ] [ PARAM ] array (
)
[ info ] [ LOG ] INIT File

---------------------------------------------------------------
[ 2017-08-28T09:16:49+08:00 ] 127.0.0.1 127.0.0.1 GET /index/test/
[ log ] www.zwt5.com/index/test/ [运行时间：0.042919s][吞吐率：23.30req/s] [内存消耗：2,228.77kb] [文件加载：43]
[ info ] [ LANG ] D:\wamp\www\zwt5\thinkphp\lang\zh-cn.php
[ info ] [ ROUTE ] array (
  'type' => 'module',
  'module' => 
  array (
    0 => 'index',
    1 => 'test',
    2 => NULL,
  ),
)
[ info ] [ HEADER ] array (
  'host' => 'www.zwt5.com',
  'user-agent' => 'Mozilla/5.0 (Windows NT 10.0; WOW64; rv:54.0) Gecko/20100101 Firefox/54.0',
  'accept' => 'text/html,application/xhtml+xml,application/xml;q=0.9,*/*;q=0.8',
  'accept-language' => 'zh-CN,zh;q=0.8,en-US;q=0.5,en;q=0.3',
  'accept-encoding' => 'gzip, deflate',
  'connection' => 'keep-alive',
  'upgrade-insecure-requests' => '1',
  'cache-control' => 'max-age=0',
)
[ info ] [ PARAM ] array (
)
[ info ] [ LOG ] INIT File

---------------------------------------------------------------
[ 2017-08-28T09:16:50+08:00 ] 127.0.0.1 127.0.0.1 GET /index/test/
[ log ] www.zwt5.com/index/test/ [运行时间：0.028260s][吞吐率：35.39req/s] [内存消耗：2,228.74kb] [文件加载：43]
[ info ] [ LANG ] D:\wamp\www\zwt5\thinkphp\lang\zh-cn.php
[ info ] [ ROUTE ] array (
  'type' => 'module',
  'module' => 
  array (
    0 => 'index',
    1 => 'test',
    2 => NULL,
  ),
)
[ info ] [ HEADER ] array (
  'host' => 'www.zwt5.com',
  'user-agent' => 'Mozilla/5.0 (Windows NT 10.0; WOW64; rv:54.0) Gecko/20100101 Firefox/54.0',
  'accept' => 'text/html,application/xhtml+xml,application/xml;q=0.9,*/*;q=0.8',
  'accept-language' => 'zh-CN,zh;q=0.8,en-US;q=0.5,en;q=0.3',
  'accept-encoding' => 'gzip, deflate',
  'connection' => 'keep-alive',
  'upgrade-insecure-requests' => '1',
  'cache-control' => 'max-age=0',
)
[ info ] [ PARAM ] array (
)
[ info ] [ LOG ] INIT File

---------------------------------------------------------------
[ 2017-08-28T09:16:50+08:00 ] 127.0.0.1 127.0.0.1 GET /index/test/
[ log ] www.zwt5.com/index/test/ [运行时间：0.023409s][吞吐率：42.72req/s] [内存消耗：2,228.77kb] [文件加载：43]
[ info ] [ LANG ] D:\wamp\www\zwt5\thinkphp\lang\zh-cn.php
[ info ] [ ROUTE ] array (
  'type' => 'module',
  'module' => 
  array (
    0 => 'index',
    1 => 'test',
    2 => NULL,
  ),
)
[ info ] [ HEADER ] array (
  'host' => 'www.zwt5.com',
  'user-agent' => 'Mozilla/5.0 (Windows NT 10.0; WOW64; rv:54.0) Gecko/20100101 Firefox/54.0',
  'accept' => 'text/html,application/xhtml+xml,application/xml;q=0.9,*/*;q=0.8',
  'accept-language' => 'zh-CN,zh;q=0.8,en-US;q=0.5,en;q=0.3',
  'accept-encoding' => 'gzip, deflate',
  'connection' => 'keep-alive',
  'upgrade-insecure-requests' => '1',
  'cache-control' => 'max-age=0',
)
[ info ] [ PARAM ] array (
)
[ info ] [ LOG ] INIT File

---------------------------------------------------------------
[ 2017-08-28T09:16:50+08:00 ] 127.0.0.1 127.0.0.1 GET /index/test/
[ log ] www.zwt5.com/index/test/ [运行时间：0.021993s][吞吐率：45.47req/s] [内存消耗：2,228.74kb] [文件加载：43]
[ info ] [ LANG ] D:\wamp\www\zwt5\thinkphp\lang\zh-cn.php
[ info ] [ ROUTE ] array (
  'type' => 'module',
  'module' => 
  array (
    0 => 'index',
    1 => 'test',
    2 => NULL,
  ),
)
[ info ] [ HEADER ] array (
  'host' => 'www.zwt5.com',
  'user-agent' => 'Mozilla/5.0 (Windows NT 10.0; WOW64; rv:54.0) Gecko/20100101 Firefox/54.0',
  'accept' => 'text/html,application/xhtml+xml,application/xml;q=0.9,*/*;q=0.8',
  'accept-language' => 'zh-CN,zh;q=0.8,en-US;q=0.5,en;q=0.3',
  'accept-encoding' => 'gzip, deflate',
  'connection' => 'keep-alive',
  'upgrade-insecure-requests' => '1',
  'cache-control' => 'max-age=0',
)
[ info ] [ PARAM ] array (
)
[ info ] [ LOG ] INIT File

---------------------------------------------------------------
[ 2017-08-28T09:16:50+08:00 ] 127.0.0.1 127.0.0.1 GET /index/test/
[ log ] www.zwt5.com/index/test/ [运行时间：0.027823s][吞吐率：35.94req/s] [内存消耗：2,228.74kb] [文件加载：43]
[ info ] [ LANG ] D:\wamp\www\zwt5\thinkphp\lang\zh-cn.php
[ info ] [ ROUTE ] array (
  'type' => 'module',
  'module' => 
  array (
    0 => 'index',
    1 => 'test',
    2 => NULL,
  ),
)
[ info ] [ HEADER ] array (
  'host' => 'www.zwt5.com',
  'user-agent' => 'Mozilla/5.0 (Windows NT 10.0; WOW64; rv:54.0) Gecko/20100101 Firefox/54.0',
  'accept' => 'text/html,application/xhtml+xml,application/xml;q=0.9,*/*;q=0.8',
  'accept-language' => 'zh-CN,zh;q=0.8,en-US;q=0.5,en;q=0.3',
  'accept-encoding' => 'gzip, deflate',
  'connection' => 'keep-alive',
  'upgrade-insecure-requests' => '1',
  'cache-control' => 'max-age=0',
)
[ info ] [ PARAM ] array (
)
[ info ] [ LOG ] INIT File

---------------------------------------------------------------
[ 2017-08-28T09:17:38+08:00 ] 127.0.0.1 127.0.0.1 GET /index/test/
[ log ] www.zwt5.com/index/test/ [运行时间：0.033524s][吞吐率：29.83req/s] [内存消耗：2,209.83kb] [文件加载：42]
[ info ] [ LANG ] D:\wamp\www\zwt5\thinkphp\lang\zh-cn.php
[ info ] [ ROUTE ] array (
  'type' => 'module',
  'module' => 
  array (
    0 => 'index',
    1 => 'test',
    2 => NULL,
  ),
)
[ info ] [ HEADER ] array (
  'host' => 'www.zwt5.com',
  'user-agent' => 'Mozilla/5.0 (Windows NT 10.0; WOW64; rv:54.0) Gecko/20100101 Firefox/54.0',
  'accept' => 'text/html,application/xhtml+xml,application/xml;q=0.9,*/*;q=0.8',
  'accept-language' => 'zh-CN,zh;q=0.8,en-US;q=0.5,en;q=0.3',
  'accept-encoding' => 'gzip, deflate',
  'connection' => 'keep-alive',
  'upgrade-insecure-requests' => '1',
  'cache-control' => 'max-age=0',
)
[ info ] [ PARAM ] array (
)
[ info ] [ RUN ] app\index\controller\TestController->index[ D:\wamp\www\zwt5\application\index\controller\TestController.php ]
[ info ] [ LOG ] INIT File
[ error ] [0]不支持: redis[D:\wamp\www\zwt5\thinkphp\library\think\cache\driver\Redis.php:44]

---------------------------------------------------------------
[ 2017-08-28T10:27:30+08:00 ] 127.0.0.1 127.0.0.1 GET /index/test/
[ log ] www.zwt5.com/index/test/ [运行时间：0.023165s][吞吐率：43.17req/s] [内存消耗：2,209.64kb] [文件加载：42]
[ info ] [ LANG ] D:\wamp\www\zwt5\thinkphp\lang\zh-cn.php
[ info ] [ ROUTE ] array (
  'type' => 'module',
  'module' => 
  array (
    0 => 'index',
    1 => 'test',
    2 => NULL,
  ),
)
[ info ] [ HEADER ] array (
  'host' => 'www.zwt5.com',
  'user-agent' => 'Mozilla/5.0 (Windows NT 10.0; WOW64; rv:54.0) Gecko/20100101 Firefox/54.0',
  'accept' => 'text/html,application/xhtml+xml,application/xml;q=0.9,*/*;q=0.8',
  'accept-language' => 'zh-CN,zh;q=0.8,en-US;q=0.5,en;q=0.3',
  'accept-encoding' => 'gzip, deflate',
  'connection' => 'keep-alive',
  'upgrade-insecure-requests' => '1',
)
[ info ] [ PARAM ] array (
)
[ info ] [ RUN ] app\index\controller\TestController->index[ D:\wamp\www\zwt5\application\index\controller\TestController.php ]
[ info ] [ LOG ] INIT File
[ error ] [0]不支持: redis[D:\wamp\www\zwt5\thinkphp\library\think\cache\driver\Redis.php:44]

---------------------------------------------------------------
[ 2017-08-28T10:27:32+08:00 ] 127.0.0.1 127.0.0.1 GET /index/test/
[ log ] www.zwt5.com/index/test/ [运行时间：0.021438s][吞吐率：46.65req/s] [内存消耗：2,209.64kb] [文件加载：42]
[ info ] [ LANG ] D:\wamp\www\zwt5\thinkphp\lang\zh-cn.php
[ info ] [ ROUTE ] array (
  'type' => 'module',
  'module' => 
  array (
    0 => 'index',
    1 => 'test',
    2 => NULL,
  ),
)
[ info ] [ HEADER ] array (
  'host' => 'www.zwt5.com',
  'user-agent' => 'Mozilla/5.0 (Windows NT 10.0; WOW64; rv:54.0) Gecko/20100101 Firefox/54.0',
  'accept' => 'text/html,application/xhtml+xml,application/xml;q=0.9,*/*;q=0.8',
  'accept-language' => 'zh-CN,zh;q=0.8,en-US;q=0.5,en;q=0.3',
  'accept-encoding' => 'gzip, deflate',
  'connection' => 'keep-alive',
  'upgrade-insecure-requests' => '1',
)
[ info ] [ PARAM ] array (
)
[ info ] [ RUN ] app\index\controller\TestController->index[ D:\wamp\www\zwt5\application\index\controller\TestController.php ]
[ info ] [ LOG ] INIT File
[ error ] [0]不支持: redis[D:\wamp\www\zwt5\thinkphp\library\think\cache\driver\Redis.php:44]

---------------------------------------------------------------
[ 2017-08-28T10:47:21+08:00 ] 127.0.0.1 127.0.0.1 GET /index/test/
[ log ] www.zwt5.com/index/test/ [运行时间：0.020562s][吞吐率：48.63req/s] [内存消耗：2,209.64kb] [文件加载：42]
[ info ] [ LANG ] D:\wamp\www\zwt5\thinkphp\lang\zh-cn.php
[ info ] [ ROUTE ] array (
  'type' => 'module',
  'module' => 
  array (
    0 => 'index',
    1 => 'test',
    2 => NULL,
  ),
)
[ info ] [ HEADER ] array (
  'host' => 'www.zwt5.com',
  'user-agent' => 'Mozilla/5.0 (Windows NT 10.0; WOW64; rv:54.0) Gecko/20100101 Firefox/54.0',
  'accept' => 'text/html,application/xhtml+xml,application/xml;q=0.9,*/*;q=0.8',
  'accept-language' => 'zh-CN,zh;q=0.8,en-US;q=0.5,en;q=0.3',
  'accept-encoding' => 'gzip, deflate',
  'connection' => 'keep-alive',
  'upgrade-insecure-requests' => '1',
)
[ info ] [ PARAM ] array (
)
[ info ] [ RUN ] app\index\controller\TestController->index[ D:\wamp\www\zwt5\application\index\controller\TestController.php ]
[ info ] [ LOG ] INIT File
[ error ] [0]不支持: redis[D:\wamp\www\zwt5\thinkphp\library\think\cache\driver\Redis.php:44]

---------------------------------------------------------------
[ 2017-08-28T10:54:50+08:00 ] 127.0.0.1 127.0.0.1 GET /index/test/
[ log ] www.zwt5.com/index/test/ [运行时间：0.018295s][吞吐率：54.66req/s] [内存消耗：2,154.70kb] [文件加载：40]
[ info ] [ LANG ] D:\wamp\www\zwt5\thinkphp\lang\zh-cn.php
[ info ] [ ROUTE ] array (
  'type' => 'module',
  'module' => 
  array (
    0 => 'index',
    1 => 'test',
    2 => NULL,
  ),
)
[ info ] [ HEADER ] array (
  'host' => 'www.zwt5.com',
  'user-agent' => 'Mozilla/5.0 (Windows NT 10.0; WOW64; rv:54.0) Gecko/20100101 Firefox/54.0',
  'accept' => 'text/html,application/xhtml+xml,application/xml;q=0.9,*/*;q=0.8',
  'accept-language' => 'zh-CN,zh;q=0.8,en-US;q=0.5,en;q=0.3',
  'accept-encoding' => 'gzip, deflate',
  'connection' => 'keep-alive',
  'upgrade-insecure-requests' => '1',
)
[ info ] [ PARAM ] array (
)
[ info ] [ RUN ] app\index\controller\TestController->index[ D:\wamp\www\zwt5\application\index\controller\TestController.php ]
[ info ] [ LOG ] INIT File

---------------------------------------------------------------
[ 2017-08-28T10:56:08+08:00 ] 127.0.0.1 127.0.0.1 GET /index/test/
[ log ] www.zwt5.com/index/test/ [运行时间：1.047744s][吞吐率：0.95req/s] [内存消耗：2,210.01kb] [文件加载：42]
[ info ] [ LANG ] D:\wamp\www\zwt5\thinkphp\lang\zh-cn.php
[ info ] [ ROUTE ] array (
  'type' => 'module',
  'module' => 
  array (
    0 => 'index',
    1 => 'test',
    2 => NULL,
  ),
)
[ info ] [ HEADER ] array (
  'host' => 'www.zwt5.com',
  'user-agent' => 'Mozilla/5.0 (Windows NT 10.0; WOW64; rv:54.0) Gecko/20100101 Firefox/54.0',
  'accept' => 'text/html,application/xhtml+xml,application/xml;q=0.9,*/*;q=0.8',
  'accept-language' => 'zh-CN,zh;q=0.8,en-US;q=0.5,en;q=0.3',
  'accept-encoding' => 'gzip, deflate',
  'connection' => 'keep-alive',
  'upgrade-insecure-requests' => '1',
  'cache-control' => 'max-age=0',
)
[ info ] [ PARAM ] array (
)
[ info ] [ RUN ] app\index\controller\TestController->index[ D:\wamp\www\zwt5\application\index\controller\TestController.php ]
[ info ] [ LOG ] INIT File
[ error ] [0]Redis server went away[D:\wamp\www\zwt5\thinkphp\library\think\cache\driver\Redis.php:113]

---------------------------------------------------------------
[ 2017-08-28T10:56:18+08:00 ] 127.0.0.1 127.0.0.1 GET /index/test/
[ log ] www.zwt5.com/index/test/ [运行时间：1.038103s][吞吐率：0.96req/s] [内存消耗：2,209.81kb] [文件加载：42]
[ info ] [ LANG ] D:\wamp\www\zwt5\thinkphp\lang\zh-cn.php
[ info ] [ ROUTE ] array (
  'type' => 'module',
  'module' => 
  array (
    0 => 'index',
    1 => 'test',
    2 => NULL,
  ),
)
[ info ] [ HEADER ] array (
  'host' => 'www.zwt5.com',
  'user-agent' => 'Mozilla/5.0 (Windows NT 10.0; WOW64; rv:54.0) Gecko/20100101 Firefox/54.0',
  'accept' => 'text/html,application/xhtml+xml,application/xml;q=0.9,*/*;q=0.8',
  'accept-language' => 'zh-CN,zh;q=0.8,en-US;q=0.5,en;q=0.3',
  'accept-encoding' => 'gzip, deflate',
  'connection' => 'keep-alive',
  'upgrade-insecure-requests' => '1',
)
[ info ] [ PARAM ] array (
)
[ info ] [ RUN ] app\index\controller\TestController->index[ D:\wamp\www\zwt5\application\index\controller\TestController.php ]
[ info ] [ LOG ] INIT File
[ error ] [0]Redis server went away[D:\wamp\www\zwt5\thinkphp\library\think\cache\driver\Redis.php:113]

---------------------------------------------------------------
[ 2017-08-28T10:56:31+08:00 ] 127.0.0.1 127.0.0.1 GET /index/test/
[ log ] www.zwt5.com/index/test/ [运行时间：1.043015s][吞吐率：0.96req/s] [内存消耗：2,210.01kb] [文件加载：42]
[ info ] [ LANG ] D:\wamp\www\zwt5\thinkphp\lang\zh-cn.php
[ info ] [ ROUTE ] array (
  'type' => 'module',
  'module' => 
  array (
    0 => 'index',
    1 => 'test',
    2 => NULL,
  ),
)
[ info ] [ HEADER ] array (
  'host' => 'www.zwt5.com',
  'user-agent' => 'Mozilla/5.0 (Windows NT 10.0; WOW64; rv:54.0) Gecko/20100101 Firefox/54.0',
  'accept' => 'text/html,application/xhtml+xml,application/xml;q=0.9,*/*;q=0.8',
  'accept-language' => 'zh-CN,zh;q=0.8,en-US;q=0.5,en;q=0.3',
  'accept-encoding' => 'gzip, deflate',
  'connection' => 'keep-alive',
  'upgrade-insecure-requests' => '1',
  'cache-control' => 'max-age=0',
)
[ info ] [ PARAM ] array (
)
[ info ] [ RUN ] app\index\controller\TestController->index[ D:\wamp\www\zwt5\application\index\controller\TestController.php ]
[ info ] [ LOG ] INIT File
[ error ] [0]Redis server went away[D:\wamp\www\zwt5\thinkphp\library\think\cache\driver\Redis.php:113]

---------------------------------------------------------------
[ 2017-08-28T10:56:31+08:00 ] 127.0.0.1 127.0.0.1 GET /index/test/
[ log ] www.zwt5.com/index/test/ [运行时间：1.043632s][吞吐率：0.96req/s] [内存消耗：2,210.19kb] [文件加载：42]
[ info ] [ LANG ] D:\wamp\www\zwt5\thinkphp\lang\zh-cn.php
[ info ] [ ROUTE ] array (
  'type' => 'module',
  'module' => 
  array (
    0 => 'index',
    1 => 'test',
    2 => NULL,
  ),
)
[ info ] [ HEADER ] array (
  'host' => 'www.zwt5.com',
  'user-agent' => 'Mozilla/5.0 (Windows NT 10.0; WOW64; rv:54.0) Gecko/20100101 Firefox/54.0',
  'accept' => 'text/html,application/xhtml+xml,application/xml;q=0.9,*/*;q=0.8',
  'accept-language' => 'zh-CN,zh;q=0.8,en-US;q=0.5,en;q=0.3',
  'accept-encoding' => 'gzip, deflate',
  'connection' => 'keep-alive',
  'upgrade-insecure-requests' => '1',
  'cache-control' => 'max-age=0',
)
[ info ] [ PARAM ] array (
)
[ info ] [ RUN ] app\index\controller\TestController->index[ D:\wamp\www\zwt5\application\index\controller\TestController.php ]
[ info ] [ LOG ] INIT File
[ error ] [0]Redis server went away[D:\wamp\www\zwt5\thinkphp\library\think\cache\driver\Redis.php:113]

---------------------------------------------------------------
[ 2017-08-28T10:56:31+08:00 ] 127.0.0.1 127.0.0.1 GET /index/test/
[ log ] www.zwt5.com/index/test/ [运行时间：1.030867s][吞吐率：0.97req/s] [内存消耗：2,210.19kb] [文件加载：42]
[ info ] [ LANG ] D:\wamp\www\zwt5\thinkphp\lang\zh-cn.php
[ info ] [ ROUTE ] array (
  'type' => 'module',
  'module' => 
  array (
    0 => 'index',
    1 => 'test',
    2 => NULL,
  ),
)
[ info ] [ HEADER ] array (
  'host' => 'www.zwt5.com',
  'user-agent' => 'Mozilla/5.0 (Windows NT 10.0; WOW64; rv:54.0) Gecko/20100101 Firefox/54.0',
  'accept' => 'text/html,application/xhtml+xml,application/xml;q=0.9,*/*;q=0.8',
  'accept-language' => 'zh-CN,zh;q=0.8,en-US;q=0.5,en;q=0.3',
  'accept-encoding' => 'gzip, deflate',
  'connection' => 'keep-alive',
  'upgrade-insecure-requests' => '1',
  'cache-control' => 'max-age=0',
)
[ info ] [ PARAM ] array (
)
[ info ] [ RUN ] app\index\controller\TestController->index[ D:\wamp\www\zwt5\application\index\controller\TestController.php ]
[ info ] [ LOG ] INIT File
[ error ] [0]Redis server went away[D:\wamp\www\zwt5\thinkphp\library\think\cache\driver\Redis.php:113]

---------------------------------------------------------------
[ 2017-08-28T10:56:31+08:00 ] 127.0.0.1 127.0.0.1 GET /index/test/
[ log ] www.zwt5.com/index/test/ [运行时间：1.031099s][吞吐率：0.97req/s] [内存消耗：2,210.19kb] [文件加载：42]
[ info ] [ LANG ] D:\wamp\www\zwt5\thinkphp\lang\zh-cn.php
[ info ] [ ROUTE ] array (
  'type' => 'module',
  'module' => 
  array (
    0 => 'index',
    1 => 'test',
    2 => NULL,
  ),
)
[ info ] [ HEADER ] array (
  'host' => 'www.zwt5.com',
  'user-agent' => 'Mozilla/5.0 (Windows NT 10.0; WOW64; rv:54.0) Gecko/20100101 Firefox/54.0',
  'accept' => 'text/html,application/xhtml+xml,application/xml;q=0.9,*/*;q=0.8',
  'accept-language' => 'zh-CN,zh;q=0.8,en-US;q=0.5,en;q=0.3',
  'accept-encoding' => 'gzip, deflate',
  'connection' => 'keep-alive',
  'upgrade-insecure-requests' => '1',
  'cache-control' => 'max-age=0',
)
[ info ] [ PARAM ] array (
)
[ info ] [ RUN ] app\index\controller\TestController->index[ D:\wamp\www\zwt5\application\index\controller\TestController.php ]
[ info ] [ LOG ] INIT File
[ error ] [0]Redis server went away[D:\wamp\www\zwt5\thinkphp\library\think\cache\driver\Redis.php:113]

---------------------------------------------------------------
[ 2017-08-28T10:56:31+08:00 ] 127.0.0.1 127.0.0.1 GET /index/test/
[ log ] www.zwt5.com/index/test/ [运行时间：1.044147s][吞吐率：0.96req/s] [内存消耗：2,210.19kb] [文件加载：42]
[ info ] [ LANG ] D:\wamp\www\zwt5\thinkphp\lang\zh-cn.php
[ info ] [ ROUTE ] array (
  'type' => 'module',
  'module' => 
  array (
    0 => 'index',
    1 => 'test',
    2 => NULL,
  ),
)
[ info ] [ HEADER ] array (
  'host' => 'www.zwt5.com',
  'user-agent' => 'Mozilla/5.0 (Windows NT 10.0; WOW64; rv:54.0) Gecko/20100101 Firefox/54.0',
  'accept' => 'text/html,application/xhtml+xml,application/xml;q=0.9,*/*;q=0.8',
  'accept-language' => 'zh-CN,zh;q=0.8,en-US;q=0.5,en;q=0.3',
  'accept-encoding' => 'gzip, deflate',
  'connection' => 'keep-alive',
  'upgrade-insecure-requests' => '1',
  'cache-control' => 'max-age=0',
)
[ info ] [ PARAM ] array (
)
[ info ] [ RUN ] app\index\controller\TestController->index[ D:\wamp\www\zwt5\application\index\controller\TestController.php ]
[ info ] [ LOG ] INIT File
[ error ] [0]Redis server went away[D:\wamp\www\zwt5\thinkphp\library\think\cache\driver\Redis.php:113]

---------------------------------------------------------------
[ 2017-08-28T10:56:32+08:00 ] 127.0.0.1 127.0.0.1 GET /index/test/
[ log ] www.zwt5.com/index/test/ [运行时间：1.027735s][吞吐率：0.97req/s] [内存消耗：2,210.19kb] [文件加载：42]
[ info ] [ LANG ] D:\wamp\www\zwt5\thinkphp\lang\zh-cn.php
[ info ] [ ROUTE ] array (
  'type' => 'module',
  'module' => 
  array (
    0 => 'index',
    1 => 'test',
    2 => NULL,
  ),
)
[ info ] [ HEADER ] array (
  'host' => 'www.zwt5.com',
  'user-agent' => 'Mozilla/5.0 (Windows NT 10.0; WOW64; rv:54.0) Gecko/20100101 Firefox/54.0',
  'accept' => 'text/html,application/xhtml+xml,application/xml;q=0.9,*/*;q=0.8',
  'accept-language' => 'zh-CN,zh;q=0.8,en-US;q=0.5,en;q=0.3',
  'accept-encoding' => 'gzip, deflate',
  'connection' => 'keep-alive',
  'upgrade-insecure-requests' => '1',
  'cache-control' => 'max-age=0',
)
[ info ] [ PARAM ] array (
)
[ info ] [ RUN ] app\index\controller\TestController->index[ D:\wamp\www\zwt5\application\index\controller\TestController.php ]
[ info ] [ LOG ] INIT File
[ error ] [0]Redis server went away[D:\wamp\www\zwt5\thinkphp\library\think\cache\driver\Redis.php:113]

---------------------------------------------------------------
[ 2017-08-28T10:56:32+08:00 ] 127.0.0.1 127.0.0.1 GET /index/test/
[ log ] www.zwt5.com/index/test/ [运行时间：1.020832s][吞吐率：0.98req/s] [内存消耗：2,210.01kb] [文件加载：42]
[ info ] [ LANG ] D:\wamp\www\zwt5\thinkphp\lang\zh-cn.php
[ info ] [ ROUTE ] array (
  'type' => 'module',
  'module' => 
  array (
    0 => 'index',
    1 => 'test',
    2 => NULL,
  ),
)
[ info ] [ HEADER ] array (
  'host' => 'www.zwt5.com',
  'user-agent' => 'Mozilla/5.0 (Windows NT 10.0; WOW64; rv:54.0) Gecko/20100101 Firefox/54.0',
  'accept' => 'text/html,application/xhtml+xml,application/xml;q=0.9,*/*;q=0.8',
  'accept-language' => 'zh-CN,zh;q=0.8,en-US;q=0.5,en;q=0.3',
  'accept-encoding' => 'gzip, deflate',
  'connection' => 'keep-alive',
  'upgrade-insecure-requests' => '1',
  'cache-control' => 'max-age=0',
)
[ info ] [ PARAM ] array (
)
[ info ] [ RUN ] app\index\controller\TestController->index[ D:\wamp\www\zwt5\application\index\controller\TestController.php ]
[ info ] [ LOG ] INIT File
[ error ] [0]Redis server went away[D:\wamp\www\zwt5\thinkphp\library\think\cache\driver\Redis.php:113]

---------------------------------------------------------------
[ 2017-08-28T10:56:57+08:00 ] 127.0.0.1 127.0.0.1 GET /index/test/
[ log ] www.zwt5.com/index/test/ [运行时间：1.053901s][吞吐率：0.95req/s] [内存消耗：2,210.01kb] [文件加载：42]
[ info ] [ LANG ] D:\wamp\www\zwt5\thinkphp\lang\zh-cn.php
[ info ] [ ROUTE ] array (
  'type' => 'module',
  'module' => 
  array (
    0 => 'index',
    1 => 'test',
    2 => NULL,
  ),
)
[ info ] [ HEADER ] array (
  'host' => 'www.zwt5.com',
  'user-agent' => 'Mozilla/5.0 (Windows NT 10.0; WOW64; rv:54.0) Gecko/20100101 Firefox/54.0',
  'accept' => 'text/html,application/xhtml+xml,application/xml;q=0.9,*/*;q=0.8',
  'accept-language' => 'zh-CN,zh;q=0.8,en-US;q=0.5,en;q=0.3',
  'accept-encoding' => 'gzip, deflate',
  'connection' => 'keep-alive',
  'upgrade-insecure-requests' => '1',
  'cache-control' => 'max-age=0',
)
[ info ] [ PARAM ] array (
)
[ info ] [ RUN ] app\index\controller\TestController->index[ D:\wamp\www\zwt5\application\index\controller\TestController.php ]
[ info ] [ LOG ] INIT File
[ error ] [0]Redis server went away[D:\wamp\www\zwt5\thinkphp\library\think\cache\driver\Redis.php:113]

---------------------------------------------------------------
[ 2017-08-28T10:56:58+08:00 ] 127.0.0.1 127.0.0.1 GET /index/test/
[ log ] www.zwt5.com/index/test/ [运行时间：1.019959s][吞吐率：0.98req/s] [内存消耗：2,210.01kb] [文件加载：42]
[ info ] [ LANG ] D:\wamp\www\zwt5\thinkphp\lang\zh-cn.php
[ info ] [ ROUTE ] array (
  'type' => 'module',
  'module' => 
  array (
    0 => 'index',
    1 => 'test',
    2 => NULL,
  ),
)
[ info ] [ HEADER ] array (
  'host' => 'www.zwt5.com',
  'user-agent' => 'Mozilla/5.0 (Windows NT 10.0; WOW64; rv:54.0) Gecko/20100101 Firefox/54.0',
  'accept' => 'text/html,application/xhtml+xml,application/xml;q=0.9,*/*;q=0.8',
  'accept-language' => 'zh-CN,zh;q=0.8,en-US;q=0.5,en;q=0.3',
  'accept-encoding' => 'gzip, deflate',
  'connection' => 'keep-alive',
  'upgrade-insecure-requests' => '1',
  'cache-control' => 'max-age=0',
)
[ info ] [ PARAM ] array (
)
[ info ] [ RUN ] app\index\controller\TestController->index[ D:\wamp\www\zwt5\application\index\controller\TestController.php ]
[ info ] [ LOG ] INIT File
[ error ] [0]Redis server went away[D:\wamp\www\zwt5\thinkphp\library\think\cache\driver\Redis.php:113]

---------------------------------------------------------------
[ 2017-08-28T10:56:59+08:00 ] 127.0.0.1 127.0.0.1 GET /index/test/
[ log ] www.zwt5.com/index/test/ [运行时间：1.022538s][吞吐率：0.98req/s] [内存消耗：2,209.81kb] [文件加载：42]
[ info ] [ LANG ] D:\wamp\www\zwt5\thinkphp\lang\zh-cn.php
[ info ] [ ROUTE ] array (
  'type' => 'module',
  'module' => 
  array (
    0 => 'index',
    1 => 'test',
    2 => NULL,
  ),
)
[ info ] [ HEADER ] array (
  'host' => 'www.zwt5.com',
  'user-agent' => 'Mozilla/5.0 (Windows NT 10.0; WOW64; rv:54.0) Gecko/20100101 Firefox/54.0',
  'accept' => 'text/html,application/xhtml+xml,application/xml;q=0.9,*/*;q=0.8',
  'accept-language' => 'zh-CN,zh;q=0.8,en-US;q=0.5,en;q=0.3',
  'accept-encoding' => 'gzip, deflate',
  'connection' => 'keep-alive',
  'upgrade-insecure-requests' => '1',
)
[ info ] [ PARAM ] array (
)
[ info ] [ RUN ] app\index\controller\TestController->index[ D:\wamp\www\zwt5\application\index\controller\TestController.php ]
[ info ] [ LOG ] INIT File
[ error ] [0]Redis server went away[D:\wamp\www\zwt5\thinkphp\library\think\cache\driver\Redis.php:113]

---------------------------------------------------------------
[ 2017-08-28T10:58:17+08:00 ] 127.0.0.1 127.0.0.1 GET /index/test/
[ log ] www.zwt5.com/index/test/ [运行时间：1.042234s][吞吐率：0.96req/s] [内存消耗：2,210.01kb] [文件加载：42]
[ info ] [ LANG ] D:\wamp\www\zwt5\thinkphp\lang\zh-cn.php
[ info ] [ ROUTE ] array (
  'type' => 'module',
  'module' => 
  array (
    0 => 'index',
    1 => 'test',
    2 => NULL,
  ),
)
[ info ] [ HEADER ] array (
  'host' => 'www.zwt5.com',
  'user-agent' => 'Mozilla/5.0 (Windows NT 10.0; WOW64; rv:54.0) Gecko/20100101 Firefox/54.0',
  'accept' => 'text/html,application/xhtml+xml,application/xml;q=0.9,*/*;q=0.8',
  'accept-language' => 'zh-CN,zh;q=0.8,en-US;q=0.5,en;q=0.3',
  'accept-encoding' => 'gzip, deflate',
  'connection' => 'keep-alive',
  'upgrade-insecure-requests' => '1',
  'cache-control' => 'max-age=0',
)
[ info ] [ PARAM ] array (
)
[ info ] [ RUN ] app\index\controller\TestController->index[ D:\wamp\www\zwt5\application\index\controller\TestController.php ]
[ info ] [ LOG ] INIT File
[ error ] [0]Redis server went away[D:\wamp\www\zwt5\thinkphp\library\think\cache\driver\Redis.php:113]

---------------------------------------------------------------
[ 2017-08-28T10:58:18+08:00 ] 127.0.0.1 127.0.0.1 GET /index/test/
[ log ] www.zwt5.com/index/test/ [运行时间：1.027449s][吞吐率：0.97req/s] [内存消耗：2,210.01kb] [文件加载：42]
[ info ] [ LANG ] D:\wamp\www\zwt5\thinkphp\lang\zh-cn.php
[ info ] [ ROUTE ] array (
  'type' => 'module',
  'module' => 
  array (
    0 => 'index',
    1 => 'test',
    2 => NULL,
  ),
)
[ info ] [ HEADER ] array (
  'host' => 'www.zwt5.com',
  'user-agent' => 'Mozilla/5.0 (Windows NT 10.0; WOW64; rv:54.0) Gecko/20100101 Firefox/54.0',
  'accept' => 'text/html,application/xhtml+xml,application/xml;q=0.9,*/*;q=0.8',
  'accept-language' => 'zh-CN,zh;q=0.8,en-US;q=0.5,en;q=0.3',
  'accept-encoding' => 'gzip, deflate',
  'connection' => 'keep-alive',
  'upgrade-insecure-requests' => '1',
  'cache-control' => 'max-age=0',
)
[ info ] [ PARAM ] array (
)
[ info ] [ RUN ] app\index\controller\TestController->index[ D:\wamp\www\zwt5\application\index\controller\TestController.php ]
[ info ] [ LOG ] INIT File
[ error ] [0]Redis server went away[D:\wamp\www\zwt5\thinkphp\library\think\cache\driver\Redis.php:113]

---------------------------------------------------------------
[ 2017-08-28T10:58:18+08:00 ] 127.0.0.1 127.0.0.1 GET /index/test/
[ log ] www.zwt5.com/index/test/ [运行时间：1.038264s][吞吐率：0.96req/s] [内存消耗：2,210.01kb] [文件加载：42]
[ info ] [ LANG ] D:\wamp\www\zwt5\thinkphp\lang\zh-cn.php
[ info ] [ ROUTE ] array (
  'type' => 'module',
  'module' => 
  array (
    0 => 'index',
    1 => 'test',
    2 => NULL,
  ),
)
[ info ] [ HEADER ] array (
  'host' => 'www.zwt5.com',
  'user-agent' => 'Mozilla/5.0 (Windows NT 10.0; WOW64; rv:54.0) Gecko/20100101 Firefox/54.0',
  'accept' => 'text/html,application/xhtml+xml,application/xml;q=0.9,*/*;q=0.8',
  'accept-language' => 'zh-CN,zh;q=0.8,en-US;q=0.5,en;q=0.3',
  'accept-encoding' => 'gzip, deflate',
  'connection' => 'keep-alive',
  'upgrade-insecure-requests' => '1',
  'cache-control' => 'max-age=0',
)
[ info ] [ PARAM ] array (
)
[ info ] [ RUN ] app\index\controller\TestController->index[ D:\wamp\www\zwt5\application\index\controller\TestController.php ]
[ info ] [ LOG ] INIT File
[ error ] [0]Redis server went away[D:\wamp\www\zwt5\thinkphp\library\think\cache\driver\Redis.php:113]

---------------------------------------------------------------
[ 2017-08-28T10:58:18+08:00 ] 127.0.0.1 127.0.0.1 GET /index/test/
[ log ] www.zwt5.com/index/test/ [运行时间：1.041088s][吞吐率：0.96req/s] [内存消耗：2,210.01kb] [文件加载：42]
[ info ] [ LANG ] D:\wamp\www\zwt5\thinkphp\lang\zh-cn.php
[ info ] [ ROUTE ] array (
  'type' => 'module',
  'module' => 
  array (
    0 => 'index',
    1 => 'test',
    2 => NULL,
  ),
)
[ info ] [ HEADER ] array (
  'host' => 'www.zwt5.com',
  'user-agent' => 'Mozilla/5.0 (Windows NT 10.0; WOW64; rv:54.0) Gecko/20100101 Firefox/54.0',
  'accept' => 'text/html,application/xhtml+xml,application/xml;q=0.9,*/*;q=0.8',
  'accept-language' => 'zh-CN,zh;q=0.8,en-US;q=0.5,en;q=0.3',
  'accept-encoding' => 'gzip, deflate',
  'connection' => 'keep-alive',
  'upgrade-insecure-requests' => '1',
  'cache-control' => 'max-age=0',
)
[ info ] [ PARAM ] array (
)
[ info ] [ RUN ] app\index\controller\TestController->index[ D:\wamp\www\zwt5\application\index\controller\TestController.php ]
[ info ] [ LOG ] INIT File
[ error ] [0]Redis server went away[D:\wamp\www\zwt5\thinkphp\library\think\cache\driver\Redis.php:113]

---------------------------------------------------------------
[ 2017-08-28T10:58:18+08:00 ] 127.0.0.1 127.0.0.1 GET /index/test/
[ log ] www.zwt5.com/index/test/ [运行时间：1.045043s][吞吐率：0.96req/s] [内存消耗：2,210.01kb] [文件加载：42]
[ info ] [ LANG ] D:\wamp\www\zwt5\thinkphp\lang\zh-cn.php
[ info ] [ ROUTE ] array (
  'type' => 'module',
  'module' => 
  array (
    0 => 'index',
    1 => 'test',
    2 => NULL,
  ),
)
[ info ] [ HEADER ] array (
  'host' => 'www.zwt5.com',
  'user-agent' => 'Mozilla/5.0 (Windows NT 10.0; WOW64; rv:54.0) Gecko/20100101 Firefox/54.0',
  'accept' => 'text/html,application/xhtml+xml,application/xml;q=0.9,*/*;q=0.8',
  'accept-language' => 'zh-CN,zh;q=0.8,en-US;q=0.5,en;q=0.3',
  'accept-encoding' => 'gzip, deflate',
  'connection' => 'keep-alive',
  'upgrade-insecure-requests' => '1',
  'cache-control' => 'max-age=0',
)
[ info ] [ PARAM ] array (
)
[ info ] [ RUN ] app\index\controller\TestController->index[ D:\wamp\www\zwt5\application\index\controller\TestController.php ]
[ info ] [ LOG ] INIT File
[ error ] [0]Redis server went away[D:\wamp\www\zwt5\thinkphp\library\think\cache\driver\Redis.php:113]

---------------------------------------------------------------
[ 2017-08-28T10:58:19+08:00 ] 127.0.0.1 127.0.0.1 GET /index/test/
[ log ] www.zwt5.com/index/test/ [运行时间：1.044230s][吞吐率：0.96req/s] [内存消耗：2,210.01kb] [文件加载：42]
[ info ] [ LANG ] D:\wamp\www\zwt5\thinkphp\lang\zh-cn.php
[ info ] [ ROUTE ] array (
  'type' => 'module',
  'module' => 
  array (
    0 => 'index',
    1 => 'test',
    2 => NULL,
  ),
)
[ info ] [ HEADER ] array (
  'host' => 'www.zwt5.com',
  'user-agent' => 'Mozilla/5.0 (Windows NT 10.0; WOW64; rv:54.0) Gecko/20100101 Firefox/54.0',
  'accept' => 'text/html,application/xhtml+xml,application/xml;q=0.9,*/*;q=0.8',
  'accept-language' => 'zh-CN,zh;q=0.8,en-US;q=0.5,en;q=0.3',
  'accept-encoding' => 'gzip, deflate',
  'connection' => 'keep-alive',
  'upgrade-insecure-requests' => '1',
  'cache-control' => 'max-age=0',
)
[ info ] [ PARAM ] array (
)
[ info ] [ RUN ] app\index\controller\TestController->index[ D:\wamp\www\zwt5\application\index\controller\TestController.php ]
[ info ] [ LOG ] INIT File
[ error ] [0]Redis server went away[D:\wamp\www\zwt5\thinkphp\library\think\cache\driver\Redis.php:113]

---------------------------------------------------------------
[ 2017-08-28T10:59:12+08:00 ] 127.0.0.1 127.0.0.1 GET /index/test/
[ log ] www.zwt5.com/index/test/ [运行时间：1.033154s][吞吐率：0.97req/s] [内存消耗：2,210.19kb] [文件加载：42]
[ info ] [ LANG ] D:\wamp\www\zwt5\thinkphp\lang\zh-cn.php
[ info ] [ ROUTE ] array (
  'type' => 'module',
  'module' => 
  array (
    0 => 'index',
    1 => 'test',
    2 => NULL,
  ),
)
[ info ] [ HEADER ] array (
  'host' => 'www.zwt5.com',
  'user-agent' => 'Mozilla/5.0 (Windows NT 10.0; WOW64; rv:54.0) Gecko/20100101 Firefox/54.0',
  'accept' => 'text/html,application/xhtml+xml,application/xml;q=0.9,*/*;q=0.8',
  'accept-language' => 'zh-CN,zh;q=0.8,en-US;q=0.5,en;q=0.3',
  'accept-encoding' => 'gzip, deflate',
  'connection' => 'keep-alive',
  'upgrade-insecure-requests' => '1',
  'cache-control' => 'max-age=0',
)
[ info ] [ PARAM ] array (
)
[ info ] [ RUN ] app\index\controller\TestController->index[ D:\wamp\www\zwt5\application\index\controller\TestController.php ]
[ info ] [ LOG ] INIT File
[ error ] [0]Redis server went away[D:\wamp\www\zwt5\thinkphp\library\think\cache\driver\Redis.php:113]

---------------------------------------------------------------
[ 2017-08-28T10:59:14+08:00 ] 127.0.0.1 127.0.0.1 GET /index/test/
[ log ] www.zwt5.com/index/test/ [运行时间：1.051872s][吞吐率：0.95req/s] [内存消耗：2,210.01kb] [文件加载：42]
[ info ] [ LANG ] D:\wamp\www\zwt5\thinkphp\lang\zh-cn.php
[ info ] [ ROUTE ] array (
  'type' => 'module',
  'module' => 
  array (
    0 => 'index',
    1 => 'test',
    2 => NULL,
  ),
)
[ info ] [ HEADER ] array (
  'host' => 'www.zwt5.com',
  'user-agent' => 'Mozilla/5.0 (Windows NT 10.0; WOW64; rv:54.0) Gecko/20100101 Firefox/54.0',
  'accept' => 'text/html,application/xhtml+xml,application/xml;q=0.9,*/*;q=0.8',
  'accept-language' => 'zh-CN,zh;q=0.8,en-US;q=0.5,en;q=0.3',
  'accept-encoding' => 'gzip, deflate',
  'connection' => 'keep-alive',
  'upgrade-insecure-requests' => '1',
  'cache-control' => 'max-age=0',
)
[ info ] [ PARAM ] array (
)
[ info ] [ RUN ] app\index\controller\TestController->index[ D:\wamp\www\zwt5\application\index\controller\TestController.php ]
[ info ] [ LOG ] INIT File
[ error ] [0]Redis server went away[D:\wamp\www\zwt5\thinkphp\library\think\cache\driver\Redis.php:113]

---------------------------------------------------------------
[ 2017-08-28T11:00:30+08:00 ] 127.0.0.1 127.0.0.1 GET /index/test/
[ log ] www.zwt5.com/index/test/ [运行时间：0.015203s][吞吐率：65.78req/s] [内存消耗：2,154.70kb] [文件加载：40]
[ info ] [ LANG ] D:\wamp\www\zwt5\thinkphp\lang\zh-cn.php
[ info ] [ ROUTE ] array (
  'type' => 'module',
  'module' => 
  array (
    0 => 'index',
    1 => 'test',
    2 => NULL,
  ),
)
[ info ] [ HEADER ] array (
  'host' => 'www.zwt5.com',
  'user-agent' => 'Mozilla/5.0 (Windows NT 10.0; WOW64; rv:54.0) Gecko/20100101 Firefox/54.0',
  'accept' => 'text/html,application/xhtml+xml,application/xml;q=0.9,*/*;q=0.8',
  'accept-language' => 'zh-CN,zh;q=0.8,en-US;q=0.5,en;q=0.3',
  'accept-encoding' => 'gzip, deflate',
  'connection' => 'keep-alive',
  'upgrade-insecure-requests' => '1',
)
[ info ] [ PARAM ] array (
)
[ info ] [ RUN ] app\index\controller\TestController->index[ D:\wamp\www\zwt5\application\index\controller\TestController.php ]
[ info ] [ LOG ] INIT File

---------------------------------------------------------------
[ 2017-08-28T11:02:41+08:00 ] 127.0.0.1 127.0.0.1 GET /index/test/
[ log ] www.zwt5.com/index/test/ [运行时间：0.027929s][吞吐率：35.80req/s] [内存消耗：2,154.68kb] [文件加载：40]
[ info ] [ LANG ] D:\wamp\www\zwt5\thinkphp\lang\zh-cn.php
[ info ] [ ROUTE ] array (
  'type' => 'module',
  'module' => 
  array (
    0 => 'index',
    1 => 'test',
    2 => NULL,
  ),
)
[ info ] [ HEADER ] array (
  'host' => 'www.zwt5.com',
  'user-agent' => 'Mozilla/5.0 (Windows NT 10.0; WOW64; rv:54.0) Gecko/20100101 Firefox/54.0',
  'accept' => 'text/html,application/xhtml+xml,application/xml;q=0.9,*/*;q=0.8',
  'accept-language' => 'zh-CN,zh;q=0.8,en-US;q=0.5,en;q=0.3',
  'accept-encoding' => 'gzip, deflate',
  'connection' => 'keep-alive',
  'upgrade-insecure-requests' => '1',
)
[ info ] [ PARAM ] array (
)
[ info ] [ RUN ] app\index\controller\TestController->index[ D:\wamp\www\zwt5\application\index\controller\TestController.php ]
[ info ] [ LOG ] INIT File

---------------------------------------------------------------
[ 2017-08-28T11:02:48+08:00 ] 127.0.0.1 127.0.0.1 GET /index/test/
[ log ] www.zwt5.com/index/test/ [运行时间：0.024863s][吞吐率：40.22req/s] [内存消耗：2,154.99kb] [文件加载：40]
[ info ] [ LANG ] D:\wamp\www\zwt5\thinkphp\lang\zh-cn.php
[ info ] [ ROUTE ] array (
  'type' => 'module',
  'module' => 
  array (
    0 => 'index',
    1 => 'test',
    2 => NULL,
  ),
)
[ info ] [ HEADER ] array (
  'host' => 'www.zwt5.com',
  'user-agent' => 'Mozilla/5.0 (Windows NT 10.0; WOW64; rv:54.0) Gecko/20100101 Firefox/54.0',
  'accept' => 'text/html,application/xhtml+xml,application/xml;q=0.9,*/*;q=0.8',
  'accept-language' => 'zh-CN,zh;q=0.8,en-US;q=0.5,en;q=0.3',
  'accept-encoding' => 'gzip, deflate',
  'connection' => 'keep-alive',
  'upgrade-insecure-requests' => '1',
  'cache-control' => 'max-age=0',
)
[ info ] [ PARAM ] array (
)
[ info ] [ RUN ] app\index\controller\TestController->index[ D:\wamp\www\zwt5\application\index\controller\TestController.php ]
[ info ] [ LOG ] INIT File

---------------------------------------------------------------
[ 2017-08-28T11:02:53+08:00 ] 127.0.0.1 127.0.0.1 GET /index/test/
[ log ] www.zwt5.com/index/test/ [运行时间：0.037381s][吞吐率：26.75req/s] [内存消耗：2,154.99kb] [文件加载：40]
[ info ] [ LANG ] D:\wamp\www\zwt5\thinkphp\lang\zh-cn.php
[ info ] [ ROUTE ] array (
  'type' => 'module',
  'module' => 
  array (
    0 => 'index',
    1 => 'test',
    2 => NULL,
  ),
)
[ info ] [ HEADER ] array (
  'host' => 'www.zwt5.com',
  'user-agent' => 'Mozilla/5.0 (Windows NT 10.0; WOW64; rv:54.0) Gecko/20100101 Firefox/54.0',
  'accept' => 'text/html,application/xhtml+xml,application/xml;q=0.9,*/*;q=0.8',
  'accept-language' => 'zh-CN,zh;q=0.8,en-US;q=0.5,en;q=0.3',
  'accept-encoding' => 'gzip, deflate',
  'connection' => 'keep-alive',
  'upgrade-insecure-requests' => '1',
  'cache-control' => 'max-age=0',
)
[ info ] [ PARAM ] array (
)
[ info ] [ RUN ] app\index\controller\TestController->index[ D:\wamp\www\zwt5\application\index\controller\TestController.php ]
[ info ] [ LOG ] INIT File

---------------------------------------------------------------
[ 2017-08-28T11:02:58+08:00 ] 127.0.0.1 127.0.0.1 GET /index/test/
[ log ] www.zwt5.com/index/test/ [运行时间：0.037830s][吞吐率：26.43req/s] [内存消耗：2,154.99kb] [文件加载：40]
[ info ] [ LANG ] D:\wamp\www\zwt5\thinkphp\lang\zh-cn.php
[ info ] [ ROUTE ] array (
  'type' => 'module',
  'module' => 
  array (
    0 => 'index',
    1 => 'test',
    2 => NULL,
  ),
)
[ info ] [ HEADER ] array (
  'host' => 'www.zwt5.com',
  'user-agent' => 'Mozilla/5.0 (Windows NT 10.0; WOW64; rv:54.0) Gecko/20100101 Firefox/54.0',
  'accept' => 'text/html,application/xhtml+xml,application/xml;q=0.9,*/*;q=0.8',
  'accept-language' => 'zh-CN,zh;q=0.8,en-US;q=0.5,en;q=0.3',
  'accept-encoding' => 'gzip, deflate',
  'connection' => 'keep-alive',
  'upgrade-insecure-requests' => '1',
  'cache-control' => 'max-age=0',
)
[ info ] [ PARAM ] array (
)
[ info ] [ RUN ] app\index\controller\TestController->index[ D:\wamp\www\zwt5\application\index\controller\TestController.php ]
[ info ] [ LOG ] INIT File

---------------------------------------------------------------
[ 2017-08-28T11:03:07+08:00 ] 127.0.0.1 127.0.0.1 GET /index/test/
[ log ] www.zwt5.com/index/test/ [运行时间：0.040204s][吞吐率：24.87req/s] [内存消耗：2,154.99kb] [文件加载：40]
[ info ] [ LANG ] D:\wamp\www\zwt5\thinkphp\lang\zh-cn.php
[ info ] [ ROUTE ] array (
  'type' => 'module',
  'module' => 
  array (
    0 => 'index',
    1 => 'test',
    2 => NULL,
  ),
)
[ info ] [ HEADER ] array (
  'host' => 'www.zwt5.com',
  'user-agent' => 'Mozilla/5.0 (Windows NT 10.0; WOW64; rv:54.0) Gecko/20100101 Firefox/54.0',
  'accept' => 'text/html,application/xhtml+xml,application/xml;q=0.9,*/*;q=0.8',
  'accept-language' => 'zh-CN,zh;q=0.8,en-US;q=0.5,en;q=0.3',
  'accept-encoding' => 'gzip, deflate',
  'connection' => 'keep-alive',
  'upgrade-insecure-requests' => '1',
  'cache-control' => 'max-age=0',
)
[ info ] [ PARAM ] array (
)
[ info ] [ RUN ] app\index\controller\TestController->index[ D:\wamp\www\zwt5\application\index\controller\TestController.php ]
[ info ] [ LOG ] INIT File

---------------------------------------------------------------
[ 2017-08-28T11:03:17+08:00 ] 127.0.0.1 127.0.0.1 GET /index/test/
[ log ] www.zwt5.com/index/test/ [运行时间：0.029987s][吞吐率：33.35req/s] [内存消耗：2,154.99kb] [文件加载：40]
[ info ] [ LANG ] D:\wamp\www\zwt5\thinkphp\lang\zh-cn.php
[ info ] [ ROUTE ] array (
  'type' => 'module',
  'module' => 
  array (
    0 => 'index',
    1 => 'test',
    2 => NULL,
  ),
)
[ info ] [ HEADER ] array (
  'host' => 'www.zwt5.com',
  'user-agent' => 'Mozilla/5.0 (Windows NT 10.0; WOW64; rv:54.0) Gecko/20100101 Firefox/54.0',
  'accept' => 'text/html,application/xhtml+xml,application/xml;q=0.9,*/*;q=0.8',
  'accept-language' => 'zh-CN,zh;q=0.8,en-US;q=0.5,en;q=0.3',
  'accept-encoding' => 'gzip, deflate',
  'connection' => 'keep-alive',
  'upgrade-insecure-requests' => '1',
  'cache-control' => 'max-age=0',
)
[ info ] [ PARAM ] array (
)
[ info ] [ RUN ] app\index\controller\TestController->index[ D:\wamp\www\zwt5\application\index\controller\TestController.php ]
[ info ] [ LOG ] INIT File

---------------------------------------------------------------
[ 2017-08-28T11:03:23+08:00 ] 127.0.0.1 127.0.0.1 GET /index/test/
[ log ] www.zwt5.com/index/test/ [运行时间：1.032974s][吞吐率：0.97req/s] [内存消耗：2,210.01kb] [文件加载：42]
[ info ] [ LANG ] D:\wamp\www\zwt5\thinkphp\lang\zh-cn.php
[ info ] [ ROUTE ] array (
  'type' => 'module',
  'module' => 
  array (
    0 => 'index',
    1 => 'test',
    2 => NULL,
  ),
)
[ info ] [ HEADER ] array (
  'host' => 'www.zwt5.com',
  'user-agent' => 'Mozilla/5.0 (Windows NT 10.0; WOW64; rv:54.0) Gecko/20100101 Firefox/54.0',
  'accept' => 'text/html,application/xhtml+xml,application/xml;q=0.9,*/*;q=0.8',
  'accept-language' => 'zh-CN,zh;q=0.8,en-US;q=0.5,en;q=0.3',
  'accept-encoding' => 'gzip, deflate',
  'connection' => 'keep-alive',
  'upgrade-insecure-requests' => '1',
  'cache-control' => 'max-age=0',
)
[ info ] [ PARAM ] array (
)
[ info ] [ RUN ] app\index\controller\TestController->index[ D:\wamp\www\zwt5\application\index\controller\TestController.php ]
[ info ] [ LOG ] INIT File
[ error ] [0]Redis server went away[D:\wamp\www\zwt5\thinkphp\library\think\cache\driver\Redis.php:113]

---------------------------------------------------------------
[ 2017-08-28T11:03:23+08:00 ] 127.0.0.1 127.0.0.1 GET /index/test/
[ log ] www.zwt5.com/index/test/ [运行时间：1.047175s][吞吐率：0.95req/s] [内存消耗：2,210.19kb] [文件加载：42]
[ info ] [ LANG ] D:\wamp\www\zwt5\thinkphp\lang\zh-cn.php
[ info ] [ ROUTE ] array (
  'type' => 'module',
  'module' => 
  array (
    0 => 'index',
    1 => 'test',
    2 => NULL,
  ),
)
[ info ] [ HEADER ] array (
  'host' => 'www.zwt5.com',
  'user-agent' => 'Mozilla/5.0 (Windows NT 10.0; WOW64; rv:54.0) Gecko/20100101 Firefox/54.0',
  'accept' => 'text/html,application/xhtml+xml,application/xml;q=0.9,*/*;q=0.8',
  'accept-language' => 'zh-CN,zh;q=0.8,en-US;q=0.5,en;q=0.3',
  'accept-encoding' => 'gzip, deflate',
  'connection' => 'keep-alive',
  'upgrade-insecure-requests' => '1',
  'cache-control' => 'max-age=0',
)
[ info ] [ PARAM ] array (
)
[ info ] [ RUN ] app\index\controller\TestController->index[ D:\wamp\www\zwt5\application\index\controller\TestController.php ]
[ info ] [ LOG ] INIT File
[ error ] [0]Redis server went away[D:\wamp\www\zwt5\thinkphp\library\think\cache\driver\Redis.php:113]

---------------------------------------------------------------
[ 2017-08-28T11:03:24+08:00 ] 127.0.0.1 127.0.0.1 GET /index/test/
[ log ] www.zwt5.com/index/test/ [运行时间：1.049742s][吞吐率：0.95req/s] [内存消耗：2,210.19kb] [文件加载：42]
[ info ] [ LANG ] D:\wamp\www\zwt5\thinkphp\lang\zh-cn.php
[ info ] [ ROUTE ] array (
  'type' => 'module',
  'module' => 
  array (
    0 => 'index',
    1 => 'test',
    2 => NULL,
  ),
)
[ info ] [ HEADER ] array (
  'host' => 'www.zwt5.com',
  'user-agent' => 'Mozilla/5.0 (Windows NT 10.0; WOW64; rv:54.0) Gecko/20100101 Firefox/54.0',
  'accept' => 'text/html,application/xhtml+xml,application/xml;q=0.9,*/*;q=0.8',
  'accept-language' => 'zh-CN,zh;q=0.8,en-US;q=0.5,en;q=0.3',
  'accept-encoding' => 'gzip, deflate',
  'connection' => 'keep-alive',
  'upgrade-insecure-requests' => '1',
  'cache-control' => 'max-age=0',
)
[ info ] [ PARAM ] array (
)
[ info ] [ RUN ] app\index\controller\TestController->index[ D:\wamp\www\zwt5\application\index\controller\TestController.php ]
[ info ] [ LOG ] INIT File
[ error ] [0]Redis server went away[D:\wamp\www\zwt5\thinkphp\library\think\cache\driver\Redis.php:113]

---------------------------------------------------------------
[ 2017-08-28T11:03:24+08:00 ] 127.0.0.1 127.0.0.1 GET /index/test/
[ log ] www.zwt5.com/index/test/ [运行时间：1.054861s][吞吐率：0.95req/s] [内存消耗：2,210.01kb] [文件加载：42]
[ info ] [ LANG ] D:\wamp\www\zwt5\thinkphp\lang\zh-cn.php
[ info ] [ ROUTE ] array (
  'type' => 'module',
  'module' => 
  array (
    0 => 'index',
    1 => 'test',
    2 => NULL,
  ),
)
[ info ] [ HEADER ] array (
  'host' => 'www.zwt5.com',
  'user-agent' => 'Mozilla/5.0 (Windows NT 10.0; WOW64; rv:54.0) Gecko/20100101 Firefox/54.0',
  'accept' => 'text/html,application/xhtml+xml,application/xml;q=0.9,*/*;q=0.8',
  'accept-language' => 'zh-CN,zh;q=0.8,en-US;q=0.5,en;q=0.3',
  'accept-encoding' => 'gzip, deflate',
  'connection' => 'keep-alive',
  'upgrade-insecure-requests' => '1',
  'cache-control' => 'max-age=0',
)
[ info ] [ PARAM ] array (
)
[ info ] [ RUN ] app\index\controller\TestController->index[ D:\wamp\www\zwt5\application\index\controller\TestController.php ]
[ info ] [ LOG ] INIT File
[ error ] [0]Redis server went away[D:\wamp\www\zwt5\thinkphp\library\think\cache\driver\Redis.php:113]

---------------------------------------------------------------
[ 2017-08-28T11:03:24+08:00 ] 127.0.0.1 127.0.0.1 GET /index/test/
[ log ] www.zwt5.com/index/test/ [运行时间：1.051401s][吞吐率：0.95req/s] [内存消耗：2,210.19kb] [文件加载：42]
[ info ] [ LANG ] D:\wamp\www\zwt5\thinkphp\lang\zh-cn.php
[ info ] [ ROUTE ] array (
  'type' => 'module',
  'module' => 
  array (
    0 => 'index',
    1 => 'test',
    2 => NULL,
  ),
)
[ info ] [ HEADER ] array (
  'host' => 'www.zwt5.com',
  'user-agent' => 'Mozilla/5.0 (Windows NT 10.0; WOW64; rv:54.0) Gecko/20100101 Firefox/54.0',
  'accept' => 'text/html,application/xhtml+xml,application/xml;q=0.9,*/*;q=0.8',
  'accept-language' => 'zh-CN,zh;q=0.8,en-US;q=0.5,en;q=0.3',
  'accept-encoding' => 'gzip, deflate',
  'connection' => 'keep-alive',
  'upgrade-insecure-requests' => '1',
  'cache-control' => 'max-age=0',
)
[ info ] [ PARAM ] array (
)
[ info ] [ RUN ] app\index\controller\TestController->index[ D:\wamp\www\zwt5\application\index\controller\TestController.php ]
[ info ] [ LOG ] INIT File
[ error ] [0]Redis server went away[D:\wamp\www\zwt5\thinkphp\library\think\cache\driver\Redis.php:113]

---------------------------------------------------------------
[ 2017-08-28T11:03:24+08:00 ] 127.0.0.1 127.0.0.1 GET /index/test/
[ log ] www.zwt5.com/index/test/ [运行时间：1.056920s][吞吐率：0.95req/s] [内存消耗：2,210.19kb] [文件加载：42]
[ info ] [ LANG ] D:\wamp\www\zwt5\thinkphp\lang\zh-cn.php
[ info ] [ ROUTE ] array (
  'type' => 'module',
  'module' => 
  array (
    0 => 'index',
    1 => 'test',
    2 => NULL,
  ),
)
[ info ] [ HEADER ] array (
  'host' => 'www.zwt5.com',
  'user-agent' => 'Mozilla/5.0 (Windows NT 10.0; WOW64; rv:54.0) Gecko/20100101 Firefox/54.0',
  'accept' => 'text/html,application/xhtml+xml,application/xml;q=0.9,*/*;q=0.8',
  'accept-language' => 'zh-CN,zh;q=0.8,en-US;q=0.5,en;q=0.3',
  'accept-encoding' => 'gzip, deflate',
  'connection' => 'keep-alive',
  'upgrade-insecure-requests' => '1',
  'cache-control' => 'max-age=0',
)
[ info ] [ PARAM ] array (
)
[ info ] [ RUN ] app\index\controller\TestController->index[ D:\wamp\www\zwt5\application\index\controller\TestController.php ]
[ info ] [ LOG ] INIT File
[ error ] [0]Redis server went away[D:\wamp\www\zwt5\thinkphp\library\think\cache\driver\Redis.php:113]

---------------------------------------------------------------
[ 2017-08-28T11:06:08+08:00 ] 127.0.0.1 127.0.0.1 GET /index/test/
[ log ] www.zwt5.com/index/test/ [运行时间：0.027384s][吞吐率：36.52req/s] [内存消耗：2,154.68kb] [文件加载：40]
[ info ] [ LANG ] D:\wamp\www\zwt5\thinkphp\lang\zh-cn.php
[ info ] [ ROUTE ] array (
  'type' => 'module',
  'module' => 
  array (
    0 => 'index',
    1 => 'test',
    2 => NULL,
  ),
)
[ info ] [ HEADER ] array (
  'host' => 'www.zwt5.com',
  'user-agent' => 'Mozilla/5.0 (Windows NT 10.0; WOW64; rv:54.0) Gecko/20100101 Firefox/54.0',
  'accept' => 'text/html,application/xhtml+xml,application/xml;q=0.9,*/*;q=0.8',
  'accept-language' => 'zh-CN,zh;q=0.8,en-US;q=0.5,en;q=0.3',
  'accept-encoding' => 'gzip, deflate',
  'connection' => 'keep-alive',
  'upgrade-insecure-requests' => '1',
)
[ info ] [ PARAM ] array (
)
[ info ] [ RUN ] app\index\controller\TestController->index[ D:\wamp\www\zwt5\application\index\controller\TestController.php ]
[ info ] [ LOG ] INIT File

---------------------------------------------------------------
[ 2017-08-28T11:08:51+08:00 ] 127.0.0.1 127.0.0.1 GET /index/test/
[ log ] www.zwt5.com/index/test/ [运行时间：1.041519s][吞吐率：0.96req/s] [内存消耗：2,209.81kb] [文件加载：42]
[ info ] [ LANG ] D:\wamp\www\zwt5\thinkphp\lang\zh-cn.php
[ info ] [ ROUTE ] array (
  'type' => 'module',
  'module' => 
  array (
    0 => 'index',
    1 => 'test',
    2 => NULL,
  ),
)
[ info ] [ HEADER ] array (
  'host' => 'www.zwt5.com',
  'user-agent' => 'Mozilla/5.0 (Windows NT 10.0; WOW64; rv:54.0) Gecko/20100101 Firefox/54.0',
  'accept' => 'text/html,application/xhtml+xml,application/xml;q=0.9,*/*;q=0.8',
  'accept-language' => 'zh-CN,zh;q=0.8,en-US;q=0.5,en;q=0.3',
  'accept-encoding' => 'gzip, deflate',
  'connection' => 'keep-alive',
  'upgrade-insecure-requests' => '1',
)
[ info ] [ PARAM ] array (
)
[ info ] [ RUN ] app\index\controller\TestController->index[ D:\wamp\www\zwt5\application\index\controller\TestController.php ]
[ info ] [ LOG ] INIT File
[ error ] [0]Redis server went away[D:\wamp\www\zwt5\thinkphp\library\think\cache\driver\Redis.php:113]

---------------------------------------------------------------
[ 2017-08-28T11:23:08+08:00 ] 127.0.0.1 127.0.0.1 GET /index/test/
[ log ] www.zwt5.com/index/test/ [运行时间：1.038831s][吞吐率：0.96req/s] [内存消耗：2,209.72kb] [文件加载：42]
[ info ] [ LANG ] D:\wamp\www\zwt5\thinkphp\lang\zh-cn.php
[ info ] [ ROUTE ] array (
  'type' => 'module',
  'module' => 
  array (
    0 => 'index',
    1 => 'test',
    2 => NULL,
  ),
)
[ info ] [ HEADER ] array (
  'host' => 'www.zwt5.com',
  'user-agent' => 'Mozilla/5.0 (Windows NT 10.0; WOW64; rv:54.0) Gecko/20100101 Firefox/54.0',
  'accept' => 'text/html,application/xhtml+xml,application/xml;q=0.9,*/*;q=0.8',
  'accept-language' => 'zh-CN,zh;q=0.8,en-US;q=0.5,en;q=0.3',
  'accept-encoding' => 'gzip, deflate',
  'connection' => 'keep-alive',
  'upgrade-insecure-requests' => '1',
)
[ info ] [ PARAM ] array (
)
[ info ] [ RUN ] app\index\controller\TestController->index[ D:\wamp\www\zwt5\application\index\controller\TestController.php ]
[ info ] [ LOG ] INIT File
[ error ] [0]Redis server went away[D:\wamp\www\zwt5\thinkphp\library\think\cache\driver\Redis.php:113]

---------------------------------------------------------------
[ 2017-08-28T11:23:12+08:00 ] 127.0.0.1 127.0.0.1 GET /index/test/
[ log ] www.zwt5.com/index/test/ [运行时间：1.030648s][吞吐率：0.97req/s] [内存消耗：2,209.72kb] [文件加载：42]
[ info ] [ LANG ] D:\wamp\www\zwt5\thinkphp\lang\zh-cn.php
[ info ] [ ROUTE ] array (
  'type' => 'module',
  'module' => 
  array (
    0 => 'index',
    1 => 'test',
    2 => NULL,
  ),
)
[ info ] [ HEADER ] array (
  'host' => 'www.zwt5.com',
  'user-agent' => 'Mozilla/5.0 (Windows NT 10.0; WOW64; rv:54.0) Gecko/20100101 Firefox/54.0',
  'accept' => 'text/html,application/xhtml+xml,application/xml;q=0.9,*/*;q=0.8',
  'accept-language' => 'zh-CN,zh;q=0.8,en-US;q=0.5,en;q=0.3',
  'accept-encoding' => 'gzip, deflate',
  'connection' => 'keep-alive',
  'upgrade-insecure-requests' => '1',
)
[ info ] [ PARAM ] array (
)
[ info ] [ RUN ] app\index\controller\TestController->index[ D:\wamp\www\zwt5\application\index\controller\TestController.php ]
[ info ] [ LOG ] INIT File
[ error ] [0]Redis server went away[D:\wamp\www\zwt5\thinkphp\library\think\cache\driver\Redis.php:113]

---------------------------------------------------------------
[ 2017-08-28T11:24:47+08:00 ] 127.0.0.1 127.0.0.1 GET /index/test/
[ log ] www.zwt5.com/index/test/ [运行时间：1.073390s][吞吐率：0.93req/s] [内存消耗：2,209.78kb] [文件加载：42]
[ info ] [ LANG ] D:\wamp\www\zwt5\thinkphp\lang\zh-cn.php
[ info ] [ ROUTE ] array (
  'type' => 'module',
  'module' => 
  array (
    0 => 'index',
    1 => 'test',
    2 => NULL,
  ),
)
[ info ] [ HEADER ] array (
  'host' => 'www.zwt5.com',
  'user-agent' => 'Mozilla/5.0 (Windows NT 10.0; WOW64; rv:54.0) Gecko/20100101 Firefox/54.0',
  'accept' => 'text/html,application/xhtml+xml,application/xml;q=0.9,*/*;q=0.8',
  'accept-language' => 'zh-CN,zh;q=0.8,en-US;q=0.5,en;q=0.3',
  'accept-encoding' => 'gzip, deflate',
  'connection' => 'keep-alive',
  'upgrade-insecure-requests' => '1',
)
[ info ] [ PARAM ] array (
)
[ info ] [ RUN ] app\index\controller\TestController->index[ D:\wamp\www\zwt5\application\index\controller\TestController.php ]
[ info ] [ LOG ] INIT File
[ error ] [0]Redis server went away[D:\wamp\www\zwt5\thinkphp\library\think\cache\driver\Redis.php:113]

---------------------------------------------------------------
[ 2017-08-28T11:30:49+08:00 ] 127.0.0.1 127.0.0.1 GET /index/test/
[ log ] www.zwt5.com/index/test/ [运行时间：0.027069s][吞吐率：36.94req/s] [内存消耗：2,154.70kb] [文件加载：40]
[ info ] [ LANG ] D:\wamp\www\zwt5\thinkphp\lang\zh-cn.php
[ info ] [ ROUTE ] array (
  'type' => 'module',
  'module' => 
  array (
    0 => 'index',
    1 => 'test',
    2 => NULL,
  ),
)
[ info ] [ HEADER ] array (
  'host' => 'www.zwt5.com',
  'user-agent' => 'Mozilla/5.0 (Windows NT 10.0; WOW64; rv:54.0) Gecko/20100101 Firefox/54.0',
  'accept' => 'text/html,application/xhtml+xml,application/xml;q=0.9,*/*;q=0.8',
  'accept-language' => 'zh-CN,zh;q=0.8,en-US;q=0.5,en;q=0.3',
  'accept-encoding' => 'gzip, deflate',
  'connection' => 'keep-alive',
  'upgrade-insecure-requests' => '1',
)
[ info ] [ PARAM ] array (
)
[ info ] [ RUN ] app\index\controller\TestController->index[ D:\wamp\www\zwt5\application\index\controller\TestController.php ]
[ info ] [ LOG ] INIT File

---------------------------------------------------------------
[ 2017-08-28T11:32:48+08:00 ] 127.0.0.1 127.0.0.1 GET /index/test/
[ log ] www.zwt5.com/index/test/ [运行时间：0.025797s][吞吐率：38.76req/s] [内存消耗：2,155.58kb] [文件加载：40]
[ info ] [ LANG ] D:\wamp\www\zwt5\thinkphp\lang\zh-cn.php
[ info ] [ ROUTE ] array (
  'type' => 'module',
  'module' => 
  array (
    0 => 'index',
    1 => 'test',
    2 => NULL,
  ),
)
[ info ] [ HEADER ] array (
  'host' => 'www.zwt5.com',
  'user-agent' => 'Mozilla/5.0 (Windows NT 10.0; WOW64; rv:54.0) Gecko/20100101 Firefox/54.0',
  'accept' => 'text/html,application/xhtml+xml,application/xml;q=0.9,*/*;q=0.8',
  'accept-language' => 'zh-CN,zh;q=0.8,en-US;q=0.5,en;q=0.3',
  'accept-encoding' => 'gzip, deflate',
  'connection' => 'keep-alive',
  'upgrade-insecure-requests' => '1',
)
[ info ] [ PARAM ] array (
)
[ info ] [ RUN ] app\index\controller\TestController->index[ D:\wamp\www\zwt5\application\index\controller\TestController.php ]
[ info ] [ LOG ] INIT File

---------------------------------------------------------------
[ 2017-08-28T11:39:35+08:00 ] 127.0.0.1 127.0.0.1 GET /index/test/
[ log ] www.zwt5.com/index/test/ [运行时间：0.174090s][吞吐率：5.74req/s] [内存消耗：2,155.58kb] [文件加载：40]
[ info ] [ LANG ] D:\wamp\www\zwt5\thinkphp\lang\zh-cn.php
[ info ] [ ROUTE ] array (
  'type' => 'module',
  'module' => 
  array (
    0 => 'index',
    1 => 'test',
    2 => NULL,
  ),
)
[ info ] [ HEADER ] array (
  'host' => 'www.zwt5.com',
  'user-agent' => 'Mozilla/5.0 (Windows NT 10.0; WOW64; rv:54.0) Gecko/20100101 Firefox/54.0',
  'accept' => 'text/html,application/xhtml+xml,application/xml;q=0.9,*/*;q=0.8',
  'accept-language' => 'zh-CN,zh;q=0.8,en-US;q=0.5,en;q=0.3',
  'accept-encoding' => 'gzip, deflate',
  'connection' => 'keep-alive',
  'upgrade-insecure-requests' => '1',
)
[ info ] [ PARAM ] array (
)
[ info ] [ RUN ] app\index\controller\TestController->index[ D:\wamp\www\zwt5\application\index\controller\TestController.php ]
[ info ] [ LOG ] INIT File

---------------------------------------------------------------
[ 2017-08-28T11:39:39+08:00 ] 127.0.0.1 127.0.0.1 GET /index/test/
[ log ] www.zwt5.com/index/test/ [运行时间：0.024475s][吞吐率：40.86req/s] [内存消耗：2,155.58kb] [文件加载：40]
[ info ] [ LANG ] D:\wamp\www\zwt5\thinkphp\lang\zh-cn.php
[ info ] [ ROUTE ] array (
  'type' => 'module',
  'module' => 
  array (
    0 => 'index',
    1 => 'test',
    2 => NULL,
  ),
)
[ info ] [ HEADER ] array (
  'host' => 'www.zwt5.com',
  'user-agent' => 'Mozilla/5.0 (Windows NT 10.0; WOW64; rv:54.0) Gecko/20100101 Firefox/54.0',
  'accept' => 'text/html,application/xhtml+xml,application/xml;q=0.9,*/*;q=0.8',
  'accept-language' => 'zh-CN,zh;q=0.8,en-US;q=0.5,en;q=0.3',
  'accept-encoding' => 'gzip, deflate',
  'connection' => 'keep-alive',
  'upgrade-insecure-requests' => '1',
)
[ info ] [ PARAM ] array (
)
[ info ] [ RUN ] app\index\controller\TestController->index[ D:\wamp\www\zwt5\application\index\controller\TestController.php ]
[ info ] [ LOG ] INIT File

---------------------------------------------------------------
[ 2017-08-28T11:40:05+08:00 ] 127.0.0.1 127.0.0.1 GET /index/test/
[ log ] www.zwt5.com/index/test/ [运行时间：0.025791s][吞吐率：38.77req/s] [内存消耗：2,155.37kb] [文件加载：40]
[ info ] [ LANG ] D:\wamp\www\zwt5\thinkphp\lang\zh-cn.php
[ info ] [ ROUTE ] array (
  'type' => 'module',
  'module' => 
  array (
    0 => 'index',
    1 => 'test',
    2 => NULL,
  ),
)
[ info ] [ HEADER ] array (
  'host' => 'www.zwt5.com',
  'user-agent' => 'Mozilla/5.0 (Windows NT 10.0; WOW64; rv:54.0) Gecko/20100101 Firefox/54.0',
  'accept' => 'text/html,application/xhtml+xml,application/xml;q=0.9,*/*;q=0.8',
  'accept-language' => 'zh-CN,zh;q=0.8,en-US;q=0.5,en;q=0.3',
  'accept-encoding' => 'gzip, deflate',
  'connection' => 'keep-alive',
  'upgrade-insecure-requests' => '1',
  'cache-control' => 'max-age=0',
)
[ info ] [ PARAM ] array (
)
[ info ] [ RUN ] app\index\controller\TestController->index[ D:\wamp\www\zwt5\application\index\controller\TestController.php ]
[ info ] [ LOG ] INIT File

---------------------------------------------------------------
[ 2017-08-28T11:40:09+08:00 ] 127.0.0.1 127.0.0.1 GET /index/test/
[ log ] www.zwt5.com/index/test/ [运行时间：0.036467s][吞吐率：27.42req/s] [内存消耗：2,154.99kb] [文件加载：40]
[ info ] [ LANG ] D:\wamp\www\zwt5\thinkphp\lang\zh-cn.php
[ info ] [ ROUTE ] array (
  'type' => 'module',
  'module' => 
  array (
    0 => 'index',
    1 => 'test',
    2 => NULL,
  ),
)
[ info ] [ HEADER ] array (
  'host' => 'www.zwt5.com',
  'user-agent' => 'Mozilla/5.0 (Windows NT 10.0; WOW64; rv:54.0) Gecko/20100101 Firefox/54.0',
  'accept' => 'text/html,application/xhtml+xml,application/xml;q=0.9,*/*;q=0.8',
  'accept-language' => 'zh-CN,zh;q=0.8,en-US;q=0.5,en;q=0.3',
  'accept-encoding' => 'gzip, deflate',
  'connection' => 'keep-alive',
  'upgrade-insecure-requests' => '1',
  'cache-control' => 'max-age=0',
)
[ info ] [ PARAM ] array (
)
[ info ] [ RUN ] app\index\controller\TestController->index[ D:\wamp\www\zwt5\application\index\controller\TestController.php ]
[ info ] [ LOG ] INIT File

---------------------------------------------------------------
[ 2017-08-28T11:40:15+08:00 ] 127.0.0.1 127.0.0.1 GET /index/test/
[ log ] www.zwt5.com/index/test/ [运行时间：0.038655s][吞吐率：25.87req/s] [内存消耗：2,154.99kb] [文件加载：40]
[ info ] [ LANG ] D:\wamp\www\zwt5\thinkphp\lang\zh-cn.php
[ info ] [ ROUTE ] array (
  'type' => 'module',
  'module' => 
  array (
    0 => 'index',
    1 => 'test',
    2 => NULL,
  ),
)
[ info ] [ HEADER ] array (
  'host' => 'www.zwt5.com',
  'user-agent' => 'Mozilla/5.0 (Windows NT 10.0; WOW64; rv:54.0) Gecko/20100101 Firefox/54.0',
  'accept' => 'text/html,application/xhtml+xml,application/xml;q=0.9,*/*;q=0.8',
  'accept-language' => 'zh-CN,zh;q=0.8,en-US;q=0.5,en;q=0.3',
  'accept-encoding' => 'gzip, deflate',
  'connection' => 'keep-alive',
  'upgrade-insecure-requests' => '1',
  'cache-control' => 'max-age=0',
)
[ info ] [ PARAM ] array (
)
[ info ] [ RUN ] app\index\controller\TestController->index[ D:\wamp\www\zwt5\application\index\controller\TestController.php ]
[ info ] [ LOG ] INIT File

---------------------------------------------------------------
[ 2017-08-28T11:40:26+08:00 ] 127.0.0.1 127.0.0.1 GET /index/test/
[ log ] www.zwt5.com/index/test/ [运行时间：0.040458s][吞吐率：24.72req/s] [内存消耗：2,153.07kb] [文件加载：40]
[ info ] [ LANG ] D:\wamp\www\zwt5\thinkphp\lang\zh-cn.php
[ info ] [ ROUTE ] array (
  'type' => 'module',
  'module' => 
  array (
    0 => 'index',
    1 => 'test',
    2 => NULL,
  ),
)
[ info ] [ HEADER ] array (
  'host' => 'www.zwt5.com',
  'user-agent' => 'Mozilla/5.0 (Windows NT 10.0; WOW64; rv:54.0) Gecko/20100101 Firefox/54.0',
  'accept' => 'text/html,application/xhtml+xml,application/xml;q=0.9,*/*;q=0.8',
  'accept-language' => 'zh-CN,zh;q=0.8,en-US;q=0.5,en;q=0.3',
  'accept-encoding' => 'gzip, deflate',
  'connection' => 'keep-alive',
  'upgrade-insecure-requests' => '1',
  'cache-control' => 'max-age=0',
)
[ info ] [ PARAM ] array (
)
[ info ] [ RUN ] app\index\controller\TestController->index[ D:\wamp\www\zwt5\application\index\controller\TestController.php ]
[ info ] [ LOG ] INIT File

---------------------------------------------------------------
[ 2017-08-28T14:26:54+08:00 ] 127.0.0.1 127.0.0.1 GET /index/test/
[ log ] www.zwt5.com/index/test/ [运行时间：0.025255s][吞吐率：39.60req/s] [内存消耗：2,152.86kb] [文件加载：40]
[ info ] [ LANG ] D:\wamp\www\zwt5\thinkphp\lang\zh-cn.php
[ info ] [ ROUTE ] array (
  'type' => 'module',
  'module' => 
  array (
    0 => 'index',
    1 => 'test',
    2 => NULL,
  ),
)
[ info ] [ HEADER ] array (
  'host' => 'www.zwt5.com',
  'user-agent' => 'Mozilla/5.0 (Windows NT 10.0; WOW64; rv:54.0) Gecko/20100101 Firefox/54.0',
  'accept' => 'text/html,application/xhtml+xml,application/xml;q=0.9,*/*;q=0.8',
  'accept-language' => 'zh-CN,zh;q=0.8,en-US;q=0.5,en;q=0.3',
  'accept-encoding' => 'gzip, deflate',
  'connection' => 'keep-alive',
  'upgrade-insecure-requests' => '1',
)
[ info ] [ PARAM ] array (
)
[ info ] [ RUN ] app\index\controller\TestController->index[ D:\wamp\www\zwt5\application\index\controller\TestController.php ]
[ info ] [ LOG ] INIT File

---------------------------------------------------------------
[ 2017-08-28T14:52:29+08:00 ] 127.0.0.1 127.0.0.1 GET /index/test/
[ log ] www.zwt5.com/index/test/ [运行时间：0.020964s][吞吐率：47.70req/s] [内存消耗：2,152.86kb] [文件加载：40]
[ info ] [ LANG ] D:\wamp\www\zwt5\thinkphp\lang\zh-cn.php
[ info ] [ ROUTE ] array (
  'type' => 'module',
  'module' => 
  array (
    0 => 'index',
    1 => 'test',
    2 => NULL,
  ),
)
[ info ] [ HEADER ] array (
  'host' => 'www.zwt5.com',
  'user-agent' => 'Mozilla/5.0 (Windows NT 10.0; WOW64; rv:54.0) Gecko/20100101 Firefox/54.0',
  'accept' => 'text/html,application/xhtml+xml,application/xml;q=0.9,*/*;q=0.8',
  'accept-language' => 'zh-CN,zh;q=0.8,en-US;q=0.5,en;q=0.3',
  'accept-encoding' => 'gzip, deflate',
  'connection' => 'keep-alive',
  'upgrade-insecure-requests' => '1',
)
[ info ] [ PARAM ] array (
)
[ info ] [ RUN ] app\index\controller\TestController->index[ D:\wamp\www\zwt5\application\index\controller\TestController.php ]
[ info ] [ LOG ] INIT File

---------------------------------------------------------------
[ 2017-08-28T14:55:33+08:00 ] 127.0.0.1 127.0.0.1 GET /index/test/
[ log ] www.zwt5.com/index/test/ [运行时间：0.034447s][吞吐率：29.03req/s] [内存消耗：2,152.86kb] [文件加载：40]
[ info ] [ LANG ] D:\wamp\www\zwt5\thinkphp\lang\zh-cn.php
[ info ] [ ROUTE ] array (
  'type' => 'module',
  'module' => 
  array (
    0 => 'index',
    1 => 'test',
    2 => NULL,
  ),
)
[ info ] [ HEADER ] array (
  'host' => 'www.zwt5.com',
  'user-agent' => 'Mozilla/5.0 (Windows NT 10.0; WOW64; rv:54.0) Gecko/20100101 Firefox/54.0',
  'accept' => 'text/html,application/xhtml+xml,application/xml;q=0.9,*/*;q=0.8',
  'accept-language' => 'zh-CN,zh;q=0.8,en-US;q=0.5,en;q=0.3',
  'accept-encoding' => 'gzip, deflate',
  'connection' => 'keep-alive',
  'upgrade-insecure-requests' => '1',
)
[ info ] [ PARAM ] array (
)
[ info ] [ RUN ] app\index\controller\TestController->index[ D:\wamp\www\zwt5\application\index\controller\TestController.php ]
[ info ] [ LOG ] INIT File

---------------------------------------------------------------
[ 2017-08-28T14:55:37+08:00 ] 127.0.0.1 127.0.0.1 GET /
[ log ] www.zwt5.com/ [运行时间：0.110778s][吞吐率：9.03req/s] [内存消耗：3,712.75kb] [文件加载：52]
[ info ] [ LANG ] D:\wamp\www\zwt5\thinkphp\lang\zh-cn.php
[ info ] [ ROUTE ] array (
  'type' => 'module',
  'module' => 
  array (
    0 => '',
    1 => NULL,
    2 => NULL,
  ),
)
[ info ] [ HEADER ] array (
  'host' => 'www.zwt5.com',
  'user-agent' => 'Mozilla/5.0 (Windows NT 10.0; WOW64; rv:54.0) Gecko/20100101 Firefox/54.0',
  'accept' => 'text/html,application/xhtml+xml,application/xml;q=0.9,*/*;q=0.8',
  'accept-language' => 'zh-CN,zh;q=0.8,en-US;q=0.5,en;q=0.3',
  'accept-encoding' => 'gzip, deflate',
  'connection' => 'keep-alive',
  'upgrade-insecure-requests' => '1',
)
[ info ] [ PARAM ] array (
)
[ info ] [ RUN ] app\index\controller\IndexController->index[ D:\wamp\www\zwt5\application\index\controller\IndexController.php ]
[ info ] [ DB ] INIT mysql
[ info ] [ LOG ] INIT File
[ error ] [1045]SQLSTATE[HY000] [1045] Access denied for user 'root'@'localhost' (using password: YES)[D:\wamp\www\zwt5\thinkphp\library\think\db\Connection.php:287]

---------------------------------------------------------------
[ 2017-08-28T14:56:03+08:00 ] 127.0.0.1 127.0.0.1 GET /
[ log ] www.zwt5.com/ [运行时间：0.117901s][吞吐率：8.48req/s] [内存消耗：3,981.70kb] [文件加载：53]
[ info ] [ LANG ] D:\wamp\www\zwt5\thinkphp\lang\zh-cn.php
[ info ] [ ROUTE ] array (
  'type' => 'module',
  'module' => 
  array (
    0 => '',
    1 => NULL,
    2 => NULL,
  ),
)
[ info ] [ HEADER ] array (
  'host' => 'www.zwt5.com',
  'user-agent' => 'Mozilla/5.0 (Windows NT 10.0; WOW64; rv:54.0) Gecko/20100101 Firefox/54.0',
  'accept' => 'text/html,application/xhtml+xml,application/xml;q=0.9,*/*;q=0.8',
  'accept-language' => 'zh-CN,zh;q=0.8,en-US;q=0.5,en;q=0.3',
  'accept-encoding' => 'gzip, deflate',
  'connection' => 'keep-alive',
  'upgrade-insecure-requests' => '1',
)
[ info ] [ PARAM ] array (
)
[ info ] [ RUN ] app\index\controller\IndexController->index[ D:\wamp\www\zwt5\application\index\controller\IndexController.php ]
[ info ] [ DB ] INIT mysql
[ info ] [ VIEW ] D:\wamp\www\zwt5\public/../application/index\view\index\index.html [ array (
  0 => 'list',
  1 => 'ri',
  2 => 'ny',
  3 => 'newest',
  4 => 'newslist',
  5 => 'jituan',
) ]
[ info ] [ LOG ] INIT File
[ sql ] [ DB ] CONNECT:[ UseTime:0.010427s ] mysql:dbname=zhuwentou;host=127.0.0.1;charset=utf8
[ sql ] [ SQL ] SHOW COLUMNS FROM `zwt_nav` [ RunTime:0.007294s ]
[ sql ] [ SQL ] SELECT * FROM `zwt_nav` [ RunTime:0.000572s ]
[ sql ] [ SQL ] SELECT * FROM `zwt_nav` WHERE  `pid` = 38 [ RunTime:0.000402s ]
[ sql ] [ SQL ] SHOW COLUMNS FROM `zwt_article` [ RunTime:0.007381s ]
[ sql ] [ SQL ] SELECT `id`,`title`,`yinxu`,`created` FROM `zwt_article` WHERE  `nav_id` IN (39,40,41) ORDER BY created desc LIMIT 1 [ RunTime:0.001638s ]
[ sql ] [ SQL ] SELECT `id`,`title`,`yinxu`,`created` FROM `zwt_article` WHERE  `nav_id` IN (39,40,41) ORDER BY created desc LIMIT 4 [ RunTime:0.000707s ]
[ sql ] [ SQL ] SELECT * FROM `zwt_nav` WHERE  `pid` = 7 [ RunTime:0.000383s ]

---------------------------------------------------------------
[ 2017-08-28T14:56:16+08:00 ] 127.0.0.1 127.0.0.1 GET /
[ log ] www.zwt5.com/ [运行时间：0.063229s][吞吐率：15.82req/s] [内存消耗：3,981.70kb] [文件加载：53]
[ info ] [ LANG ] D:\wamp\www\zwt5\thinkphp\lang\zh-cn.php
[ info ] [ ROUTE ] array (
  'type' => 'module',
  'module' => 
  array (
    0 => '',
    1 => NULL,
    2 => NULL,
  ),
)
[ info ] [ HEADER ] array (
  'host' => 'www.zwt5.com',
  'user-agent' => 'Mozilla/5.0 (Windows NT 10.0; WOW64; rv:54.0) Gecko/20100101 Firefox/54.0',
  'accept' => 'text/html,application/xhtml+xml,application/xml;q=0.9,*/*;q=0.8',
  'accept-language' => 'zh-CN,zh;q=0.8,en-US;q=0.5,en;q=0.3',
  'accept-encoding' => 'gzip, deflate',
  'connection' => 'keep-alive',
  'upgrade-insecure-requests' => '1',
)
[ info ] [ PARAM ] array (
)
[ info ] [ RUN ] app\index\controller\IndexController->index[ D:\wamp\www\zwt5\application\index\controller\IndexController.php ]
[ info ] [ DB ] INIT mysql
[ info ] [ VIEW ] D:\wamp\www\zwt5\public/../application/index\view\index\index.html [ array (
  0 => 'list',
  1 => 'ri',
  2 => 'ny',
  3 => 'newest',
  4 => 'newslist',
  5 => 'jituan',
) ]
[ info ] [ LOG ] INIT File
[ sql ] [ DB ] CONNECT:[ UseTime:0.010817s ] mysql:dbname=zhuwentou;host=127.0.0.1;charset=utf8
[ sql ] [ SQL ] SHOW COLUMNS FROM `zwt_nav` [ RunTime:0.004666s ]
[ sql ] [ SQL ] SELECT * FROM `zwt_nav` [ RunTime:0.000373s ]
[ sql ] [ SQL ] SELECT * FROM `zwt_nav` WHERE  `pid` = 38 [ RunTime:0.000247s ]
[ sql ] [ SQL ] SHOW COLUMNS FROM `zwt_article` [ RunTime:0.005060s ]
[ sql ] [ SQL ] SELECT `id`,`title`,`yinxu`,`created` FROM `zwt_article` WHERE  `nav_id` IN (39,40,41) ORDER BY created desc LIMIT 1 [ RunTime:0.000304s ]
[ sql ] [ SQL ] SELECT `id`,`title`,`yinxu`,`created` FROM `zwt_article` WHERE  `nav_id` IN (39,40,41) ORDER BY created desc LIMIT 4 [ RunTime:0.000264s ]
[ sql ] [ SQL ] SELECT * FROM `zwt_nav` WHERE  `pid` = 7 [ RunTime:0.000231s ]

---------------------------------------------------------------
[ 2017-08-28T14:56:32+08:00 ] 127.0.0.1 127.0.0.1 GET /
[ log ] www.zwt5.com/ [运行时间：1.044715s][吞吐率：0.96req/s] [内存消耗：3,712.25kb] [文件加载：52]
[ info ] [ LANG ] D:\wamp\www\zwt5\thinkphp\lang\zh-cn.php
[ info ] [ ROUTE ] array (
  'type' => 'module',
  'module' => 
  array (
    0 => '',
    1 => NULL,
    2 => NULL,
  ),
)
[ info ] [ HEADER ] array (
  'host' => 'www.zwt5.com',
  'user-agent' => 'Mozilla/5.0 (Windows NT 10.0; WOW64; rv:54.0) Gecko/20100101 Firefox/54.0',
  'accept' => 'text/html,application/xhtml+xml,application/xml;q=0.9,*/*;q=0.8',
  'accept-language' => 'zh-CN,zh;q=0.8,en-US;q=0.5,en;q=0.3',
  'accept-encoding' => 'gzip, deflate',
  'connection' => 'keep-alive',
  'upgrade-insecure-requests' => '1',
)
[ info ] [ PARAM ] array (
)
[ info ] [ RUN ] app\index\controller\IndexController->index[ D:\wamp\www\zwt5\application\index\controller\IndexController.php ]
[ info ] [ DB ] INIT mysql
[ info ] [ LOG ] INIT File
[ error ] [2002]SQLSTATE[HY000] [2002] Ŀܾ޷ӡ
[D:\wamp\www\zwt5\thinkphp\library\think\db\Connection.php:287]

---------------------------------------------------------------
[ 2017-08-28T14:57:01+08:00 ] 127.0.0.1 127.0.0.1 GET /
[ log ] www.zwt5.com/ [运行时间：0.062401s][吞吐率：16.03req/s] [内存消耗：3,981.70kb] [文件加载：53]
[ info ] [ LANG ] D:\wamp\www\zwt5\thinkphp\lang\zh-cn.php
[ info ] [ ROUTE ] array (
  'type' => 'module',
  'module' => 
  array (
    0 => '',
    1 => NULL,
    2 => NULL,
  ),
)
[ info ] [ HEADER ] array (
  'host' => 'www.zwt5.com',
  'user-agent' => 'Mozilla/5.0 (Windows NT 10.0; WOW64; rv:54.0) Gecko/20100101 Firefox/54.0',
  'accept' => 'text/html,application/xhtml+xml,application/xml;q=0.9,*/*;q=0.8',
  'accept-language' => 'zh-CN,zh;q=0.8,en-US;q=0.5,en;q=0.3',
  'accept-encoding' => 'gzip, deflate',
  'connection' => 'keep-alive',
  'upgrade-insecure-requests' => '1',
)
[ info ] [ PARAM ] array (
)
[ info ] [ RUN ] app\index\controller\IndexController->index[ D:\wamp\www\zwt5\application\index\controller\IndexController.php ]
[ info ] [ DB ] INIT mysql
[ info ] [ VIEW ] D:\wamp\www\zwt5\public/../application/index\view\index\index.html [ array (
  0 => 'list',
  1 => 'ri',
  2 => 'ny',
  3 => 'newest',
  4 => 'newslist',
  5 => 'jituan',
) ]
[ info ] [ LOG ] INIT File
[ sql ] [ DB ] CONNECT:[ UseTime:0.010667s ] mysql:dbname=zhuwentou;host=127.0.0.1;charset=utf8
[ sql ] [ SQL ] SHOW COLUMNS FROM `zwt_nav` [ RunTime:0.006709s ]
[ sql ] [ SQL ] SELECT * FROM `zwt_nav` [ RunTime:0.000462s ]
[ sql ] [ SQL ] SELECT * FROM `zwt_nav` WHERE  `pid` = 38 [ RunTime:0.000346s ]
[ sql ] [ SQL ] SHOW COLUMNS FROM `zwt_article` [ RunTime:0.005593s ]
[ sql ] [ SQL ] SELECT `id`,`title`,`yinxu`,`created` FROM `zwt_article` WHERE  `nav_id` IN (39,40,41) ORDER BY created desc LIMIT 1 [ RunTime:0.001625s ]
[ sql ] [ SQL ] SELECT `id`,`title`,`yinxu`,`created` FROM `zwt_article` WHERE  `nav_id` IN (39,40,41) ORDER BY created desc LIMIT 4 [ RunTime:0.000567s ]
[ sql ] [ SQL ] SELECT * FROM `zwt_nav` WHERE  `pid` = 7 [ RunTime:0.000322s ]

---------------------------------------------------------------
[ 2017-08-28T14:57:07+08:00 ] 127.0.0.1 127.0.0.1 GET /index/test/
[ log ] www.zwt5.com/index/test/ [运行时间：0.020005s][吞吐率：49.99req/s] [内存消耗：2,152.86kb] [文件加载：40]
[ info ] [ LANG ] D:\wamp\www\zwt5\thinkphp\lang\zh-cn.php
[ info ] [ ROUTE ] array (
  'type' => 'module',
  'module' => 
  array (
    0 => 'index',
    1 => 'test',
    2 => NULL,
  ),
)
[ info ] [ HEADER ] array (
  'host' => 'www.zwt5.com',
  'user-agent' => 'Mozilla/5.0 (Windows NT 10.0; WOW64; rv:54.0) Gecko/20100101 Firefox/54.0',
  'accept' => 'text/html,application/xhtml+xml,application/xml;q=0.9,*/*;q=0.8',
  'accept-language' => 'zh-CN,zh;q=0.8,en-US;q=0.5,en;q=0.3',
  'accept-encoding' => 'gzip, deflate',
  'connection' => 'keep-alive',
  'upgrade-insecure-requests' => '1',
)
[ info ] [ PARAM ] array (
)
[ info ] [ RUN ] app\index\controller\TestController->index[ D:\wamp\www\zwt5\application\index\controller\TestController.php ]
[ info ] [ LOG ] INIT File

---------------------------------------------------------------
[ 2017-08-28T14:57:42+08:00 ] 127.0.0.1 127.0.0.1 GET /index/test/
[ log ] www.zwt5.com/index/test/ [运行时间：0.028738s][吞吐率：34.80req/s] [内存消耗：2,152.86kb] [文件加载：40]
[ info ] [ LANG ] D:\wamp\www\zwt5\thinkphp\lang\zh-cn.php
[ info ] [ ROUTE ] array (
  'type' => 'module',
  'module' => 
  array (
    0 => 'index',
    1 => 'test',
    2 => NULL,
  ),
)
[ info ] [ HEADER ] array (
  'host' => 'www.zwt5.com',
  'user-agent' => 'Mozilla/5.0 (Windows NT 10.0; WOW64; rv:54.0) Gecko/20100101 Firefox/54.0',
  'accept' => 'text/html,application/xhtml+xml,application/xml;q=0.9,*/*;q=0.8',
  'accept-language' => 'zh-CN,zh;q=0.8,en-US;q=0.5,en;q=0.3',
  'accept-encoding' => 'gzip, deflate',
  'connection' => 'keep-alive',
  'upgrade-insecure-requests' => '1',
)
[ info ] [ PARAM ] array (
)
[ info ] [ RUN ] app\index\controller\TestController->index[ D:\wamp\www\zwt5\application\index\controller\TestController.php ]
[ info ] [ LOG ] INIT File

---------------------------------------------------------------
[ 2017-08-28T15:24:10+08:00 ] 127.0.0.1 127.0.0.1 GET /index/test/
[ log ] www.zwt5.com/index/test/ [运行时间：0.022313s][吞吐率：44.82req/s] [内存消耗：2,201.41kb] [文件加载：41]
[ info ] [ LANG ] D:\wamp\www\zwt5\thinkphp\lang\zh-cn.php
[ info ] [ ROUTE ] array (
  'type' => 'module',
  'module' => 
  array (
    0 => 'index',
    1 => 'test',
    2 => NULL,
  ),
)
[ info ] [ HEADER ] array (
  'host' => 'www.zwt5.com',
  'user-agent' => 'Mozilla/5.0 (Windows NT 10.0; WOW64; rv:54.0) Gecko/20100101 Firefox/54.0',
  'accept' => 'text/html,application/xhtml+xml,application/xml;q=0.9,*/*;q=0.8',
  'accept-language' => 'zh-CN,zh;q=0.8,en-US;q=0.5,en;q=0.3',
  'accept-encoding' => 'gzip, deflate',
  'connection' => 'keep-alive',
  'upgrade-insecure-requests' => '1',
)
[ info ] [ PARAM ] array (
)
[ info ] [ RUN ] app\index\controller\TestController->index[ D:\wamp\www\zwt5\application\index\controller\TestController.php ]
[ info ] [ LOG ] INIT File

---------------------------------------------------------------
[ 2017-08-28T16:12:03+08:00 ] 127.0.0.1 127.0.0.1 GET /index/test/
[ log ] www.zwt5.com/index/test/ [运行时间：0.024441s][吞吐率：40.91req/s] [内存消耗：2,201.44kb] [文件加载：41]
[ info ] [ LANG ] D:\wamp\www\zwt5\thinkphp\lang\zh-cn.php
[ info ] [ ROUTE ] array (
  'type' => 'module',
  'module' => 
  array (
    0 => 'index',
    1 => 'test',
    2 => NULL,
  ),
)
[ info ] [ HEADER ] array (
  'host' => 'www.zwt5.com',
  'user-agent' => 'Mozilla/5.0 (Windows NT 10.0; WOW64; rv:54.0) Gecko/20100101 Firefox/54.0',
  'accept' => 'text/html,application/xhtml+xml,application/xml;q=0.9,*/*;q=0.8',
  'accept-language' => 'zh-CN,zh;q=0.8,en-US;q=0.5,en;q=0.3',
  'accept-encoding' => 'gzip, deflate',
  'connection' => 'keep-alive',
  'upgrade-insecure-requests' => '1',
)
[ info ] [ PARAM ] array (
)
[ info ] [ RUN ] app\index\controller\TestController->index[ D:\wamp\www\zwt5\application\index\controller\TestController.php ]
[ info ] [ LOG ] INIT File

---------------------------------------------------------------
[ 2017-08-28T16:47:43+08:00 ] 127.0.0.1 127.0.0.1 GET /index/test/
[ log ] www.zwt5.com/index/test/ [运行时间：0.025888s][吞吐率：38.63req/s] [内存消耗：2,201.97kb] [文件加载：41]
[ info ] [ LANG ] D:\wamp\www\zwt5\thinkphp\lang\zh-cn.php
[ info ] [ ROUTE ] array (
  'type' => 'module',
  'module' => 
  array (
    0 => 'index',
    1 => 'test',
    2 => NULL,
  ),
)
[ info ] [ HEADER ] array (
  'host' => 'www.zwt5.com',
  'user-agent' => 'Mozilla/5.0 (Windows NT 10.0; WOW64; rv:54.0) Gecko/20100101 Firefox/54.0',
  'accept' => 'text/html,application/xhtml+xml,application/xml;q=0.9,*/*;q=0.8',
  'accept-language' => 'zh-CN,zh;q=0.8,en-US;q=0.5,en;q=0.3',
  'accept-encoding' => 'gzip, deflate',
  'connection' => 'keep-alive',
  'upgrade-insecure-requests' => '1',
)
[ info ] [ PARAM ] array (
)
[ info ] [ RUN ] app\index\controller\TestController->index[ D:\wamp\www\zwt5\application\index\controller\TestController.php ]
[ info ] [ LOG ] INIT File

---------------------------------------------------------------
[ 2017-08-28T16:47:43+08:00 ] 127.0.0.1 127.0.0.1 GET /
[ log ] www.zwt5.com/ [运行时间：0.064816s][吞吐率：15.43req/s] [内存消耗：3,981.70kb] [文件加载：53]
[ info ] [ LANG ] D:\wamp\www\zwt5\thinkphp\lang\zh-cn.php
[ info ] [ ROUTE ] array (
  'type' => 'module',
  'module' => 
  array (
    0 => '',
    1 => NULL,
    2 => NULL,
  ),
)
[ info ] [ HEADER ] array (
  'host' => 'www.zwt5.com',
  'user-agent' => 'Mozilla/5.0 (Windows NT 10.0; WOW64; rv:54.0) Gecko/20100101 Firefox/54.0',
  'accept' => 'text/html,application/xhtml+xml,application/xml;q=0.9,*/*;q=0.8',
  'accept-language' => 'zh-CN,zh;q=0.8,en-US;q=0.5,en;q=0.3',
  'accept-encoding' => 'gzip, deflate',
  'connection' => 'keep-alive',
  'upgrade-insecure-requests' => '1',
)
[ info ] [ PARAM ] array (
)
[ info ] [ RUN ] app\index\controller\IndexController->index[ D:\wamp\www\zwt5\application\index\controller\IndexController.php ]
[ info ] [ DB ] INIT mysql
[ info ] [ VIEW ] D:\wamp\www\zwt5\public/../application/index\view\index\index.html [ array (
  0 => 'list',
  1 => 'ri',
  2 => 'ny',
  3 => 'newest',
  4 => 'newslist',
  5 => 'jituan',
) ]
[ info ] [ LOG ] INIT File
[ sql ] [ DB ] CONNECT:[ UseTime:0.010723s ] mysql:dbname=zhuwentou;host=127.0.0.1;charset=utf8
[ sql ] [ SQL ] SHOW COLUMNS FROM `zwt_nav` [ RunTime:0.006228s ]
[ sql ] [ SQL ] SELECT * FROM `zwt_nav` [ RunTime:0.000713s ]
[ sql ] [ SQL ] SELECT * FROM `zwt_nav` WHERE  `pid` = 38 [ RunTime:0.000572s ]
[ sql ] [ SQL ] SHOW COLUMNS FROM `zwt_article` [ RunTime:0.005171s ]
[ sql ] [ SQL ] SELECT `id`,`title`,`yinxu`,`created` FROM `zwt_article` WHERE  `nav_id` IN (39,40,41) ORDER BY created desc LIMIT 1 [ RunTime:0.000707s ]
[ sql ] [ SQL ] SELECT `id`,`title`,`yinxu`,`created` FROM `zwt_article` WHERE  `nav_id` IN (39,40,41) ORDER BY created desc LIMIT 4 [ RunTime:0.000329s ]
[ sql ] [ SQL ] SELECT * FROM `zwt_nav` WHERE  `pid` = 7 [ RunTime:0.000319s ]

---------------------------------------------------------------
[ 2017-08-28T16:47:48+08:00 ] 127.0.0.1 127.0.0.1 GET /index/test/
[ log ] www.zwt5.com/index/test/ [运行时间：0.020134s][吞吐率：49.67req/s] [内存消耗：2,201.97kb] [文件加载：41]
[ info ] [ LANG ] D:\wamp\www\zwt5\thinkphp\lang\zh-cn.php
[ info ] [ ROUTE ] array (
  'type' => 'module',
  'module' => 
  array (
    0 => 'index',
    1 => 'test',
    2 => NULL,
  ),
)
[ info ] [ HEADER ] array (
  'host' => 'www.zwt5.com',
  'user-agent' => 'Mozilla/5.0 (Windows NT 10.0; WOW64; rv:54.0) Gecko/20100101 Firefox/54.0',
  'accept' => 'text/html,application/xhtml+xml,application/xml;q=0.9,*/*;q=0.8',
  'accept-language' => 'zh-CN,zh;q=0.8,en-US;q=0.5,en;q=0.3',
  'accept-encoding' => 'gzip, deflate',
  'connection' => 'keep-alive',
  'upgrade-insecure-requests' => '1',
)
[ info ] [ PARAM ] array (
)
[ info ] [ RUN ] app\index\controller\TestController->index[ D:\wamp\www\zwt5\application\index\controller\TestController.php ]
[ info ] [ LOG ] INIT File

---------------------------------------------------------------
[ 2017-08-28T16:47:51+08:00 ] 127.0.0.1 127.0.0.1 GET /
[ log ] www.zwt5.com/ [运行时间：0.058537s][吞吐率：17.08req/s] [内存消耗：3,981.70kb] [文件加载：53]
[ info ] [ LANG ] D:\wamp\www\zwt5\thinkphp\lang\zh-cn.php
[ info ] [ ROUTE ] array (
  'type' => 'module',
  'module' => 
  array (
    0 => '',
    1 => NULL,
    2 => NULL,
  ),
)
[ info ] [ HEADER ] array (
  'host' => 'www.zwt5.com',
  'user-agent' => 'Mozilla/5.0 (Windows NT 10.0; WOW64; rv:54.0) Gecko/20100101 Firefox/54.0',
  'accept' => 'text/html,application/xhtml+xml,application/xml;q=0.9,*/*;q=0.8',
  'accept-language' => 'zh-CN,zh;q=0.8,en-US;q=0.5,en;q=0.3',
  'accept-encoding' => 'gzip, deflate',
  'connection' => 'keep-alive',
  'upgrade-insecure-requests' => '1',
)
[ info ] [ PARAM ] array (
)
[ info ] [ RUN ] app\index\controller\IndexController->index[ D:\wamp\www\zwt5\application\index\controller\IndexController.php ]
[ info ] [ DB ] INIT mysql
[ info ] [ VIEW ] D:\wamp\www\zwt5\public/../application/index\view\index\index.html [ array (
  0 => 'list',
  1 => 'ri',
  2 => 'ny',
  3 => 'newest',
  4 => 'newslist',
  5 => 'jituan',
) ]
[ info ] [ LOG ] INIT File
[ sql ] [ DB ] CONNECT:[ UseTime:0.010250s ] mysql:dbname=zhuwentou;host=127.0.0.1;charset=utf8
[ sql ] [ SQL ] SHOW COLUMNS FROM `zwt_nav` [ RunTime:0.005270s ]
[ sql ] [ SQL ] SELECT * FROM `zwt_nav` [ RunTime:0.000471s ]
[ sql ] [ SQL ] SELECT * FROM `zwt_nav` WHERE  `pid` = 38 [ RunTime:0.000267s ]
[ sql ] [ SQL ] SHOW COLUMNS FROM `zwt_article` [ RunTime:0.004330s ]
[ sql ] [ SQL ] SELECT `id`,`title`,`yinxu`,`created` FROM `zwt_article` WHERE  `nav_id` IN (39,40,41) ORDER BY created desc LIMIT 1 [ RunTime:0.000333s ]
[ sql ] [ SQL ] SELECT `id`,`title`,`yinxu`,`created` FROM `zwt_article` WHERE  `nav_id` IN (39,40,41) ORDER BY created desc LIMIT 4 [ RunTime:0.000324s ]
[ sql ] [ SQL ] SELECT * FROM `zwt_nav` WHERE  `pid` = 7 [ RunTime:0.000287s ]

---------------------------------------------------------------
[ 2017-08-28T16:47:52+08:00 ] 127.0.0.1 127.0.0.1 GET /index/test/
[ log ] www.zwt5.com/index/test/ [运行时间：0.030513s][吞吐率：32.77req/s] [内存消耗：2,201.97kb] [文件加载：41]
[ info ] [ LANG ] D:\wamp\www\zwt5\thinkphp\lang\zh-cn.php
[ info ] [ ROUTE ] array (
  'type' => 'module',
  'module' => 
  array (
    0 => 'index',
    1 => 'test',
    2 => NULL,
  ),
)
[ info ] [ HEADER ] array (
  'host' => 'www.zwt5.com',
  'user-agent' => 'Mozilla/5.0 (Windows NT 10.0; WOW64; rv:54.0) Gecko/20100101 Firefox/54.0',
  'accept' => 'text/html,application/xhtml+xml,application/xml;q=0.9,*/*;q=0.8',
  'accept-language' => 'zh-CN,zh;q=0.8,en-US;q=0.5,en;q=0.3',
  'accept-encoding' => 'gzip, deflate',
  'connection' => 'keep-alive',
  'upgrade-insecure-requests' => '1',
)
[ info ] [ PARAM ] array (
)
[ info ] [ RUN ] app\index\controller\TestController->index[ D:\wamp\www\zwt5\application\index\controller\TestController.php ]
[ info ] [ LOG ] INIT File

---------------------------------------------------------------
