[ 2017-08-29T10:12:52+08:00 ] 127.0.0.1 127.0.0.1 GET /
[ log ] www.zwt5.com/ [运行时间：0.253591s][吞吐率：3.94req/s] [内存消耗：3,981.70kb] [文件加载：53]
[ info ] [ LANG ] D:\wamp\www\zwt5\thinkphp\lang\zh-cn.php
[ info ] [ ROUTE ] array (
  'type' => 'module',
  'module' => 
  array (
    0 => '',
    1 => NULL,
    2 => NULL,
  ),
)
[ info ] [ HEADER ] array (
  'host' => 'www.zwt5.com',
  'user-agent' => 'Mozilla/5.0 (Windows NT 10.0; WOW64; rv:54.0) Gecko/20100101 Firefox/54.0',
  'accept' => 'text/html,application/xhtml+xml,application/xml;q=0.9,*/*;q=0.8',
  'accept-language' => 'zh-CN,zh;q=0.8,en-US;q=0.5,en;q=0.3',
  'accept-encoding' => 'gzip, deflate',
  'connection' => 'keep-alive',
  'upgrade-insecure-requests' => '1',
)
[ info ] [ PARAM ] array (
)
[ info ] [ RUN ] app\index\controller\IndexController->index[ D:\wamp\www\zwt5\application\index\controller\IndexController.php ]
[ info ] [ DB ] INIT mysql
[ info ] [ VIEW ] D:\wamp\www\zwt5\public/../application/index\view\index\index.html [ array (
  0 => 'list',
  1 => 'ri',
  2 => 'ny',
  3 => 'newest',
  4 => 'newslist',
  5 => 'jituan',
) ]
[ info ] [ LOG ] INIT File
[ sql ] [ DB ] CONNECT:[ UseTime:0.001665s ] mysql:dbname=zhuwentou;host=127.0.0.1;charset=utf8
[ sql ] [ SQL ] SHOW COLUMNS FROM `zwt_nav` [ RunTime:0.011015s ]
[ sql ] [ SQL ] SELECT * FROM `zwt_nav` [ RunTime:0.001106s ]
[ sql ] [ SQL ] SELECT * FROM `zwt_nav` WHERE  `pid` = 38 [ RunTime:0.000739s ]
[ sql ] [ SQL ] SHOW COLUMNS FROM `zwt_article` [ RunTime:0.011384s ]
[ sql ] [ SQL ] SELECT `id`,`title`,`yinxu`,`created` FROM `zwt_article` WHERE  `nav_id` IN (39,40,41) ORDER BY created desc LIMIT 1 [ RunTime:0.000809s ]
[ sql ] [ SQL ] SELECT `id`,`title`,`yinxu`,`created` FROM `zwt_article` WHERE  `nav_id` IN (39,40,41) ORDER BY created desc LIMIT 4 [ RunTime:0.000784s ]
[ sql ] [ SQL ] SELECT * FROM `zwt_nav` WHERE  `pid` = 7 [ RunTime:0.000696s ]

---------------------------------------------------------------
[ 2017-08-29T14:57:42+08:00 ] 10.0.0.171 10.0.0.193 GET /index/index/article/id/93.html
[ log ] 10.0.0.171/index/index/article/id/93.html [运行时间：0.100801s][吞吐率：9.92req/s] [内存消耗：3,962.53kb] [文件加载：53]
[ info ] [ LANG ] D:\wamp\www\zwt5\thinkphp\lang\zh-cn.php
[ info ] [ ROUTE ] array (
  'type' => 'module',
  'module' => 
  array (
    0 => 'index',
    1 => 'index',
    2 => 'article',
  ),
)
[ info ] [ HEADER ] array (
  'host' => '10.0.0.171',
  'upgrade-insecure-requests' => '1',
  'accept' => 'text/html,application/xhtml+xml,application/xml;q=0.9,*/*;q=0.8',
  'user-agent' => 'Mozilla/5.0 (iPhone; CPU iPhone OS 10_3_2 like Mac OS X) AppleWebKit/603.2.4 (KHTML, like Gecko) Mobile/14F89 MicroMessenger/6.5.14 NetType/WIFI Language/zh_CN',
  'accept-language' => 'zh-cn',
  'accept-encoding' => 'gzip, deflate',
  'connection' => 'keep-alive',
)
[ info ] [ PARAM ] array (
  'id' => '93',
)
[ info ] [ RUN ] app\index\controller\IndexController->article[ D:\wamp\www\zwt5\application\index\controller\IndexController.php ]
[ info ] [ DB ] INIT mysql
[ info ] [ VIEW ] D:\wamp\www\zwt5\public/../application/index\view\index\details.html [ array (
  0 => 'list',
  1 => 'onenav',
  2 => 'twonav',
  3 => 'article',
  4 => 'back',
  5 => 'next',
) ]
[ info ] [ LOG ] INIT File
[ sql ] [ DB ] CONNECT:[ UseTime:0.001856s ] mysql:dbname=zhuwentou;host=127.0.0.1;charset=utf8
[ sql ] [ SQL ] SHOW COLUMNS FROM `zwt_nav` [ RunTime:0.006540s ]
[ sql ] [ SQL ] SELECT * FROM `zwt_nav` [ RunTime:0.000705s ]
[ sql ] [ SQL ] SHOW COLUMNS FROM `zwt_article` [ RunTime:0.005185s ]
[ sql ] [ SQL ] SELECT * FROM `zwt_article` WHERE  `id` = 93 LIMIT 1 [ RunTime:0.000412s ]
[ sql ] [ SQL ] SELECT * FROM `zwt_nav` WHERE  `id` = 39 LIMIT 1 [ RunTime:0.000213s ]
[ sql ] [ SQL ] SELECT * FROM `zwt_nav` WHERE  `id` = 38 LIMIT 1 [ RunTime:0.000123s ]
[ sql ] [ SQL ] SELECT * FROM `zwt_article` WHERE  `created` > '2017-08-22 14:35:38'  AND `nav_id` = 39 ORDER BY created desc LIMIT 1 [ RunTime:0.000477s ]
[ sql ] [ SQL ] SELECT * FROM `zwt_article` WHERE  `created` < '2017-08-22 14:35:38'  AND `nav_id` = 39 ORDER BY created desc LIMIT 1 [ RunTime:0.000342s ]

---------------------------------------------------------------
[ 2017-08-29T14:57:45+08:00 ] 10.0.0.171 10.0.0.193 GET /index/index/news/id/39.html
[ log ] 10.0.0.171/index/index/news/id/39.html [运行时间：0.146594s][吞吐率：6.82req/s] [内存消耗：4,165.45kb] [文件加载：56]
[ info ] [ LANG ] D:\wamp\www\zwt5\thinkphp\lang\zh-cn.php
[ info ] [ ROUTE ] array (
  'type' => 'module',
  'module' => 
  array (
    0 => 'index',
    1 => 'index',
    2 => 'news',
  ),
)
[ info ] [ HEADER ] array (
  'host' => '10.0.0.171',
  'connection' => 'keep-alive',
  'upgrade-insecure-requests' => '1',
  'accept' => 'text/html,application/xhtml+xml,application/xml;q=0.9,*/*;q=0.8',
  'user-agent' => 'Mozilla/5.0 (iPhone; CPU iPhone OS 10_3_2 like Mac OS X) AppleWebKit/603.2.4 (KHTML, like Gecko) Mobile/14F89 MicroMessenger/6.5.14 NetType/WIFI Language/zh_CN',
  'referer' => 'http://10.0.0.171/index/index/article/id/93.html',
  'accept-language' => 'zh-cn',
  'accept-encoding' => 'gzip, deflate',
)
[ info ] [ PARAM ] array (
  'id' => '39',
)
[ info ] [ RUN ] app\index\controller\IndexController->news[ D:\wamp\www\zwt5\application\index\controller\IndexController.php ]
[ info ] [ DB ] INIT mysql
[ info ] [ VIEW ] D:\wamp\www\zwt5\public/../application/index\view\index\news.html [ array (
  0 => 'list',
  1 => 'page',
  2 => 'article',
  3 => 'onenav',
  4 => 'twonav',
) ]
[ info ] [ LOG ] INIT File
[ sql ] [ DB ] CONNECT:[ UseTime:0.000859s ] mysql:dbname=zhuwentou;host=127.0.0.1;charset=utf8
[ sql ] [ SQL ] SHOW COLUMNS FROM `zwt_nav` [ RunTime:0.007620s ]
[ sql ] [ SQL ] SELECT * FROM `zwt_nav` [ RunTime:0.000554s ]
[ sql ] [ SQL ] SELECT * FROM `zwt_nav` WHERE  `htmlName` = 'news'  AND `id` = 39 LIMIT 1 [ RunTime:0.000372s ]
[ sql ] [ SQL ] SELECT * FROM `zwt_nav` WHERE  `id` = 38 LIMIT 1 [ RunTime:0.000365s ]
[ sql ] [ SQL ] SHOW COLUMNS FROM `zwt_article` [ RunTime:0.006483s ]
[ sql ] [ SQL ] SELECT COUNT(*) AS tp_count FROM `zwt_article` WHERE  `nav_id` = 39 LIMIT 1 [ RunTime:0.000425s ]
[ sql ] [ SQL ] SELECT * FROM `zwt_article` WHERE  `nav_id` = 39 ORDER BY created desc LIMIT 0,8 [ RunTime:0.000536s ]

---------------------------------------------------------------
[ 2017-08-29T14:57:47+08:00 ] 10.0.0.171 10.0.0.193 GET /index/index/article/id/94.html
[ log ] 10.0.0.171/index/index/article/id/94.html [运行时间：0.114375s][吞吐率：8.74req/s] [内存消耗：3,972.63kb] [文件加载：53]
[ info ] [ LANG ] D:\wamp\www\zwt5\thinkphp\lang\zh-cn.php
[ info ] [ ROUTE ] array (
  'type' => 'module',
  'module' => 
  array (
    0 => 'index',
    1 => 'index',
    2 => 'article',
  ),
)
[ info ] [ HEADER ] array (
  'host' => '10.0.0.171',
  'connection' => 'keep-alive',
  'upgrade-insecure-requests' => '1',
  'accept' => 'text/html,application/xhtml+xml,application/xml;q=0.9,*/*;q=0.8',
  'user-agent' => 'Mozilla/5.0 (iPhone; CPU iPhone OS 10_3_2 like Mac OS X) AppleWebKit/603.2.4 (KHTML, like Gecko) Mobile/14F89 MicroMessenger/6.5.14 NetType/WIFI Language/zh_CN',
  'referer' => 'http://10.0.0.171/index/index/news/id/39.html',
  'accept-language' => 'zh-cn',
  'accept-encoding' => 'gzip, deflate',
)
[ info ] [ PARAM ] array (
  'id' => '94',
)
[ info ] [ RUN ] app\index\controller\IndexController->article[ D:\wamp\www\zwt5\application\index\controller\IndexController.php ]
[ info ] [ DB ] INIT mysql
[ info ] [ VIEW ] D:\wamp\www\zwt5\public/../application/index\view\index\details.html [ array (
  0 => 'list',
  1 => 'onenav',
  2 => 'twonav',
  3 => 'article',
  4 => 'back',
  5 => 'next',
) ]
[ info ] [ LOG ] INIT File
[ sql ] [ DB ] CONNECT:[ UseTime:0.000747s ] mysql:dbname=zhuwentou;host=127.0.0.1;charset=utf8
[ sql ] [ SQL ] SHOW COLUMNS FROM `zwt_nav` [ RunTime:0.005117s ]
[ sql ] [ SQL ] SELECT * FROM `zwt_nav` [ RunTime:0.000510s ]
[ sql ] [ SQL ] SHOW COLUMNS FROM `zwt_article` [ RunTime:0.005507s ]
[ sql ] [ SQL ] SELECT * FROM `zwt_article` WHERE  `id` = 94 LIMIT 1 [ RunTime:0.000360s ]
[ sql ] [ SQL ] SELECT * FROM `zwt_nav` WHERE  `id` = 39 LIMIT 1 [ RunTime:0.000252s ]
[ sql ] [ SQL ] SELECT * FROM `zwt_nav` WHERE  `id` = 38 LIMIT 1 [ RunTime:0.000145s ]
[ sql ] [ SQL ] SELECT * FROM `zwt_article` WHERE  `created` > '2017-08-22 14:30:09'  AND `nav_id` = 39 ORDER BY created desc LIMIT 1 [ RunTime:0.000387s ]
[ sql ] [ SQL ] SELECT * FROM `zwt_article` WHERE  `created` < '2017-08-22 14:30:09'  AND `nav_id` = 39 ORDER BY created desc LIMIT 1 [ RunTime:0.000354s ]

---------------------------------------------------------------
[ 2017-08-29T14:57:48+08:00 ] 10.0.0.171 10.0.0.193 GET /index/index/news/id/39.html
[ log ] 10.0.0.171/index/index/news/id/39.html [运行时间：0.103744s][吞吐率：9.64req/s] [内存消耗：4,165.45kb] [文件加载：56]
[ info ] [ LANG ] D:\wamp\www\zwt5\thinkphp\lang\zh-cn.php
[ info ] [ ROUTE ] array (
  'type' => 'module',
  'module' => 
  array (
    0 => 'index',
    1 => 'index',
    2 => 'news',
  ),
)
[ info ] [ HEADER ] array (
  'host' => '10.0.0.171',
  'connection' => 'keep-alive',
  'upgrade-insecure-requests' => '1',
  'accept' => 'text/html,application/xhtml+xml,application/xml;q=0.9,*/*;q=0.8',
  'user-agent' => 'Mozilla/5.0 (iPhone; CPU iPhone OS 10_3_2 like Mac OS X) AppleWebKit/603.2.4 (KHTML, like Gecko) Mobile/14F89 MicroMessenger/6.5.14 NetType/WIFI Language/zh_CN',
  'referer' => 'http://10.0.0.171/index/index/article/id/94.html',
  'accept-language' => 'zh-cn',
  'accept-encoding' => 'gzip, deflate',
)
[ info ] [ PARAM ] array (
  'id' => '39',
)
[ info ] [ RUN ] app\index\controller\IndexController->news[ D:\wamp\www\zwt5\application\index\controller\IndexController.php ]
[ info ] [ DB ] INIT mysql
[ info ] [ VIEW ] D:\wamp\www\zwt5\public/../application/index\view\index\news.html [ array (
  0 => 'list',
  1 => 'page',
  2 => 'article',
  3 => 'onenav',
  4 => 'twonav',
) ]
[ info ] [ LOG ] INIT File
[ sql ] [ DB ] CONNECT:[ UseTime:0.010185s ] mysql:dbname=zhuwentou;host=127.0.0.1;charset=utf8
[ sql ] [ SQL ] SHOW COLUMNS FROM `zwt_nav` [ RunTime:0.011870s ]
[ sql ] [ SQL ] SELECT * FROM `zwt_nav` [ RunTime:0.000939s ]
[ sql ] [ SQL ] SELECT * FROM `zwt_nav` WHERE  `htmlName` = 'news'  AND `id` = 39 LIMIT 1 [ RunTime:0.000686s ]
[ sql ] [ SQL ] SELECT * FROM `zwt_nav` WHERE  `id` = 38 LIMIT 1 [ RunTime:0.000593s ]
[ sql ] [ SQL ] SHOW COLUMNS FROM `zwt_article` [ RunTime:0.011284s ]
[ sql ] [ SQL ] SELECT COUNT(*) AS tp_count FROM `zwt_article` WHERE  `nav_id` = 39 LIMIT 1 [ RunTime:0.000612s ]
[ sql ] [ SQL ] SELECT * FROM `zwt_article` WHERE  `nav_id` = 39 ORDER BY created desc LIMIT 0,8 [ RunTime:0.000866s ]

---------------------------------------------------------------
[ 2017-08-29T14:57:54+08:00 ] 10.0.0.171 10.0.0.193 GET /index/index/article/pid/97.html
[ log ] 10.0.0.171/index/index/article/pid/97.html [运行时间：0.111676s][吞吐率：8.95req/s] [内存消耗：3,985.09kb] [文件加载：53]
[ info ] [ LANG ] D:\wamp\www\zwt5\thinkphp\lang\zh-cn.php
[ info ] [ ROUTE ] array (
  'type' => 'module',
  'module' => 
  array (
    0 => 'index',
    1 => 'index',
    2 => 'article',
  ),
)
[ info ] [ HEADER ] array (
  'host' => '10.0.0.171',
  'connection' => 'keep-alive',
  'upgrade-insecure-requests' => '1',
  'accept' => 'text/html,application/xhtml+xml,application/xml;q=0.9,*/*;q=0.8',
  'user-agent' => 'Mozilla/5.0 (iPhone; CPU iPhone OS 10_3_2 like Mac OS X) AppleWebKit/603.2.4 (KHTML, like Gecko) Mobile/14F89 MicroMessenger/6.5.14 NetType/WIFI Language/zh_CN',
  'referer' => 'http://10.0.0.171/index/index/news/id/39.html',
  'accept-language' => 'zh-cn',
  'accept-encoding' => 'gzip, deflate',
)
[ info ] [ PARAM ] array (
  'pid' => '97',
)
[ info ] [ RUN ] app\index\controller\IndexController->article[ D:\wamp\www\zwt5\application\index\controller\IndexController.php ]
[ info ] [ DB ] INIT mysql
[ info ] [ VIEW ] D:\wamp\www\zwt5\public/../application/index\view\index\item.html [ array (
  0 => 'list',
  1 => 'onenav',
  2 => 'twonav',
  3 => 'sannav',
  4 => 'article',
) ]
[ info ] [ LOG ] INIT File
[ sql ] [ DB ] CONNECT:[ UseTime:0.000842s ] mysql:dbname=zhuwentou;host=127.0.0.1;charset=utf8
[ sql ] [ SQL ] SHOW COLUMNS FROM `zwt_nav` [ RunTime:0.006812s ]
[ sql ] [ SQL ] SELECT * FROM `zwt_nav` [ RunTime:0.000613s ]
[ sql ] [ SQL ] SELECT * FROM `zwt_nav` WHERE  `id` = 97 LIMIT 1 [ RunTime:0.000367s ]
[ sql ] [ SQL ] SELECT * FROM `zwt_nav` WHERE  `id` = 46 LIMIT 1 [ RunTime:0.000206s ]
[ sql ] [ SQL ] SELECT * FROM `zwt_nav` WHERE  `id` = 7 LIMIT 1 [ RunTime:0.000198s ]
[ sql ] [ SQL ] SHOW COLUMNS FROM `zwt_article` [ RunTime:0.006907s ]
[ sql ] [ SQL ] SELECT * FROM `zwt_article` WHERE  `nav_id` = 97 LIMIT 1 [ RunTime:0.001009s ]

---------------------------------------------------------------
[ 2017-08-29T14:58:02+08:00 ] 10.0.0.171 10.0.0.193 GET /index/index/article/pid/76.html
[ log ] 10.0.0.171/index/index/article/pid/76.html [运行时间：0.097816s][吞吐率：10.22req/s] [内存消耗：3,966.30kb] [文件加载：53]
[ info ] [ LANG ] D:\wamp\www\zwt5\thinkphp\lang\zh-cn.php
[ info ] [ ROUTE ] array (
  'type' => 'module',
  'module' => 
  array (
    0 => 'index',
    1 => 'index',
    2 => 'article',
  ),
)
[ info ] [ HEADER ] array (
  'host' => '10.0.0.171',
  'connection' => 'keep-alive',
  'upgrade-insecure-requests' => '1',
  'accept' => 'text/html,application/xhtml+xml,application/xml;q=0.9,*/*;q=0.8',
  'user-agent' => 'Mozilla/5.0 (iPhone; CPU iPhone OS 10_3_2 like Mac OS X) AppleWebKit/603.2.4 (KHTML, like Gecko) Mobile/14F89 MicroMessenger/6.5.14 NetType/WIFI Language/zh_CN',
  'referer' => 'http://10.0.0.171/index/index/article/pid/97.html',
  'accept-language' => 'zh-cn',
  'accept-encoding' => 'gzip, deflate',
)
[ info ] [ PARAM ] array (
  'pid' => '76',
)
[ info ] [ RUN ] app\index\controller\IndexController->article[ D:\wamp\www\zwt5\application\index\controller\IndexController.php ]
[ info ] [ DB ] INIT mysql
[ info ] [ VIEW ] D:\wamp\www\zwt5\public/../application/index\view\index\item.html [ array (
  0 => 'list',
  1 => 'onenav',
  2 => 'twonav',
  3 => 'sannav',
  4 => 'article',
) ]
[ info ] [ LOG ] INIT File
[ sql ] [ DB ] CONNECT:[ UseTime:0.010529s ] mysql:dbname=zhuwentou;host=127.0.0.1;charset=utf8
[ sql ] [ SQL ] SHOW COLUMNS FROM `zwt_nav` [ RunTime:0.007034s ]
[ sql ] [ SQL ] SELECT * FROM `zwt_nav` [ RunTime:0.000519s ]
[ sql ] [ SQL ] SELECT * FROM `zwt_nav` WHERE  `id` = 76 LIMIT 1 [ RunTime:0.000365s ]
[ sql ] [ SQL ] SELECT * FROM `zwt_nav` WHERE  `id` = 49 LIMIT 1 [ RunTime:0.000167s ]
[ sql ] [ SQL ] SELECT * FROM `zwt_nav` WHERE  `id` = 7 LIMIT 1 [ RunTime:0.000150s ]
[ sql ] [ SQL ] SHOW COLUMNS FROM `zwt_article` [ RunTime:0.008339s ]
[ sql ] [ SQL ] SELECT * FROM `zwt_article` WHERE  `nav_id` = 76 LIMIT 1 [ RunTime:0.000906s ]

---------------------------------------------------------------
[ 2017-08-29T14:58:08+08:00 ] 10.0.0.171 10.0.0.193 GET /index/index/article/pid/77.html
[ log ] 10.0.0.171/index/index/article/pid/77.html [运行时间：0.101031s][吞吐率：9.90req/s] [内存消耗：3,962.17kb] [文件加载：53]
[ info ] [ LANG ] D:\wamp\www\zwt5\thinkphp\lang\zh-cn.php
[ info ] [ ROUTE ] array (
  'type' => 'module',
  'module' => 
  array (
    0 => 'index',
    1 => 'index',
    2 => 'article',
  ),
)
[ info ] [ HEADER ] array (
  'host' => '10.0.0.171',
  'connection' => 'keep-alive',
  'upgrade-insecure-requests' => '1',
  'accept' => 'text/html,application/xhtml+xml,application/xml;q=0.9,*/*;q=0.8',
  'user-agent' => 'Mozilla/5.0 (iPhone; CPU iPhone OS 10_3_2 like Mac OS X) AppleWebKit/603.2.4 (KHTML, like Gecko) Mobile/14F89 MicroMessenger/6.5.14 NetType/WIFI Language/zh_CN',
  'referer' => 'http://10.0.0.171/index/index/article/pid/76.html',
  'accept-language' => 'zh-cn',
  'accept-encoding' => 'gzip, deflate',
)
[ info ] [ PARAM ] array (
  'pid' => '77',
)
[ info ] [ RUN ] app\index\controller\IndexController->article[ D:\wamp\www\zwt5\application\index\controller\IndexController.php ]
[ info ] [ DB ] INIT mysql
[ info ] [ VIEW ] D:\wamp\www\zwt5\public/../application/index\view\index\item.html [ array (
  0 => 'list',
  1 => 'onenav',
  2 => 'twonav',
  3 => 'sannav',
  4 => 'article',
) ]
[ info ] [ LOG ] INIT File
[ sql ] [ DB ] CONNECT:[ UseTime:0.000963s ] mysql:dbname=zhuwentou;host=127.0.0.1;charset=utf8
[ sql ] [ SQL ] SHOW COLUMNS FROM `zwt_nav` [ RunTime:0.007622s ]
[ sql ] [ SQL ] SELECT * FROM `zwt_nav` [ RunTime:0.000742s ]
[ sql ] [ SQL ] SELECT * FROM `zwt_nav` WHERE  `id` = 77 LIMIT 1 [ RunTime:0.000512s ]
[ sql ] [ SQL ] SELECT * FROM `zwt_nav` WHERE  `id` = 49 LIMIT 1 [ RunTime:0.000273s ]
[ sql ] [ SQL ] SELECT * FROM `zwt_nav` WHERE  `id` = 7 LIMIT 1 [ RunTime:0.000262s ]
[ sql ] [ SQL ] SHOW COLUMNS FROM `zwt_article` [ RunTime:0.007236s ]
[ sql ] [ SQL ] SELECT * FROM `zwt_article` WHERE  `nav_id` = 77 LIMIT 1 [ RunTime:0.000481s ]

---------------------------------------------------------------
