[ 2017-09-04T15:14:58+08:00 ] 127.0.0.1 127.0.0.1 GET /
[ log ] www.zwt5.com/ [运行时间：0.182482s][吞吐率：5.48req/s] [内存消耗：3,981.69kb] [文件加载：53]
[ info ] [ LANG ] D:\wamp\www\zwt5\thinkphp\lang\zh-cn.php
[ info ] [ ROUTE ] array (
  'type' => 'module',
  'module' => 
  array (
    0 => '',
    1 => NULL,
    2 => NULL,
  ),
)
[ info ] [ HEADER ] array (
  'host' => 'www.zwt5.com',
  'user-agent' => 'Mozilla/5.0 (Windows NT 10.0; WOW64; rv:54.0) Gecko/20100101 Firefox/54.0',
  'accept' => 'text/html,application/xhtml+xml,application/xml;q=0.9,*/*;q=0.8',
  'accept-language' => 'zh-CN,zh;q=0.8,en-US;q=0.5,en;q=0.3',
  'accept-encoding' => 'gzip, deflate',
  'connection' => 'keep-alive',
  'upgrade-insecure-requests' => '1',
)
[ info ] [ PARAM ] array (
)
[ info ] [ RUN ] app\index\controller\IndexController->index[ D:\wamp\www\zwt5\application\index\controller\IndexController.php ]
[ info ] [ DB ] INIT mysql
[ info ] [ VIEW ] D:\wamp\www\zwt5\public/../application/index\view\index\index.html [ array (
  0 => 'list',
  1 => 'ri',
  2 => 'ny',
  3 => 'newest',
  4 => 'newslist',
  5 => 'jituan',
) ]
[ info ] [ LOG ] INIT File
[ sql ] [ DB ] CONNECT:[ UseTime:0.005175s ] mysql:dbname=zhuwentou;host=127.0.0.1;charset=utf8
[ sql ] [ SQL ] SHOW COLUMNS FROM `zwt_nav` [ RunTime:0.013083s ]
[ sql ] [ SQL ] SELECT * FROM `zwt_nav` [ RunTime:0.001261s ]
[ sql ] [ SQL ] SELECT * FROM `zwt_nav` WHERE  `pid` = 38 [ RunTime:0.000679s ]
[ sql ] [ SQL ] SHOW COLUMNS FROM `zwt_article` [ RunTime:0.009933s ]
[ sql ] [ SQL ] SELECT `id`,`title`,`yinxu`,`created` FROM `zwt_article` WHERE  `nav_id` IN (39,40,41) ORDER BY created desc LIMIT 1 [ RunTime:0.001324s ]
[ sql ] [ SQL ] SELECT `id`,`title`,`yinxu`,`created` FROM `zwt_article` WHERE  `nav_id` IN (39,40,41) ORDER BY created desc LIMIT 4 [ RunTime:0.000787s ]
[ sql ] [ SQL ] SELECT * FROM `zwt_nav` WHERE  `pid` = 7 [ RunTime:0.000601s ]

---------------------------------------------------------------
[ 2017-09-04T15:15:23+08:00 ] 127.0.0.1 127.0.0.1 GET /index/index/article/pid/97.html
[ log ] www.zwt5.com/index/index/article/pid/97.html [运行时间：0.104815s][吞吐率：9.54req/s] [内存消耗：3,984.84kb] [文件加载：53]
[ info ] [ LANG ] D:\wamp\www\zwt5\thinkphp\lang\zh-cn.php
[ info ] [ ROUTE ] array (
  'type' => 'module',
  'module' => 
  array (
    0 => 'index',
    1 => 'index',
    2 => 'article',
  ),
)
[ info ] [ HEADER ] array (
  'host' => 'www.zwt5.com',
  'user-agent' => 'Mozilla/5.0 (Windows NT 10.0; WOW64; rv:54.0) Gecko/20100101 Firefox/54.0',
  'accept' => 'text/html,application/xhtml+xml,application/xml;q=0.9,*/*;q=0.8',
  'accept-language' => 'zh-CN,zh;q=0.8,en-US;q=0.5,en;q=0.3',
  'accept-encoding' => 'gzip, deflate',
  'referer' => 'http://www.zwt5.com/',
  'connection' => 'keep-alive',
  'upgrade-insecure-requests' => '1',
)
[ info ] [ PARAM ] array (
  'pid' => '97',
)
[ info ] [ RUN ] app\index\controller\IndexController->article[ D:\wamp\www\zwt5\application\index\controller\IndexController.php ]
[ info ] [ DB ] INIT mysql
[ info ] [ VIEW ] D:\wamp\www\zwt5\public/../application/index\view\index\item.html [ array (
  0 => 'list',
  1 => 'onenav',
  2 => 'twonav',
  3 => 'sannav',
  4 => 'article',
) ]
[ info ] [ LOG ] INIT File
[ sql ] [ DB ] CONNECT:[ UseTime:0.010703s ] mysql:dbname=zhuwentou;host=127.0.0.1;charset=utf8
[ sql ] [ SQL ] SHOW COLUMNS FROM `zwt_nav` [ RunTime:0.006688s ]
[ sql ] [ SQL ] SELECT * FROM `zwt_nav` [ RunTime:0.000640s ]
[ sql ] [ SQL ] SELECT * FROM `zwt_nav` WHERE  `id` = 97 LIMIT 1 [ RunTime:0.000369s ]
[ sql ] [ SQL ] SELECT * FROM `zwt_nav` WHERE  `id` = 46 LIMIT 1 [ RunTime:0.000229s ]
[ sql ] [ SQL ] SELECT * FROM `zwt_nav` WHERE  `id` = 7 LIMIT 1 [ RunTime:0.000184s ]
[ sql ] [ SQL ] SHOW COLUMNS FROM `zwt_article` [ RunTime:0.005442s ]
[ sql ] [ SQL ] SELECT * FROM `zwt_article` WHERE  `nav_id` = 97 LIMIT 1 [ RunTime:0.000632s ]

---------------------------------------------------------------
[ 2017-09-04T15:15:33+08:00 ] 127.0.0.1 127.0.0.1 GET /index/index/about/id/43.html
[ log ] www.zwt5.com/index/index/about/id/43.html [运行时间：0.062993s][吞吐率：15.87req/s] [内存消耗：3,958.77kb] [文件加载：53]
[ info ] [ LANG ] D:\wamp\www\zwt5\thinkphp\lang\zh-cn.php
[ info ] [ ROUTE ] array (
  'type' => 'module',
  'module' => 
  array (
    0 => 'index',
    1 => 'index',
    2 => 'about',
  ),
)
[ info ] [ HEADER ] array (
  'host' => 'www.zwt5.com',
  'user-agent' => 'Mozilla/5.0 (Windows NT 10.0; WOW64; rv:54.0) Gecko/20100101 Firefox/54.0',
  'accept' => 'text/html,application/xhtml+xml,application/xml;q=0.9,*/*;q=0.8',
  'accept-language' => 'zh-CN,zh;q=0.8,en-US;q=0.5,en;q=0.3',
  'accept-encoding' => 'gzip, deflate',
  'referer' => 'http://www.zwt5.com/index/index/article/pid/97.html',
  'connection' => 'keep-alive',
  'upgrade-insecure-requests' => '1',
)
[ info ] [ PARAM ] array (
  'id' => '43',
)
[ info ] [ RUN ] app\index\controller\IndexController->about[ D:\wamp\www\zwt5\application\index\controller\IndexController.php ]
[ info ] [ DB ] INIT mysql
[ info ] [ VIEW ] D:\wamp\www\zwt5\public/../application/index\view\index\about.html [ array (
  0 => 'list',
  1 => 'onenav',
  2 => 'twonav',
  3 => 'article',
) ]
[ info ] [ LOG ] INIT File
[ sql ] [ DB ] CONNECT:[ UseTime:0.001040s ] mysql:dbname=zhuwentou;host=127.0.0.1;charset=utf8
[ sql ] [ SQL ] SHOW COLUMNS FROM `zwt_nav` [ RunTime:0.004587s ]
[ sql ] [ SQL ] SELECT * FROM `zwt_nav` [ RunTime:0.000415s ]
[ sql ] [ SQL ] SELECT * FROM `zwt_nav` WHERE  `htmlName` = 'about'  AND `id` = 43 LIMIT 1 [ RunTime:0.000531s ]
[ sql ] [ SQL ] SELECT * FROM `zwt_nav` WHERE  `pid` = 43 LIMIT 1 [ RunTime:0.000312s ]
[ sql ] [ SQL ] SELECT * FROM `zwt_nav` WHERE  `id` = 42 LIMIT 1 [ RunTime:0.000256s ]
[ sql ] [ SQL ] SHOW COLUMNS FROM `zwt_article` [ RunTime:0.005162s ]
[ sql ] [ SQL ] SELECT * FROM `zwt_article` WHERE  `nav_id` = 43 LIMIT 1 [ RunTime:0.000610s ]

---------------------------------------------------------------
[ 2017-09-04T15:15:42+08:00 ] 127.0.0.1 127.0.0.1 GET /index/index/article/pid/97.html
[ log ] www.zwt5.com/index/index/article/pid/97.html [运行时间：0.047580s][吞吐率：21.02req/s] [内存消耗：3,984.92kb] [文件加载：53]
[ info ] [ LANG ] D:\wamp\www\zwt5\thinkphp\lang\zh-cn.php
[ info ] [ ROUTE ] array (
  'type' => 'module',
  'module' => 
  array (
    0 => 'index',
    1 => 'index',
    2 => 'article',
  ),
)
[ info ] [ HEADER ] array (
  'host' => 'www.zwt5.com',
  'user-agent' => 'Mozilla/5.0 (Windows NT 10.0; WOW64; rv:54.0) Gecko/20100101 Firefox/54.0',
  'accept' => 'text/html,application/xhtml+xml,application/xml;q=0.9,*/*;q=0.8',
  'accept-language' => 'zh-CN,zh;q=0.8,en-US;q=0.5,en;q=0.3',
  'accept-encoding' => 'gzip, deflate',
  'referer' => 'http://www.zwt5.com/index/index/about/id/43.html',
  'connection' => 'keep-alive',
  'upgrade-insecure-requests' => '1',
)
[ info ] [ PARAM ] array (
  'pid' => '97',
)
[ info ] [ RUN ] app\index\controller\IndexController->article[ D:\wamp\www\zwt5\application\index\controller\IndexController.php ]
[ info ] [ DB ] INIT mysql
[ info ] [ VIEW ] D:\wamp\www\zwt5\public/../application/index\view\index\item.html [ array (
  0 => 'list',
  1 => 'onenav',
  2 => 'twonav',
  3 => 'sannav',
  4 => 'article',
) ]
[ info ] [ LOG ] INIT File
[ sql ] [ DB ] CONNECT:[ UseTime:0.000782s ] mysql:dbname=zhuwentou;host=127.0.0.1;charset=utf8
[ sql ] [ SQL ] SHOW COLUMNS FROM `zwt_nav` [ RunTime:0.005033s ]
[ sql ] [ SQL ] SELECT * FROM `zwt_nav` [ RunTime:0.000564s ]
[ sql ] [ SQL ] SELECT * FROM `zwt_nav` WHERE  `id` = 97 LIMIT 1 [ RunTime:0.000388s ]
[ sql ] [ SQL ] SELECT * FROM `zwt_nav` WHERE  `id` = 46 LIMIT 1 [ RunTime:0.000234s ]
[ sql ] [ SQL ] SELECT * FROM `zwt_nav` WHERE  `id` = 7 LIMIT 1 [ RunTime:0.000236s ]
[ sql ] [ SQL ] SHOW COLUMNS FROM `zwt_article` [ RunTime:0.005493s ]
[ sql ] [ SQL ] SELECT * FROM `zwt_article` WHERE  `nav_id` = 97 LIMIT 1 [ RunTime:0.000463s ]

---------------------------------------------------------------
[ 2017-09-04T15:20:16+08:00 ] 127.0.0.1 127.0.0.1 GET /
[ log ] www.zwt5.com/ [运行时间：0.053110s][吞吐率：18.83req/s] [内存消耗：3,981.70kb] [文件加载：53]
[ info ] [ LANG ] D:\wamp\www\zwt5\thinkphp\lang\zh-cn.php
[ info ] [ ROUTE ] array (
  'type' => 'module',
  'module' => 
  array (
    0 => '',
    1 => NULL,
    2 => NULL,
  ),
)
[ info ] [ HEADER ] array (
  'host' => 'www.zwt5.com',
  'user-agent' => 'Mozilla/5.0 (Windows NT 10.0; WOW64; rv:54.0) Gecko/20100101 Firefox/54.0',
  'accept' => 'text/html,application/xhtml+xml,application/xml;q=0.9,*/*;q=0.8',
  'accept-language' => 'zh-CN,zh;q=0.8,en-US;q=0.5,en;q=0.3',
  'accept-encoding' => 'gzip, deflate',
  'connection' => 'keep-alive',
  'upgrade-insecure-requests' => '1',
)
[ info ] [ PARAM ] array (
)
[ info ] [ RUN ] app\index\controller\IndexController->index[ D:\wamp\www\zwt5\application\index\controller\IndexController.php ]
[ info ] [ DB ] INIT mysql
[ info ] [ VIEW ] D:\wamp\www\zwt5\public/../application/index\view\index\index.html [ array (
  0 => 'list',
  1 => 'ri',
  2 => 'ny',
  3 => 'newest',
  4 => 'newslist',
  5 => 'jituan',
) ]
[ info ] [ LOG ] INIT File
[ sql ] [ DB ] CONNECT:[ UseTime:0.001288s ] mysql:dbname=zhuwentou;host=127.0.0.1;charset=utf8
[ sql ] [ SQL ] SHOW COLUMNS FROM `zwt_nav` [ RunTime:0.005006s ]
[ sql ] [ SQL ] SELECT * FROM `zwt_nav` [ RunTime:0.000548s ]
[ sql ] [ SQL ] SELECT * FROM `zwt_nav` WHERE  `pid` = 38 [ RunTime:0.000318s ]
[ sql ] [ SQL ] SHOW COLUMNS FROM `zwt_article` [ RunTime:0.005244s ]
[ sql ] [ SQL ] SELECT `id`,`title`,`yinxu`,`created` FROM `zwt_article` WHERE  `nav_id` IN (39,40,41) ORDER BY created desc LIMIT 1 [ RunTime:0.000676s ]
[ sql ] [ SQL ] SELECT `id`,`title`,`yinxu`,`created` FROM `zwt_article` WHERE  `nav_id` IN (39,40,41) ORDER BY created desc LIMIT 4 [ RunTime:0.000425s ]
[ sql ] [ SQL ] SELECT * FROM `zwt_nav` WHERE  `pid` = 7 [ RunTime:0.000324s ]

---------------------------------------------------------------
